[2024-07-19T13:39:26.081+0000] {processor.py:161} INFO - Started process (PID=3070) to work on /opt/airflow/dags/crypto_pipeline.py
[2024-07-19T13:39:26.087+0000] {processor.py:830} INFO - Processing file /opt/airflow/dags/crypto_pipeline.py for tasks to queue
[2024-07-19T13:39:26.093+0000] {logging_mixin.py:188} INFO - [2024-07-19T13:39:26.093+0000] {dagbag.py:538} INFO - Filling up the DagBag from /opt/airflow/dags/crypto_pipeline.py
[2024-07-19T13:39:27.417+0000] {processor.py:840} INFO - DAG(s) 'crypto_pipeline' retrieved from /opt/airflow/dags/crypto_pipeline.py
[2024-07-19T13:39:27.487+0000] {logging_mixin.py:188} INFO - [2024-07-19T13:39:27.485+0000] {dag.py:3036} INFO - Sync 1 DAGs
[2024-07-19T13:39:27.661+0000] {logging_mixin.py:188} INFO - [2024-07-19T13:39:27.661+0000] {dag.py:3823} INFO - Setting next_dagrun for crypto_pipeline to 2023-12-15 01:20:00+00:00, run_after=2023-12-15 01:30:00+00:00
[2024-07-19T13:39:27.756+0000] {processor.py:183} INFO - Processing /opt/airflow/dags/crypto_pipeline.py took 1.689 seconds
[2024-07-19T13:39:58.205+0000] {processor.py:161} INFO - Started process (PID=3135) to work on /opt/airflow/dags/crypto_pipeline.py
[2024-07-19T13:39:58.206+0000] {processor.py:830} INFO - Processing file /opt/airflow/dags/crypto_pipeline.py for tasks to queue
[2024-07-19T13:39:58.207+0000] {logging_mixin.py:188} INFO - [2024-07-19T13:39:58.207+0000] {dagbag.py:538} INFO - Filling up the DagBag from /opt/airflow/dags/crypto_pipeline.py
[2024-07-19T13:39:58.460+0000] {processor.py:840} INFO - DAG(s) 'crypto_pipeline' retrieved from /opt/airflow/dags/crypto_pipeline.py
[2024-07-19T13:39:58.476+0000] {logging_mixin.py:188} INFO - [2024-07-19T13:39:58.476+0000] {dag.py:3036} INFO - Sync 1 DAGs
[2024-07-19T13:39:58.494+0000] {logging_mixin.py:188} INFO - [2024-07-19T13:39:58.494+0000] {dag.py:3823} INFO - Setting next_dagrun for crypto_pipeline to 2023-12-15 01:20:00+00:00, run_after=2023-12-15 01:30:00+00:00
[2024-07-19T13:39:58.515+0000] {processor.py:183} INFO - Processing /opt/airflow/dags/crypto_pipeline.py took 0.313 seconds
[2024-07-19T13:40:29.132+0000] {processor.py:161} INFO - Started process (PID=3192) to work on /opt/airflow/dags/crypto_pipeline.py
[2024-07-19T13:40:29.134+0000] {processor.py:830} INFO - Processing file /opt/airflow/dags/crypto_pipeline.py for tasks to queue
[2024-07-19T13:40:29.136+0000] {logging_mixin.py:188} INFO - [2024-07-19T13:40:29.136+0000] {dagbag.py:538} INFO - Filling up the DagBag from /opt/airflow/dags/crypto_pipeline.py
[2024-07-19T13:40:29.562+0000] {processor.py:840} INFO - DAG(s) 'crypto_pipeline' retrieved from /opt/airflow/dags/crypto_pipeline.py
[2024-07-19T13:40:29.586+0000] {logging_mixin.py:188} INFO - [2024-07-19T13:40:29.586+0000] {dag.py:3036} INFO - Sync 1 DAGs
[2024-07-19T13:40:29.615+0000] {logging_mixin.py:188} INFO - [2024-07-19T13:40:29.614+0000] {dag.py:3823} INFO - Setting next_dagrun for crypto_pipeline to 2023-12-15 01:20:00+00:00, run_after=2023-12-15 01:30:00+00:00
[2024-07-19T13:40:29.641+0000] {processor.py:183} INFO - Processing /opt/airflow/dags/crypto_pipeline.py took 0.513 seconds
[2024-07-19T13:40:59.687+0000] {processor.py:161} INFO - Started process (PID=3250) to work on /opt/airflow/dags/crypto_pipeline.py
[2024-07-19T13:40:59.688+0000] {processor.py:830} INFO - Processing file /opt/airflow/dags/crypto_pipeline.py for tasks to queue
[2024-07-19T13:40:59.689+0000] {logging_mixin.py:188} INFO - [2024-07-19T13:40:59.689+0000] {dagbag.py:538} INFO - Filling up the DagBag from /opt/airflow/dags/crypto_pipeline.py
[2024-07-19T13:40:59.928+0000] {processor.py:840} INFO - DAG(s) 'crypto_pipeline' retrieved from /opt/airflow/dags/crypto_pipeline.py
[2024-07-19T13:40:59.945+0000] {logging_mixin.py:188} INFO - [2024-07-19T13:40:59.944+0000] {dag.py:3036} INFO - Sync 1 DAGs
[2024-07-19T13:40:59.961+0000] {logging_mixin.py:188} INFO - [2024-07-19T13:40:59.961+0000] {dag.py:3823} INFO - Setting next_dagrun for crypto_pipeline to 2023-12-15 01:20:00+00:00, run_after=2023-12-15 01:30:00+00:00
[2024-07-19T13:40:59.975+0000] {processor.py:183} INFO - Processing /opt/airflow/dags/crypto_pipeline.py took 0.291 seconds
[2024-07-19T13:41:30.757+0000] {processor.py:161} INFO - Started process (PID=3307) to work on /opt/airflow/dags/crypto_pipeline.py
[2024-07-19T13:41:30.758+0000] {processor.py:830} INFO - Processing file /opt/airflow/dags/crypto_pipeline.py for tasks to queue
[2024-07-19T13:41:30.760+0000] {logging_mixin.py:188} INFO - [2024-07-19T13:41:30.759+0000] {dagbag.py:538} INFO - Filling up the DagBag from /opt/airflow/dags/crypto_pipeline.py
[2024-07-19T13:41:31.008+0000] {processor.py:840} INFO - DAG(s) 'crypto_pipeline' retrieved from /opt/airflow/dags/crypto_pipeline.py
[2024-07-19T13:41:31.025+0000] {logging_mixin.py:188} INFO - [2024-07-19T13:41:31.024+0000] {dag.py:3036} INFO - Sync 1 DAGs
[2024-07-19T13:41:31.045+0000] {logging_mixin.py:188} INFO - [2024-07-19T13:41:31.045+0000] {dag.py:3823} INFO - Setting next_dagrun for crypto_pipeline to 2023-12-15 01:20:00+00:00, run_after=2023-12-15 01:30:00+00:00
[2024-07-19T13:41:31.064+0000] {processor.py:183} INFO - Processing /opt/airflow/dags/crypto_pipeline.py took 0.311 seconds
[2024-07-19T13:42:01.423+0000] {processor.py:161} INFO - Started process (PID=3364) to work on /opt/airflow/dags/crypto_pipeline.py
[2024-07-19T13:42:01.424+0000] {processor.py:830} INFO - Processing file /opt/airflow/dags/crypto_pipeline.py for tasks to queue
[2024-07-19T13:42:01.425+0000] {logging_mixin.py:188} INFO - [2024-07-19T13:42:01.425+0000] {dagbag.py:538} INFO - Filling up the DagBag from /opt/airflow/dags/crypto_pipeline.py
[2024-07-19T13:42:01.656+0000] {processor.py:840} INFO - DAG(s) 'crypto_pipeline' retrieved from /opt/airflow/dags/crypto_pipeline.py
[2024-07-19T13:42:01.671+0000] {logging_mixin.py:188} INFO - [2024-07-19T13:42:01.671+0000] {dag.py:3036} INFO - Sync 1 DAGs
[2024-07-19T13:42:01.688+0000] {logging_mixin.py:188} INFO - [2024-07-19T13:42:01.688+0000] {dag.py:3823} INFO - Setting next_dagrun for crypto_pipeline to 2023-12-15 01:20:00+00:00, run_after=2023-12-15 01:30:00+00:00
[2024-07-19T13:42:01.705+0000] {processor.py:183} INFO - Processing /opt/airflow/dags/crypto_pipeline.py took 0.284 seconds
[2024-07-19T13:42:32.106+0000] {processor.py:161} INFO - Started process (PID=3421) to work on /opt/airflow/dags/crypto_pipeline.py
[2024-07-19T13:42:32.107+0000] {processor.py:830} INFO - Processing file /opt/airflow/dags/crypto_pipeline.py for tasks to queue
[2024-07-19T13:42:32.108+0000] {logging_mixin.py:188} INFO - [2024-07-19T13:42:32.108+0000] {dagbag.py:538} INFO - Filling up the DagBag from /opt/airflow/dags/crypto_pipeline.py
[2024-07-19T13:42:32.331+0000] {processor.py:840} INFO - DAG(s) 'crypto_pipeline' retrieved from /opt/airflow/dags/crypto_pipeline.py
[2024-07-19T13:42:32.345+0000] {logging_mixin.py:188} INFO - [2024-07-19T13:42:32.345+0000] {dag.py:3036} INFO - Sync 1 DAGs
[2024-07-19T13:42:32.362+0000] {logging_mixin.py:188} INFO - [2024-07-19T13:42:32.362+0000] {dag.py:3823} INFO - Setting next_dagrun for crypto_pipeline to 2023-12-15 01:20:00+00:00, run_after=2023-12-15 01:30:00+00:00
[2024-07-19T13:42:32.378+0000] {processor.py:183} INFO - Processing /opt/airflow/dags/crypto_pipeline.py took 0.275 seconds
[2024-07-19T13:43:02.542+0000] {processor.py:161} INFO - Started process (PID=3478) to work on /opt/airflow/dags/crypto_pipeline.py
[2024-07-19T13:43:02.543+0000] {processor.py:830} INFO - Processing file /opt/airflow/dags/crypto_pipeline.py for tasks to queue
[2024-07-19T13:43:02.544+0000] {logging_mixin.py:188} INFO - [2024-07-19T13:43:02.543+0000] {dagbag.py:538} INFO - Filling up the DagBag from /opt/airflow/dags/crypto_pipeline.py
[2024-07-19T13:43:02.775+0000] {processor.py:840} INFO - DAG(s) 'crypto_pipeline' retrieved from /opt/airflow/dags/crypto_pipeline.py
[2024-07-19T13:43:02.788+0000] {logging_mixin.py:188} INFO - [2024-07-19T13:43:02.788+0000] {dag.py:3036} INFO - Sync 1 DAGs
[2024-07-19T13:43:02.804+0000] {logging_mixin.py:188} INFO - [2024-07-19T13:43:02.804+0000] {dag.py:3823} INFO - Setting next_dagrun for crypto_pipeline to 2023-12-15 01:20:00+00:00, run_after=2023-12-15 01:30:00+00:00
[2024-07-19T13:43:02.819+0000] {processor.py:183} INFO - Processing /opt/airflow/dags/crypto_pipeline.py took 0.281 seconds
[2024-07-19T13:43:33.173+0000] {processor.py:161} INFO - Started process (PID=3535) to work on /opt/airflow/dags/crypto_pipeline.py
[2024-07-19T13:43:33.174+0000] {processor.py:830} INFO - Processing file /opt/airflow/dags/crypto_pipeline.py for tasks to queue
[2024-07-19T13:43:33.175+0000] {logging_mixin.py:188} INFO - [2024-07-19T13:43:33.175+0000] {dagbag.py:538} INFO - Filling up the DagBag from /opt/airflow/dags/crypto_pipeline.py
[2024-07-19T13:43:33.411+0000] {processor.py:840} INFO - DAG(s) 'crypto_pipeline' retrieved from /opt/airflow/dags/crypto_pipeline.py
[2024-07-19T13:43:33.426+0000] {logging_mixin.py:188} INFO - [2024-07-19T13:43:33.426+0000] {dag.py:3036} INFO - Sync 1 DAGs
[2024-07-19T13:43:33.444+0000] {logging_mixin.py:188} INFO - [2024-07-19T13:43:33.443+0000] {dag.py:3823} INFO - Setting next_dagrun for crypto_pipeline to 2023-12-15 01:20:00+00:00, run_after=2023-12-15 01:30:00+00:00
[2024-07-19T13:43:33.463+0000] {processor.py:183} INFO - Processing /opt/airflow/dags/crypto_pipeline.py took 0.292 seconds
[2024-07-19T13:44:03.705+0000] {processor.py:161} INFO - Started process (PID=3592) to work on /opt/airflow/dags/crypto_pipeline.py
[2024-07-19T13:44:03.707+0000] {processor.py:830} INFO - Processing file /opt/airflow/dags/crypto_pipeline.py for tasks to queue
[2024-07-19T13:44:03.708+0000] {logging_mixin.py:188} INFO - [2024-07-19T13:44:03.708+0000] {dagbag.py:538} INFO - Filling up the DagBag from /opt/airflow/dags/crypto_pipeline.py
[2024-07-19T13:44:03.937+0000] {processor.py:840} INFO - DAG(s) 'crypto_pipeline' retrieved from /opt/airflow/dags/crypto_pipeline.py
[2024-07-19T13:44:03.950+0000] {logging_mixin.py:188} INFO - [2024-07-19T13:44:03.950+0000] {dag.py:3036} INFO - Sync 1 DAGs
[2024-07-19T13:44:03.967+0000] {logging_mixin.py:188} INFO - [2024-07-19T13:44:03.966+0000] {dag.py:3823} INFO - Setting next_dagrun for crypto_pipeline to 2023-12-15 01:20:00+00:00, run_after=2023-12-15 01:30:00+00:00
[2024-07-19T13:44:03.982+0000] {processor.py:183} INFO - Processing /opt/airflow/dags/crypto_pipeline.py took 0.279 seconds
[2024-07-19T13:44:34.271+0000] {processor.py:161} INFO - Started process (PID=3649) to work on /opt/airflow/dags/crypto_pipeline.py
[2024-07-19T13:44:34.272+0000] {processor.py:830} INFO - Processing file /opt/airflow/dags/crypto_pipeline.py for tasks to queue
[2024-07-19T13:44:34.273+0000] {logging_mixin.py:188} INFO - [2024-07-19T13:44:34.272+0000] {dagbag.py:538} INFO - Filling up the DagBag from /opt/airflow/dags/crypto_pipeline.py
[2024-07-19T13:44:34.502+0000] {processor.py:840} INFO - DAG(s) 'crypto_pipeline' retrieved from /opt/airflow/dags/crypto_pipeline.py
[2024-07-19T13:44:34.517+0000] {logging_mixin.py:188} INFO - [2024-07-19T13:44:34.516+0000] {dag.py:3036} INFO - Sync 1 DAGs
[2024-07-19T13:44:34.533+0000] {logging_mixin.py:188} INFO - [2024-07-19T13:44:34.533+0000] {dag.py:3823} INFO - Setting next_dagrun for crypto_pipeline to 2023-12-15 01:20:00+00:00, run_after=2023-12-15 01:30:00+00:00
[2024-07-19T13:44:34.550+0000] {processor.py:183} INFO - Processing /opt/airflow/dags/crypto_pipeline.py took 0.282 seconds
[2024-07-19T13:45:04.800+0000] {processor.py:161} INFO - Started process (PID=3706) to work on /opt/airflow/dags/crypto_pipeline.py
[2024-07-19T13:45:04.801+0000] {processor.py:830} INFO - Processing file /opt/airflow/dags/crypto_pipeline.py for tasks to queue
[2024-07-19T13:45:04.802+0000] {logging_mixin.py:188} INFO - [2024-07-19T13:45:04.802+0000] {dagbag.py:538} INFO - Filling up the DagBag from /opt/airflow/dags/crypto_pipeline.py
[2024-07-19T13:45:05.027+0000] {processor.py:840} INFO - DAG(s) 'crypto_pipeline' retrieved from /opt/airflow/dags/crypto_pipeline.py
[2024-07-19T13:45:05.040+0000] {logging_mixin.py:188} INFO - [2024-07-19T13:45:05.039+0000] {dag.py:3036} INFO - Sync 1 DAGs
[2024-07-19T13:45:05.056+0000] {logging_mixin.py:188} INFO - [2024-07-19T13:45:05.056+0000] {dag.py:3823} INFO - Setting next_dagrun for crypto_pipeline to 2023-12-15 01:20:00+00:00, run_after=2023-12-15 01:30:00+00:00
[2024-07-19T13:45:05.071+0000] {processor.py:183} INFO - Processing /opt/airflow/dags/crypto_pipeline.py took 0.274 seconds
[2024-07-19T13:45:26.901+0000] {processor.py:161} INFO - Started process (PID=3754) to work on /opt/airflow/dags/crypto_pipeline.py
[2024-07-19T13:45:26.903+0000] {processor.py:830} INFO - Processing file /opt/airflow/dags/crypto_pipeline.py for tasks to queue
[2024-07-19T13:45:26.904+0000] {logging_mixin.py:188} INFO - [2024-07-19T13:45:26.904+0000] {dagbag.py:538} INFO - Filling up the DagBag from /opt/airflow/dags/crypto_pipeline.py
[2024-07-19T13:45:27.175+0000] {processor.py:840} INFO - DAG(s) 'crypto_pipeline' retrieved from /opt/airflow/dags/crypto_pipeline.py
[2024-07-19T13:45:27.196+0000] {logging_mixin.py:188} INFO - [2024-07-19T13:45:27.195+0000] {dag.py:3036} INFO - Sync 1 DAGs
[2024-07-19T13:45:27.214+0000] {logging_mixin.py:188} INFO - [2024-07-19T13:45:27.214+0000] {dag.py:3823} INFO - Setting next_dagrun for crypto_pipeline to 2023-12-15 01:20:00+00:00, run_after=2023-12-15 01:30:00+00:00
[2024-07-19T13:45:27.239+0000] {processor.py:183} INFO - Processing /opt/airflow/dags/crypto_pipeline.py took 0.341 seconds
[2024-07-19T13:45:57.688+0000] {processor.py:161} INFO - Started process (PID=3811) to work on /opt/airflow/dags/crypto_pipeline.py
[2024-07-19T13:45:57.689+0000] {processor.py:830} INFO - Processing file /opt/airflow/dags/crypto_pipeline.py for tasks to queue
[2024-07-19T13:45:57.690+0000] {logging_mixin.py:188} INFO - [2024-07-19T13:45:57.690+0000] {dagbag.py:538} INFO - Filling up the DagBag from /opt/airflow/dags/crypto_pipeline.py
[2024-07-19T13:45:57.945+0000] {processor.py:840} INFO - DAG(s) 'crypto_pipeline' retrieved from /opt/airflow/dags/crypto_pipeline.py
[2024-07-19T13:45:57.961+0000] {logging_mixin.py:188} INFO - [2024-07-19T13:45:57.961+0000] {dag.py:3036} INFO - Sync 1 DAGs
[2024-07-19T13:45:57.977+0000] {logging_mixin.py:188} INFO - [2024-07-19T13:45:57.977+0000] {dag.py:3823} INFO - Setting next_dagrun for crypto_pipeline to 2023-12-15 01:20:00+00:00, run_after=2023-12-15 01:30:00+00:00
[2024-07-19T13:45:57.994+0000] {processor.py:183} INFO - Processing /opt/airflow/dags/crypto_pipeline.py took 0.309 seconds
[2024-07-19T13:46:28.398+0000] {processor.py:161} INFO - Started process (PID=3868) to work on /opt/airflow/dags/crypto_pipeline.py
[2024-07-19T13:46:28.399+0000] {processor.py:830} INFO - Processing file /opt/airflow/dags/crypto_pipeline.py for tasks to queue
[2024-07-19T13:46:28.400+0000] {logging_mixin.py:188} INFO - [2024-07-19T13:46:28.400+0000] {dagbag.py:538} INFO - Filling up the DagBag from /opt/airflow/dags/crypto_pipeline.py
[2024-07-19T13:46:28.650+0000] {processor.py:840} INFO - DAG(s) 'crypto_pipeline' retrieved from /opt/airflow/dags/crypto_pipeline.py
[2024-07-19T13:46:28.665+0000] {logging_mixin.py:188} INFO - [2024-07-19T13:46:28.665+0000] {dag.py:3036} INFO - Sync 1 DAGs
[2024-07-19T13:46:28.682+0000] {logging_mixin.py:188} INFO - [2024-07-19T13:46:28.682+0000] {dag.py:3823} INFO - Setting next_dagrun for crypto_pipeline to 2023-12-15 01:20:00+00:00, run_after=2023-12-15 01:30:00+00:00
[2024-07-19T13:46:28.697+0000] {processor.py:183} INFO - Processing /opt/airflow/dags/crypto_pipeline.py took 0.302 seconds
[2024-07-19T13:46:59.560+0000] {processor.py:161} INFO - Started process (PID=3925) to work on /opt/airflow/dags/crypto_pipeline.py
[2024-07-19T13:46:59.561+0000] {processor.py:830} INFO - Processing file /opt/airflow/dags/crypto_pipeline.py for tasks to queue
[2024-07-19T13:46:59.562+0000] {logging_mixin.py:188} INFO - [2024-07-19T13:46:59.562+0000] {dagbag.py:538} INFO - Filling up the DagBag from /opt/airflow/dags/crypto_pipeline.py
[2024-07-19T13:46:59.794+0000] {processor.py:840} INFO - DAG(s) 'crypto_pipeline' retrieved from /opt/airflow/dags/crypto_pipeline.py
[2024-07-19T13:46:59.809+0000] {logging_mixin.py:188} INFO - [2024-07-19T13:46:59.808+0000] {dag.py:3036} INFO - Sync 1 DAGs
[2024-07-19T13:46:59.824+0000] {logging_mixin.py:188} INFO - [2024-07-19T13:46:59.824+0000] {dag.py:3823} INFO - Setting next_dagrun for crypto_pipeline to 2023-12-15 01:20:00+00:00, run_after=2023-12-15 01:30:00+00:00
[2024-07-19T13:46:59.842+0000] {processor.py:183} INFO - Processing /opt/airflow/dags/crypto_pipeline.py took 0.285 seconds
[2024-07-19T13:47:30.155+0000] {processor.py:161} INFO - Started process (PID=3982) to work on /opt/airflow/dags/crypto_pipeline.py
[2024-07-19T13:47:30.156+0000] {processor.py:830} INFO - Processing file /opt/airflow/dags/crypto_pipeline.py for tasks to queue
[2024-07-19T13:47:30.157+0000] {logging_mixin.py:188} INFO - [2024-07-19T13:47:30.157+0000] {dagbag.py:538} INFO - Filling up the DagBag from /opt/airflow/dags/crypto_pipeline.py
[2024-07-19T13:47:30.383+0000] {processor.py:840} INFO - DAG(s) 'crypto_pipeline' retrieved from /opt/airflow/dags/crypto_pipeline.py
[2024-07-19T13:47:30.398+0000] {logging_mixin.py:188} INFO - [2024-07-19T13:47:30.398+0000] {dag.py:3036} INFO - Sync 1 DAGs
[2024-07-19T13:47:30.414+0000] {logging_mixin.py:188} INFO - [2024-07-19T13:47:30.414+0000] {dag.py:3823} INFO - Setting next_dagrun for crypto_pipeline to 2023-12-15 01:20:00+00:00, run_after=2023-12-15 01:30:00+00:00
[2024-07-19T13:47:30.430+0000] {processor.py:183} INFO - Processing /opt/airflow/dags/crypto_pipeline.py took 0.278 seconds
[2024-07-19T13:48:00.472+0000] {processor.py:161} INFO - Started process (PID=4039) to work on /opt/airflow/dags/crypto_pipeline.py
[2024-07-19T13:48:00.473+0000] {processor.py:830} INFO - Processing file /opt/airflow/dags/crypto_pipeline.py for tasks to queue
[2024-07-19T13:48:00.474+0000] {logging_mixin.py:188} INFO - [2024-07-19T13:48:00.474+0000] {dagbag.py:538} INFO - Filling up the DagBag from /opt/airflow/dags/crypto_pipeline.py
[2024-07-19T13:48:00.698+0000] {processor.py:840} INFO - DAG(s) 'crypto_pipeline' retrieved from /opt/airflow/dags/crypto_pipeline.py
[2024-07-19T13:48:00.712+0000] {logging_mixin.py:188} INFO - [2024-07-19T13:48:00.712+0000] {dag.py:3036} INFO - Sync 1 DAGs
[2024-07-19T13:48:00.729+0000] {logging_mixin.py:188} INFO - [2024-07-19T13:48:00.728+0000] {dag.py:3823} INFO - Setting next_dagrun for crypto_pipeline to 2023-12-15 01:20:00+00:00, run_after=2023-12-15 01:30:00+00:00
[2024-07-19T13:48:00.744+0000] {processor.py:183} INFO - Processing /opt/airflow/dags/crypto_pipeline.py took 0.275 seconds
[2024-07-19T13:48:30.856+0000] {processor.py:161} INFO - Started process (PID=4096) to work on /opt/airflow/dags/crypto_pipeline.py
[2024-07-19T13:48:30.857+0000] {processor.py:830} INFO - Processing file /opt/airflow/dags/crypto_pipeline.py for tasks to queue
[2024-07-19T13:48:30.859+0000] {logging_mixin.py:188} INFO - [2024-07-19T13:48:30.858+0000] {dagbag.py:538} INFO - Filling up the DagBag from /opt/airflow/dags/crypto_pipeline.py
[2024-07-19T13:48:31.090+0000] {processor.py:840} INFO - DAG(s) 'crypto_pipeline' retrieved from /opt/airflow/dags/crypto_pipeline.py
[2024-07-19T13:48:31.105+0000] {logging_mixin.py:188} INFO - [2024-07-19T13:48:31.104+0000] {dag.py:3036} INFO - Sync 1 DAGs
[2024-07-19T13:48:31.120+0000] {logging_mixin.py:188} INFO - [2024-07-19T13:48:31.120+0000] {dag.py:3823} INFO - Setting next_dagrun for crypto_pipeline to 2023-12-15 01:20:00+00:00, run_after=2023-12-15 01:30:00+00:00
[2024-07-19T13:48:31.139+0000] {processor.py:183} INFO - Processing /opt/airflow/dags/crypto_pipeline.py took 0.285 seconds
[2024-07-19T13:49:01.483+0000] {processor.py:161} INFO - Started process (PID=4153) to work on /opt/airflow/dags/crypto_pipeline.py
[2024-07-19T13:49:01.485+0000] {processor.py:830} INFO - Processing file /opt/airflow/dags/crypto_pipeline.py for tasks to queue
[2024-07-19T13:49:01.486+0000] {logging_mixin.py:188} INFO - [2024-07-19T13:49:01.485+0000] {dagbag.py:538} INFO - Filling up the DagBag from /opt/airflow/dags/crypto_pipeline.py
[2024-07-19T13:49:01.716+0000] {processor.py:840} INFO - DAG(s) 'crypto_pipeline' retrieved from /opt/airflow/dags/crypto_pipeline.py
[2024-07-19T13:49:01.733+0000] {logging_mixin.py:188} INFO - [2024-07-19T13:49:01.733+0000] {dag.py:3036} INFO - Sync 1 DAGs
[2024-07-19T13:49:01.752+0000] {logging_mixin.py:188} INFO - [2024-07-19T13:49:01.751+0000] {dag.py:3823} INFO - Setting next_dagrun for crypto_pipeline to 2023-12-15 01:20:00+00:00, run_after=2023-12-15 01:30:00+00:00
[2024-07-19T13:49:01.771+0000] {processor.py:183} INFO - Processing /opt/airflow/dags/crypto_pipeline.py took 0.290 seconds
[2024-07-19T13:49:32.037+0000] {processor.py:161} INFO - Started process (PID=4214) to work on /opt/airflow/dags/crypto_pipeline.py
[2024-07-19T13:49:32.038+0000] {processor.py:830} INFO - Processing file /opt/airflow/dags/crypto_pipeline.py for tasks to queue
[2024-07-19T13:49:32.039+0000] {logging_mixin.py:188} INFO - [2024-07-19T13:49:32.039+0000] {dagbag.py:538} INFO - Filling up the DagBag from /opt/airflow/dags/crypto_pipeline.py
[2024-07-19T13:49:32.378+0000] {processor.py:840} INFO - DAG(s) 'crypto_pipeline' retrieved from /opt/airflow/dags/crypto_pipeline.py
[2024-07-19T13:49:32.394+0000] {logging_mixin.py:188} INFO - [2024-07-19T13:49:32.393+0000] {dag.py:3036} INFO - Sync 1 DAGs
[2024-07-19T13:49:32.412+0000] {logging_mixin.py:188} INFO - [2024-07-19T13:49:32.412+0000] {dag.py:3823} INFO - Setting next_dagrun for crypto_pipeline to 2023-12-15 06:30:00+00:00, run_after=2023-12-15 06:40:00+00:00
[2024-07-19T13:49:32.430+0000] {processor.py:183} INFO - Processing /opt/airflow/dags/crypto_pipeline.py took 0.396 seconds
[2024-07-19T13:50:02.663+0000] {processor.py:161} INFO - Started process (PID=4271) to work on /opt/airflow/dags/crypto_pipeline.py
[2024-07-19T13:50:02.664+0000] {processor.py:830} INFO - Processing file /opt/airflow/dags/crypto_pipeline.py for tasks to queue
[2024-07-19T13:50:02.665+0000] {logging_mixin.py:188} INFO - [2024-07-19T13:50:02.664+0000] {dagbag.py:538} INFO - Filling up the DagBag from /opt/airflow/dags/crypto_pipeline.py
[2024-07-19T13:50:02.904+0000] {processor.py:840} INFO - DAG(s) 'crypto_pipeline' retrieved from /opt/airflow/dags/crypto_pipeline.py
[2024-07-19T13:50:02.923+0000] {logging_mixin.py:188} INFO - [2024-07-19T13:50:02.922+0000] {dag.py:3036} INFO - Sync 1 DAGs
[2024-07-19T13:50:02.939+0000] {logging_mixin.py:188} INFO - [2024-07-19T13:50:02.939+0000] {dag.py:3823} INFO - Setting next_dagrun for crypto_pipeline to 2023-12-15 09:10:00+00:00, run_after=2023-12-15 09:20:00+00:00
[2024-07-19T13:50:02.955+0000] {processor.py:183} INFO - Processing /opt/airflow/dags/crypto_pipeline.py took 0.295 seconds
[2024-07-19T13:50:33.848+0000] {processor.py:161} INFO - Started process (PID=4328) to work on /opt/airflow/dags/crypto_pipeline.py
[2024-07-19T13:50:33.849+0000] {processor.py:830} INFO - Processing file /opt/airflow/dags/crypto_pipeline.py for tasks to queue
[2024-07-19T13:50:33.850+0000] {logging_mixin.py:188} INFO - [2024-07-19T13:50:33.850+0000] {dagbag.py:538} INFO - Filling up the DagBag from /opt/airflow/dags/crypto_pipeline.py
[2024-07-19T13:50:34.083+0000] {processor.py:840} INFO - DAG(s) 'crypto_pipeline' retrieved from /opt/airflow/dags/crypto_pipeline.py
[2024-07-19T13:50:34.098+0000] {logging_mixin.py:188} INFO - [2024-07-19T13:50:34.098+0000] {dag.py:3036} INFO - Sync 1 DAGs
[2024-07-19T13:50:34.114+0000] {logging_mixin.py:188} INFO - [2024-07-19T13:50:34.114+0000] {dag.py:3823} INFO - Setting next_dagrun for crypto_pipeline to 2023-12-15 09:10:00+00:00, run_after=2023-12-15 09:20:00+00:00
[2024-07-19T13:50:34.132+0000] {processor.py:183} INFO - Processing /opt/airflow/dags/crypto_pipeline.py took 0.287 seconds
[2024-07-19T13:51:05.155+0000] {processor.py:161} INFO - Started process (PID=4385) to work on /opt/airflow/dags/crypto_pipeline.py
[2024-07-19T13:51:05.156+0000] {processor.py:830} INFO - Processing file /opt/airflow/dags/crypto_pipeline.py for tasks to queue
[2024-07-19T13:51:05.157+0000] {logging_mixin.py:188} INFO - [2024-07-19T13:51:05.156+0000] {dagbag.py:538} INFO - Filling up the DagBag from /opt/airflow/dags/crypto_pipeline.py
[2024-07-19T13:51:05.402+0000] {processor.py:840} INFO - DAG(s) 'crypto_pipeline' retrieved from /opt/airflow/dags/crypto_pipeline.py
[2024-07-19T13:51:05.418+0000] {logging_mixin.py:188} INFO - [2024-07-19T13:51:05.417+0000] {dag.py:3036} INFO - Sync 1 DAGs
[2024-07-19T13:51:05.434+0000] {logging_mixin.py:188} INFO - [2024-07-19T13:51:05.434+0000] {dag.py:3823} INFO - Setting next_dagrun for crypto_pipeline to 2023-12-15 09:10:00+00:00, run_after=2023-12-15 09:20:00+00:00
[2024-07-19T13:51:05.451+0000] {processor.py:183} INFO - Processing /opt/airflow/dags/crypto_pipeline.py took 0.298 seconds
[2024-07-19T13:51:36.456+0000] {processor.py:161} INFO - Started process (PID=4442) to work on /opt/airflow/dags/crypto_pipeline.py
[2024-07-19T13:51:36.457+0000] {processor.py:830} INFO - Processing file /opt/airflow/dags/crypto_pipeline.py for tasks to queue
[2024-07-19T13:51:36.458+0000] {logging_mixin.py:188} INFO - [2024-07-19T13:51:36.458+0000] {dagbag.py:538} INFO - Filling up the DagBag from /opt/airflow/dags/crypto_pipeline.py
[2024-07-19T13:51:36.671+0000] {processor.py:840} INFO - DAG(s) 'crypto_pipeline' retrieved from /opt/airflow/dags/crypto_pipeline.py
[2024-07-19T13:51:36.686+0000] {logging_mixin.py:188} INFO - [2024-07-19T13:51:36.685+0000] {dag.py:3036} INFO - Sync 1 DAGs
[2024-07-19T13:51:36.703+0000] {logging_mixin.py:188} INFO - [2024-07-19T13:51:36.703+0000] {dag.py:3823} INFO - Setting next_dagrun for crypto_pipeline to 2023-12-15 09:10:00+00:00, run_after=2023-12-15 09:20:00+00:00
[2024-07-19T13:51:36.717+0000] {processor.py:183} INFO - Processing /opt/airflow/dags/crypto_pipeline.py took 0.263 seconds
[2024-07-19T13:52:06.771+0000] {processor.py:161} INFO - Started process (PID=4499) to work on /opt/airflow/dags/crypto_pipeline.py
[2024-07-19T13:52:06.772+0000] {processor.py:830} INFO - Processing file /opt/airflow/dags/crypto_pipeline.py for tasks to queue
[2024-07-19T13:52:06.773+0000] {logging_mixin.py:188} INFO - [2024-07-19T13:52:06.773+0000] {dagbag.py:538} INFO - Filling up the DagBag from /opt/airflow/dags/crypto_pipeline.py
[2024-07-19T13:52:07.026+0000] {processor.py:840} INFO - DAG(s) 'crypto_pipeline' retrieved from /opt/airflow/dags/crypto_pipeline.py
[2024-07-19T13:52:07.042+0000] {logging_mixin.py:188} INFO - [2024-07-19T13:52:07.041+0000] {dag.py:3036} INFO - Sync 1 DAGs
[2024-07-19T13:52:07.061+0000] {logging_mixin.py:188} INFO - [2024-07-19T13:52:07.061+0000] {dag.py:3823} INFO - Setting next_dagrun for crypto_pipeline to 2023-12-15 09:10:00+00:00, run_after=2023-12-15 09:20:00+00:00
[2024-07-19T13:52:07.077+0000] {processor.py:183} INFO - Processing /opt/airflow/dags/crypto_pipeline.py took 0.310 seconds
[2024-07-19T13:52:37.258+0000] {processor.py:161} INFO - Started process (PID=4556) to work on /opt/airflow/dags/crypto_pipeline.py
[2024-07-19T13:52:37.259+0000] {processor.py:830} INFO - Processing file /opt/airflow/dags/crypto_pipeline.py for tasks to queue
[2024-07-19T13:52:37.260+0000] {logging_mixin.py:188} INFO - [2024-07-19T13:52:37.259+0000] {dagbag.py:538} INFO - Filling up the DagBag from /opt/airflow/dags/crypto_pipeline.py
[2024-07-19T13:52:37.502+0000] {processor.py:840} INFO - DAG(s) 'crypto_pipeline' retrieved from /opt/airflow/dags/crypto_pipeline.py
[2024-07-19T13:52:37.516+0000] {logging_mixin.py:188} INFO - [2024-07-19T13:52:37.516+0000] {dag.py:3036} INFO - Sync 1 DAGs
[2024-07-19T13:52:37.532+0000] {logging_mixin.py:188} INFO - [2024-07-19T13:52:37.532+0000] {dag.py:3823} INFO - Setting next_dagrun for crypto_pipeline to 2023-12-15 09:10:00+00:00, run_after=2023-12-15 09:20:00+00:00
[2024-07-19T13:52:37.551+0000] {processor.py:183} INFO - Processing /opt/airflow/dags/crypto_pipeline.py took 0.296 seconds
[2024-07-19T13:53:07.595+0000] {processor.py:161} INFO - Started process (PID=4613) to work on /opt/airflow/dags/crypto_pipeline.py
[2024-07-19T13:53:07.596+0000] {processor.py:830} INFO - Processing file /opt/airflow/dags/crypto_pipeline.py for tasks to queue
[2024-07-19T13:53:07.597+0000] {logging_mixin.py:188} INFO - [2024-07-19T13:53:07.596+0000] {dagbag.py:538} INFO - Filling up the DagBag from /opt/airflow/dags/crypto_pipeline.py
[2024-07-19T13:53:07.822+0000] {processor.py:840} INFO - DAG(s) 'crypto_pipeline' retrieved from /opt/airflow/dags/crypto_pipeline.py
[2024-07-19T13:53:07.836+0000] {logging_mixin.py:188} INFO - [2024-07-19T13:53:07.836+0000] {dag.py:3036} INFO - Sync 1 DAGs
[2024-07-19T13:53:07.851+0000] {logging_mixin.py:188} INFO - [2024-07-19T13:53:07.851+0000] {dag.py:3823} INFO - Setting next_dagrun for crypto_pipeline to 2023-12-15 09:10:00+00:00, run_after=2023-12-15 09:20:00+00:00
[2024-07-19T13:53:07.866+0000] {processor.py:183} INFO - Processing /opt/airflow/dags/crypto_pipeline.py took 0.274 seconds
[2024-07-19T13:53:37.897+0000] {processor.py:161} INFO - Started process (PID=4670) to work on /opt/airflow/dags/crypto_pipeline.py
[2024-07-19T13:53:37.899+0000] {processor.py:830} INFO - Processing file /opt/airflow/dags/crypto_pipeline.py for tasks to queue
[2024-07-19T13:53:37.900+0000] {logging_mixin.py:188} INFO - [2024-07-19T13:53:37.899+0000] {dagbag.py:538} INFO - Filling up the DagBag from /opt/airflow/dags/crypto_pipeline.py
[2024-07-19T13:53:38.122+0000] {processor.py:840} INFO - DAG(s) 'crypto_pipeline' retrieved from /opt/airflow/dags/crypto_pipeline.py
[2024-07-19T13:53:38.138+0000] {logging_mixin.py:188} INFO - [2024-07-19T13:53:38.137+0000] {dag.py:3036} INFO - Sync 1 DAGs
[2024-07-19T13:53:38.153+0000] {logging_mixin.py:188} INFO - [2024-07-19T13:53:38.153+0000] {dag.py:3823} INFO - Setting next_dagrun for crypto_pipeline to 2023-12-15 09:10:00+00:00, run_after=2023-12-15 09:20:00+00:00
[2024-07-19T13:53:38.175+0000] {processor.py:183} INFO - Processing /opt/airflow/dags/crypto_pipeline.py took 0.280 seconds
[2024-07-19T13:54:09.125+0000] {processor.py:161} INFO - Started process (PID=4727) to work on /opt/airflow/dags/crypto_pipeline.py
[2024-07-19T13:54:09.127+0000] {processor.py:830} INFO - Processing file /opt/airflow/dags/crypto_pipeline.py for tasks to queue
[2024-07-19T13:54:09.128+0000] {logging_mixin.py:188} INFO - [2024-07-19T13:54:09.128+0000] {dagbag.py:538} INFO - Filling up the DagBag from /opt/airflow/dags/crypto_pipeline.py
[2024-07-19T13:54:09.363+0000] {processor.py:840} INFO - DAG(s) 'crypto_pipeline' retrieved from /opt/airflow/dags/crypto_pipeline.py
[2024-07-19T13:54:09.378+0000] {logging_mixin.py:188} INFO - [2024-07-19T13:54:09.377+0000] {dag.py:3036} INFO - Sync 1 DAGs
[2024-07-19T13:54:09.393+0000] {logging_mixin.py:188} INFO - [2024-07-19T13:54:09.393+0000] {dag.py:3823} INFO - Setting next_dagrun for crypto_pipeline to 2023-12-15 09:10:00+00:00, run_after=2023-12-15 09:20:00+00:00
[2024-07-19T13:54:09.409+0000] {processor.py:183} INFO - Processing /opt/airflow/dags/crypto_pipeline.py took 0.287 seconds
[2024-07-19T13:54:39.514+0000] {processor.py:161} INFO - Started process (PID=4784) to work on /opt/airflow/dags/crypto_pipeline.py
[2024-07-19T13:54:39.516+0000] {processor.py:830} INFO - Processing file /opt/airflow/dags/crypto_pipeline.py for tasks to queue
[2024-07-19T13:54:39.517+0000] {logging_mixin.py:188} INFO - [2024-07-19T13:54:39.516+0000] {dagbag.py:538} INFO - Filling up the DagBag from /opt/airflow/dags/crypto_pipeline.py
[2024-07-19T13:54:39.742+0000] {processor.py:840} INFO - DAG(s) 'crypto_pipeline' retrieved from /opt/airflow/dags/crypto_pipeline.py
[2024-07-19T13:54:39.756+0000] {logging_mixin.py:188} INFO - [2024-07-19T13:54:39.755+0000] {dag.py:3036} INFO - Sync 1 DAGs
[2024-07-19T13:54:39.772+0000] {logging_mixin.py:188} INFO - [2024-07-19T13:54:39.772+0000] {dag.py:3823} INFO - Setting next_dagrun for crypto_pipeline to 2023-12-15 09:10:00+00:00, run_after=2023-12-15 09:20:00+00:00
[2024-07-19T13:54:39.791+0000] {processor.py:183} INFO - Processing /opt/airflow/dags/crypto_pipeline.py took 0.279 seconds
[2024-07-19T13:55:09.970+0000] {processor.py:161} INFO - Started process (PID=4841) to work on /opt/airflow/dags/crypto_pipeline.py
[2024-07-19T13:55:09.972+0000] {processor.py:830} INFO - Processing file /opt/airflow/dags/crypto_pipeline.py for tasks to queue
[2024-07-19T13:55:09.973+0000] {logging_mixin.py:188} INFO - [2024-07-19T13:55:09.973+0000] {dagbag.py:538} INFO - Filling up the DagBag from /opt/airflow/dags/crypto_pipeline.py
[2024-07-19T13:55:10.209+0000] {processor.py:840} INFO - DAG(s) 'crypto_pipeline' retrieved from /opt/airflow/dags/crypto_pipeline.py
[2024-07-19T13:55:10.225+0000] {logging_mixin.py:188} INFO - [2024-07-19T13:55:10.225+0000] {dag.py:3036} INFO - Sync 1 DAGs
[2024-07-19T13:55:10.243+0000] {logging_mixin.py:188} INFO - [2024-07-19T13:55:10.243+0000] {dag.py:3823} INFO - Setting next_dagrun for crypto_pipeline to 2023-12-15 09:10:00+00:00, run_after=2023-12-15 09:20:00+00:00
[2024-07-19T13:55:10.259+0000] {processor.py:183} INFO - Processing /opt/airflow/dags/crypto_pipeline.py took 0.292 seconds
[2024-07-19T13:55:40.432+0000] {processor.py:161} INFO - Started process (PID=4898) to work on /opt/airflow/dags/crypto_pipeline.py
[2024-07-19T13:55:40.434+0000] {processor.py:830} INFO - Processing file /opt/airflow/dags/crypto_pipeline.py for tasks to queue
[2024-07-19T13:55:40.435+0000] {logging_mixin.py:188} INFO - [2024-07-19T13:55:40.434+0000] {dagbag.py:538} INFO - Filling up the DagBag from /opt/airflow/dags/crypto_pipeline.py
[2024-07-19T13:55:40.695+0000] {processor.py:840} INFO - DAG(s) 'crypto_pipeline' retrieved from /opt/airflow/dags/crypto_pipeline.py
[2024-07-19T13:55:40.713+0000] {logging_mixin.py:188} INFO - [2024-07-19T13:55:40.713+0000] {dag.py:3036} INFO - Sync 1 DAGs
[2024-07-19T13:55:40.734+0000] {logging_mixin.py:188} INFO - [2024-07-19T13:55:40.734+0000] {dag.py:3823} INFO - Setting next_dagrun for crypto_pipeline to 2023-12-15 09:10:00+00:00, run_after=2023-12-15 09:20:00+00:00
[2024-07-19T13:55:40.751+0000] {processor.py:183} INFO - Processing /opt/airflow/dags/crypto_pipeline.py took 0.322 seconds
[2024-07-19T13:56:10.890+0000] {processor.py:161} INFO - Started process (PID=4955) to work on /opt/airflow/dags/crypto_pipeline.py
[2024-07-19T13:56:10.891+0000] {processor.py:830} INFO - Processing file /opt/airflow/dags/crypto_pipeline.py for tasks to queue
[2024-07-19T13:56:10.892+0000] {logging_mixin.py:188} INFO - [2024-07-19T13:56:10.892+0000] {dagbag.py:538} INFO - Filling up the DagBag from /opt/airflow/dags/crypto_pipeline.py
[2024-07-19T13:56:11.127+0000] {processor.py:840} INFO - DAG(s) 'crypto_pipeline' retrieved from /opt/airflow/dags/crypto_pipeline.py
[2024-07-19T13:56:11.142+0000] {logging_mixin.py:188} INFO - [2024-07-19T13:56:11.141+0000] {dag.py:3036} INFO - Sync 1 DAGs
[2024-07-19T13:56:11.158+0000] {logging_mixin.py:188} INFO - [2024-07-19T13:56:11.158+0000] {dag.py:3823} INFO - Setting next_dagrun for crypto_pipeline to 2023-12-15 09:10:00+00:00, run_after=2023-12-15 09:20:00+00:00
[2024-07-19T13:56:11.174+0000] {processor.py:183} INFO - Processing /opt/airflow/dags/crypto_pipeline.py took 0.287 seconds
[2024-07-19T13:56:41.528+0000] {processor.py:161} INFO - Started process (PID=5012) to work on /opt/airflow/dags/crypto_pipeline.py
[2024-07-19T13:56:41.530+0000] {processor.py:830} INFO - Processing file /opt/airflow/dags/crypto_pipeline.py for tasks to queue
[2024-07-19T13:56:41.530+0000] {logging_mixin.py:188} INFO - [2024-07-19T13:56:41.530+0000] {dagbag.py:538} INFO - Filling up the DagBag from /opt/airflow/dags/crypto_pipeline.py
[2024-07-19T13:56:41.771+0000] {processor.py:840} INFO - DAG(s) 'crypto_pipeline' retrieved from /opt/airflow/dags/crypto_pipeline.py
[2024-07-19T13:56:41.786+0000] {logging_mixin.py:188} INFO - [2024-07-19T13:56:41.786+0000] {dag.py:3036} INFO - Sync 1 DAGs
[2024-07-19T13:56:41.804+0000] {logging_mixin.py:188} INFO - [2024-07-19T13:56:41.804+0000] {dag.py:3823} INFO - Setting next_dagrun for crypto_pipeline to 2023-12-15 09:10:00+00:00, run_after=2023-12-15 09:20:00+00:00
[2024-07-19T13:56:41.820+0000] {processor.py:183} INFO - Processing /opt/airflow/dags/crypto_pipeline.py took 0.294 seconds
[2024-07-19T13:57:11.976+0000] {processor.py:161} INFO - Started process (PID=5069) to work on /opt/airflow/dags/crypto_pipeline.py
[2024-07-19T13:57:11.978+0000] {processor.py:830} INFO - Processing file /opt/airflow/dags/crypto_pipeline.py for tasks to queue
[2024-07-19T13:57:11.978+0000] {logging_mixin.py:188} INFO - [2024-07-19T13:57:11.978+0000] {dagbag.py:538} INFO - Filling up the DagBag from /opt/airflow/dags/crypto_pipeline.py
[2024-07-19T13:57:12.220+0000] {processor.py:840} INFO - DAG(s) 'crypto_pipeline' retrieved from /opt/airflow/dags/crypto_pipeline.py
[2024-07-19T13:57:12.235+0000] {logging_mixin.py:188} INFO - [2024-07-19T13:57:12.235+0000] {dag.py:3036} INFO - Sync 1 DAGs
[2024-07-19T13:57:12.251+0000] {logging_mixin.py:188} INFO - [2024-07-19T13:57:12.251+0000] {dag.py:3823} INFO - Setting next_dagrun for crypto_pipeline to 2023-12-15 09:10:00+00:00, run_after=2023-12-15 09:20:00+00:00
[2024-07-19T13:57:12.266+0000] {processor.py:183} INFO - Processing /opt/airflow/dags/crypto_pipeline.py took 0.293 seconds
[2024-07-19T13:57:42.452+0000] {processor.py:161} INFO - Started process (PID=5126) to work on /opt/airflow/dags/crypto_pipeline.py
[2024-07-19T13:57:42.453+0000] {processor.py:830} INFO - Processing file /opt/airflow/dags/crypto_pipeline.py for tasks to queue
[2024-07-19T13:57:42.454+0000] {logging_mixin.py:188} INFO - [2024-07-19T13:57:42.454+0000] {dagbag.py:538} INFO - Filling up the DagBag from /opt/airflow/dags/crypto_pipeline.py
[2024-07-19T13:57:42.713+0000] {processor.py:840} INFO - DAG(s) 'crypto_pipeline' retrieved from /opt/airflow/dags/crypto_pipeline.py
[2024-07-19T13:57:42.730+0000] {logging_mixin.py:188} INFO - [2024-07-19T13:57:42.729+0000] {dag.py:3036} INFO - Sync 1 DAGs
[2024-07-19T13:57:42.748+0000] {logging_mixin.py:188} INFO - [2024-07-19T13:57:42.748+0000] {dag.py:3823} INFO - Setting next_dagrun for crypto_pipeline to 2023-12-15 09:10:00+00:00, run_after=2023-12-15 09:20:00+00:00
[2024-07-19T13:57:42.765+0000] {processor.py:183} INFO - Processing /opt/airflow/dags/crypto_pipeline.py took 0.316 seconds
[2024-07-19T13:58:12.965+0000] {processor.py:161} INFO - Started process (PID=5183) to work on /opt/airflow/dags/crypto_pipeline.py
[2024-07-19T13:58:12.967+0000] {processor.py:830} INFO - Processing file /opt/airflow/dags/crypto_pipeline.py for tasks to queue
[2024-07-19T13:58:12.968+0000] {logging_mixin.py:188} INFO - [2024-07-19T13:58:12.967+0000] {dagbag.py:538} INFO - Filling up the DagBag from /opt/airflow/dags/crypto_pipeline.py
[2024-07-19T13:58:17.289+0000] {processor.py:840} INFO - DAG(s) 'crypto_pipeline' retrieved from /opt/airflow/dags/crypto_pipeline.py
[2024-07-19T13:58:17.304+0000] {logging_mixin.py:188} INFO - [2024-07-19T13:58:17.304+0000] {dag.py:3036} INFO - Sync 1 DAGs
[2024-07-19T13:58:17.320+0000] {logging_mixin.py:188} INFO - [2024-07-19T13:58:17.320+0000] {dag.py:3823} INFO - Setting next_dagrun for crypto_pipeline to 2023-12-15 09:10:00+00:00, run_after=2023-12-15 09:20:00+00:00
[2024-07-19T13:58:17.337+0000] {processor.py:183} INFO - Processing /opt/airflow/dags/crypto_pipeline.py took 4.374 seconds
[2024-07-19T13:58:47.730+0000] {processor.py:161} INFO - Started process (PID=5250) to work on /opt/airflow/dags/crypto_pipeline.py
[2024-07-19T13:58:47.731+0000] {processor.py:830} INFO - Processing file /opt/airflow/dags/crypto_pipeline.py for tasks to queue
[2024-07-19T13:58:47.732+0000] {logging_mixin.py:188} INFO - [2024-07-19T13:58:47.732+0000] {dagbag.py:538} INFO - Filling up the DagBag from /opt/airflow/dags/crypto_pipeline.py
[2024-07-19T13:58:52.456+0000] {processor.py:840} INFO - DAG(s) 'crypto_pipeline' retrieved from /opt/airflow/dags/crypto_pipeline.py
[2024-07-19T13:58:52.472+0000] {logging_mixin.py:188} INFO - [2024-07-19T13:58:52.472+0000] {dag.py:3036} INFO - Sync 1 DAGs
[2024-07-19T13:58:52.489+0000] {logging_mixin.py:188} INFO - [2024-07-19T13:58:52.489+0000] {dag.py:3823} INFO - Setting next_dagrun for crypto_pipeline to 2023-12-15 09:10:00+00:00, run_after=2023-12-15 09:20:00+00:00
[2024-07-19T13:58:52.505+0000] {processor.py:183} INFO - Processing /opt/airflow/dags/crypto_pipeline.py took 4.779 seconds
[2024-07-19T13:59:23.335+0000] {processor.py:161} INFO - Started process (PID=5326) to work on /opt/airflow/dags/crypto_pipeline.py
[2024-07-19T13:59:23.336+0000] {processor.py:830} INFO - Processing file /opt/airflow/dags/crypto_pipeline.py for tasks to queue
[2024-07-19T13:59:23.337+0000] {logging_mixin.py:188} INFO - [2024-07-19T13:59:23.337+0000] {dagbag.py:538} INFO - Filling up the DagBag from /opt/airflow/dags/crypto_pipeline.py
[2024-07-19T13:59:28.049+0000] {processor.py:840} INFO - DAG(s) 'crypto_pipeline' retrieved from /opt/airflow/dags/crypto_pipeline.py
[2024-07-19T13:59:28.063+0000] {logging_mixin.py:188} INFO - [2024-07-19T13:59:28.063+0000] {dag.py:3036} INFO - Sync 1 DAGs
[2024-07-19T13:59:28.080+0000] {logging_mixin.py:188} INFO - [2024-07-19T13:59:28.080+0000] {dag.py:3823} INFO - Setting next_dagrun for crypto_pipeline to 2023-12-15 09:10:00+00:00, run_after=2023-12-15 09:20:00+00:00
[2024-07-19T13:59:28.096+0000] {processor.py:183} INFO - Processing /opt/airflow/dags/crypto_pipeline.py took 4.764 seconds
[2024-07-19T13:59:58.263+0000] {processor.py:161} INFO - Started process (PID=5409) to work on /opt/airflow/dags/crypto_pipeline.py
[2024-07-19T13:59:58.265+0000] {processor.py:830} INFO - Processing file /opt/airflow/dags/crypto_pipeline.py for tasks to queue
[2024-07-19T13:59:58.266+0000] {logging_mixin.py:188} INFO - [2024-07-19T13:59:58.265+0000] {dagbag.py:538} INFO - Filling up the DagBag from /opt/airflow/dags/crypto_pipeline.py
[2024-07-19T14:00:02.656+0000] {processor.py:840} INFO - DAG(s) 'crypto_pipeline' retrieved from /opt/airflow/dags/crypto_pipeline.py
[2024-07-19T14:00:02.671+0000] {logging_mixin.py:188} INFO - [2024-07-19T14:00:02.671+0000] {dag.py:3036} INFO - Sync 1 DAGs
[2024-07-19T14:00:02.688+0000] {logging_mixin.py:188} INFO - [2024-07-19T14:00:02.687+0000] {dag.py:3823} INFO - Setting next_dagrun for crypto_pipeline to 2023-12-15 09:10:00+00:00, run_after=2023-12-15 09:20:00+00:00
[2024-07-19T14:00:02.702+0000] {processor.py:183} INFO - Processing /opt/airflow/dags/crypto_pipeline.py took 4.441 seconds
[2024-07-19T14:00:33.649+0000] {processor.py:161} INFO - Started process (PID=5466) to work on /opt/airflow/dags/crypto_pipeline.py
[2024-07-19T14:00:33.651+0000] {processor.py:830} INFO - Processing file /opt/airflow/dags/crypto_pipeline.py for tasks to queue
[2024-07-19T14:00:33.652+0000] {logging_mixin.py:188} INFO - [2024-07-19T14:00:33.652+0000] {dagbag.py:538} INFO - Filling up the DagBag from /opt/airflow/dags/crypto_pipeline.py
[2024-07-19T14:00:38.327+0000] {processor.py:840} INFO - DAG(s) 'crypto_pipeline' retrieved from /opt/airflow/dags/crypto_pipeline.py
[2024-07-19T14:00:38.344+0000] {logging_mixin.py:188} INFO - [2024-07-19T14:00:38.344+0000] {dag.py:3036} INFO - Sync 1 DAGs
[2024-07-19T14:00:38.361+0000] {logging_mixin.py:188} INFO - [2024-07-19T14:00:38.361+0000] {dag.py:3823} INFO - Setting next_dagrun for crypto_pipeline to 2023-12-15 09:10:00+00:00, run_after=2023-12-15 09:20:00+00:00
[2024-07-19T14:00:38.380+0000] {processor.py:183} INFO - Processing /opt/airflow/dags/crypto_pipeline.py took 4.733 seconds
[2024-07-19T14:01:09.052+0000] {processor.py:161} INFO - Started process (PID=5523) to work on /opt/airflow/dags/crypto_pipeline.py
[2024-07-19T14:01:09.053+0000] {processor.py:830} INFO - Processing file /opt/airflow/dags/crypto_pipeline.py for tasks to queue
[2024-07-19T14:01:09.054+0000] {logging_mixin.py:188} INFO - [2024-07-19T14:01:09.054+0000] {dagbag.py:538} INFO - Filling up the DagBag from /opt/airflow/dags/crypto_pipeline.py
