[2024-07-21T23:56:23.859+0000] {processor.py:161} INFO - Started process (PID=37903) to work on /home/airflow/.local/lib/python3.8/site-packages/airflow/example_dags/example_datasets.py
[2024-07-21T23:56:23.876+0000] {processor.py:830} INFO - Processing file /home/airflow/.local/lib/python3.8/site-packages/airflow/example_dags/example_datasets.py for tasks to queue
[2024-07-21T23:56:23.881+0000] {logging_mixin.py:188} INFO - [2024-07-21T23:56:23.879+0000] {dagbag.py:538} INFO - Filling up the DagBag from /home/airflow/.local/lib/python3.8/site-packages/airflow/example_dags/example_datasets.py
[2024-07-21T23:56:23.936+0000] {processor.py:840} INFO - DAG(s) 'dataset_consumes_1_never_scheduled', 'dataset_produces_2', 'dataset_consumes_1', 'dataset_consumes_unknown_never_scheduled', 'dataset_produces_1', 'dataset_consumes_1_and_2' retrieved from /home/airflow/.local/lib/python3.8/site-packages/airflow/example_dags/example_datasets.py
[2024-07-21T23:56:24.151+0000] {logging_mixin.py:188} INFO - [2024-07-21T23:56:24.150+0000] {dag.py:3036} INFO - Sync 6 DAGs
[2024-07-21T23:56:24.261+0000] {logging_mixin.py:188} INFO - [2024-07-21T23:56:24.260+0000] {dag.py:3823} INFO - Setting next_dagrun for dataset_consumes_1 to None, run_after=None
[2024-07-21T23:56:24.277+0000] {logging_mixin.py:188} INFO - [2024-07-21T23:56:24.276+0000] {dag.py:3823} INFO - Setting next_dagrun for dataset_consumes_1_and_2 to None, run_after=None
[2024-07-21T23:56:24.287+0000] {logging_mixin.py:188} INFO - [2024-07-21T23:56:24.285+0000] {dag.py:3823} INFO - Setting next_dagrun for dataset_consumes_1_never_scheduled to None, run_after=None
[2024-07-21T23:56:24.294+0000] {logging_mixin.py:188} INFO - [2024-07-21T23:56:24.294+0000] {dag.py:3823} INFO - Setting next_dagrun for dataset_consumes_unknown_never_scheduled to None, run_after=None
[2024-07-21T23:56:24.308+0000] {logging_mixin.py:188} INFO - [2024-07-21T23:56:24.308+0000] {dag.py:3823} INFO - Setting next_dagrun for dataset_produces_1 to 2024-07-20 00:00:00+00:00, run_after=2024-07-21 00:00:00+00:00
[2024-07-21T23:56:24.315+0000] {logging_mixin.py:188} INFO - [2024-07-21T23:56:24.314+0000] {dag.py:3823} INFO - Setting next_dagrun for dataset_produces_2 to None, run_after=None
[2024-07-21T23:56:24.502+0000] {processor.py:183} INFO - Processing /home/airflow/.local/lib/python3.8/site-packages/airflow/example_dags/example_datasets.py took 0.664 seconds
[2024-07-21T23:56:54.952+0000] {processor.py:161} INFO - Started process (PID=37964) to work on /home/airflow/.local/lib/python3.8/site-packages/airflow/example_dags/example_datasets.py
[2024-07-21T23:56:54.956+0000] {processor.py:830} INFO - Processing file /home/airflow/.local/lib/python3.8/site-packages/airflow/example_dags/example_datasets.py for tasks to queue
[2024-07-21T23:56:54.959+0000] {logging_mixin.py:188} INFO - [2024-07-21T23:56:54.958+0000] {dagbag.py:538} INFO - Filling up the DagBag from /home/airflow/.local/lib/python3.8/site-packages/airflow/example_dags/example_datasets.py
[2024-07-21T23:56:54.988+0000] {processor.py:840} INFO - DAG(s) 'dataset_consumes_1', 'dataset_consumes_unknown_never_scheduled', 'dataset_produces_2', 'dataset_produces_1', 'dataset_consumes_1_never_scheduled', 'dataset_consumes_1_and_2' retrieved from /home/airflow/.local/lib/python3.8/site-packages/airflow/example_dags/example_datasets.py
[2024-07-21T23:56:55.083+0000] {logging_mixin.py:188} INFO - [2024-07-21T23:56:55.083+0000] {dag.py:3036} INFO - Sync 6 DAGs
[2024-07-21T23:56:55.143+0000] {logging_mixin.py:188} INFO - [2024-07-21T23:56:55.143+0000] {dag.py:3823} INFO - Setting next_dagrun for dataset_consumes_1 to None, run_after=None
[2024-07-21T23:56:55.153+0000] {logging_mixin.py:188} INFO - [2024-07-21T23:56:55.152+0000] {dag.py:3823} INFO - Setting next_dagrun for dataset_consumes_1_and_2 to None, run_after=None
[2024-07-21T23:56:55.158+0000] {logging_mixin.py:188} INFO - [2024-07-21T23:56:55.157+0000] {dag.py:3823} INFO - Setting next_dagrun for dataset_consumes_1_never_scheduled to None, run_after=None
[2024-07-21T23:56:55.162+0000] {logging_mixin.py:188} INFO - [2024-07-21T23:56:55.162+0000] {dag.py:3823} INFO - Setting next_dagrun for dataset_consumes_unknown_never_scheduled to None, run_after=None
[2024-07-21T23:56:55.170+0000] {logging_mixin.py:188} INFO - [2024-07-21T23:56:55.169+0000] {dag.py:3823} INFO - Setting next_dagrun for dataset_produces_1 to 2024-07-20 00:00:00+00:00, run_after=2024-07-21 00:00:00+00:00
[2024-07-21T23:56:55.176+0000] {logging_mixin.py:188} INFO - [2024-07-21T23:56:55.176+0000] {dag.py:3823} INFO - Setting next_dagrun for dataset_produces_2 to None, run_after=None
[2024-07-21T23:56:55.260+0000] {processor.py:183} INFO - Processing /home/airflow/.local/lib/python3.8/site-packages/airflow/example_dags/example_datasets.py took 0.318 seconds
[2024-07-21T23:57:25.372+0000] {processor.py:161} INFO - Started process (PID=38021) to work on /home/airflow/.local/lib/python3.8/site-packages/airflow/example_dags/example_datasets.py
[2024-07-21T23:57:25.375+0000] {processor.py:830} INFO - Processing file /home/airflow/.local/lib/python3.8/site-packages/airflow/example_dags/example_datasets.py for tasks to queue
[2024-07-21T23:57:25.378+0000] {logging_mixin.py:188} INFO - [2024-07-21T23:57:25.377+0000] {dagbag.py:538} INFO - Filling up the DagBag from /home/airflow/.local/lib/python3.8/site-packages/airflow/example_dags/example_datasets.py
[2024-07-21T23:57:25.396+0000] {processor.py:840} INFO - DAG(s) 'dataset_produces_1', 'dataset_consumes_1', 'dataset_consumes_unknown_never_scheduled', 'dataset_consumes_1_and_2', 'dataset_produces_2', 'dataset_consumes_1_never_scheduled' retrieved from /home/airflow/.local/lib/python3.8/site-packages/airflow/example_dags/example_datasets.py
[2024-07-21T23:57:25.468+0000] {logging_mixin.py:188} INFO - [2024-07-21T23:57:25.467+0000] {dag.py:3036} INFO - Sync 6 DAGs
[2024-07-21T23:57:25.509+0000] {logging_mixin.py:188} INFO - [2024-07-21T23:57:25.509+0000] {dag.py:3823} INFO - Setting next_dagrun for dataset_consumes_1 to None, run_after=None
[2024-07-21T23:57:25.516+0000] {logging_mixin.py:188} INFO - [2024-07-21T23:57:25.516+0000] {dag.py:3823} INFO - Setting next_dagrun for dataset_consumes_1_and_2 to None, run_after=None
[2024-07-21T23:57:25.519+0000] {logging_mixin.py:188} INFO - [2024-07-21T23:57:25.519+0000] {dag.py:3823} INFO - Setting next_dagrun for dataset_consumes_1_never_scheduled to None, run_after=None
[2024-07-21T23:57:25.522+0000] {logging_mixin.py:188} INFO - [2024-07-21T23:57:25.522+0000] {dag.py:3823} INFO - Setting next_dagrun for dataset_consumes_unknown_never_scheduled to None, run_after=None
[2024-07-21T23:57:25.529+0000] {logging_mixin.py:188} INFO - [2024-07-21T23:57:25.528+0000] {dag.py:3823} INFO - Setting next_dagrun for dataset_produces_1 to 2024-07-20 00:00:00+00:00, run_after=2024-07-21 00:00:00+00:00
[2024-07-21T23:57:25.534+0000] {logging_mixin.py:188} INFO - [2024-07-21T23:57:25.533+0000] {dag.py:3823} INFO - Setting next_dagrun for dataset_produces_2 to None, run_after=None
[2024-07-21T23:57:25.611+0000] {processor.py:183} INFO - Processing /home/airflow/.local/lib/python3.8/site-packages/airflow/example_dags/example_datasets.py took 0.244 seconds
[2024-07-21T23:57:56.448+0000] {processor.py:161} INFO - Started process (PID=38078) to work on /home/airflow/.local/lib/python3.8/site-packages/airflow/example_dags/example_datasets.py
[2024-07-21T23:57:56.451+0000] {processor.py:830} INFO - Processing file /home/airflow/.local/lib/python3.8/site-packages/airflow/example_dags/example_datasets.py for tasks to queue
[2024-07-21T23:57:56.453+0000] {logging_mixin.py:188} INFO - [2024-07-21T23:57:56.453+0000] {dagbag.py:538} INFO - Filling up the DagBag from /home/airflow/.local/lib/python3.8/site-packages/airflow/example_dags/example_datasets.py
[2024-07-21T23:57:56.477+0000] {processor.py:840} INFO - DAG(s) 'dataset_produces_2', 'dataset_consumes_1', 'dataset_produces_1', 'dataset_consumes_unknown_never_scheduled', 'dataset_consumes_1_never_scheduled', 'dataset_consumes_1_and_2' retrieved from /home/airflow/.local/lib/python3.8/site-packages/airflow/example_dags/example_datasets.py
[2024-07-21T23:57:56.549+0000] {logging_mixin.py:188} INFO - [2024-07-21T23:57:56.548+0000] {dag.py:3036} INFO - Sync 6 DAGs
[2024-07-21T23:57:56.586+0000] {logging_mixin.py:188} INFO - [2024-07-21T23:57:56.586+0000] {dag.py:3823} INFO - Setting next_dagrun for dataset_consumes_1 to None, run_after=None
[2024-07-21T23:57:56.594+0000] {logging_mixin.py:188} INFO - [2024-07-21T23:57:56.593+0000] {dag.py:3823} INFO - Setting next_dagrun for dataset_consumes_1_and_2 to None, run_after=None
[2024-07-21T23:57:56.597+0000] {logging_mixin.py:188} INFO - [2024-07-21T23:57:56.597+0000] {dag.py:3823} INFO - Setting next_dagrun for dataset_consumes_1_never_scheduled to None, run_after=None
[2024-07-21T23:57:56.600+0000] {logging_mixin.py:188} INFO - [2024-07-21T23:57:56.600+0000] {dag.py:3823} INFO - Setting next_dagrun for dataset_consumes_unknown_never_scheduled to None, run_after=None
[2024-07-21T23:57:56.604+0000] {logging_mixin.py:188} INFO - [2024-07-21T23:57:56.604+0000] {dag.py:3823} INFO - Setting next_dagrun for dataset_produces_1 to 2024-07-20 00:00:00+00:00, run_after=2024-07-21 00:00:00+00:00
[2024-07-21T23:57:56.607+0000] {logging_mixin.py:188} INFO - [2024-07-21T23:57:56.607+0000] {dag.py:3823} INFO - Setting next_dagrun for dataset_produces_2 to None, run_after=None
[2024-07-21T23:57:56.670+0000] {processor.py:183} INFO - Processing /home/airflow/.local/lib/python3.8/site-packages/airflow/example_dags/example_datasets.py took 0.230 seconds
[2024-07-21T23:58:26.890+0000] {processor.py:161} INFO - Started process (PID=38136) to work on /home/airflow/.local/lib/python3.8/site-packages/airflow/example_dags/example_datasets.py
[2024-07-21T23:58:26.892+0000] {processor.py:830} INFO - Processing file /home/airflow/.local/lib/python3.8/site-packages/airflow/example_dags/example_datasets.py for tasks to queue
[2024-07-21T23:58:26.894+0000] {logging_mixin.py:188} INFO - [2024-07-21T23:58:26.893+0000] {dagbag.py:538} INFO - Filling up the DagBag from /home/airflow/.local/lib/python3.8/site-packages/airflow/example_dags/example_datasets.py
[2024-07-21T23:58:26.912+0000] {processor.py:840} INFO - DAG(s) 'dataset_consumes_1_and_2', 'dataset_consumes_unknown_never_scheduled', 'dataset_produces_1', 'dataset_produces_2', 'dataset_consumes_1_never_scheduled', 'dataset_consumes_1' retrieved from /home/airflow/.local/lib/python3.8/site-packages/airflow/example_dags/example_datasets.py
[2024-07-21T23:58:26.970+0000] {logging_mixin.py:188} INFO - [2024-07-21T23:58:26.969+0000] {dag.py:3036} INFO - Sync 6 DAGs
[2024-07-21T23:58:27.007+0000] {logging_mixin.py:188} INFO - [2024-07-21T23:58:27.006+0000] {dag.py:3823} INFO - Setting next_dagrun for dataset_consumes_1 to None, run_after=None
[2024-07-21T23:58:27.013+0000] {logging_mixin.py:188} INFO - [2024-07-21T23:58:27.013+0000] {dag.py:3823} INFO - Setting next_dagrun for dataset_consumes_1_and_2 to None, run_after=None
[2024-07-21T23:58:27.016+0000] {logging_mixin.py:188} INFO - [2024-07-21T23:58:27.015+0000] {dag.py:3823} INFO - Setting next_dagrun for dataset_consumes_1_never_scheduled to None, run_after=None
[2024-07-21T23:58:27.018+0000] {logging_mixin.py:188} INFO - [2024-07-21T23:58:27.018+0000] {dag.py:3823} INFO - Setting next_dagrun for dataset_consumes_unknown_never_scheduled to None, run_after=None
[2024-07-21T23:58:27.023+0000] {logging_mixin.py:188} INFO - [2024-07-21T23:58:27.023+0000] {dag.py:3823} INFO - Setting next_dagrun for dataset_produces_1 to 2024-07-20 00:00:00+00:00, run_after=2024-07-21 00:00:00+00:00
[2024-07-21T23:58:27.026+0000] {logging_mixin.py:188} INFO - [2024-07-21T23:58:27.026+0000] {dag.py:3823} INFO - Setting next_dagrun for dataset_produces_2 to None, run_after=None
[2024-07-21T23:58:27.096+0000] {processor.py:183} INFO - Processing /home/airflow/.local/lib/python3.8/site-packages/airflow/example_dags/example_datasets.py took 0.211 seconds
[2024-07-21T23:58:57.540+0000] {processor.py:161} INFO - Started process (PID=38192) to work on /home/airflow/.local/lib/python3.8/site-packages/airflow/example_dags/example_datasets.py
[2024-07-21T23:58:57.542+0000] {processor.py:830} INFO - Processing file /home/airflow/.local/lib/python3.8/site-packages/airflow/example_dags/example_datasets.py for tasks to queue
[2024-07-21T23:58:57.544+0000] {logging_mixin.py:188} INFO - [2024-07-21T23:58:57.544+0000] {dagbag.py:538} INFO - Filling up the DagBag from /home/airflow/.local/lib/python3.8/site-packages/airflow/example_dags/example_datasets.py
[2024-07-21T23:58:57.558+0000] {processor.py:840} INFO - DAG(s) 'dataset_consumes_1', 'dataset_produces_2', 'dataset_consumes_1_never_scheduled', 'dataset_produces_1', 'dataset_consumes_unknown_never_scheduled', 'dataset_consumes_1_and_2' retrieved from /home/airflow/.local/lib/python3.8/site-packages/airflow/example_dags/example_datasets.py
[2024-07-21T23:58:57.609+0000] {logging_mixin.py:188} INFO - [2024-07-21T23:58:57.609+0000] {dag.py:3036} INFO - Sync 6 DAGs
[2024-07-21T23:58:57.638+0000] {logging_mixin.py:188} INFO - [2024-07-21T23:58:57.638+0000] {dag.py:3823} INFO - Setting next_dagrun for dataset_consumes_1 to None, run_after=None
[2024-07-21T23:58:57.643+0000] {logging_mixin.py:188} INFO - [2024-07-21T23:58:57.643+0000] {dag.py:3823} INFO - Setting next_dagrun for dataset_consumes_1_and_2 to None, run_after=None
[2024-07-21T23:58:57.646+0000] {logging_mixin.py:188} INFO - [2024-07-21T23:58:57.646+0000] {dag.py:3823} INFO - Setting next_dagrun for dataset_consumes_1_never_scheduled to None, run_after=None
[2024-07-21T23:58:57.648+0000] {logging_mixin.py:188} INFO - [2024-07-21T23:58:57.647+0000] {dag.py:3823} INFO - Setting next_dagrun for dataset_consumes_unknown_never_scheduled to None, run_after=None
[2024-07-21T23:58:57.652+0000] {logging_mixin.py:188} INFO - [2024-07-21T23:58:57.652+0000] {dag.py:3823} INFO - Setting next_dagrun for dataset_produces_1 to 2024-07-20 00:00:00+00:00, run_after=2024-07-21 00:00:00+00:00
[2024-07-21T23:58:57.654+0000] {logging_mixin.py:188} INFO - [2024-07-21T23:58:57.654+0000] {dag.py:3823} INFO - Setting next_dagrun for dataset_produces_2 to None, run_after=None
[2024-07-21T23:58:57.692+0000] {processor.py:183} INFO - Processing /home/airflow/.local/lib/python3.8/site-packages/airflow/example_dags/example_datasets.py took 0.157 seconds
[2024-07-21T23:59:27.761+0000] {processor.py:161} INFO - Started process (PID=38249) to work on /home/airflow/.local/lib/python3.8/site-packages/airflow/example_dags/example_datasets.py
[2024-07-21T23:59:27.763+0000] {processor.py:830} INFO - Processing file /home/airflow/.local/lib/python3.8/site-packages/airflow/example_dags/example_datasets.py for tasks to queue
[2024-07-21T23:59:27.765+0000] {logging_mixin.py:188} INFO - [2024-07-21T23:59:27.765+0000] {dagbag.py:538} INFO - Filling up the DagBag from /home/airflow/.local/lib/python3.8/site-packages/airflow/example_dags/example_datasets.py
[2024-07-21T23:59:27.783+0000] {processor.py:840} INFO - DAG(s) 'dataset_consumes_1', 'dataset_produces_1', 'dataset_consumes_1_and_2', 'dataset_consumes_unknown_never_scheduled', 'dataset_consumes_1_never_scheduled', 'dataset_produces_2' retrieved from /home/airflow/.local/lib/python3.8/site-packages/airflow/example_dags/example_datasets.py
[2024-07-21T23:59:27.833+0000] {logging_mixin.py:188} INFO - [2024-07-21T23:59:27.833+0000] {dag.py:3036} INFO - Sync 6 DAGs
[2024-07-21T23:59:27.870+0000] {logging_mixin.py:188} INFO - [2024-07-21T23:59:27.870+0000] {dag.py:3823} INFO - Setting next_dagrun for dataset_consumes_1 to None, run_after=None
[2024-07-21T23:59:27.876+0000] {logging_mixin.py:188} INFO - [2024-07-21T23:59:27.876+0000] {dag.py:3823} INFO - Setting next_dagrun for dataset_consumes_1_and_2 to None, run_after=None
[2024-07-21T23:59:27.879+0000] {logging_mixin.py:188} INFO - [2024-07-21T23:59:27.878+0000] {dag.py:3823} INFO - Setting next_dagrun for dataset_consumes_1_never_scheduled to None, run_after=None
[2024-07-21T23:59:27.881+0000] {logging_mixin.py:188} INFO - [2024-07-21T23:59:27.881+0000] {dag.py:3823} INFO - Setting next_dagrun for dataset_consumes_unknown_never_scheduled to None, run_after=None
[2024-07-21T23:59:27.884+0000] {logging_mixin.py:188} INFO - [2024-07-21T23:59:27.884+0000] {dag.py:3823} INFO - Setting next_dagrun for dataset_produces_1 to 2024-07-20 00:00:00+00:00, run_after=2024-07-21 00:00:00+00:00
[2024-07-21T23:59:27.888+0000] {logging_mixin.py:188} INFO - [2024-07-21T23:59:27.887+0000] {dag.py:3823} INFO - Setting next_dagrun for dataset_produces_2 to None, run_after=None
[2024-07-21T23:59:27.928+0000] {processor.py:183} INFO - Processing /home/airflow/.local/lib/python3.8/site-packages/airflow/example_dags/example_datasets.py took 0.174 seconds
[2024-07-21T23:59:58.078+0000] {processor.py:161} INFO - Started process (PID=38306) to work on /home/airflow/.local/lib/python3.8/site-packages/airflow/example_dags/example_datasets.py
[2024-07-21T23:59:58.079+0000] {processor.py:830} INFO - Processing file /home/airflow/.local/lib/python3.8/site-packages/airflow/example_dags/example_datasets.py for tasks to queue
[2024-07-21T23:59:58.081+0000] {logging_mixin.py:188} INFO - [2024-07-21T23:59:58.080+0000] {dagbag.py:538} INFO - Filling up the DagBag from /home/airflow/.local/lib/python3.8/site-packages/airflow/example_dags/example_datasets.py
[2024-07-21T23:59:58.094+0000] {processor.py:840} INFO - DAG(s) 'dataset_consumes_1', 'dataset_consumes_1_and_2', 'dataset_consumes_1_never_scheduled', 'dataset_produces_2', 'dataset_consumes_unknown_never_scheduled', 'dataset_produces_1' retrieved from /home/airflow/.local/lib/python3.8/site-packages/airflow/example_dags/example_datasets.py
[2024-07-21T23:59:58.157+0000] {logging_mixin.py:188} INFO - [2024-07-21T23:59:58.157+0000] {dag.py:3036} INFO - Sync 6 DAGs
[2024-07-21T23:59:58.190+0000] {logging_mixin.py:188} INFO - [2024-07-21T23:59:58.189+0000] {dag.py:3823} INFO - Setting next_dagrun for dataset_consumes_1 to None, run_after=None
[2024-07-21T23:59:58.195+0000] {logging_mixin.py:188} INFO - [2024-07-21T23:59:58.195+0000] {dag.py:3823} INFO - Setting next_dagrun for dataset_consumes_1_and_2 to None, run_after=None
[2024-07-21T23:59:58.198+0000] {logging_mixin.py:188} INFO - [2024-07-21T23:59:58.197+0000] {dag.py:3823} INFO - Setting next_dagrun for dataset_consumes_1_never_scheduled to None, run_after=None
[2024-07-21T23:59:58.200+0000] {logging_mixin.py:188} INFO - [2024-07-21T23:59:58.200+0000] {dag.py:3823} INFO - Setting next_dagrun for dataset_consumes_unknown_never_scheduled to None, run_after=None
[2024-07-21T23:59:58.205+0000] {logging_mixin.py:188} INFO - [2024-07-21T23:59:58.204+0000] {dag.py:3823} INFO - Setting next_dagrun for dataset_produces_1 to 2024-07-20 00:00:00+00:00, run_after=2024-07-21 00:00:00+00:00
[2024-07-21T23:59:58.207+0000] {logging_mixin.py:188} INFO - [2024-07-21T23:59:58.207+0000] {dag.py:3823} INFO - Setting next_dagrun for dataset_produces_2 to None, run_after=None
[2024-07-21T23:59:58.256+0000] {processor.py:183} INFO - Processing /home/airflow/.local/lib/python3.8/site-packages/airflow/example_dags/example_datasets.py took 0.182 seconds
