[2024-07-21T23:56:27.113+0000] {processor.py:161} INFO - Started process (PID=37910) to work on /home/airflow/.local/lib/python3.8/site-packages/airflow/example_dags/example_skip_dag.py
[2024-07-21T23:56:27.123+0000] {processor.py:830} INFO - Processing file /home/airflow/.local/lib/python3.8/site-packages/airflow/example_dags/example_skip_dag.py for tasks to queue
[2024-07-21T23:56:27.128+0000] {logging_mixin.py:188} INFO - [2024-07-21T23:56:27.127+0000] {dagbag.py:538} INFO - Filling up the DagBag from /home/airflow/.local/lib/python3.8/site-packages/airflow/example_dags/example_skip_dag.py
[2024-07-21T23:56:27.187+0000] {processor.py:840} INFO - DAG(s) 'example_skip_dag' retrieved from /home/airflow/.local/lib/python3.8/site-packages/airflow/example_dags/example_skip_dag.py
[2024-07-21T23:56:27.287+0000] {logging_mixin.py:188} INFO - [2024-07-21T23:56:27.286+0000] {dag.py:3036} INFO - Sync 1 DAGs
[2024-07-21T23:56:27.430+0000] {logging_mixin.py:188} INFO - [2024-07-21T23:56:27.429+0000] {dag.py:3823} INFO - Setting next_dagrun for example_skip_dag to 2024-07-20 00:00:00+00:00, run_after=2024-07-21 00:00:00+00:00
[2024-07-21T23:56:27.531+0000] {processor.py:183} INFO - Processing /home/airflow/.local/lib/python3.8/site-packages/airflow/example_dags/example_skip_dag.py took 0.435 seconds
[2024-07-21T23:56:57.839+0000] {processor.py:161} INFO - Started process (PID=37971) to work on /home/airflow/.local/lib/python3.8/site-packages/airflow/example_dags/example_skip_dag.py
[2024-07-21T23:56:57.841+0000] {processor.py:830} INFO - Processing file /home/airflow/.local/lib/python3.8/site-packages/airflow/example_dags/example_skip_dag.py for tasks to queue
[2024-07-21T23:56:57.843+0000] {logging_mixin.py:188} INFO - [2024-07-21T23:56:57.842+0000] {dagbag.py:538} INFO - Filling up the DagBag from /home/airflow/.local/lib/python3.8/site-packages/airflow/example_dags/example_skip_dag.py
[2024-07-21T23:56:57.856+0000] {processor.py:840} INFO - DAG(s) 'example_skip_dag' retrieved from /home/airflow/.local/lib/python3.8/site-packages/airflow/example_dags/example_skip_dag.py
[2024-07-21T23:56:57.904+0000] {logging_mixin.py:188} INFO - [2024-07-21T23:56:57.903+0000] {dag.py:3036} INFO - Sync 1 DAGs
[2024-07-21T23:56:57.950+0000] {logging_mixin.py:188} INFO - [2024-07-21T23:56:57.949+0000] {dag.py:3823} INFO - Setting next_dagrun for example_skip_dag to 2024-07-20 00:00:00+00:00, run_after=2024-07-21 00:00:00+00:00
[2024-07-21T23:56:57.988+0000] {processor.py:183} INFO - Processing /home/airflow/.local/lib/python3.8/site-packages/airflow/example_dags/example_skip_dag.py took 0.155 seconds
[2024-07-21T23:57:28.532+0000] {processor.py:161} INFO - Started process (PID=38028) to work on /home/airflow/.local/lib/python3.8/site-packages/airflow/example_dags/example_skip_dag.py
[2024-07-21T23:57:28.541+0000] {processor.py:830} INFO - Processing file /home/airflow/.local/lib/python3.8/site-packages/airflow/example_dags/example_skip_dag.py for tasks to queue
[2024-07-21T23:57:28.545+0000] {logging_mixin.py:188} INFO - [2024-07-21T23:57:28.544+0000] {dagbag.py:538} INFO - Filling up the DagBag from /home/airflow/.local/lib/python3.8/site-packages/airflow/example_dags/example_skip_dag.py
[2024-07-21T23:57:28.589+0000] {processor.py:840} INFO - DAG(s) 'example_skip_dag' retrieved from /home/airflow/.local/lib/python3.8/site-packages/airflow/example_dags/example_skip_dag.py
[2024-07-21T23:57:28.704+0000] {logging_mixin.py:188} INFO - [2024-07-21T23:57:28.703+0000] {dag.py:3036} INFO - Sync 1 DAGs
[2024-07-21T23:57:28.794+0000] {logging_mixin.py:188} INFO - [2024-07-21T23:57:28.793+0000] {dag.py:3823} INFO - Setting next_dagrun for example_skip_dag to 2024-07-20 00:00:00+00:00, run_after=2024-07-21 00:00:00+00:00
[2024-07-21T23:57:28.854+0000] {processor.py:183} INFO - Processing /home/airflow/.local/lib/python3.8/site-packages/airflow/example_dags/example_skip_dag.py took 0.331 seconds
[2024-07-21T23:57:59.079+0000] {processor.py:161} INFO - Started process (PID=38085) to work on /home/airflow/.local/lib/python3.8/site-packages/airflow/example_dags/example_skip_dag.py
[2024-07-21T23:57:59.081+0000] {processor.py:830} INFO - Processing file /home/airflow/.local/lib/python3.8/site-packages/airflow/example_dags/example_skip_dag.py for tasks to queue
[2024-07-21T23:57:59.083+0000] {logging_mixin.py:188} INFO - [2024-07-21T23:57:59.082+0000] {dagbag.py:538} INFO - Filling up the DagBag from /home/airflow/.local/lib/python3.8/site-packages/airflow/example_dags/example_skip_dag.py
[2024-07-21T23:57:59.094+0000] {processor.py:840} INFO - DAG(s) 'example_skip_dag' retrieved from /home/airflow/.local/lib/python3.8/site-packages/airflow/example_dags/example_skip_dag.py
[2024-07-21T23:57:59.131+0000] {logging_mixin.py:188} INFO - [2024-07-21T23:57:59.130+0000] {dag.py:3036} INFO - Sync 1 DAGs
[2024-07-21T23:57:59.165+0000] {logging_mixin.py:188} INFO - [2024-07-21T23:57:59.165+0000] {dag.py:3823} INFO - Setting next_dagrun for example_skip_dag to 2024-07-20 00:00:00+00:00, run_after=2024-07-21 00:00:00+00:00
[2024-07-21T23:57:59.197+0000] {processor.py:183} INFO - Processing /home/airflow/.local/lib/python3.8/site-packages/airflow/example_dags/example_skip_dag.py took 0.122 seconds
[2024-07-21T23:58:29.422+0000] {processor.py:161} INFO - Started process (PID=38142) to work on /home/airflow/.local/lib/python3.8/site-packages/airflow/example_dags/example_skip_dag.py
[2024-07-21T23:58:29.424+0000] {processor.py:830} INFO - Processing file /home/airflow/.local/lib/python3.8/site-packages/airflow/example_dags/example_skip_dag.py for tasks to queue
[2024-07-21T23:58:29.426+0000] {logging_mixin.py:188} INFO - [2024-07-21T23:58:29.425+0000] {dagbag.py:538} INFO - Filling up the DagBag from /home/airflow/.local/lib/python3.8/site-packages/airflow/example_dags/example_skip_dag.py
[2024-07-21T23:58:29.448+0000] {processor.py:840} INFO - DAG(s) 'example_skip_dag' retrieved from /home/airflow/.local/lib/python3.8/site-packages/airflow/example_dags/example_skip_dag.py
[2024-07-21T23:58:29.495+0000] {logging_mixin.py:188} INFO - [2024-07-21T23:58:29.495+0000] {dag.py:3036} INFO - Sync 1 DAGs
[2024-07-21T23:58:29.534+0000] {logging_mixin.py:188} INFO - [2024-07-21T23:58:29.534+0000] {dag.py:3823} INFO - Setting next_dagrun for example_skip_dag to 2024-07-20 00:00:00+00:00, run_after=2024-07-21 00:00:00+00:00
[2024-07-21T23:58:29.578+0000] {processor.py:183} INFO - Processing /home/airflow/.local/lib/python3.8/site-packages/airflow/example_dags/example_skip_dag.py took 0.162 seconds
[2024-07-21T23:59:00.157+0000] {processor.py:161} INFO - Started process (PID=38199) to work on /home/airflow/.local/lib/python3.8/site-packages/airflow/example_dags/example_skip_dag.py
[2024-07-21T23:59:00.159+0000] {processor.py:830} INFO - Processing file /home/airflow/.local/lib/python3.8/site-packages/airflow/example_dags/example_skip_dag.py for tasks to queue
[2024-07-21T23:59:00.161+0000] {logging_mixin.py:188} INFO - [2024-07-21T23:59:00.160+0000] {dagbag.py:538} INFO - Filling up the DagBag from /home/airflow/.local/lib/python3.8/site-packages/airflow/example_dags/example_skip_dag.py
[2024-07-21T23:59:00.173+0000] {processor.py:840} INFO - DAG(s) 'example_skip_dag' retrieved from /home/airflow/.local/lib/python3.8/site-packages/airflow/example_dags/example_skip_dag.py
[2024-07-21T23:59:00.213+0000] {logging_mixin.py:188} INFO - [2024-07-21T23:59:00.213+0000] {dag.py:3036} INFO - Sync 1 DAGs
[2024-07-21T23:59:00.255+0000] {logging_mixin.py:188} INFO - [2024-07-21T23:59:00.255+0000] {dag.py:3823} INFO - Setting next_dagrun for example_skip_dag to 2024-07-20 00:00:00+00:00, run_after=2024-07-21 00:00:00+00:00
[2024-07-21T23:59:00.291+0000] {processor.py:183} INFO - Processing /home/airflow/.local/lib/python3.8/site-packages/airflow/example_dags/example_skip_dag.py took 0.141 seconds
[2024-07-21T23:59:30.350+0000] {processor.py:161} INFO - Started process (PID=38256) to work on /home/airflow/.local/lib/python3.8/site-packages/airflow/example_dags/example_skip_dag.py
[2024-07-21T23:59:30.352+0000] {processor.py:830} INFO - Processing file /home/airflow/.local/lib/python3.8/site-packages/airflow/example_dags/example_skip_dag.py for tasks to queue
[2024-07-21T23:59:30.354+0000] {logging_mixin.py:188} INFO - [2024-07-21T23:59:30.354+0000] {dagbag.py:538} INFO - Filling up the DagBag from /home/airflow/.local/lib/python3.8/site-packages/airflow/example_dags/example_skip_dag.py
[2024-07-21T23:59:30.365+0000] {processor.py:840} INFO - DAG(s) 'example_skip_dag' retrieved from /home/airflow/.local/lib/python3.8/site-packages/airflow/example_dags/example_skip_dag.py
[2024-07-21T23:59:30.402+0000] {logging_mixin.py:188} INFO - [2024-07-21T23:59:30.401+0000] {dag.py:3036} INFO - Sync 1 DAGs
[2024-07-21T23:59:30.437+0000] {logging_mixin.py:188} INFO - [2024-07-21T23:59:30.437+0000] {dag.py:3823} INFO - Setting next_dagrun for example_skip_dag to 2024-07-20 00:00:00+00:00, run_after=2024-07-21 00:00:00+00:00
[2024-07-21T23:59:30.463+0000] {processor.py:183} INFO - Processing /home/airflow/.local/lib/python3.8/site-packages/airflow/example_dags/example_skip_dag.py took 0.117 seconds
