[2024-07-21T23:56:20.157+0000] {processor.py:161} INFO - Started process (PID=37895) to work on /home/airflow/.local/lib/python3.8/site-packages/airflow/example_dags/example_xcomargs.py
[2024-07-21T23:56:20.181+0000] {processor.py:830} INFO - Processing file /home/airflow/.local/lib/python3.8/site-packages/airflow/example_dags/example_xcomargs.py for tasks to queue
[2024-07-21T23:56:20.193+0000] {logging_mixin.py:188} INFO - [2024-07-21T23:56:20.192+0000] {dagbag.py:538} INFO - Filling up the DagBag from /home/airflow/.local/lib/python3.8/site-packages/airflow/example_dags/example_xcomargs.py
[2024-07-21T23:56:20.296+0000] {processor.py:840} INFO - DAG(s) 'example_xcom_args_with_operators', 'example_xcom_args' retrieved from /home/airflow/.local/lib/python3.8/site-packages/airflow/example_dags/example_xcomargs.py
[2024-07-21T23:56:20.438+0000] {logging_mixin.py:188} INFO - [2024-07-21T23:56:20.437+0000] {dag.py:3036} INFO - Sync 2 DAGs
[2024-07-21T23:56:20.525+0000] {logging_mixin.py:188} INFO - [2024-07-21T23:56:20.524+0000] {dag.py:3823} INFO - Setting next_dagrun for example_xcom_args to None, run_after=None
[2024-07-21T23:56:20.542+0000] {logging_mixin.py:188} INFO - [2024-07-21T23:56:20.541+0000] {dag.py:3823} INFO - Setting next_dagrun for example_xcom_args_with_operators to None, run_after=None
[2024-07-21T23:56:20.628+0000] {processor.py:183} INFO - Processing /home/airflow/.local/lib/python3.8/site-packages/airflow/example_dags/example_xcomargs.py took 0.493 seconds
[2024-07-21T23:56:50.975+0000] {processor.py:161} INFO - Started process (PID=37956) to work on /home/airflow/.local/lib/python3.8/site-packages/airflow/example_dags/example_xcomargs.py
[2024-07-21T23:56:50.979+0000] {processor.py:830} INFO - Processing file /home/airflow/.local/lib/python3.8/site-packages/airflow/example_dags/example_xcomargs.py for tasks to queue
[2024-07-21T23:56:50.983+0000] {logging_mixin.py:188} INFO - [2024-07-21T23:56:50.981+0000] {dagbag.py:538} INFO - Filling up the DagBag from /home/airflow/.local/lib/python3.8/site-packages/airflow/example_dags/example_xcomargs.py
[2024-07-21T23:56:51.008+0000] {processor.py:840} INFO - DAG(s) 'example_xcom_args_with_operators', 'example_xcom_args' retrieved from /home/airflow/.local/lib/python3.8/site-packages/airflow/example_dags/example_xcomargs.py
[2024-07-21T23:56:51.082+0000] {logging_mixin.py:188} INFO - [2024-07-21T23:56:51.081+0000] {dag.py:3036} INFO - Sync 2 DAGs
[2024-07-21T23:56:51.124+0000] {logging_mixin.py:188} INFO - [2024-07-21T23:56:51.123+0000] {dag.py:3823} INFO - Setting next_dagrun for example_xcom_args to None, run_after=None
[2024-07-21T23:56:51.135+0000] {logging_mixin.py:188} INFO - [2024-07-21T23:56:51.135+0000] {dag.py:3823} INFO - Setting next_dagrun for example_xcom_args_with_operators to None, run_after=None
[2024-07-21T23:56:51.191+0000] {processor.py:183} INFO - Processing /home/airflow/.local/lib/python3.8/site-packages/airflow/example_dags/example_xcomargs.py took 0.231 seconds
[2024-07-21T23:57:21.513+0000] {processor.py:161} INFO - Started process (PID=38013) to work on /home/airflow/.local/lib/python3.8/site-packages/airflow/example_dags/example_xcomargs.py
[2024-07-21T23:57:21.516+0000] {processor.py:830} INFO - Processing file /home/airflow/.local/lib/python3.8/site-packages/airflow/example_dags/example_xcomargs.py for tasks to queue
[2024-07-21T23:57:21.520+0000] {logging_mixin.py:188} INFO - [2024-07-21T23:57:21.519+0000] {dagbag.py:538} INFO - Filling up the DagBag from /home/airflow/.local/lib/python3.8/site-packages/airflow/example_dags/example_xcomargs.py
[2024-07-21T23:57:21.543+0000] {processor.py:840} INFO - DAG(s) 'example_xcom_args_with_operators', 'example_xcom_args' retrieved from /home/airflow/.local/lib/python3.8/site-packages/airflow/example_dags/example_xcomargs.py
[2024-07-21T23:57:21.628+0000] {logging_mixin.py:188} INFO - [2024-07-21T23:57:21.627+0000] {dag.py:3036} INFO - Sync 2 DAGs
[2024-07-21T23:57:21.658+0000] {logging_mixin.py:188} INFO - [2024-07-21T23:57:21.657+0000] {dag.py:3823} INFO - Setting next_dagrun for example_xcom_args to None, run_after=None
[2024-07-21T23:57:21.671+0000] {logging_mixin.py:188} INFO - [2024-07-21T23:57:21.669+0000] {dag.py:3823} INFO - Setting next_dagrun for example_xcom_args_with_operators to None, run_after=None
[2024-07-21T23:57:21.716+0000] {processor.py:183} INFO - Processing /home/airflow/.local/lib/python3.8/site-packages/airflow/example_dags/example_xcomargs.py took 0.211 seconds
[2024-07-21T23:57:52.742+0000] {processor.py:161} INFO - Started process (PID=38070) to work on /home/airflow/.local/lib/python3.8/site-packages/airflow/example_dags/example_xcomargs.py
[2024-07-21T23:57:52.744+0000] {processor.py:830} INFO - Processing file /home/airflow/.local/lib/python3.8/site-packages/airflow/example_dags/example_xcomargs.py for tasks to queue
[2024-07-21T23:57:52.747+0000] {logging_mixin.py:188} INFO - [2024-07-21T23:57:52.746+0000] {dagbag.py:538} INFO - Filling up the DagBag from /home/airflow/.local/lib/python3.8/site-packages/airflow/example_dags/example_xcomargs.py
[2024-07-21T23:57:52.766+0000] {processor.py:840} INFO - DAG(s) 'example_xcom_args', 'example_xcom_args_with_operators' retrieved from /home/airflow/.local/lib/python3.8/site-packages/airflow/example_dags/example_xcomargs.py
[2024-07-21T23:57:52.817+0000] {logging_mixin.py:188} INFO - [2024-07-21T23:57:52.816+0000] {dag.py:3036} INFO - Sync 2 DAGs
[2024-07-21T23:57:52.841+0000] {logging_mixin.py:188} INFO - [2024-07-21T23:57:52.840+0000] {dag.py:3823} INFO - Setting next_dagrun for example_xcom_args to None, run_after=None
[2024-07-21T23:57:52.848+0000] {logging_mixin.py:188} INFO - [2024-07-21T23:57:52.848+0000] {dag.py:3823} INFO - Setting next_dagrun for example_xcom_args_with_operators to None, run_after=None
[2024-07-21T23:57:52.884+0000] {processor.py:183} INFO - Processing /home/airflow/.local/lib/python3.8/site-packages/airflow/example_dags/example_xcomargs.py took 0.148 seconds
[2024-07-21T23:58:23.265+0000] {processor.py:161} INFO - Started process (PID=38127) to work on /home/airflow/.local/lib/python3.8/site-packages/airflow/example_dags/example_xcomargs.py
[2024-07-21T23:58:23.267+0000] {processor.py:830} INFO - Processing file /home/airflow/.local/lib/python3.8/site-packages/airflow/example_dags/example_xcomargs.py for tasks to queue
[2024-07-21T23:58:23.269+0000] {logging_mixin.py:188} INFO - [2024-07-21T23:58:23.268+0000] {dagbag.py:538} INFO - Filling up the DagBag from /home/airflow/.local/lib/python3.8/site-packages/airflow/example_dags/example_xcomargs.py
[2024-07-21T23:58:23.284+0000] {processor.py:840} INFO - DAG(s) 'example_xcom_args', 'example_xcom_args_with_operators' retrieved from /home/airflow/.local/lib/python3.8/site-packages/airflow/example_dags/example_xcomargs.py
[2024-07-21T23:58:23.322+0000] {logging_mixin.py:188} INFO - [2024-07-21T23:58:23.321+0000] {dag.py:3036} INFO - Sync 2 DAGs
[2024-07-21T23:58:23.341+0000] {logging_mixin.py:188} INFO - [2024-07-21T23:58:23.341+0000] {dag.py:3823} INFO - Setting next_dagrun for example_xcom_args to None, run_after=None
[2024-07-21T23:58:23.348+0000] {logging_mixin.py:188} INFO - [2024-07-21T23:58:23.347+0000] {dag.py:3823} INFO - Setting next_dagrun for example_xcom_args_with_operators to None, run_after=None
[2024-07-21T23:58:23.369+0000] {processor.py:183} INFO - Processing /home/airflow/.local/lib/python3.8/site-packages/airflow/example_dags/example_xcomargs.py took 0.110 seconds
[2024-07-21T23:58:53.802+0000] {processor.py:161} INFO - Started process (PID=38184) to work on /home/airflow/.local/lib/python3.8/site-packages/airflow/example_dags/example_xcomargs.py
[2024-07-21T23:58:53.805+0000] {processor.py:830} INFO - Processing file /home/airflow/.local/lib/python3.8/site-packages/airflow/example_dags/example_xcomargs.py for tasks to queue
[2024-07-21T23:58:53.807+0000] {logging_mixin.py:188} INFO - [2024-07-21T23:58:53.807+0000] {dagbag.py:538} INFO - Filling up the DagBag from /home/airflow/.local/lib/python3.8/site-packages/airflow/example_dags/example_xcomargs.py
[2024-07-21T23:58:53.825+0000] {processor.py:840} INFO - DAG(s) 'example_xcom_args_with_operators', 'example_xcom_args' retrieved from /home/airflow/.local/lib/python3.8/site-packages/airflow/example_dags/example_xcomargs.py
[2024-07-21T23:58:53.868+0000] {logging_mixin.py:188} INFO - [2024-07-21T23:58:53.868+0000] {dag.py:3036} INFO - Sync 2 DAGs
[2024-07-21T23:58:53.890+0000] {logging_mixin.py:188} INFO - [2024-07-21T23:58:53.890+0000] {dag.py:3823} INFO - Setting next_dagrun for example_xcom_args to None, run_after=None
[2024-07-21T23:58:53.898+0000] {logging_mixin.py:188} INFO - [2024-07-21T23:58:53.897+0000] {dag.py:3823} INFO - Setting next_dagrun for example_xcom_args_with_operators to None, run_after=None
[2024-07-21T23:58:53.925+0000] {processor.py:183} INFO - Processing /home/airflow/.local/lib/python3.8/site-packages/airflow/example_dags/example_xcomargs.py took 0.130 seconds
[2024-07-21T23:59:24.065+0000] {processor.py:161} INFO - Started process (PID=38241) to work on /home/airflow/.local/lib/python3.8/site-packages/airflow/example_dags/example_xcomargs.py
[2024-07-21T23:59:24.067+0000] {processor.py:830} INFO - Processing file /home/airflow/.local/lib/python3.8/site-packages/airflow/example_dags/example_xcomargs.py for tasks to queue
[2024-07-21T23:59:24.069+0000] {logging_mixin.py:188} INFO - [2024-07-21T23:59:24.068+0000] {dagbag.py:538} INFO - Filling up the DagBag from /home/airflow/.local/lib/python3.8/site-packages/airflow/example_dags/example_xcomargs.py
[2024-07-21T23:59:24.080+0000] {processor.py:840} INFO - DAG(s) 'example_xcom_args_with_operators', 'example_xcom_args' retrieved from /home/airflow/.local/lib/python3.8/site-packages/airflow/example_dags/example_xcomargs.py
[2024-07-21T23:59:24.115+0000] {logging_mixin.py:188} INFO - [2024-07-21T23:59:24.114+0000] {dag.py:3036} INFO - Sync 2 DAGs
[2024-07-21T23:59:24.133+0000] {logging_mixin.py:188} INFO - [2024-07-21T23:59:24.133+0000] {dag.py:3823} INFO - Setting next_dagrun for example_xcom_args to None, run_after=None
[2024-07-21T23:59:24.138+0000] {logging_mixin.py:188} INFO - [2024-07-21T23:59:24.138+0000] {dag.py:3823} INFO - Setting next_dagrun for example_xcom_args_with_operators to None, run_after=None
[2024-07-21T23:59:24.161+0000] {processor.py:183} INFO - Processing /home/airflow/.local/lib/python3.8/site-packages/airflow/example_dags/example_xcomargs.py took 0.100 seconds
[2024-07-21T23:59:54.288+0000] {processor.py:161} INFO - Started process (PID=38298) to work on /home/airflow/.local/lib/python3.8/site-packages/airflow/example_dags/example_xcomargs.py
[2024-07-21T23:59:54.290+0000] {processor.py:830} INFO - Processing file /home/airflow/.local/lib/python3.8/site-packages/airflow/example_dags/example_xcomargs.py for tasks to queue
[2024-07-21T23:59:54.291+0000] {logging_mixin.py:188} INFO - [2024-07-21T23:59:54.291+0000] {dagbag.py:538} INFO - Filling up the DagBag from /home/airflow/.local/lib/python3.8/site-packages/airflow/example_dags/example_xcomargs.py
[2024-07-21T23:59:54.304+0000] {processor.py:840} INFO - DAG(s) 'example_xcom_args_with_operators', 'example_xcom_args' retrieved from /home/airflow/.local/lib/python3.8/site-packages/airflow/example_dags/example_xcomargs.py
[2024-07-21T23:59:54.338+0000] {logging_mixin.py:188} INFO - [2024-07-21T23:59:54.338+0000] {dag.py:3036} INFO - Sync 2 DAGs
[2024-07-21T23:59:54.356+0000] {logging_mixin.py:188} INFO - [2024-07-21T23:59:54.355+0000] {dag.py:3823} INFO - Setting next_dagrun for example_xcom_args to None, run_after=None
[2024-07-21T23:59:54.361+0000] {logging_mixin.py:188} INFO - [2024-07-21T23:59:54.360+0000] {dag.py:3823} INFO - Setting next_dagrun for example_xcom_args_with_operators to None, run_after=None
[2024-07-21T23:59:54.386+0000] {processor.py:183} INFO - Processing /home/airflow/.local/lib/python3.8/site-packages/airflow/example_dags/example_xcomargs.py took 0.103 seconds
