[2024-07-21T23:56:08.494+0000] {processor.py:161} INFO - Started process (PID=37868) to work on /home/airflow/.local/lib/python3.8/site-packages/airflow/example_dags/example_xcom.py
[2024-07-21T23:56:08.504+0000] {processor.py:830} INFO - Processing file /home/airflow/.local/lib/python3.8/site-packages/airflow/example_dags/example_xcom.py for tasks to queue
[2024-07-21T23:56:08.518+0000] {logging_mixin.py:188} INFO - [2024-07-21T23:56:08.517+0000] {dagbag.py:538} INFO - Filling up the DagBag from /home/airflow/.local/lib/python3.8/site-packages/airflow/example_dags/example_xcom.py
[2024-07-21T23:56:08.577+0000] {processor.py:840} INFO - DAG(s) 'example_xcom' retrieved from /home/airflow/.local/lib/python3.8/site-packages/airflow/example_dags/example_xcom.py
[2024-07-21T23:56:08.755+0000] {logging_mixin.py:188} INFO - [2024-07-21T23:56:08.753+0000] {dag.py:3036} INFO - Sync 1 DAGs
[2024-07-21T23:56:08.968+0000] {logging_mixin.py:188} INFO - [2024-07-21T23:56:08.966+0000] {dag.py:3823} INFO - Setting next_dagrun for example_xcom to 2021-01-01 00:00:00+00:00, run_after=2021-01-01 00:00:00+00:00
[2024-07-21T23:56:09.165+0000] {processor.py:183} INFO - Processing /home/airflow/.local/lib/python3.8/site-packages/airflow/example_dags/example_xcom.py took 0.702 seconds
[2024-07-21T23:56:39.478+0000] {processor.py:161} INFO - Started process (PID=37936) to work on /home/airflow/.local/lib/python3.8/site-packages/airflow/example_dags/example_xcom.py
[2024-07-21T23:56:39.481+0000] {processor.py:830} INFO - Processing file /home/airflow/.local/lib/python3.8/site-packages/airflow/example_dags/example_xcom.py for tasks to queue
[2024-07-21T23:56:39.484+0000] {logging_mixin.py:188} INFO - [2024-07-21T23:56:39.483+0000] {dagbag.py:538} INFO - Filling up the DagBag from /home/airflow/.local/lib/python3.8/site-packages/airflow/example_dags/example_xcom.py
[2024-07-21T23:56:39.511+0000] {processor.py:840} INFO - DAG(s) 'example_xcom' retrieved from /home/airflow/.local/lib/python3.8/site-packages/airflow/example_dags/example_xcom.py
[2024-07-21T23:56:39.566+0000] {logging_mixin.py:188} INFO - [2024-07-21T23:56:39.565+0000] {dag.py:3036} INFO - Sync 1 DAGs
[2024-07-21T23:56:39.630+0000] {logging_mixin.py:188} INFO - [2024-07-21T23:56:39.630+0000] {dag.py:3823} INFO - Setting next_dagrun for example_xcom to 2021-01-01 00:00:00+00:00, run_after=2021-01-01 00:00:00+00:00
[2024-07-21T23:56:39.688+0000] {processor.py:183} INFO - Processing /home/airflow/.local/lib/python3.8/site-packages/airflow/example_dags/example_xcom.py took 0.219 seconds
[2024-07-21T23:57:09.956+0000] {processor.py:161} INFO - Started process (PID=37995) to work on /home/airflow/.local/lib/python3.8/site-packages/airflow/example_dags/example_xcom.py
[2024-07-21T23:57:09.960+0000] {processor.py:830} INFO - Processing file /home/airflow/.local/lib/python3.8/site-packages/airflow/example_dags/example_xcom.py for tasks to queue
[2024-07-21T23:57:09.963+0000] {logging_mixin.py:188} INFO - [2024-07-21T23:57:09.962+0000] {dagbag.py:538} INFO - Filling up the DagBag from /home/airflow/.local/lib/python3.8/site-packages/airflow/example_dags/example_xcom.py
[2024-07-21T23:57:09.984+0000] {processor.py:840} INFO - DAG(s) 'example_xcom' retrieved from /home/airflow/.local/lib/python3.8/site-packages/airflow/example_dags/example_xcom.py
[2024-07-21T23:57:10.044+0000] {logging_mixin.py:188} INFO - [2024-07-21T23:57:10.042+0000] {dag.py:3036} INFO - Sync 1 DAGs
[2024-07-21T23:57:10.084+0000] {logging_mixin.py:188} INFO - [2024-07-21T23:57:10.084+0000] {dag.py:3823} INFO - Setting next_dagrun for example_xcom to 2021-01-01 00:00:00+00:00, run_after=2021-01-01 00:00:00+00:00
[2024-07-21T23:57:10.117+0000] {processor.py:183} INFO - Processing /home/airflow/.local/lib/python3.8/site-packages/airflow/example_dags/example_xcom.py took 0.169 seconds
[2024-07-21T23:57:40.354+0000] {processor.py:161} INFO - Started process (PID=38052) to work on /home/airflow/.local/lib/python3.8/site-packages/airflow/example_dags/example_xcom.py
[2024-07-21T23:57:40.356+0000] {processor.py:830} INFO - Processing file /home/airflow/.local/lib/python3.8/site-packages/airflow/example_dags/example_xcom.py for tasks to queue
[2024-07-21T23:57:40.359+0000] {logging_mixin.py:188} INFO - [2024-07-21T23:57:40.358+0000] {dagbag.py:538} INFO - Filling up the DagBag from /home/airflow/.local/lib/python3.8/site-packages/airflow/example_dags/example_xcom.py
[2024-07-21T23:57:40.371+0000] {processor.py:840} INFO - DAG(s) 'example_xcom' retrieved from /home/airflow/.local/lib/python3.8/site-packages/airflow/example_dags/example_xcom.py
[2024-07-21T23:57:40.419+0000] {logging_mixin.py:188} INFO - [2024-07-21T23:57:40.419+0000] {dag.py:3036} INFO - Sync 1 DAGs
[2024-07-21T23:57:40.481+0000] {logging_mixin.py:188} INFO - [2024-07-21T23:57:40.480+0000] {dag.py:3823} INFO - Setting next_dagrun for example_xcom to 2021-01-01 00:00:00+00:00, run_after=2021-01-01 00:00:00+00:00
[2024-07-21T23:57:40.515+0000] {processor.py:183} INFO - Processing /home/airflow/.local/lib/python3.8/site-packages/airflow/example_dags/example_xcom.py took 0.167 seconds
[2024-07-21T23:58:10.826+0000] {processor.py:161} INFO - Started process (PID=38107) to work on /home/airflow/.local/lib/python3.8/site-packages/airflow/example_dags/example_xcom.py
[2024-07-21T23:58:10.828+0000] {processor.py:830} INFO - Processing file /home/airflow/.local/lib/python3.8/site-packages/airflow/example_dags/example_xcom.py for tasks to queue
[2024-07-21T23:58:10.830+0000] {logging_mixin.py:188} INFO - [2024-07-21T23:58:10.829+0000] {dagbag.py:538} INFO - Filling up the DagBag from /home/airflow/.local/lib/python3.8/site-packages/airflow/example_dags/example_xcom.py
[2024-07-21T23:58:10.843+0000] {processor.py:840} INFO - DAG(s) 'example_xcom' retrieved from /home/airflow/.local/lib/python3.8/site-packages/airflow/example_dags/example_xcom.py
[2024-07-21T23:58:10.881+0000] {logging_mixin.py:188} INFO - [2024-07-21T23:58:10.880+0000] {dag.py:3036} INFO - Sync 1 DAGs
[2024-07-21T23:58:10.917+0000] {logging_mixin.py:188} INFO - [2024-07-21T23:58:10.917+0000] {dag.py:3823} INFO - Setting next_dagrun for example_xcom to 2021-01-01 00:00:00+00:00, run_after=2021-01-01 00:00:00+00:00
[2024-07-21T23:58:10.959+0000] {processor.py:183} INFO - Processing /home/airflow/.local/lib/python3.8/site-packages/airflow/example_dags/example_xcom.py took 0.139 seconds
[2024-07-21T23:58:41.684+0000] {processor.py:161} INFO - Started process (PID=38164) to work on /home/airflow/.local/lib/python3.8/site-packages/airflow/example_dags/example_xcom.py
[2024-07-21T23:58:41.687+0000] {processor.py:830} INFO - Processing file /home/airflow/.local/lib/python3.8/site-packages/airflow/example_dags/example_xcom.py for tasks to queue
[2024-07-21T23:58:41.690+0000] {logging_mixin.py:188} INFO - [2024-07-21T23:58:41.689+0000] {dagbag.py:538} INFO - Filling up the DagBag from /home/airflow/.local/lib/python3.8/site-packages/airflow/example_dags/example_xcom.py
[2024-07-21T23:58:41.702+0000] {processor.py:840} INFO - DAG(s) 'example_xcom' retrieved from /home/airflow/.local/lib/python3.8/site-packages/airflow/example_dags/example_xcom.py
[2024-07-21T23:58:41.740+0000] {logging_mixin.py:188} INFO - [2024-07-21T23:58:41.740+0000] {dag.py:3036} INFO - Sync 1 DAGs
[2024-07-21T23:58:41.776+0000] {logging_mixin.py:188} INFO - [2024-07-21T23:58:41.775+0000] {dag.py:3823} INFO - Setting next_dagrun for example_xcom to 2021-01-01 00:00:00+00:00, run_after=2021-01-01 00:00:00+00:00
[2024-07-21T23:58:41.810+0000] {processor.py:183} INFO - Processing /home/airflow/.local/lib/python3.8/site-packages/airflow/example_dags/example_xcom.py took 0.133 seconds
[2024-07-21T23:59:12.532+0000] {processor.py:161} INFO - Started process (PID=38221) to work on /home/airflow/.local/lib/python3.8/site-packages/airflow/example_dags/example_xcom.py
[2024-07-21T23:59:12.535+0000] {processor.py:830} INFO - Processing file /home/airflow/.local/lib/python3.8/site-packages/airflow/example_dags/example_xcom.py for tasks to queue
[2024-07-21T23:59:12.537+0000] {logging_mixin.py:188} INFO - [2024-07-21T23:59:12.537+0000] {dagbag.py:538} INFO - Filling up the DagBag from /home/airflow/.local/lib/python3.8/site-packages/airflow/example_dags/example_xcom.py
[2024-07-21T23:59:12.554+0000] {processor.py:840} INFO - DAG(s) 'example_xcom' retrieved from /home/airflow/.local/lib/python3.8/site-packages/airflow/example_dags/example_xcom.py
[2024-07-21T23:59:12.594+0000] {logging_mixin.py:188} INFO - [2024-07-21T23:59:12.593+0000] {dag.py:3036} INFO - Sync 1 DAGs
[2024-07-21T23:59:12.629+0000] {logging_mixin.py:188} INFO - [2024-07-21T23:59:12.628+0000] {dag.py:3823} INFO - Setting next_dagrun for example_xcom to 2021-01-01 00:00:00+00:00, run_after=2021-01-01 00:00:00+00:00
[2024-07-21T23:59:12.659+0000] {processor.py:183} INFO - Processing /home/airflow/.local/lib/python3.8/site-packages/airflow/example_dags/example_xcom.py took 0.133 seconds
[2024-07-21T23:59:42.861+0000] {processor.py:161} INFO - Started process (PID=38278) to work on /home/airflow/.local/lib/python3.8/site-packages/airflow/example_dags/example_xcom.py
[2024-07-21T23:59:42.862+0000] {processor.py:830} INFO - Processing file /home/airflow/.local/lib/python3.8/site-packages/airflow/example_dags/example_xcom.py for tasks to queue
[2024-07-21T23:59:42.864+0000] {logging_mixin.py:188} INFO - [2024-07-21T23:59:42.863+0000] {dagbag.py:538} INFO - Filling up the DagBag from /home/airflow/.local/lib/python3.8/site-packages/airflow/example_dags/example_xcom.py
[2024-07-21T23:59:42.872+0000] {processor.py:840} INFO - DAG(s) 'example_xcom' retrieved from /home/airflow/.local/lib/python3.8/site-packages/airflow/example_dags/example_xcom.py
[2024-07-21T23:59:42.900+0000] {logging_mixin.py:188} INFO - [2024-07-21T23:59:42.899+0000] {dag.py:3036} INFO - Sync 1 DAGs
[2024-07-21T23:59:42.924+0000] {logging_mixin.py:188} INFO - [2024-07-21T23:59:42.924+0000] {dag.py:3823} INFO - Setting next_dagrun for example_xcom to 2021-01-01 00:00:00+00:00, run_after=2021-01-01 00:00:00+00:00
[2024-07-21T23:59:42.962+0000] {processor.py:183} INFO - Processing /home/airflow/.local/lib/python3.8/site-packages/airflow/example_dags/example_xcom.py took 0.106 seconds
