[2024-07-21T23:56:24.678+0000] {processor.py:161} INFO - Started process (PID=37905) to work on /home/airflow/.local/lib/python3.8/site-packages/airflow/example_dags/example_params_ui_tutorial.py
[2024-07-21T23:56:24.691+0000] {processor.py:830} INFO - Processing file /home/airflow/.local/lib/python3.8/site-packages/airflow/example_dags/example_params_ui_tutorial.py for tasks to queue
[2024-07-21T23:56:24.696+0000] {logging_mixin.py:188} INFO - [2024-07-21T23:56:24.695+0000] {dagbag.py:538} INFO - Filling up the DagBag from /home/airflow/.local/lib/python3.8/site-packages/airflow/example_dags/example_params_ui_tutorial.py
[2024-07-21T23:56:24.769+0000] {processor.py:840} INFO - DAG(s) 'example_params_ui_tutorial' retrieved from /home/airflow/.local/lib/python3.8/site-packages/airflow/example_dags/example_params_ui_tutorial.py
[2024-07-21T23:56:25.610+0000] {logging_mixin.py:188} INFO - [2024-07-21T23:56:25.609+0000] {dag.py:3036} INFO - Sync 1 DAGs
[2024-07-21T23:56:25.667+0000] {logging_mixin.py:188} INFO - [2024-07-21T23:56:25.666+0000] {dag.py:3823} INFO - Setting next_dagrun for example_params_ui_tutorial to None, run_after=None
[2024-07-21T23:56:25.822+0000] {processor.py:183} INFO - Processing /home/airflow/.local/lib/python3.8/site-packages/airflow/example_dags/example_params_ui_tutorial.py took 1.159 seconds
[2024-07-21T23:56:56.340+0000] {processor.py:161} INFO - Started process (PID=37966) to work on /home/airflow/.local/lib/python3.8/site-packages/airflow/example_dags/example_params_ui_tutorial.py
[2024-07-21T23:56:56.342+0000] {processor.py:830} INFO - Processing file /home/airflow/.local/lib/python3.8/site-packages/airflow/example_dags/example_params_ui_tutorial.py for tasks to queue
[2024-07-21T23:56:56.344+0000] {logging_mixin.py:188} INFO - [2024-07-21T23:56:56.344+0000] {dagbag.py:538} INFO - Filling up the DagBag from /home/airflow/.local/lib/python3.8/site-packages/airflow/example_dags/example_params_ui_tutorial.py
[2024-07-21T23:56:56.369+0000] {processor.py:840} INFO - DAG(s) 'example_params_ui_tutorial' retrieved from /home/airflow/.local/lib/python3.8/site-packages/airflow/example_dags/example_params_ui_tutorial.py
[2024-07-21T23:56:56.490+0000] {logging_mixin.py:188} INFO - [2024-07-21T23:56:56.490+0000] {dag.py:3036} INFO - Sync 1 DAGs
[2024-07-21T23:56:56.516+0000] {logging_mixin.py:188} INFO - [2024-07-21T23:56:56.516+0000] {dag.py:3823} INFO - Setting next_dagrun for example_params_ui_tutorial to None, run_after=None
[2024-07-21T23:56:56.553+0000] {processor.py:183} INFO - Processing /home/airflow/.local/lib/python3.8/site-packages/airflow/example_dags/example_params_ui_tutorial.py took 0.218 seconds
[2024-07-21T23:57:26.700+0000] {processor.py:161} INFO - Started process (PID=38023) to work on /home/airflow/.local/lib/python3.8/site-packages/airflow/example_dags/example_params_ui_tutorial.py
[2024-07-21T23:57:26.703+0000] {processor.py:830} INFO - Processing file /home/airflow/.local/lib/python3.8/site-packages/airflow/example_dags/example_params_ui_tutorial.py for tasks to queue
[2024-07-21T23:57:26.706+0000] {logging_mixin.py:188} INFO - [2024-07-21T23:57:26.705+0000] {dagbag.py:538} INFO - Filling up the DagBag from /home/airflow/.local/lib/python3.8/site-packages/airflow/example_dags/example_params_ui_tutorial.py
[2024-07-21T23:57:26.743+0000] {processor.py:840} INFO - DAG(s) 'example_params_ui_tutorial' retrieved from /home/airflow/.local/lib/python3.8/site-packages/airflow/example_dags/example_params_ui_tutorial.py
[2024-07-21T23:57:26.977+0000] {logging_mixin.py:188} INFO - [2024-07-21T23:57:26.976+0000] {dag.py:3036} INFO - Sync 1 DAGs
[2024-07-21T23:57:27.009+0000] {logging_mixin.py:188} INFO - [2024-07-21T23:57:27.008+0000] {dag.py:3823} INFO - Setting next_dagrun for example_params_ui_tutorial to None, run_after=None
[2024-07-21T23:57:27.067+0000] {processor.py:183} INFO - Processing /home/airflow/.local/lib/python3.8/site-packages/airflow/example_dags/example_params_ui_tutorial.py took 0.374 seconds
[2024-07-21T23:57:57.690+0000] {processor.py:161} INFO - Started process (PID=38080) to work on /home/airflow/.local/lib/python3.8/site-packages/airflow/example_dags/example_params_ui_tutorial.py
[2024-07-21T23:57:57.692+0000] {processor.py:830} INFO - Processing file /home/airflow/.local/lib/python3.8/site-packages/airflow/example_dags/example_params_ui_tutorial.py for tasks to queue
[2024-07-21T23:57:57.694+0000] {logging_mixin.py:188} INFO - [2024-07-21T23:57:57.694+0000] {dagbag.py:538} INFO - Filling up the DagBag from /home/airflow/.local/lib/python3.8/site-packages/airflow/example_dags/example_params_ui_tutorial.py
[2024-07-21T23:57:57.717+0000] {processor.py:840} INFO - DAG(s) 'example_params_ui_tutorial' retrieved from /home/airflow/.local/lib/python3.8/site-packages/airflow/example_dags/example_params_ui_tutorial.py
[2024-07-21T23:57:57.827+0000] {logging_mixin.py:188} INFO - [2024-07-21T23:57:57.826+0000] {dag.py:3036} INFO - Sync 1 DAGs
[2024-07-21T23:57:57.852+0000] {logging_mixin.py:188} INFO - [2024-07-21T23:57:57.851+0000] {dag.py:3823} INFO - Setting next_dagrun for example_params_ui_tutorial to None, run_after=None
[2024-07-21T23:57:57.885+0000] {processor.py:183} INFO - Processing /home/airflow/.local/lib/python3.8/site-packages/airflow/example_dags/example_params_ui_tutorial.py took 0.201 seconds
[2024-07-21T23:58:28.039+0000] {processor.py:161} INFO - Started process (PID=38137) to work on /home/airflow/.local/lib/python3.8/site-packages/airflow/example_dags/example_params_ui_tutorial.py
[2024-07-21T23:58:28.041+0000] {processor.py:830} INFO - Processing file /home/airflow/.local/lib/python3.8/site-packages/airflow/example_dags/example_params_ui_tutorial.py for tasks to queue
[2024-07-21T23:58:28.043+0000] {logging_mixin.py:188} INFO - [2024-07-21T23:58:28.043+0000] {dagbag.py:538} INFO - Filling up the DagBag from /home/airflow/.local/lib/python3.8/site-packages/airflow/example_dags/example_params_ui_tutorial.py
[2024-07-21T23:58:28.064+0000] {processor.py:840} INFO - DAG(s) 'example_params_ui_tutorial' retrieved from /home/airflow/.local/lib/python3.8/site-packages/airflow/example_dags/example_params_ui_tutorial.py
[2024-07-21T23:58:28.174+0000] {logging_mixin.py:188} INFO - [2024-07-21T23:58:28.174+0000] {dag.py:3036} INFO - Sync 1 DAGs
[2024-07-21T23:58:28.195+0000] {logging_mixin.py:188} INFO - [2024-07-21T23:58:28.195+0000] {dag.py:3823} INFO - Setting next_dagrun for example_params_ui_tutorial to None, run_after=None
[2024-07-21T23:58:28.224+0000] {processor.py:183} INFO - Processing /home/airflow/.local/lib/python3.8/site-packages/airflow/example_dags/example_params_ui_tutorial.py took 0.192 seconds
[2024-07-21T23:58:58.717+0000] {processor.py:161} INFO - Started process (PID=38194) to work on /home/airflow/.local/lib/python3.8/site-packages/airflow/example_dags/example_params_ui_tutorial.py
[2024-07-21T23:58:58.719+0000] {processor.py:830} INFO - Processing file /home/airflow/.local/lib/python3.8/site-packages/airflow/example_dags/example_params_ui_tutorial.py for tasks to queue
[2024-07-21T23:58:58.722+0000] {logging_mixin.py:188} INFO - [2024-07-21T23:58:58.721+0000] {dagbag.py:538} INFO - Filling up the DagBag from /home/airflow/.local/lib/python3.8/site-packages/airflow/example_dags/example_params_ui_tutorial.py
[2024-07-21T23:58:58.743+0000] {processor.py:840} INFO - DAG(s) 'example_params_ui_tutorial' retrieved from /home/airflow/.local/lib/python3.8/site-packages/airflow/example_dags/example_params_ui_tutorial.py
[2024-07-21T23:58:58.845+0000] {logging_mixin.py:188} INFO - [2024-07-21T23:58:58.844+0000] {dag.py:3036} INFO - Sync 1 DAGs
[2024-07-21T23:58:58.876+0000] {logging_mixin.py:188} INFO - [2024-07-21T23:58:58.876+0000] {dag.py:3823} INFO - Setting next_dagrun for example_params_ui_tutorial to None, run_after=None
[2024-07-21T23:58:58.910+0000] {processor.py:183} INFO - Processing /home/airflow/.local/lib/python3.8/site-packages/airflow/example_dags/example_params_ui_tutorial.py took 0.201 seconds
[2024-07-21T23:59:28.986+0000] {processor.py:161} INFO - Started process (PID=38251) to work on /home/airflow/.local/lib/python3.8/site-packages/airflow/example_dags/example_params_ui_tutorial.py
[2024-07-21T23:59:28.988+0000] {processor.py:830} INFO - Processing file /home/airflow/.local/lib/python3.8/site-packages/airflow/example_dags/example_params_ui_tutorial.py for tasks to queue
[2024-07-21T23:59:28.990+0000] {logging_mixin.py:188} INFO - [2024-07-21T23:59:28.989+0000] {dagbag.py:538} INFO - Filling up the DagBag from /home/airflow/.local/lib/python3.8/site-packages/airflow/example_dags/example_params_ui_tutorial.py
[2024-07-21T23:59:29.009+0000] {processor.py:840} INFO - DAG(s) 'example_params_ui_tutorial' retrieved from /home/airflow/.local/lib/python3.8/site-packages/airflow/example_dags/example_params_ui_tutorial.py
[2024-07-21T23:59:29.097+0000] {logging_mixin.py:188} INFO - [2024-07-21T23:59:29.097+0000] {dag.py:3036} INFO - Sync 1 DAGs
[2024-07-21T23:59:29.115+0000] {logging_mixin.py:188} INFO - [2024-07-21T23:59:29.114+0000] {dag.py:3823} INFO - Setting next_dagrun for example_params_ui_tutorial to None, run_after=None
[2024-07-21T23:59:29.148+0000] {processor.py:183} INFO - Processing /home/airflow/.local/lib/python3.8/site-packages/airflow/example_dags/example_params_ui_tutorial.py took 0.167 seconds
[2024-07-21T23:59:59.348+0000] {processor.py:161} INFO - Started process (PID=38308) to work on /home/airflow/.local/lib/python3.8/site-packages/airflow/example_dags/example_params_ui_tutorial.py
[2024-07-21T23:59:59.350+0000] {processor.py:830} INFO - Processing file /home/airflow/.local/lib/python3.8/site-packages/airflow/example_dags/example_params_ui_tutorial.py for tasks to queue
[2024-07-21T23:59:59.352+0000] {logging_mixin.py:188} INFO - [2024-07-21T23:59:59.351+0000] {dagbag.py:538} INFO - Filling up the DagBag from /home/airflow/.local/lib/python3.8/site-packages/airflow/example_dags/example_params_ui_tutorial.py
[2024-07-21T23:59:59.370+0000] {processor.py:840} INFO - DAG(s) 'example_params_ui_tutorial' retrieved from /home/airflow/.local/lib/python3.8/site-packages/airflow/example_dags/example_params_ui_tutorial.py
[2024-07-21T23:59:59.451+0000] {logging_mixin.py:188} INFO - [2024-07-21T23:59:59.451+0000] {dag.py:3036} INFO - Sync 1 DAGs
[2024-07-21T23:59:59.465+0000] {logging_mixin.py:188} INFO - [2024-07-21T23:59:59.465+0000] {dag.py:3823} INFO - Setting next_dagrun for example_params_ui_tutorial to None, run_after=None
[2024-07-21T23:59:59.491+0000] {processor.py:183} INFO - Processing /home/airflow/.local/lib/python3.8/site-packages/airflow/example_dags/example_params_ui_tutorial.py took 0.146 seconds
