[2024-07-21T23:56:06.640+0000] {processor.py:161} INFO - Started process (PID=37864) to work on /home/airflow/.local/lib/python3.8/site-packages/airflow/example_dags/example_setup_teardown.py
[2024-07-21T23:56:06.645+0000] {processor.py:830} INFO - Processing file /home/airflow/.local/lib/python3.8/site-packages/airflow/example_dags/example_setup_teardown.py for tasks to queue
[2024-07-21T23:56:06.658+0000] {logging_mixin.py:188} INFO - [2024-07-21T23:56:06.656+0000] {dagbag.py:538} INFO - Filling up the DagBag from /home/airflow/.local/lib/python3.8/site-packages/airflow/example_dags/example_setup_teardown.py
[2024-07-21T23:56:06.713+0000] {processor.py:840} INFO - DAG(s) 'example_setup_teardown' retrieved from /home/airflow/.local/lib/python3.8/site-packages/airflow/example_dags/example_setup_teardown.py
[2024-07-21T23:56:06.865+0000] {logging_mixin.py:188} INFO - [2024-07-21T23:56:06.864+0000] {dag.py:3036} INFO - Sync 1 DAGs
[2024-07-21T23:56:07.040+0000] {logging_mixin.py:188} INFO - [2024-07-21T23:56:07.039+0000] {dag.py:3823} INFO - Setting next_dagrun for example_setup_teardown to 2024-07-20 00:00:00+00:00, run_after=2024-07-21 00:00:00+00:00
[2024-07-21T23:56:07.172+0000] {processor.py:183} INFO - Processing /home/airflow/.local/lib/python3.8/site-packages/airflow/example_dags/example_setup_teardown.py took 0.551 seconds
[2024-07-21T23:56:37.846+0000] {processor.py:161} INFO - Started process (PID=37926) to work on /home/airflow/.local/lib/python3.8/site-packages/airflow/example_dags/example_setup_teardown.py
[2024-07-21T23:56:37.859+0000] {processor.py:830} INFO - Processing file /home/airflow/.local/lib/python3.8/site-packages/airflow/example_dags/example_setup_teardown.py for tasks to queue
[2024-07-21T23:56:37.864+0000] {logging_mixin.py:188} INFO - [2024-07-21T23:56:37.863+0000] {dagbag.py:538} INFO - Filling up the DagBag from /home/airflow/.local/lib/python3.8/site-packages/airflow/example_dags/example_setup_teardown.py
[2024-07-21T23:56:37.908+0000] {processor.py:840} INFO - DAG(s) 'example_setup_teardown' retrieved from /home/airflow/.local/lib/python3.8/site-packages/airflow/example_dags/example_setup_teardown.py
[2024-07-21T23:56:37.990+0000] {logging_mixin.py:188} INFO - [2024-07-21T23:56:37.990+0000] {dag.py:3036} INFO - Sync 1 DAGs
[2024-07-21T23:56:38.074+0000] {logging_mixin.py:188} INFO - [2024-07-21T23:56:38.073+0000] {dag.py:3823} INFO - Setting next_dagrun for example_setup_teardown to 2024-07-20 00:00:00+00:00, run_after=2024-07-21 00:00:00+00:00
[2024-07-21T23:56:38.171+0000] {processor.py:183} INFO - Processing /home/airflow/.local/lib/python3.8/site-packages/airflow/example_dags/example_setup_teardown.py took 0.347 seconds
[2024-07-21T23:57:08.349+0000] {processor.py:161} INFO - Started process (PID=37983) to work on /home/airflow/.local/lib/python3.8/site-packages/airflow/example_dags/example_setup_teardown.py
[2024-07-21T23:57:08.351+0000] {processor.py:830} INFO - Processing file /home/airflow/.local/lib/python3.8/site-packages/airflow/example_dags/example_setup_teardown.py for tasks to queue
[2024-07-21T23:57:08.353+0000] {logging_mixin.py:188} INFO - [2024-07-21T23:57:08.352+0000] {dagbag.py:538} INFO - Filling up the DagBag from /home/airflow/.local/lib/python3.8/site-packages/airflow/example_dags/example_setup_teardown.py
[2024-07-21T23:57:08.371+0000] {processor.py:840} INFO - DAG(s) 'example_setup_teardown' retrieved from /home/airflow/.local/lib/python3.8/site-packages/airflow/example_dags/example_setup_teardown.py
[2024-07-21T23:57:08.434+0000] {logging_mixin.py:188} INFO - [2024-07-21T23:57:08.434+0000] {dag.py:3036} INFO - Sync 1 DAGs
[2024-07-21T23:57:08.495+0000] {logging_mixin.py:188} INFO - [2024-07-21T23:57:08.494+0000] {dag.py:3823} INFO - Setting next_dagrun for example_setup_teardown to 2024-07-20 00:00:00+00:00, run_after=2024-07-21 00:00:00+00:00
[2024-07-21T23:57:08.544+0000] {processor.py:183} INFO - Processing /home/airflow/.local/lib/python3.8/site-packages/airflow/example_dags/example_setup_teardown.py took 0.200 seconds
[2024-07-21T23:57:38.925+0000] {processor.py:161} INFO - Started process (PID=38040) to work on /home/airflow/.local/lib/python3.8/site-packages/airflow/example_dags/example_setup_teardown.py
[2024-07-21T23:57:38.928+0000] {processor.py:830} INFO - Processing file /home/airflow/.local/lib/python3.8/site-packages/airflow/example_dags/example_setup_teardown.py for tasks to queue
[2024-07-21T23:57:38.931+0000] {logging_mixin.py:188} INFO - [2024-07-21T23:57:38.930+0000] {dagbag.py:538} INFO - Filling up the DagBag from /home/airflow/.local/lib/python3.8/site-packages/airflow/example_dags/example_setup_teardown.py
[2024-07-21T23:57:38.951+0000] {processor.py:840} INFO - DAG(s) 'example_setup_teardown' retrieved from /home/airflow/.local/lib/python3.8/site-packages/airflow/example_dags/example_setup_teardown.py
[2024-07-21T23:57:38.990+0000] {logging_mixin.py:188} INFO - [2024-07-21T23:57:38.989+0000] {dag.py:3036} INFO - Sync 1 DAGs
[2024-07-21T23:57:39.033+0000] {logging_mixin.py:188} INFO - [2024-07-21T23:57:39.032+0000] {dag.py:3823} INFO - Setting next_dagrun for example_setup_teardown to 2024-07-20 00:00:00+00:00, run_after=2024-07-21 00:00:00+00:00
[2024-07-21T23:57:39.068+0000] {processor.py:183} INFO - Processing /home/airflow/.local/lib/python3.8/site-packages/airflow/example_dags/example_setup_teardown.py took 0.147 seconds
[2024-07-21T23:58:09.258+0000] {processor.py:161} INFO - Started process (PID=38097) to work on /home/airflow/.local/lib/python3.8/site-packages/airflow/example_dags/example_setup_teardown.py
[2024-07-21T23:58:09.262+0000] {processor.py:830} INFO - Processing file /home/airflow/.local/lib/python3.8/site-packages/airflow/example_dags/example_setup_teardown.py for tasks to queue
[2024-07-21T23:58:09.267+0000] {logging_mixin.py:188} INFO - [2024-07-21T23:58:09.266+0000] {dagbag.py:538} INFO - Filling up the DagBag from /home/airflow/.local/lib/python3.8/site-packages/airflow/example_dags/example_setup_teardown.py
[2024-07-21T23:58:09.320+0000] {processor.py:840} INFO - DAG(s) 'example_setup_teardown' retrieved from /home/airflow/.local/lib/python3.8/site-packages/airflow/example_dags/example_setup_teardown.py
[2024-07-21T23:58:09.397+0000] {logging_mixin.py:188} INFO - [2024-07-21T23:58:09.397+0000] {dag.py:3036} INFO - Sync 1 DAGs
[2024-07-21T23:58:09.518+0000] {logging_mixin.py:188} INFO - [2024-07-21T23:58:09.518+0000] {dag.py:3823} INFO - Setting next_dagrun for example_setup_teardown to 2024-07-20 00:00:00+00:00, run_after=2024-07-21 00:00:00+00:00
[2024-07-21T23:58:09.609+0000] {processor.py:183} INFO - Processing /home/airflow/.local/lib/python3.8/site-packages/airflow/example_dags/example_setup_teardown.py took 0.358 seconds
[2024-07-21T23:58:40.377+0000] {processor.py:161} INFO - Started process (PID=38160) to work on /home/airflow/.local/lib/python3.8/site-packages/airflow/example_dags/example_setup_teardown.py
[2024-07-21T23:58:40.379+0000] {processor.py:830} INFO - Processing file /home/airflow/.local/lib/python3.8/site-packages/airflow/example_dags/example_setup_teardown.py for tasks to queue
[2024-07-21T23:58:40.381+0000] {logging_mixin.py:188} INFO - [2024-07-21T23:58:40.381+0000] {dagbag.py:538} INFO - Filling up the DagBag from /home/airflow/.local/lib/python3.8/site-packages/airflow/example_dags/example_setup_teardown.py
[2024-07-21T23:58:40.394+0000] {processor.py:840} INFO - DAG(s) 'example_setup_teardown' retrieved from /home/airflow/.local/lib/python3.8/site-packages/airflow/example_dags/example_setup_teardown.py
[2024-07-21T23:58:40.423+0000] {logging_mixin.py:188} INFO - [2024-07-21T23:58:40.423+0000] {dag.py:3036} INFO - Sync 1 DAGs
[2024-07-21T23:58:40.455+0000] {logging_mixin.py:188} INFO - [2024-07-21T23:58:40.454+0000] {dag.py:3823} INFO - Setting next_dagrun for example_setup_teardown to 2024-07-20 00:00:00+00:00, run_after=2024-07-21 00:00:00+00:00
[2024-07-21T23:58:40.484+0000] {processor.py:183} INFO - Processing /home/airflow/.local/lib/python3.8/site-packages/airflow/example_dags/example_setup_teardown.py took 0.113 seconds
[2024-07-21T23:59:11.284+0000] {processor.py:161} INFO - Started process (PID=38217) to work on /home/airflow/.local/lib/python3.8/site-packages/airflow/example_dags/example_setup_teardown.py
[2024-07-21T23:59:11.286+0000] {processor.py:830} INFO - Processing file /home/airflow/.local/lib/python3.8/site-packages/airflow/example_dags/example_setup_teardown.py for tasks to queue
[2024-07-21T23:59:11.289+0000] {logging_mixin.py:188} INFO - [2024-07-21T23:59:11.288+0000] {dagbag.py:538} INFO - Filling up the DagBag from /home/airflow/.local/lib/python3.8/site-packages/airflow/example_dags/example_setup_teardown.py
[2024-07-21T23:59:11.305+0000] {processor.py:840} INFO - DAG(s) 'example_setup_teardown' retrieved from /home/airflow/.local/lib/python3.8/site-packages/airflow/example_dags/example_setup_teardown.py
[2024-07-21T23:59:11.349+0000] {logging_mixin.py:188} INFO - [2024-07-21T23:59:11.347+0000] {dag.py:3036} INFO - Sync 1 DAGs
[2024-07-21T23:59:11.396+0000] {logging_mixin.py:188} INFO - [2024-07-21T23:59:11.395+0000] {dag.py:3823} INFO - Setting next_dagrun for example_setup_teardown to 2024-07-20 00:00:00+00:00, run_after=2024-07-21 00:00:00+00:00
[2024-07-21T23:59:11.434+0000] {processor.py:183} INFO - Processing /home/airflow/.local/lib/python3.8/site-packages/airflow/example_dags/example_setup_teardown.py took 0.156 seconds
[2024-07-21T23:59:42.394+0000] {processor.py:161} INFO - Started process (PID=38274) to work on /home/airflow/.local/lib/python3.8/site-packages/airflow/example_dags/example_setup_teardown.py
[2024-07-21T23:59:42.397+0000] {processor.py:830} INFO - Processing file /home/airflow/.local/lib/python3.8/site-packages/airflow/example_dags/example_setup_teardown.py for tasks to queue
[2024-07-21T23:59:42.399+0000] {logging_mixin.py:188} INFO - [2024-07-21T23:59:42.398+0000] {dagbag.py:538} INFO - Filling up the DagBag from /home/airflow/.local/lib/python3.8/site-packages/airflow/example_dags/example_setup_teardown.py
[2024-07-21T23:59:42.409+0000] {processor.py:840} INFO - DAG(s) 'example_setup_teardown' retrieved from /home/airflow/.local/lib/python3.8/site-packages/airflow/example_dags/example_setup_teardown.py
[2024-07-21T23:59:42.436+0000] {logging_mixin.py:188} INFO - [2024-07-21T23:59:42.436+0000] {dag.py:3036} INFO - Sync 1 DAGs
[2024-07-21T23:59:42.462+0000] {logging_mixin.py:188} INFO - [2024-07-21T23:59:42.462+0000] {dag.py:3823} INFO - Setting next_dagrun for example_setup_teardown to 2024-07-20 00:00:00+00:00, run_after=2024-07-21 00:00:00+00:00
[2024-07-21T23:59:42.483+0000] {processor.py:183} INFO - Processing /home/airflow/.local/lib/python3.8/site-packages/airflow/example_dags/example_setup_teardown.py took 0.093 seconds
