[2024-07-21T23:56:02.156+0000] {processor.py:161} INFO - Started process (PID=37857) to work on /home/airflow/.local/lib/python3.8/site-packages/airflow/example_dags/example_branch_labels.py
[2024-07-21T23:56:02.192+0000] {processor.py:830} INFO - Processing file /home/airflow/.local/lib/python3.8/site-packages/airflow/example_dags/example_branch_labels.py for tasks to queue
[2024-07-21T23:56:02.258+0000] {logging_mixin.py:188} INFO - [2024-07-21T23:56:02.249+0000] {dagbag.py:538} INFO - Filling up the DagBag from /home/airflow/.local/lib/python3.8/site-packages/airflow/example_dags/example_branch_labels.py
[2024-07-21T23:56:02.486+0000] {processor.py:840} INFO - DAG(s) 'example_branch_labels' retrieved from /home/airflow/.local/lib/python3.8/site-packages/airflow/example_dags/example_branch_labels.py
[2024-07-21T23:56:02.892+0000] {logging_mixin.py:188} INFO - [2024-07-21T23:56:02.890+0000] {dag.py:3036} INFO - Sync 1 DAGs
[2024-07-21T23:56:03.188+0000] {logging_mixin.py:188} INFO - [2024-07-21T23:56:03.176+0000] {dag.py:3823} INFO - Setting next_dagrun for example_branch_labels to 2024-07-20 00:00:00+00:00, run_after=2024-07-21 00:00:00+00:00
[2024-07-21T23:56:03.906+0000] {processor.py:183} INFO - Processing /home/airflow/.local/lib/python3.8/site-packages/airflow/example_dags/example_branch_labels.py took 1.769 seconds
[2024-07-21T23:56:34.361+0000] {processor.py:161} INFO - Started process (PID=37919) to work on /home/airflow/.local/lib/python3.8/site-packages/airflow/example_dags/example_branch_labels.py
[2024-07-21T23:56:34.369+0000] {processor.py:830} INFO - Processing file /home/airflow/.local/lib/python3.8/site-packages/airflow/example_dags/example_branch_labels.py for tasks to queue
[2024-07-21T23:56:34.374+0000] {logging_mixin.py:188} INFO - [2024-07-21T23:56:34.374+0000] {dagbag.py:538} INFO - Filling up the DagBag from /home/airflow/.local/lib/python3.8/site-packages/airflow/example_dags/example_branch_labels.py
[2024-07-21T23:56:34.404+0000] {processor.py:840} INFO - DAG(s) 'example_branch_labels' retrieved from /home/airflow/.local/lib/python3.8/site-packages/airflow/example_dags/example_branch_labels.py
[2024-07-21T23:56:34.501+0000] {logging_mixin.py:188} INFO - [2024-07-21T23:56:34.501+0000] {dag.py:3036} INFO - Sync 1 DAGs
[2024-07-21T23:56:34.613+0000] {logging_mixin.py:188} INFO - [2024-07-21T23:56:34.612+0000] {dag.py:3823} INFO - Setting next_dagrun for example_branch_labels to 2024-07-20 00:00:00+00:00, run_after=2024-07-21 00:00:00+00:00
[2024-07-21T23:56:34.701+0000] {processor.py:183} INFO - Processing /home/airflow/.local/lib/python3.8/site-packages/airflow/example_dags/example_branch_labels.py took 0.357 seconds
[2024-07-21T23:57:05.228+0000] {processor.py:161} INFO - Started process (PID=37976) to work on /home/airflow/.local/lib/python3.8/site-packages/airflow/example_dags/example_branch_labels.py
[2024-07-21T23:57:05.229+0000] {processor.py:830} INFO - Processing file /home/airflow/.local/lib/python3.8/site-packages/airflow/example_dags/example_branch_labels.py for tasks to queue
[2024-07-21T23:57:05.231+0000] {logging_mixin.py:188} INFO - [2024-07-21T23:57:05.231+0000] {dagbag.py:538} INFO - Filling up the DagBag from /home/airflow/.local/lib/python3.8/site-packages/airflow/example_dags/example_branch_labels.py
[2024-07-21T23:57:05.251+0000] {processor.py:840} INFO - DAG(s) 'example_branch_labels' retrieved from /home/airflow/.local/lib/python3.8/site-packages/airflow/example_dags/example_branch_labels.py
[2024-07-21T23:57:05.300+0000] {logging_mixin.py:188} INFO - [2024-07-21T23:57:05.300+0000] {dag.py:3036} INFO - Sync 1 DAGs
[2024-07-21T23:57:05.351+0000] {logging_mixin.py:188} INFO - [2024-07-21T23:57:05.350+0000] {dag.py:3823} INFO - Setting next_dagrun for example_branch_labels to 2024-07-20 00:00:00+00:00, run_after=2024-07-21 00:00:00+00:00
[2024-07-21T23:57:05.395+0000] {processor.py:183} INFO - Processing /home/airflow/.local/lib/python3.8/site-packages/airflow/example_dags/example_branch_labels.py took 0.172 seconds
[2024-07-21T23:57:36.218+0000] {processor.py:161} INFO - Started process (PID=38033) to work on /home/airflow/.local/lib/python3.8/site-packages/airflow/example_dags/example_branch_labels.py
[2024-07-21T23:57:36.221+0000] {processor.py:830} INFO - Processing file /home/airflow/.local/lib/python3.8/site-packages/airflow/example_dags/example_branch_labels.py for tasks to queue
[2024-07-21T23:57:36.224+0000] {logging_mixin.py:188} INFO - [2024-07-21T23:57:36.223+0000] {dagbag.py:538} INFO - Filling up the DagBag from /home/airflow/.local/lib/python3.8/site-packages/airflow/example_dags/example_branch_labels.py
[2024-07-21T23:57:36.240+0000] {processor.py:840} INFO - DAG(s) 'example_branch_labels' retrieved from /home/airflow/.local/lib/python3.8/site-packages/airflow/example_dags/example_branch_labels.py
[2024-07-21T23:57:36.279+0000] {logging_mixin.py:188} INFO - [2024-07-21T23:57:36.278+0000] {dag.py:3036} INFO - Sync 1 DAGs
[2024-07-21T23:57:36.319+0000] {logging_mixin.py:188} INFO - [2024-07-21T23:57:36.319+0000] {dag.py:3823} INFO - Setting next_dagrun for example_branch_labels to 2024-07-20 00:00:00+00:00, run_after=2024-07-21 00:00:00+00:00
[2024-07-21T23:57:36.356+0000] {processor.py:183} INFO - Processing /home/airflow/.local/lib/python3.8/site-packages/airflow/example_dags/example_branch_labels.py took 0.147 seconds
[2024-07-21T23:58:06.471+0000] {processor.py:161} INFO - Started process (PID=38090) to work on /home/airflow/.local/lib/python3.8/site-packages/airflow/example_dags/example_branch_labels.py
[2024-07-21T23:58:06.474+0000] {processor.py:830} INFO - Processing file /home/airflow/.local/lib/python3.8/site-packages/airflow/example_dags/example_branch_labels.py for tasks to queue
[2024-07-21T23:58:06.476+0000] {logging_mixin.py:188} INFO - [2024-07-21T23:58:06.475+0000] {dagbag.py:538} INFO - Filling up the DagBag from /home/airflow/.local/lib/python3.8/site-packages/airflow/example_dags/example_branch_labels.py
[2024-07-21T23:58:06.488+0000] {processor.py:840} INFO - DAG(s) 'example_branch_labels' retrieved from /home/airflow/.local/lib/python3.8/site-packages/airflow/example_dags/example_branch_labels.py
[2024-07-21T23:58:06.525+0000] {logging_mixin.py:188} INFO - [2024-07-21T23:58:06.525+0000] {dag.py:3036} INFO - Sync 1 DAGs
[2024-07-21T23:58:06.556+0000] {logging_mixin.py:188} INFO - [2024-07-21T23:58:06.556+0000] {dag.py:3823} INFO - Setting next_dagrun for example_branch_labels to 2024-07-20 00:00:00+00:00, run_after=2024-07-21 00:00:00+00:00
[2024-07-21T23:58:06.582+0000] {processor.py:183} INFO - Processing /home/airflow/.local/lib/python3.8/site-packages/airflow/example_dags/example_branch_labels.py took 0.116 seconds
[2024-07-21T23:58:36.826+0000] {processor.py:161} INFO - Started process (PID=38147) to work on /home/airflow/.local/lib/python3.8/site-packages/airflow/example_dags/example_branch_labels.py
[2024-07-21T23:58:36.828+0000] {processor.py:830} INFO - Processing file /home/airflow/.local/lib/python3.8/site-packages/airflow/example_dags/example_branch_labels.py for tasks to queue
[2024-07-21T23:58:36.829+0000] {logging_mixin.py:188} INFO - [2024-07-21T23:58:36.829+0000] {dagbag.py:538} INFO - Filling up the DagBag from /home/airflow/.local/lib/python3.8/site-packages/airflow/example_dags/example_branch_labels.py
[2024-07-21T23:58:36.843+0000] {processor.py:840} INFO - DAG(s) 'example_branch_labels' retrieved from /home/airflow/.local/lib/python3.8/site-packages/airflow/example_dags/example_branch_labels.py
[2024-07-21T23:58:36.877+0000] {logging_mixin.py:188} INFO - [2024-07-21T23:58:36.877+0000] {dag.py:3036} INFO - Sync 1 DAGs
[2024-07-21T23:58:36.927+0000] {logging_mixin.py:188} INFO - [2024-07-21T23:58:36.926+0000] {dag.py:3823} INFO - Setting next_dagrun for example_branch_labels to 2024-07-20 00:00:00+00:00, run_after=2024-07-21 00:00:00+00:00
[2024-07-21T23:58:36.967+0000] {processor.py:183} INFO - Processing /home/airflow/.local/lib/python3.8/site-packages/airflow/example_dags/example_branch_labels.py took 0.146 seconds
[2024-07-21T23:59:07.638+0000] {processor.py:161} INFO - Started process (PID=38204) to work on /home/airflow/.local/lib/python3.8/site-packages/airflow/example_dags/example_branch_labels.py
[2024-07-21T23:59:07.640+0000] {processor.py:830} INFO - Processing file /home/airflow/.local/lib/python3.8/site-packages/airflow/example_dags/example_branch_labels.py for tasks to queue
[2024-07-21T23:59:07.643+0000] {logging_mixin.py:188} INFO - [2024-07-21T23:59:07.642+0000] {dagbag.py:538} INFO - Filling up the DagBag from /home/airflow/.local/lib/python3.8/site-packages/airflow/example_dags/example_branch_labels.py
[2024-07-21T23:59:07.657+0000] {processor.py:840} INFO - DAG(s) 'example_branch_labels' retrieved from /home/airflow/.local/lib/python3.8/site-packages/airflow/example_dags/example_branch_labels.py
[2024-07-21T23:59:07.699+0000] {logging_mixin.py:188} INFO - [2024-07-21T23:59:07.698+0000] {dag.py:3036} INFO - Sync 1 DAGs
[2024-07-21T23:59:07.741+0000] {logging_mixin.py:188} INFO - [2024-07-21T23:59:07.740+0000] {dag.py:3823} INFO - Setting next_dagrun for example_branch_labels to 2024-07-20 00:00:00+00:00, run_after=2024-07-21 00:00:00+00:00
[2024-07-21T23:59:07.785+0000] {processor.py:183} INFO - Processing /home/airflow/.local/lib/python3.8/site-packages/airflow/example_dags/example_branch_labels.py took 0.154 seconds
[2024-07-21T23:59:37.931+0000] {processor.py:161} INFO - Started process (PID=38261) to work on /home/airflow/.local/lib/python3.8/site-packages/airflow/example_dags/example_branch_labels.py
[2024-07-21T23:59:37.933+0000] {processor.py:830} INFO - Processing file /home/airflow/.local/lib/python3.8/site-packages/airflow/example_dags/example_branch_labels.py for tasks to queue
[2024-07-21T23:59:37.935+0000] {logging_mixin.py:188} INFO - [2024-07-21T23:59:37.934+0000] {dagbag.py:538} INFO - Filling up the DagBag from /home/airflow/.local/lib/python3.8/site-packages/airflow/example_dags/example_branch_labels.py
[2024-07-21T23:59:37.944+0000] {processor.py:840} INFO - DAG(s) 'example_branch_labels' retrieved from /home/airflow/.local/lib/python3.8/site-packages/airflow/example_dags/example_branch_labels.py
[2024-07-21T23:59:37.974+0000] {logging_mixin.py:188} INFO - [2024-07-21T23:59:37.974+0000] {dag.py:3036} INFO - Sync 1 DAGs
[2024-07-21T23:59:38.002+0000] {logging_mixin.py:188} INFO - [2024-07-21T23:59:38.002+0000] {dag.py:3823} INFO - Setting next_dagrun for example_branch_labels to 2024-07-20 00:00:00+00:00, run_after=2024-07-21 00:00:00+00:00
[2024-07-21T23:59:38.026+0000] {processor.py:183} INFO - Processing /home/airflow/.local/lib/python3.8/site-packages/airflow/example_dags/example_branch_labels.py took 0.100 seconds
