[2024-07-21T23:56:07.955+0000] {processor.py:161} INFO - Started process (PID=37867) to work on /home/airflow/.local/lib/python3.8/site-packages/airflow/example_dags/example_task_group.py
[2024-07-21T23:56:07.985+0000] {processor.py:830} INFO - Processing file /home/airflow/.local/lib/python3.8/site-packages/airflow/example_dags/example_task_group.py for tasks to queue
[2024-07-21T23:56:07.998+0000] {logging_mixin.py:188} INFO - [2024-07-21T23:56:07.995+0000] {dagbag.py:538} INFO - Filling up the DagBag from /home/airflow/.local/lib/python3.8/site-packages/airflow/example_dags/example_task_group.py
[2024-07-21T23:56:08.094+0000] {processor.py:840} INFO - DAG(s) 'example_task_group' retrieved from /home/airflow/.local/lib/python3.8/site-packages/airflow/example_dags/example_task_group.py
[2024-07-21T23:56:08.269+0000] {logging_mixin.py:188} INFO - [2024-07-21T23:56:08.258+0000] {dag.py:3036} INFO - Sync 1 DAGs
[2024-07-21T23:56:08.474+0000] {logging_mixin.py:188} INFO - [2024-07-21T23:56:08.444+0000] {dag.py:3823} INFO - Setting next_dagrun for example_task_group to 2024-07-20 00:00:00+00:00, run_after=2024-07-21 00:00:00+00:00
[2024-07-21T23:56:08.650+0000] {processor.py:183} INFO - Processing /home/airflow/.local/lib/python3.8/site-packages/airflow/example_dags/example_task_group.py took 0.718 seconds
[2024-07-21T23:56:39.108+0000] {processor.py:161} INFO - Started process (PID=37929) to work on /home/airflow/.local/lib/python3.8/site-packages/airflow/example_dags/example_task_group.py
[2024-07-21T23:56:39.113+0000] {processor.py:830} INFO - Processing file /home/airflow/.local/lib/python3.8/site-packages/airflow/example_dags/example_task_group.py for tasks to queue
[2024-07-21T23:56:39.117+0000] {logging_mixin.py:188} INFO - [2024-07-21T23:56:39.116+0000] {dagbag.py:538} INFO - Filling up the DagBag from /home/airflow/.local/lib/python3.8/site-packages/airflow/example_dags/example_task_group.py
[2024-07-21T23:56:39.147+0000] {processor.py:840} INFO - DAG(s) 'example_task_group' retrieved from /home/airflow/.local/lib/python3.8/site-packages/airflow/example_dags/example_task_group.py
[2024-07-21T23:56:39.219+0000] {logging_mixin.py:188} INFO - [2024-07-21T23:56:39.218+0000] {dag.py:3036} INFO - Sync 1 DAGs
[2024-07-21T23:56:39.310+0000] {logging_mixin.py:188} INFO - [2024-07-21T23:56:39.309+0000] {dag.py:3823} INFO - Setting next_dagrun for example_task_group to 2024-07-20 00:00:00+00:00, run_after=2024-07-21 00:00:00+00:00
[2024-07-21T23:56:39.383+0000] {processor.py:183} INFO - Processing /home/airflow/.local/lib/python3.8/site-packages/airflow/example_dags/example_task_group.py took 0.286 seconds
[2024-07-21T23:57:09.681+0000] {processor.py:161} INFO - Started process (PID=37992) to work on /home/airflow/.local/lib/python3.8/site-packages/airflow/example_dags/example_task_group.py
[2024-07-21T23:57:09.684+0000] {processor.py:830} INFO - Processing file /home/airflow/.local/lib/python3.8/site-packages/airflow/example_dags/example_task_group.py for tasks to queue
[2024-07-21T23:57:09.686+0000] {logging_mixin.py:188} INFO - [2024-07-21T23:57:09.685+0000] {dagbag.py:538} INFO - Filling up the DagBag from /home/airflow/.local/lib/python3.8/site-packages/airflow/example_dags/example_task_group.py
[2024-07-21T23:57:09.705+0000] {processor.py:840} INFO - DAG(s) 'example_task_group' retrieved from /home/airflow/.local/lib/python3.8/site-packages/airflow/example_dags/example_task_group.py
[2024-07-21T23:57:09.757+0000] {logging_mixin.py:188} INFO - [2024-07-21T23:57:09.756+0000] {dag.py:3036} INFO - Sync 1 DAGs
[2024-07-21T23:57:09.824+0000] {logging_mixin.py:188} INFO - [2024-07-21T23:57:09.823+0000] {dag.py:3823} INFO - Setting next_dagrun for example_task_group to 2024-07-20 00:00:00+00:00, run_after=2024-07-21 00:00:00+00:00
[2024-07-21T23:57:09.878+0000] {processor.py:183} INFO - Processing /home/airflow/.local/lib/python3.8/site-packages/airflow/example_dags/example_task_group.py took 0.206 seconds
[2024-07-21T23:57:40.178+0000] {processor.py:161} INFO - Started process (PID=38049) to work on /home/airflow/.local/lib/python3.8/site-packages/airflow/example_dags/example_task_group.py
[2024-07-21T23:57:40.180+0000] {processor.py:830} INFO - Processing file /home/airflow/.local/lib/python3.8/site-packages/airflow/example_dags/example_task_group.py for tasks to queue
[2024-07-21T23:57:40.182+0000] {logging_mixin.py:188} INFO - [2024-07-21T23:57:40.182+0000] {dagbag.py:538} INFO - Filling up the DagBag from /home/airflow/.local/lib/python3.8/site-packages/airflow/example_dags/example_task_group.py
[2024-07-21T23:57:40.196+0000] {processor.py:840} INFO - DAG(s) 'example_task_group' retrieved from /home/airflow/.local/lib/python3.8/site-packages/airflow/example_dags/example_task_group.py
[2024-07-21T23:57:40.228+0000] {logging_mixin.py:188} INFO - [2024-07-21T23:57:40.228+0000] {dag.py:3036} INFO - Sync 1 DAGs
[2024-07-21T23:57:40.266+0000] {logging_mixin.py:188} INFO - [2024-07-21T23:57:40.266+0000] {dag.py:3823} INFO - Setting next_dagrun for example_task_group to 2024-07-20 00:00:00+00:00, run_after=2024-07-21 00:00:00+00:00
[2024-07-21T23:57:40.300+0000] {processor.py:183} INFO - Processing /home/airflow/.local/lib/python3.8/site-packages/airflow/example_dags/example_task_group.py took 0.129 seconds
[2024-07-21T23:58:10.785+0000] {processor.py:161} INFO - Started process (PID=38106) to work on /home/airflow/.local/lib/python3.8/site-packages/airflow/example_dags/example_task_group.py
[2024-07-21T23:58:10.787+0000] {processor.py:830} INFO - Processing file /home/airflow/.local/lib/python3.8/site-packages/airflow/example_dags/example_task_group.py for tasks to queue
[2024-07-21T23:58:10.789+0000] {logging_mixin.py:188} INFO - [2024-07-21T23:58:10.788+0000] {dagbag.py:538} INFO - Filling up the DagBag from /home/airflow/.local/lib/python3.8/site-packages/airflow/example_dags/example_task_group.py
[2024-07-21T23:58:10.802+0000] {processor.py:840} INFO - DAG(s) 'example_task_group' retrieved from /home/airflow/.local/lib/python3.8/site-packages/airflow/example_dags/example_task_group.py
[2024-07-21T23:58:10.839+0000] {logging_mixin.py:188} INFO - [2024-07-21T23:58:10.839+0000] {dag.py:3036} INFO - Sync 1 DAGs
[2024-07-21T23:58:10.881+0000] {logging_mixin.py:188} INFO - [2024-07-21T23:58:10.881+0000] {dag.py:3823} INFO - Setting next_dagrun for example_task_group to 2024-07-20 00:00:00+00:00, run_after=2024-07-21 00:00:00+00:00
[2024-07-21T23:58:10.916+0000] {processor.py:183} INFO - Processing /home/airflow/.local/lib/python3.8/site-packages/airflow/example_dags/example_task_group.py took 0.138 seconds
[2024-07-21T23:58:41.634+0000] {processor.py:161} INFO - Started process (PID=38163) to work on /home/airflow/.local/lib/python3.8/site-packages/airflow/example_dags/example_task_group.py
[2024-07-21T23:58:41.637+0000] {processor.py:830} INFO - Processing file /home/airflow/.local/lib/python3.8/site-packages/airflow/example_dags/example_task_group.py for tasks to queue
[2024-07-21T23:58:41.641+0000] {logging_mixin.py:188} INFO - [2024-07-21T23:58:41.640+0000] {dagbag.py:538} INFO - Filling up the DagBag from /home/airflow/.local/lib/python3.8/site-packages/airflow/example_dags/example_task_group.py
[2024-07-21T23:58:41.662+0000] {processor.py:840} INFO - DAG(s) 'example_task_group' retrieved from /home/airflow/.local/lib/python3.8/site-packages/airflow/example_dags/example_task_group.py
[2024-07-21T23:58:41.704+0000] {logging_mixin.py:188} INFO - [2024-07-21T23:58:41.704+0000] {dag.py:3036} INFO - Sync 1 DAGs
[2024-07-21T23:58:41.741+0000] {logging_mixin.py:188} INFO - [2024-07-21T23:58:41.741+0000] {dag.py:3823} INFO - Setting next_dagrun for example_task_group to 2024-07-20 00:00:00+00:00, run_after=2024-07-21 00:00:00+00:00
[2024-07-21T23:58:41.771+0000] {processor.py:183} INFO - Processing /home/airflow/.local/lib/python3.8/site-packages/airflow/example_dags/example_task_group.py took 0.142 seconds
[2024-07-21T23:59:12.482+0000] {processor.py:161} INFO - Started process (PID=38220) to work on /home/airflow/.local/lib/python3.8/site-packages/airflow/example_dags/example_task_group.py
[2024-07-21T23:59:12.485+0000] {processor.py:830} INFO - Processing file /home/airflow/.local/lib/python3.8/site-packages/airflow/example_dags/example_task_group.py for tasks to queue
[2024-07-21T23:59:12.488+0000] {logging_mixin.py:188} INFO - [2024-07-21T23:59:12.487+0000] {dagbag.py:538} INFO - Filling up the DagBag from /home/airflow/.local/lib/python3.8/site-packages/airflow/example_dags/example_task_group.py
[2024-07-21T23:59:12.505+0000] {processor.py:840} INFO - DAG(s) 'example_task_group' retrieved from /home/airflow/.local/lib/python3.8/site-packages/airflow/example_dags/example_task_group.py
[2024-07-21T23:59:12.554+0000] {logging_mixin.py:188} INFO - [2024-07-21T23:59:12.554+0000] {dag.py:3036} INFO - Sync 1 DAGs
[2024-07-21T23:59:12.598+0000] {logging_mixin.py:188} INFO - [2024-07-21T23:59:12.598+0000] {dag.py:3823} INFO - Setting next_dagrun for example_task_group to 2024-07-20 00:00:00+00:00, run_after=2024-07-21 00:00:00+00:00
[2024-07-21T23:59:12.631+0000] {processor.py:183} INFO - Processing /home/airflow/.local/lib/python3.8/site-packages/airflow/example_dags/example_task_group.py took 0.156 seconds
[2024-07-21T23:59:42.858+0000] {processor.py:161} INFO - Started process (PID=38277) to work on /home/airflow/.local/lib/python3.8/site-packages/airflow/example_dags/example_task_group.py
[2024-07-21T23:59:42.860+0000] {processor.py:830} INFO - Processing file /home/airflow/.local/lib/python3.8/site-packages/airflow/example_dags/example_task_group.py for tasks to queue
[2024-07-21T23:59:42.862+0000] {logging_mixin.py:188} INFO - [2024-07-21T23:59:42.861+0000] {dagbag.py:538} INFO - Filling up the DagBag from /home/airflow/.local/lib/python3.8/site-packages/airflow/example_dags/example_task_group.py
[2024-07-21T23:59:42.872+0000] {processor.py:840} INFO - DAG(s) 'example_task_group' retrieved from /home/airflow/.local/lib/python3.8/site-packages/airflow/example_dags/example_task_group.py
[2024-07-21T23:59:42.900+0000] {logging_mixin.py:188} INFO - [2024-07-21T23:59:42.899+0000] {dag.py:3036} INFO - Sync 1 DAGs
[2024-07-21T23:59:42.925+0000] {logging_mixin.py:188} INFO - [2024-07-21T23:59:42.925+0000] {dag.py:3823} INFO - Setting next_dagrun for example_task_group to 2024-07-20 00:00:00+00:00, run_after=2024-07-21 00:00:00+00:00
[2024-07-21T23:59:42.971+0000] {processor.py:183} INFO - Processing /home/airflow/.local/lib/python3.8/site-packages/airflow/example_dags/example_task_group.py took 0.117 seconds
