[2024-07-21T23:56:27.691+0000] {processor.py:161} INFO - Started process (PID=37912) to work on /home/airflow/.local/lib/python3.8/site-packages/airflow/example_dags/example_trigger_controller_dag.py
[2024-07-21T23:56:27.699+0000] {processor.py:830} INFO - Processing file /home/airflow/.local/lib/python3.8/site-packages/airflow/example_dags/example_trigger_controller_dag.py for tasks to queue
[2024-07-21T23:56:27.706+0000] {logging_mixin.py:188} INFO - [2024-07-21T23:56:27.705+0000] {dagbag.py:538} INFO - Filling up the DagBag from /home/airflow/.local/lib/python3.8/site-packages/airflow/example_dags/example_trigger_controller_dag.py
[2024-07-21T23:56:27.729+0000] {processor.py:840} INFO - DAG(s) 'example_trigger_controller_dag' retrieved from /home/airflow/.local/lib/python3.8/site-packages/airflow/example_dags/example_trigger_controller_dag.py
[2024-07-21T23:56:27.841+0000] {logging_mixin.py:188} INFO - [2024-07-21T23:56:27.831+0000] {dag.py:3036} INFO - Sync 1 DAGs
[2024-07-21T23:56:27.950+0000] {logging_mixin.py:188} INFO - [2024-07-21T23:56:27.949+0000] {dag.py:3823} INFO - Setting next_dagrun for example_trigger_controller_dag to 2021-01-01 00:00:00+00:00, run_after=2021-01-01 00:00:00+00:00
[2024-07-21T23:56:28.036+0000] {processor.py:183} INFO - Processing /home/airflow/.local/lib/python3.8/site-packages/airflow/example_dags/example_trigger_controller_dag.py took 0.365 seconds
[2024-07-21T23:56:59.156+0000] {processor.py:161} INFO - Started process (PID=37973) to work on /home/airflow/.local/lib/python3.8/site-packages/airflow/example_dags/example_trigger_controller_dag.py
[2024-07-21T23:56:59.161+0000] {processor.py:830} INFO - Processing file /home/airflow/.local/lib/python3.8/site-packages/airflow/example_dags/example_trigger_controller_dag.py for tasks to queue
[2024-07-21T23:56:59.170+0000] {logging_mixin.py:188} INFO - [2024-07-21T23:56:59.164+0000] {dagbag.py:538} INFO - Filling up the DagBag from /home/airflow/.local/lib/python3.8/site-packages/airflow/example_dags/example_trigger_controller_dag.py
[2024-07-21T23:56:59.192+0000] {processor.py:840} INFO - DAG(s) 'example_trigger_controller_dag' retrieved from /home/airflow/.local/lib/python3.8/site-packages/airflow/example_dags/example_trigger_controller_dag.py
[2024-07-21T23:56:59.284+0000] {logging_mixin.py:188} INFO - [2024-07-21T23:56:59.283+0000] {dag.py:3036} INFO - Sync 1 DAGs
[2024-07-21T23:56:59.404+0000] {logging_mixin.py:188} INFO - [2024-07-21T23:56:59.403+0000] {dag.py:3823} INFO - Setting next_dagrun for example_trigger_controller_dag to 2021-01-01 00:00:00+00:00, run_after=2021-01-01 00:00:00+00:00
[2024-07-21T23:56:59.524+0000] {processor.py:183} INFO - Processing /home/airflow/.local/lib/python3.8/site-packages/airflow/example_dags/example_trigger_controller_dag.py took 0.376 seconds
[2024-07-21T23:57:29.947+0000] {processor.py:161} INFO - Started process (PID=38030) to work on /home/airflow/.local/lib/python3.8/site-packages/airflow/example_dags/example_trigger_controller_dag.py
[2024-07-21T23:57:29.950+0000] {processor.py:830} INFO - Processing file /home/airflow/.local/lib/python3.8/site-packages/airflow/example_dags/example_trigger_controller_dag.py for tasks to queue
[2024-07-21T23:57:29.953+0000] {logging_mixin.py:188} INFO - [2024-07-21T23:57:29.952+0000] {dagbag.py:538} INFO - Filling up the DagBag from /home/airflow/.local/lib/python3.8/site-packages/airflow/example_dags/example_trigger_controller_dag.py
[2024-07-21T23:57:29.967+0000] {processor.py:840} INFO - DAG(s) 'example_trigger_controller_dag' retrieved from /home/airflow/.local/lib/python3.8/site-packages/airflow/example_dags/example_trigger_controller_dag.py
[2024-07-21T23:57:30.000+0000] {logging_mixin.py:188} INFO - [2024-07-21T23:57:29.999+0000] {dag.py:3036} INFO - Sync 1 DAGs
[2024-07-21T23:57:30.031+0000] {logging_mixin.py:188} INFO - [2024-07-21T23:57:30.030+0000] {dag.py:3823} INFO - Setting next_dagrun for example_trigger_controller_dag to 2021-01-01 00:00:00+00:00, run_after=2021-01-01 00:00:00+00:00
[2024-07-21T23:57:30.067+0000] {processor.py:183} INFO - Processing /home/airflow/.local/lib/python3.8/site-packages/airflow/example_dags/example_trigger_controller_dag.py took 0.135 seconds
[2024-07-21T23:58:00.270+0000] {processor.py:161} INFO - Started process (PID=38087) to work on /home/airflow/.local/lib/python3.8/site-packages/airflow/example_dags/example_trigger_controller_dag.py
[2024-07-21T23:58:00.272+0000] {processor.py:830} INFO - Processing file /home/airflow/.local/lib/python3.8/site-packages/airflow/example_dags/example_trigger_controller_dag.py for tasks to queue
[2024-07-21T23:58:00.273+0000] {logging_mixin.py:188} INFO - [2024-07-21T23:58:00.273+0000] {dagbag.py:538} INFO - Filling up the DagBag from /home/airflow/.local/lib/python3.8/site-packages/airflow/example_dags/example_trigger_controller_dag.py
[2024-07-21T23:58:00.282+0000] {processor.py:840} INFO - DAG(s) 'example_trigger_controller_dag' retrieved from /home/airflow/.local/lib/python3.8/site-packages/airflow/example_dags/example_trigger_controller_dag.py
[2024-07-21T23:58:00.313+0000] {logging_mixin.py:188} INFO - [2024-07-21T23:58:00.312+0000] {dag.py:3036} INFO - Sync 1 DAGs
[2024-07-21T23:58:00.347+0000] {logging_mixin.py:188} INFO - [2024-07-21T23:58:00.346+0000] {dag.py:3823} INFO - Setting next_dagrun for example_trigger_controller_dag to 2021-01-01 00:00:00+00:00, run_after=2021-01-01 00:00:00+00:00
[2024-07-21T23:58:00.374+0000] {processor.py:183} INFO - Processing /home/airflow/.local/lib/python3.8/site-packages/airflow/example_dags/example_trigger_controller_dag.py took 0.109 seconds
[2024-07-21T23:58:30.636+0000] {processor.py:161} INFO - Started process (PID=38144) to work on /home/airflow/.local/lib/python3.8/site-packages/airflow/example_dags/example_trigger_controller_dag.py
[2024-07-21T23:58:30.638+0000] {processor.py:830} INFO - Processing file /home/airflow/.local/lib/python3.8/site-packages/airflow/example_dags/example_trigger_controller_dag.py for tasks to queue
[2024-07-21T23:58:30.639+0000] {logging_mixin.py:188} INFO - [2024-07-21T23:58:30.639+0000] {dagbag.py:538} INFO - Filling up the DagBag from /home/airflow/.local/lib/python3.8/site-packages/airflow/example_dags/example_trigger_controller_dag.py
[2024-07-21T23:58:30.646+0000] {processor.py:840} INFO - DAG(s) 'example_trigger_controller_dag' retrieved from /home/airflow/.local/lib/python3.8/site-packages/airflow/example_dags/example_trigger_controller_dag.py
[2024-07-21T23:58:30.672+0000] {logging_mixin.py:188} INFO - [2024-07-21T23:58:30.672+0000] {dag.py:3036} INFO - Sync 1 DAGs
[2024-07-21T23:58:30.697+0000] {logging_mixin.py:188} INFO - [2024-07-21T23:58:30.697+0000] {dag.py:3823} INFO - Setting next_dagrun for example_trigger_controller_dag to 2021-01-01 00:00:00+00:00, run_after=2021-01-01 00:00:00+00:00
[2024-07-21T23:58:30.721+0000] {processor.py:183} INFO - Processing /home/airflow/.local/lib/python3.8/site-packages/airflow/example_dags/example_trigger_controller_dag.py took 0.089 seconds
[2024-07-21T23:59:01.365+0000] {processor.py:161} INFO - Started process (PID=38201) to work on /home/airflow/.local/lib/python3.8/site-packages/airflow/example_dags/example_trigger_controller_dag.py
[2024-07-21T23:59:01.367+0000] {processor.py:830} INFO - Processing file /home/airflow/.local/lib/python3.8/site-packages/airflow/example_dags/example_trigger_controller_dag.py for tasks to queue
[2024-07-21T23:59:01.370+0000] {logging_mixin.py:188} INFO - [2024-07-21T23:59:01.369+0000] {dagbag.py:538} INFO - Filling up the DagBag from /home/airflow/.local/lib/python3.8/site-packages/airflow/example_dags/example_trigger_controller_dag.py
[2024-07-21T23:59:01.383+0000] {processor.py:840} INFO - DAG(s) 'example_trigger_controller_dag' retrieved from /home/airflow/.local/lib/python3.8/site-packages/airflow/example_dags/example_trigger_controller_dag.py
[2024-07-21T23:59:01.425+0000] {logging_mixin.py:188} INFO - [2024-07-21T23:59:01.425+0000] {dag.py:3036} INFO - Sync 1 DAGs
[2024-07-21T23:59:01.468+0000] {logging_mixin.py:188} INFO - [2024-07-21T23:59:01.468+0000] {dag.py:3823} INFO - Setting next_dagrun for example_trigger_controller_dag to 2021-01-01 00:00:00+00:00, run_after=2021-01-01 00:00:00+00:00
[2024-07-21T23:59:01.500+0000] {processor.py:183} INFO - Processing /home/airflow/.local/lib/python3.8/site-packages/airflow/example_dags/example_trigger_controller_dag.py took 0.146 seconds
[2024-07-21T23:59:31.682+0000] {processor.py:161} INFO - Started process (PID=38258) to work on /home/airflow/.local/lib/python3.8/site-packages/airflow/example_dags/example_trigger_controller_dag.py
[2024-07-21T23:59:31.685+0000] {processor.py:830} INFO - Processing file /home/airflow/.local/lib/python3.8/site-packages/airflow/example_dags/example_trigger_controller_dag.py for tasks to queue
[2024-07-21T23:59:31.687+0000] {logging_mixin.py:188} INFO - [2024-07-21T23:59:31.686+0000] {dagbag.py:538} INFO - Filling up the DagBag from /home/airflow/.local/lib/python3.8/site-packages/airflow/example_dags/example_trigger_controller_dag.py
[2024-07-21T23:59:31.697+0000] {processor.py:840} INFO - DAG(s) 'example_trigger_controller_dag' retrieved from /home/airflow/.local/lib/python3.8/site-packages/airflow/example_dags/example_trigger_controller_dag.py
[2024-07-21T23:59:31.739+0000] {logging_mixin.py:188} INFO - [2024-07-21T23:59:31.738+0000] {dag.py:3036} INFO - Sync 1 DAGs
[2024-07-21T23:59:31.779+0000] {logging_mixin.py:188} INFO - [2024-07-21T23:59:31.778+0000] {dag.py:3823} INFO - Setting next_dagrun for example_trigger_controller_dag to 2021-01-01 00:00:00+00:00, run_after=2021-01-01 00:00:00+00:00
[2024-07-21T23:59:31.809+0000] {processor.py:183} INFO - Processing /home/airflow/.local/lib/python3.8/site-packages/airflow/example_dags/example_trigger_controller_dag.py took 0.134 seconds
