[2024-07-21T23:56:16.756+0000] {processor.py:161} INFO - Started process (PID=37889) to work on /home/airflow/.local/lib/python3.8/site-packages/airflow/example_dags/example_kubernetes_executor.py
[2024-07-21T23:56:16.803+0000] {processor.py:830} INFO - Processing file /home/airflow/.local/lib/python3.8/site-packages/airflow/example_dags/example_kubernetes_executor.py for tasks to queue
[2024-07-21T23:56:16.808+0000] {logging_mixin.py:188} INFO - [2024-07-21T23:56:16.807+0000] {dagbag.py:538} INFO - Filling up the DagBag from /home/airflow/.local/lib/python3.8/site-packages/airflow/example_dags/example_kubernetes_executor.py
[2024-07-21T23:56:16.938+0000] {processor.py:840} INFO - DAG(s) 'example_kubernetes_executor' retrieved from /home/airflow/.local/lib/python3.8/site-packages/airflow/example_dags/example_kubernetes_executor.py
[2024-07-21T23:56:17.296+0000] {logging_mixin.py:188} INFO - [2024-07-21T23:56:17.295+0000] {dag.py:3036} INFO - Sync 1 DAGs
[2024-07-21T23:56:17.366+0000] {logging_mixin.py:188} INFO - [2024-07-21T23:56:17.365+0000] {dag.py:3823} INFO - Setting next_dagrun for example_kubernetes_executor to None, run_after=None
[2024-07-21T23:56:17.518+0000] {processor.py:183} INFO - Processing /home/airflow/.local/lib/python3.8/site-packages/airflow/example_dags/example_kubernetes_executor.py took 0.775 seconds
[2024-07-21T23:56:47.765+0000] {processor.py:161} INFO - Started process (PID=37950) to work on /home/airflow/.local/lib/python3.8/site-packages/airflow/example_dags/example_kubernetes_executor.py
[2024-07-21T23:56:47.768+0000] {processor.py:830} INFO - Processing file /home/airflow/.local/lib/python3.8/site-packages/airflow/example_dags/example_kubernetes_executor.py for tasks to queue
[2024-07-21T23:56:47.772+0000] {logging_mixin.py:188} INFO - [2024-07-21T23:56:47.770+0000] {dagbag.py:538} INFO - Filling up the DagBag from /home/airflow/.local/lib/python3.8/site-packages/airflow/example_dags/example_kubernetes_executor.py
[2024-07-21T23:56:47.824+0000] {processor.py:840} INFO - DAG(s) 'example_kubernetes_executor' retrieved from /home/airflow/.local/lib/python3.8/site-packages/airflow/example_dags/example_kubernetes_executor.py
[2024-07-21T23:56:47.974+0000] {logging_mixin.py:188} INFO - [2024-07-21T23:56:47.973+0000] {dag.py:3036} INFO - Sync 1 DAGs
[2024-07-21T23:56:48.017+0000] {logging_mixin.py:188} INFO - [2024-07-21T23:56:48.016+0000] {dag.py:3823} INFO - Setting next_dagrun for example_kubernetes_executor to None, run_after=None
[2024-07-21T23:56:48.085+0000] {processor.py:183} INFO - Processing /home/airflow/.local/lib/python3.8/site-packages/airflow/example_dags/example_kubernetes_executor.py took 0.330 seconds
[2024-07-21T23:57:18.273+0000] {processor.py:161} INFO - Started process (PID=38007) to work on /home/airflow/.local/lib/python3.8/site-packages/airflow/example_dags/example_kubernetes_executor.py
[2024-07-21T23:57:18.280+0000] {processor.py:830} INFO - Processing file /home/airflow/.local/lib/python3.8/site-packages/airflow/example_dags/example_kubernetes_executor.py for tasks to queue
[2024-07-21T23:57:18.283+0000] {logging_mixin.py:188} INFO - [2024-07-21T23:57:18.282+0000] {dagbag.py:538} INFO - Filling up the DagBag from /home/airflow/.local/lib/python3.8/site-packages/airflow/example_dags/example_kubernetes_executor.py
[2024-07-21T23:57:18.329+0000] {processor.py:840} INFO - DAG(s) 'example_kubernetes_executor' retrieved from /home/airflow/.local/lib/python3.8/site-packages/airflow/example_dags/example_kubernetes_executor.py
[2024-07-21T23:57:18.443+0000] {logging_mixin.py:188} INFO - [2024-07-21T23:57:18.443+0000] {dag.py:3036} INFO - Sync 1 DAGs
[2024-07-21T23:57:18.481+0000] {logging_mixin.py:188} INFO - [2024-07-21T23:57:18.481+0000] {dag.py:3823} INFO - Setting next_dagrun for example_kubernetes_executor to None, run_after=None
[2024-07-21T23:57:18.575+0000] {processor.py:183} INFO - Processing /home/airflow/.local/lib/python3.8/site-packages/airflow/example_dags/example_kubernetes_executor.py took 0.308 seconds
[2024-07-21T23:57:48.849+0000] {processor.py:161} INFO - Started process (PID=38064) to work on /home/airflow/.local/lib/python3.8/site-packages/airflow/example_dags/example_kubernetes_executor.py
[2024-07-21T23:57:48.851+0000] {processor.py:830} INFO - Processing file /home/airflow/.local/lib/python3.8/site-packages/airflow/example_dags/example_kubernetes_executor.py for tasks to queue
[2024-07-21T23:57:48.853+0000] {logging_mixin.py:188} INFO - [2024-07-21T23:57:48.853+0000] {dagbag.py:538} INFO - Filling up the DagBag from /home/airflow/.local/lib/python3.8/site-packages/airflow/example_dags/example_kubernetes_executor.py
[2024-07-21T23:57:48.879+0000] {processor.py:840} INFO - DAG(s) 'example_kubernetes_executor' retrieved from /home/airflow/.local/lib/python3.8/site-packages/airflow/example_dags/example_kubernetes_executor.py
[2024-07-21T23:57:48.962+0000] {logging_mixin.py:188} INFO - [2024-07-21T23:57:48.962+0000] {dag.py:3036} INFO - Sync 1 DAGs
[2024-07-21T23:57:48.987+0000] {logging_mixin.py:188} INFO - [2024-07-21T23:57:48.986+0000] {dag.py:3823} INFO - Setting next_dagrun for example_kubernetes_executor to None, run_after=None
[2024-07-21T23:57:49.032+0000] {processor.py:183} INFO - Processing /home/airflow/.local/lib/python3.8/site-packages/airflow/example_dags/example_kubernetes_executor.py took 0.188 seconds
[2024-07-21T23:58:19.725+0000] {processor.py:161} INFO - Started process (PID=38121) to work on /home/airflow/.local/lib/python3.8/site-packages/airflow/example_dags/example_kubernetes_executor.py
[2024-07-21T23:58:19.726+0000] {processor.py:830} INFO - Processing file /home/airflow/.local/lib/python3.8/site-packages/airflow/example_dags/example_kubernetes_executor.py for tasks to queue
[2024-07-21T23:58:19.728+0000] {logging_mixin.py:188} INFO - [2024-07-21T23:58:19.727+0000] {dagbag.py:538} INFO - Filling up the DagBag from /home/airflow/.local/lib/python3.8/site-packages/airflow/example_dags/example_kubernetes_executor.py
[2024-07-21T23:58:19.748+0000] {processor.py:840} INFO - DAG(s) 'example_kubernetes_executor' retrieved from /home/airflow/.local/lib/python3.8/site-packages/airflow/example_dags/example_kubernetes_executor.py
[2024-07-21T23:58:19.827+0000] {logging_mixin.py:188} INFO - [2024-07-21T23:58:19.827+0000] {dag.py:3036} INFO - Sync 1 DAGs
[2024-07-21T23:58:19.847+0000] {logging_mixin.py:188} INFO - [2024-07-21T23:58:19.846+0000] {dag.py:3823} INFO - Setting next_dagrun for example_kubernetes_executor to None, run_after=None
[2024-07-21T23:58:19.880+0000] {processor.py:183} INFO - Processing /home/airflow/.local/lib/python3.8/site-packages/airflow/example_dags/example_kubernetes_executor.py took 0.160 seconds
[2024-07-21T23:58:50.496+0000] {processor.py:161} INFO - Started process (PID=38177) to work on /home/airflow/.local/lib/python3.8/site-packages/airflow/example_dags/example_kubernetes_executor.py
[2024-07-21T23:58:50.499+0000] {processor.py:830} INFO - Processing file /home/airflow/.local/lib/python3.8/site-packages/airflow/example_dags/example_kubernetes_executor.py for tasks to queue
[2024-07-21T23:58:50.501+0000] {logging_mixin.py:188} INFO - [2024-07-21T23:58:50.500+0000] {dagbag.py:538} INFO - Filling up the DagBag from /home/airflow/.local/lib/python3.8/site-packages/airflow/example_dags/example_kubernetes_executor.py
[2024-07-21T23:58:50.524+0000] {processor.py:840} INFO - DAG(s) 'example_kubernetes_executor' retrieved from /home/airflow/.local/lib/python3.8/site-packages/airflow/example_dags/example_kubernetes_executor.py
[2024-07-21T23:58:50.608+0000] {logging_mixin.py:188} INFO - [2024-07-21T23:58:50.608+0000] {dag.py:3036} INFO - Sync 1 DAGs
[2024-07-21T23:58:50.627+0000] {logging_mixin.py:188} INFO - [2024-07-21T23:58:50.626+0000] {dag.py:3823} INFO - Setting next_dagrun for example_kubernetes_executor to None, run_after=None
[2024-07-21T23:58:50.660+0000] {processor.py:183} INFO - Processing /home/airflow/.local/lib/python3.8/site-packages/airflow/example_dags/example_kubernetes_executor.py took 0.170 seconds
[2024-07-21T23:59:21.292+0000] {processor.py:161} INFO - Started process (PID=38234) to work on /home/airflow/.local/lib/python3.8/site-packages/airflow/example_dags/example_kubernetes_executor.py
[2024-07-21T23:59:21.294+0000] {processor.py:830} INFO - Processing file /home/airflow/.local/lib/python3.8/site-packages/airflow/example_dags/example_kubernetes_executor.py for tasks to queue
[2024-07-21T23:59:21.295+0000] {logging_mixin.py:188} INFO - [2024-07-21T23:59:21.295+0000] {dagbag.py:538} INFO - Filling up the DagBag from /home/airflow/.local/lib/python3.8/site-packages/airflow/example_dags/example_kubernetes_executor.py
[2024-07-21T23:59:21.317+0000] {processor.py:840} INFO - DAG(s) 'example_kubernetes_executor' retrieved from /home/airflow/.local/lib/python3.8/site-packages/airflow/example_dags/example_kubernetes_executor.py
[2024-07-21T23:59:21.374+0000] {logging_mixin.py:188} INFO - [2024-07-21T23:59:21.373+0000] {dag.py:3036} INFO - Sync 1 DAGs
[2024-07-21T23:59:21.391+0000] {logging_mixin.py:188} INFO - [2024-07-21T23:59:21.391+0000] {dag.py:3823} INFO - Setting next_dagrun for example_kubernetes_executor to None, run_after=None
[2024-07-21T23:59:21.417+0000] {processor.py:183} INFO - Processing /home/airflow/.local/lib/python3.8/site-packages/airflow/example_dags/example_kubernetes_executor.py took 0.130 seconds
[2024-07-21T23:59:51.775+0000] {processor.py:161} INFO - Started process (PID=38290) to work on /home/airflow/.local/lib/python3.8/site-packages/airflow/example_dags/example_kubernetes_executor.py
[2024-07-21T23:59:51.777+0000] {processor.py:830} INFO - Processing file /home/airflow/.local/lib/python3.8/site-packages/airflow/example_dags/example_kubernetes_executor.py for tasks to queue
[2024-07-21T23:59:51.780+0000] {logging_mixin.py:188} INFO - [2024-07-21T23:59:51.779+0000] {dagbag.py:538} INFO - Filling up the DagBag from /home/airflow/.local/lib/python3.8/site-packages/airflow/example_dags/example_kubernetes_executor.py
[2024-07-21T23:59:51.807+0000] {processor.py:840} INFO - DAG(s) 'example_kubernetes_executor' retrieved from /home/airflow/.local/lib/python3.8/site-packages/airflow/example_dags/example_kubernetes_executor.py
[2024-07-21T23:59:51.861+0000] {logging_mixin.py:188} INFO - [2024-07-21T23:59:51.861+0000] {dag.py:3036} INFO - Sync 1 DAGs
[2024-07-21T23:59:51.877+0000] {logging_mixin.py:188} INFO - [2024-07-21T23:59:51.876+0000] {dag.py:3823} INFO - Setting next_dagrun for example_kubernetes_executor to None, run_after=None
[2024-07-21T23:59:51.901+0000] {processor.py:183} INFO - Processing /home/airflow/.local/lib/python3.8/site-packages/airflow/example_dags/example_kubernetes_executor.py took 0.131 seconds
