[2024-07-21T23:55:58.722+0000] {processor.py:161} INFO - Started process (PID=37856) to work on /home/airflow/.local/lib/python3.8/site-packages/airflow/example_dags/example_external_task_marker_dag.py
[2024-07-21T23:55:58.736+0000] {processor.py:830} INFO - Processing file /home/airflow/.local/lib/python3.8/site-packages/airflow/example_dags/example_external_task_marker_dag.py for tasks to queue
[2024-07-21T23:55:58.750+0000] {logging_mixin.py:188} INFO - [2024-07-21T23:55:58.749+0000] {dagbag.py:538} INFO - Filling up the DagBag from /home/airflow/.local/lib/python3.8/site-packages/airflow/example_dags/example_external_task_marker_dag.py
[2024-07-21T23:55:58.789+0000] {processor.py:840} INFO - DAG(s) 'example_external_task_marker_child', 'example_external_task_marker_parent' retrieved from /home/airflow/.local/lib/python3.8/site-packages/airflow/example_dags/example_external_task_marker_dag.py
[2024-07-21T23:56:29.869+0000] {processor.py:161} INFO - Started process (PID=37914) to work on /home/airflow/.local/lib/python3.8/site-packages/airflow/example_dags/example_external_task_marker_dag.py
[2024-07-21T23:56:29.876+0000] {processor.py:830} INFO - Processing file /home/airflow/.local/lib/python3.8/site-packages/airflow/example_dags/example_external_task_marker_dag.py for tasks to queue
[2024-07-21T23:56:29.880+0000] {logging_mixin.py:188} INFO - [2024-07-21T23:56:29.879+0000] {dagbag.py:538} INFO - Filling up the DagBag from /home/airflow/.local/lib/python3.8/site-packages/airflow/example_dags/example_external_task_marker_dag.py
[2024-07-21T23:56:29.913+0000] {processor.py:840} INFO - DAG(s) 'example_external_task_marker_child', 'example_external_task_marker_parent' retrieved from /home/airflow/.local/lib/python3.8/site-packages/airflow/example_dags/example_external_task_marker_dag.py
[2024-07-21T23:56:30.030+0000] {logging_mixin.py:188} INFO - [2024-07-21T23:56:30.029+0000] {dag.py:3036} INFO - Sync 2 DAGs
[2024-07-21T23:56:30.087+0000] {logging_mixin.py:188} INFO - [2024-07-21T23:56:30.086+0000] {dag.py:3823} INFO - Setting next_dagrun for example_external_task_marker_child to None, run_after=None
[2024-07-21T23:56:30.108+0000] {logging_mixin.py:188} INFO - [2024-07-21T23:56:30.107+0000] {dag.py:3823} INFO - Setting next_dagrun for example_external_task_marker_parent to None, run_after=None
[2024-07-21T23:56:30.187+0000] {processor.py:183} INFO - Processing /home/airflow/.local/lib/python3.8/site-packages/airflow/example_dags/example_external_task_marker_dag.py took 0.335 seconds
[2024-07-21T23:57:00.749+0000] {processor.py:161} INFO - Started process (PID=37975) to work on /home/airflow/.local/lib/python3.8/site-packages/airflow/example_dags/example_external_task_marker_dag.py
[2024-07-21T23:57:00.757+0000] {processor.py:830} INFO - Processing file /home/airflow/.local/lib/python3.8/site-packages/airflow/example_dags/example_external_task_marker_dag.py for tasks to queue
[2024-07-21T23:57:00.761+0000] {logging_mixin.py:188} INFO - [2024-07-21T23:57:00.760+0000] {dagbag.py:538} INFO - Filling up the DagBag from /home/airflow/.local/lib/python3.8/site-packages/airflow/example_dags/example_external_task_marker_dag.py
[2024-07-21T23:57:00.788+0000] {processor.py:840} INFO - DAG(s) 'example_external_task_marker_parent', 'example_external_task_marker_child' retrieved from /home/airflow/.local/lib/python3.8/site-packages/airflow/example_dags/example_external_task_marker_dag.py
[2024-07-21T23:57:00.934+0000] {logging_mixin.py:188} INFO - [2024-07-21T23:57:00.933+0000] {dag.py:3036} INFO - Sync 2 DAGs
[2024-07-21T23:57:01.009+0000] {logging_mixin.py:188} INFO - [2024-07-21T23:57:01.008+0000] {dag.py:3823} INFO - Setting next_dagrun for example_external_task_marker_child to None, run_after=None
[2024-07-21T23:57:01.027+0000] {logging_mixin.py:188} INFO - [2024-07-21T23:57:01.027+0000] {dag.py:3823} INFO - Setting next_dagrun for example_external_task_marker_parent to None, run_after=None
[2024-07-21T23:57:01.092+0000] {processor.py:183} INFO - Processing /home/airflow/.local/lib/python3.8/site-packages/airflow/example_dags/example_external_task_marker_dag.py took 0.355 seconds
[2024-07-21T23:57:32.003+0000] {processor.py:161} INFO - Started process (PID=38032) to work on /home/airflow/.local/lib/python3.8/site-packages/airflow/example_dags/example_external_task_marker_dag.py
[2024-07-21T23:57:32.005+0000] {processor.py:830} INFO - Processing file /home/airflow/.local/lib/python3.8/site-packages/airflow/example_dags/example_external_task_marker_dag.py for tasks to queue
[2024-07-21T23:57:32.007+0000] {logging_mixin.py:188} INFO - [2024-07-21T23:57:32.007+0000] {dagbag.py:538} INFO - Filling up the DagBag from /home/airflow/.local/lib/python3.8/site-packages/airflow/example_dags/example_external_task_marker_dag.py
[2024-07-21T23:57:32.017+0000] {processor.py:840} INFO - DAG(s) 'example_external_task_marker_child', 'example_external_task_marker_parent' retrieved from /home/airflow/.local/lib/python3.8/site-packages/airflow/example_dags/example_external_task_marker_dag.py
[2024-07-21T23:57:32.059+0000] {logging_mixin.py:188} INFO - [2024-07-21T23:57:32.059+0000] {dag.py:3036} INFO - Sync 2 DAGs
[2024-07-21T23:57:32.084+0000] {logging_mixin.py:188} INFO - [2024-07-21T23:57:32.083+0000] {dag.py:3823} INFO - Setting next_dagrun for example_external_task_marker_child to None, run_after=None
[2024-07-21T23:57:32.093+0000] {logging_mixin.py:188} INFO - [2024-07-21T23:57:32.092+0000] {dag.py:3823} INFO - Setting next_dagrun for example_external_task_marker_parent to None, run_after=None
[2024-07-21T23:57:32.130+0000] {processor.py:183} INFO - Processing /home/airflow/.local/lib/python3.8/site-packages/airflow/example_dags/example_external_task_marker_dag.py took 0.133 seconds
[2024-07-21T23:58:02.299+0000] {processor.py:161} INFO - Started process (PID=38089) to work on /home/airflow/.local/lib/python3.8/site-packages/airflow/example_dags/example_external_task_marker_dag.py
[2024-07-21T23:58:02.301+0000] {processor.py:830} INFO - Processing file /home/airflow/.local/lib/python3.8/site-packages/airflow/example_dags/example_external_task_marker_dag.py for tasks to queue
[2024-07-21T23:58:02.302+0000] {logging_mixin.py:188} INFO - [2024-07-21T23:58:02.302+0000] {dagbag.py:538} INFO - Filling up the DagBag from /home/airflow/.local/lib/python3.8/site-packages/airflow/example_dags/example_external_task_marker_dag.py
[2024-07-21T23:58:02.312+0000] {processor.py:840} INFO - DAG(s) 'example_external_task_marker_child', 'example_external_task_marker_parent' retrieved from /home/airflow/.local/lib/python3.8/site-packages/airflow/example_dags/example_external_task_marker_dag.py
[2024-07-21T23:58:02.345+0000] {logging_mixin.py:188} INFO - [2024-07-21T23:58:02.345+0000] {dag.py:3036} INFO - Sync 2 DAGs
[2024-07-21T23:58:02.360+0000] {logging_mixin.py:188} INFO - [2024-07-21T23:58:02.359+0000] {dag.py:3823} INFO - Setting next_dagrun for example_external_task_marker_child to None, run_after=None
[2024-07-21T23:58:02.364+0000] {logging_mixin.py:188} INFO - [2024-07-21T23:58:02.364+0000] {dag.py:3823} INFO - Setting next_dagrun for example_external_task_marker_parent to None, run_after=None
[2024-07-21T23:58:02.385+0000] {processor.py:183} INFO - Processing /home/airflow/.local/lib/python3.8/site-packages/airflow/example_dags/example_external_task_marker_dag.py took 0.090 seconds
[2024-07-21T23:58:32.697+0000] {processor.py:161} INFO - Started process (PID=38146) to work on /home/airflow/.local/lib/python3.8/site-packages/airflow/example_dags/example_external_task_marker_dag.py
[2024-07-21T23:58:32.699+0000] {processor.py:830} INFO - Processing file /home/airflow/.local/lib/python3.8/site-packages/airflow/example_dags/example_external_task_marker_dag.py for tasks to queue
[2024-07-21T23:58:32.701+0000] {logging_mixin.py:188} INFO - [2024-07-21T23:58:32.700+0000] {dagbag.py:538} INFO - Filling up the DagBag from /home/airflow/.local/lib/python3.8/site-packages/airflow/example_dags/example_external_task_marker_dag.py
[2024-07-21T23:58:32.713+0000] {processor.py:840} INFO - DAG(s) 'example_external_task_marker_parent', 'example_external_task_marker_child' retrieved from /home/airflow/.local/lib/python3.8/site-packages/airflow/example_dags/example_external_task_marker_dag.py
[2024-07-21T23:58:32.748+0000] {logging_mixin.py:188} INFO - [2024-07-21T23:58:32.748+0000] {dag.py:3036} INFO - Sync 2 DAGs
[2024-07-21T23:58:32.766+0000] {logging_mixin.py:188} INFO - [2024-07-21T23:58:32.765+0000] {dag.py:3823} INFO - Setting next_dagrun for example_external_task_marker_child to None, run_after=None
[2024-07-21T23:58:32.772+0000] {logging_mixin.py:188} INFO - [2024-07-21T23:58:32.771+0000] {dag.py:3823} INFO - Setting next_dagrun for example_external_task_marker_parent to None, run_after=None
[2024-07-21T23:58:32.796+0000] {processor.py:183} INFO - Processing /home/airflow/.local/lib/python3.8/site-packages/airflow/example_dags/example_external_task_marker_dag.py took 0.104 seconds
[2024-07-21T23:59:03.400+0000] {processor.py:161} INFO - Started process (PID=38203) to work on /home/airflow/.local/lib/python3.8/site-packages/airflow/example_dags/example_external_task_marker_dag.py
[2024-07-21T23:59:03.403+0000] {processor.py:830} INFO - Processing file /home/airflow/.local/lib/python3.8/site-packages/airflow/example_dags/example_external_task_marker_dag.py for tasks to queue
[2024-07-21T23:59:03.405+0000] {logging_mixin.py:188} INFO - [2024-07-21T23:59:03.404+0000] {dagbag.py:538} INFO - Filling up the DagBag from /home/airflow/.local/lib/python3.8/site-packages/airflow/example_dags/example_external_task_marker_dag.py
[2024-07-21T23:59:03.415+0000] {processor.py:840} INFO - DAG(s) 'example_external_task_marker_child', 'example_external_task_marker_parent' retrieved from /home/airflow/.local/lib/python3.8/site-packages/airflow/example_dags/example_external_task_marker_dag.py
[2024-07-21T23:59:03.451+0000] {logging_mixin.py:188} INFO - [2024-07-21T23:59:03.451+0000] {dag.py:3036} INFO - Sync 2 DAGs
[2024-07-21T23:59:03.470+0000] {logging_mixin.py:188} INFO - [2024-07-21T23:59:03.470+0000] {dag.py:3823} INFO - Setting next_dagrun for example_external_task_marker_child to None, run_after=None
[2024-07-21T23:59:03.477+0000] {logging_mixin.py:188} INFO - [2024-07-21T23:59:03.476+0000] {dag.py:3823} INFO - Setting next_dagrun for example_external_task_marker_parent to None, run_after=None
[2024-07-21T23:59:03.506+0000] {processor.py:183} INFO - Processing /home/airflow/.local/lib/python3.8/site-packages/airflow/example_dags/example_external_task_marker_dag.py took 0.113 seconds
[2024-07-21T23:59:33.712+0000] {processor.py:161} INFO - Started process (PID=38260) to work on /home/airflow/.local/lib/python3.8/site-packages/airflow/example_dags/example_external_task_marker_dag.py
[2024-07-21T23:59:33.717+0000] {processor.py:830} INFO - Processing file /home/airflow/.local/lib/python3.8/site-packages/airflow/example_dags/example_external_task_marker_dag.py for tasks to queue
[2024-07-21T23:59:33.720+0000] {logging_mixin.py:188} INFO - [2024-07-21T23:59:33.719+0000] {dagbag.py:538} INFO - Filling up the DagBag from /home/airflow/.local/lib/python3.8/site-packages/airflow/example_dags/example_external_task_marker_dag.py
[2024-07-21T23:59:33.736+0000] {processor.py:840} INFO - DAG(s) 'example_external_task_marker_parent', 'example_external_task_marker_child' retrieved from /home/airflow/.local/lib/python3.8/site-packages/airflow/example_dags/example_external_task_marker_dag.py
[2024-07-21T23:59:33.788+0000] {logging_mixin.py:188} INFO - [2024-07-21T23:59:33.788+0000] {dag.py:3036} INFO - Sync 2 DAGs
[2024-07-21T23:59:33.813+0000] {logging_mixin.py:188} INFO - [2024-07-21T23:59:33.812+0000] {dag.py:3823} INFO - Setting next_dagrun for example_external_task_marker_child to None, run_after=None
[2024-07-21T23:59:33.820+0000] {logging_mixin.py:188} INFO - [2024-07-21T23:59:33.819+0000] {dag.py:3823} INFO - Setting next_dagrun for example_external_task_marker_parent to None, run_after=None
[2024-07-21T23:59:33.852+0000] {processor.py:183} INFO - Processing /home/airflow/.local/lib/python3.8/site-packages/airflow/example_dags/example_external_task_marker_dag.py took 0.146 seconds
