[2024-07-21T23:56:04.314+0000] {processor.py:161} INFO - Started process (PID=37860) to work on /home/airflow/.local/lib/python3.8/site-packages/airflow/example_dags/example_sla_dag.py
[2024-07-21T23:56:04.358+0000] {processor.py:830} INFO - Processing file /home/airflow/.local/lib/python3.8/site-packages/airflow/example_dags/example_sla_dag.py for tasks to queue
[2024-07-21T23:56:04.365+0000] {logging_mixin.py:188} INFO - [2024-07-21T23:56:04.364+0000] {dagbag.py:538} INFO - Filling up the DagBag from /home/airflow/.local/lib/python3.8/site-packages/airflow/example_dags/example_sla_dag.py
[2024-07-21T23:56:04.440+0000] {processor.py:840} INFO - DAG(s) 'example_sla_dag' retrieved from /home/airflow/.local/lib/python3.8/site-packages/airflow/example_dags/example_sla_dag.py
[2024-07-21T23:56:04.685+0000] {logging_mixin.py:188} INFO - [2024-07-21T23:56:04.684+0000] {dag.py:3036} INFO - Sync 1 DAGs
[2024-07-21T23:56:04.916+0000] {logging_mixin.py:188} INFO - [2024-07-21T23:56:04.915+0000] {dag.py:3823} INFO - Setting next_dagrun for example_sla_dag to 2024-07-21 23:54:00+00:00, run_after=2024-07-21 23:56:00+00:00
[2024-07-21T23:56:05.152+0000] {processor.py:183} INFO - Processing /home/airflow/.local/lib/python3.8/site-packages/airflow/example_dags/example_sla_dag.py took 0.858 seconds
[2024-07-21T23:56:35.869+0000] {processor.py:161} INFO - Started process (PID=37922) to work on /home/airflow/.local/lib/python3.8/site-packages/airflow/example_dags/example_sla_dag.py
[2024-07-21T23:56:35.874+0000] {processor.py:830} INFO - Processing file /home/airflow/.local/lib/python3.8/site-packages/airflow/example_dags/example_sla_dag.py for tasks to queue
[2024-07-21T23:56:35.879+0000] {logging_mixin.py:188} INFO - [2024-07-21T23:56:35.878+0000] {dagbag.py:538} INFO - Filling up the DagBag from /home/airflow/.local/lib/python3.8/site-packages/airflow/example_dags/example_sla_dag.py
[2024-07-21T23:56:35.935+0000] {processor.py:840} INFO - DAG(s) 'example_sla_dag' retrieved from /home/airflow/.local/lib/python3.8/site-packages/airflow/example_dags/example_sla_dag.py
[2024-07-21T23:56:36.026+0000] {logging_mixin.py:188} INFO - [2024-07-21T23:56:36.026+0000] {dag.py:3036} INFO - Sync 1 DAGs
[2024-07-21T23:56:36.171+0000] {logging_mixin.py:188} INFO - [2024-07-21T23:56:36.170+0000] {dag.py:3823} INFO - Setting next_dagrun for example_sla_dag to 2024-07-21 23:54:00+00:00, run_after=2024-07-21 23:56:00+00:00
[2024-07-21T23:56:36.266+0000] {processor.py:183} INFO - Processing /home/airflow/.local/lib/python3.8/site-packages/airflow/example_dags/example_sla_dag.py took 0.414 seconds
[2024-07-21T23:57:06.508+0000] {processor.py:161} INFO - Started process (PID=37979) to work on /home/airflow/.local/lib/python3.8/site-packages/airflow/example_dags/example_sla_dag.py
[2024-07-21T23:57:06.511+0000] {processor.py:830} INFO - Processing file /home/airflow/.local/lib/python3.8/site-packages/airflow/example_dags/example_sla_dag.py for tasks to queue
[2024-07-21T23:57:06.514+0000] {logging_mixin.py:188} INFO - [2024-07-21T23:57:06.513+0000] {dagbag.py:538} INFO - Filling up the DagBag from /home/airflow/.local/lib/python3.8/site-packages/airflow/example_dags/example_sla_dag.py
[2024-07-21T23:57:06.551+0000] {processor.py:840} INFO - DAG(s) 'example_sla_dag' retrieved from /home/airflow/.local/lib/python3.8/site-packages/airflow/example_dags/example_sla_dag.py
[2024-07-21T23:57:06.618+0000] {logging_mixin.py:188} INFO - [2024-07-21T23:57:06.616+0000] {dag.py:3036} INFO - Sync 1 DAGs
[2024-07-21T23:57:06.728+0000] {logging_mixin.py:188} INFO - [2024-07-21T23:57:06.728+0000] {dag.py:3823} INFO - Setting next_dagrun for example_sla_dag to 2024-07-21 23:54:00+00:00, run_after=2024-07-21 23:56:00+00:00
[2024-07-21T23:57:06.837+0000] {processor.py:183} INFO - Processing /home/airflow/.local/lib/python3.8/site-packages/airflow/example_dags/example_sla_dag.py took 0.342 seconds
[2024-07-21T23:57:37.422+0000] {processor.py:161} INFO - Started process (PID=38036) to work on /home/airflow/.local/lib/python3.8/site-packages/airflow/example_dags/example_sla_dag.py
[2024-07-21T23:57:37.424+0000] {processor.py:830} INFO - Processing file /home/airflow/.local/lib/python3.8/site-packages/airflow/example_dags/example_sla_dag.py for tasks to queue
[2024-07-21T23:57:37.427+0000] {logging_mixin.py:188} INFO - [2024-07-21T23:57:37.426+0000] {dagbag.py:538} INFO - Filling up the DagBag from /home/airflow/.local/lib/python3.8/site-packages/airflow/example_dags/example_sla_dag.py
[2024-07-21T23:57:37.454+0000] {processor.py:840} INFO - DAG(s) 'example_sla_dag' retrieved from /home/airflow/.local/lib/python3.8/site-packages/airflow/example_dags/example_sla_dag.py
[2024-07-21T23:57:37.510+0000] {logging_mixin.py:188} INFO - [2024-07-21T23:57:37.510+0000] {dag.py:3036} INFO - Sync 1 DAGs
[2024-07-21T23:57:37.566+0000] {logging_mixin.py:188} INFO - [2024-07-21T23:57:37.566+0000] {dag.py:3823} INFO - Setting next_dagrun for example_sla_dag to 2024-07-21 23:54:00+00:00, run_after=2024-07-21 23:56:00+00:00
[2024-07-21T23:57:37.603+0000] {processor.py:183} INFO - Processing /home/airflow/.local/lib/python3.8/site-packages/airflow/example_dags/example_sla_dag.py took 0.187 seconds
[2024-07-21T23:58:08.666+0000] {processor.py:161} INFO - Started process (PID=38093) to work on /home/airflow/.local/lib/python3.8/site-packages/airflow/example_dags/example_sla_dag.py
[2024-07-21T23:58:08.669+0000] {processor.py:830} INFO - Processing file /home/airflow/.local/lib/python3.8/site-packages/airflow/example_dags/example_sla_dag.py for tasks to queue
[2024-07-21T23:58:08.671+0000] {logging_mixin.py:188} INFO - [2024-07-21T23:58:08.670+0000] {dagbag.py:538} INFO - Filling up the DagBag from /home/airflow/.local/lib/python3.8/site-packages/airflow/example_dags/example_sla_dag.py
[2024-07-21T23:58:08.691+0000] {processor.py:840} INFO - DAG(s) 'example_sla_dag' retrieved from /home/airflow/.local/lib/python3.8/site-packages/airflow/example_dags/example_sla_dag.py
[2024-07-21T23:58:08.728+0000] {logging_mixin.py:188} INFO - [2024-07-21T23:58:08.727+0000] {dag.py:3036} INFO - Sync 1 DAGs
[2024-07-21T23:58:08.777+0000] {logging_mixin.py:188} INFO - [2024-07-21T23:58:08.776+0000] {dag.py:3823} INFO - Setting next_dagrun for example_sla_dag to 2024-07-21 23:56:00+00:00, run_after=2024-07-21 23:58:00+00:00
[2024-07-21T23:58:08.824+0000] {processor.py:183} INFO - Processing /home/airflow/.local/lib/python3.8/site-packages/airflow/example_dags/example_sla_dag.py took 0.164 seconds
[2024-07-21T23:58:39.049+0000] {processor.py:161} INFO - Started process (PID=38150) to work on /home/airflow/.local/lib/python3.8/site-packages/airflow/example_dags/example_sla_dag.py
[2024-07-21T23:58:39.052+0000] {processor.py:830} INFO - Processing file /home/airflow/.local/lib/python3.8/site-packages/airflow/example_dags/example_sla_dag.py for tasks to queue
[2024-07-21T23:58:39.055+0000] {logging_mixin.py:188} INFO - [2024-07-21T23:58:39.054+0000] {dagbag.py:538} INFO - Filling up the DagBag from /home/airflow/.local/lib/python3.8/site-packages/airflow/example_dags/example_sla_dag.py
[2024-07-21T23:58:39.070+0000] {processor.py:840} INFO - DAG(s) 'example_sla_dag' retrieved from /home/airflow/.local/lib/python3.8/site-packages/airflow/example_dags/example_sla_dag.py
[2024-07-21T23:58:39.106+0000] {logging_mixin.py:188} INFO - [2024-07-21T23:58:39.106+0000] {dag.py:3036} INFO - Sync 1 DAGs
[2024-07-21T23:58:39.152+0000] {logging_mixin.py:188} INFO - [2024-07-21T23:58:39.152+0000] {dag.py:3823} INFO - Setting next_dagrun for example_sla_dag to 2024-07-21 23:56:00+00:00, run_after=2024-07-21 23:58:00+00:00
[2024-07-21T23:58:39.178+0000] {processor.py:183} INFO - Processing /home/airflow/.local/lib/python3.8/site-packages/airflow/example_dags/example_sla_dag.py took 0.135 seconds
[2024-07-21T23:59:09.874+0000] {processor.py:161} INFO - Started process (PID=38213) to work on /home/airflow/.local/lib/python3.8/site-packages/airflow/example_dags/example_sla_dag.py
[2024-07-21T23:59:09.879+0000] {processor.py:830} INFO - Processing file /home/airflow/.local/lib/python3.8/site-packages/airflow/example_dags/example_sla_dag.py for tasks to queue
[2024-07-21T23:59:09.882+0000] {logging_mixin.py:188} INFO - [2024-07-21T23:59:09.881+0000] {dagbag.py:538} INFO - Filling up the DagBag from /home/airflow/.local/lib/python3.8/site-packages/airflow/example_dags/example_sla_dag.py
[2024-07-21T23:59:09.906+0000] {processor.py:840} INFO - DAG(s) 'example_sla_dag' retrieved from /home/airflow/.local/lib/python3.8/site-packages/airflow/example_dags/example_sla_dag.py
[2024-07-21T23:59:09.977+0000] {logging_mixin.py:188} INFO - [2024-07-21T23:59:09.973+0000] {dag.py:3036} INFO - Sync 1 DAGs
[2024-07-21T23:59:10.032+0000] {logging_mixin.py:188} INFO - [2024-07-21T23:59:10.032+0000] {dag.py:3823} INFO - Setting next_dagrun for example_sla_dag to 2024-07-21 23:56:00+00:00, run_after=2024-07-21 23:58:00+00:00
[2024-07-21T23:59:10.063+0000] {processor.py:183} INFO - Processing /home/airflow/.local/lib/python3.8/site-packages/airflow/example_dags/example_sla_dag.py took 0.197 seconds
[2024-07-21T23:59:41.111+0000] {processor.py:161} INFO - Started process (PID=38270) to work on /home/airflow/.local/lib/python3.8/site-packages/airflow/example_dags/example_sla_dag.py
[2024-07-21T23:59:41.113+0000] {processor.py:830} INFO - Processing file /home/airflow/.local/lib/python3.8/site-packages/airflow/example_dags/example_sla_dag.py for tasks to queue
[2024-07-21T23:59:41.115+0000] {logging_mixin.py:188} INFO - [2024-07-21T23:59:41.115+0000] {dagbag.py:538} INFO - Filling up the DagBag from /home/airflow/.local/lib/python3.8/site-packages/airflow/example_dags/example_sla_dag.py
[2024-07-21T23:59:41.130+0000] {processor.py:840} INFO - DAG(s) 'example_sla_dag' retrieved from /home/airflow/.local/lib/python3.8/site-packages/airflow/example_dags/example_sla_dag.py
[2024-07-21T23:59:41.159+0000] {logging_mixin.py:188} INFO - [2024-07-21T23:59:41.159+0000] {dag.py:3036} INFO - Sync 1 DAGs
[2024-07-21T23:59:41.187+0000] {logging_mixin.py:188} INFO - [2024-07-21T23:59:41.187+0000] {dag.py:3823} INFO - Setting next_dagrun for example_sla_dag to 2024-07-21 23:56:00+00:00, run_after=2024-07-21 23:58:00+00:00
[2024-07-21T23:59:41.211+0000] {processor.py:183} INFO - Processing /home/airflow/.local/lib/python3.8/site-packages/airflow/example_dags/example_sla_dag.py took 0.105 seconds
