[2024-07-21T23:56:13.314+0000] {processor.py:161} INFO - Started process (PID=37885) to work on /home/airflow/.local/lib/python3.8/site-packages/airflow/example_dags/example_branch_datetime_operator.py
[2024-07-21T23:56:13.330+0000] {processor.py:830} INFO - Processing file /home/airflow/.local/lib/python3.8/site-packages/airflow/example_dags/example_branch_datetime_operator.py for tasks to queue
[2024-07-21T23:56:13.365+0000] {logging_mixin.py:188} INFO - [2024-07-21T23:56:13.364+0000] {dagbag.py:538} INFO - Filling up the DagBag from /home/airflow/.local/lib/python3.8/site-packages/airflow/example_dags/example_branch_datetime_operator.py
[2024-07-21T23:56:13.465+0000] {processor.py:840} INFO - DAG(s) 'example_branch_datetime_operator_3', 'example_branch_datetime_operator', 'example_branch_datetime_operator_2' retrieved from /home/airflow/.local/lib/python3.8/site-packages/airflow/example_dags/example_branch_datetime_operator.py
[2024-07-21T23:56:13.824+0000] {logging_mixin.py:188} INFO - [2024-07-21T23:56:13.822+0000] {dag.py:3036} INFO - Sync 3 DAGs
[2024-07-21T23:56:14.042+0000] {logging_mixin.py:188} INFO - [2024-07-21T23:56:14.041+0000] {dag.py:3823} INFO - Setting next_dagrun for example_branch_datetime_operator to 2024-07-20 00:00:00+00:00, run_after=2024-07-21 00:00:00+00:00
[2024-07-21T23:56:14.178+0000] {logging_mixin.py:188} INFO - [2024-07-21T23:56:14.177+0000] {dag.py:3823} INFO - Setting next_dagrun for example_branch_datetime_operator_2 to 2024-07-20 00:00:00+00:00, run_after=2024-07-21 00:00:00+00:00
[2024-07-21T23:56:14.222+0000] {logging_mixin.py:188} INFO - [2024-07-21T23:56:14.210+0000] {dag.py:3823} INFO - Setting next_dagrun for example_branch_datetime_operator_3 to 2024-07-20 00:00:00+00:00, run_after=2024-07-21 00:00:00+00:00
[2024-07-21T23:56:14.543+0000] {processor.py:183} INFO - Processing /home/airflow/.local/lib/python3.8/site-packages/airflow/example_dags/example_branch_datetime_operator.py took 1.287 seconds
[2024-07-21T23:56:45.707+0000] {processor.py:161} INFO - Started process (PID=37946) to work on /home/airflow/.local/lib/python3.8/site-packages/airflow/example_dags/example_branch_datetime_operator.py
[2024-07-21T23:56:45.722+0000] {processor.py:830} INFO - Processing file /home/airflow/.local/lib/python3.8/site-packages/airflow/example_dags/example_branch_datetime_operator.py for tasks to queue
[2024-07-21T23:56:45.726+0000] {logging_mixin.py:188} INFO - [2024-07-21T23:56:45.725+0000] {dagbag.py:538} INFO - Filling up the DagBag from /home/airflow/.local/lib/python3.8/site-packages/airflow/example_dags/example_branch_datetime_operator.py
[2024-07-21T23:56:45.801+0000] {processor.py:840} INFO - DAG(s) 'example_branch_datetime_operator_2', 'example_branch_datetime_operator_3', 'example_branch_datetime_operator' retrieved from /home/airflow/.local/lib/python3.8/site-packages/airflow/example_dags/example_branch_datetime_operator.py
[2024-07-21T23:56:45.996+0000] {logging_mixin.py:188} INFO - [2024-07-21T23:56:45.984+0000] {dag.py:3036} INFO - Sync 3 DAGs
[2024-07-21T23:56:46.165+0000] {logging_mixin.py:188} INFO - [2024-07-21T23:56:46.165+0000] {dag.py:3823} INFO - Setting next_dagrun for example_branch_datetime_operator to 2024-07-20 00:00:00+00:00, run_after=2024-07-21 00:00:00+00:00
[2024-07-21T23:56:46.197+0000] {logging_mixin.py:188} INFO - [2024-07-21T23:56:46.197+0000] {dag.py:3823} INFO - Setting next_dagrun for example_branch_datetime_operator_2 to 2024-07-20 00:00:00+00:00, run_after=2024-07-21 00:00:00+00:00
[2024-07-21T23:56:46.215+0000] {logging_mixin.py:188} INFO - [2024-07-21T23:56:46.214+0000] {dag.py:3823} INFO - Setting next_dagrun for example_branch_datetime_operator_3 to 2024-07-20 00:00:00+00:00, run_after=2024-07-21 00:00:00+00:00
[2024-07-21T23:56:46.307+0000] {processor.py:183} INFO - Processing /home/airflow/.local/lib/python3.8/site-packages/airflow/example_dags/example_branch_datetime_operator.py took 0.616 seconds
[2024-07-21T23:57:16.758+0000] {processor.py:161} INFO - Started process (PID=38002) to work on /home/airflow/.local/lib/python3.8/site-packages/airflow/example_dags/example_branch_datetime_operator.py
[2024-07-21T23:57:16.761+0000] {processor.py:830} INFO - Processing file /home/airflow/.local/lib/python3.8/site-packages/airflow/example_dags/example_branch_datetime_operator.py for tasks to queue
[2024-07-21T23:57:16.763+0000] {logging_mixin.py:188} INFO - [2024-07-21T23:57:16.763+0000] {dagbag.py:538} INFO - Filling up the DagBag from /home/airflow/.local/lib/python3.8/site-packages/airflow/example_dags/example_branch_datetime_operator.py
[2024-07-21T23:57:16.800+0000] {processor.py:840} INFO - DAG(s) 'example_branch_datetime_operator_2', 'example_branch_datetime_operator_3', 'example_branch_datetime_operator' retrieved from /home/airflow/.local/lib/python3.8/site-packages/airflow/example_dags/example_branch_datetime_operator.py
[2024-07-21T23:57:16.893+0000] {logging_mixin.py:188} INFO - [2024-07-21T23:57:16.893+0000] {dag.py:3036} INFO - Sync 3 DAGs
[2024-07-21T23:57:16.952+0000] {logging_mixin.py:188} INFO - [2024-07-21T23:57:16.951+0000] {dag.py:3823} INFO - Setting next_dagrun for example_branch_datetime_operator to 2024-07-20 00:00:00+00:00, run_after=2024-07-21 00:00:00+00:00
[2024-07-21T23:57:16.963+0000] {logging_mixin.py:188} INFO - [2024-07-21T23:57:16.963+0000] {dag.py:3823} INFO - Setting next_dagrun for example_branch_datetime_operator_2 to 2024-07-20 00:00:00+00:00, run_after=2024-07-21 00:00:00+00:00
[2024-07-21T23:57:16.969+0000] {logging_mixin.py:188} INFO - [2024-07-21T23:57:16.968+0000] {dag.py:3823} INFO - Setting next_dagrun for example_branch_datetime_operator_3 to 2024-07-20 00:00:00+00:00, run_after=2024-07-21 00:00:00+00:00
[2024-07-21T23:57:17.020+0000] {processor.py:183} INFO - Processing /home/airflow/.local/lib/python3.8/site-packages/airflow/example_dags/example_branch_datetime_operator.py took 0.270 seconds
[2024-07-21T23:57:47.192+0000] {processor.py:161} INFO - Started process (PID=38058) to work on /home/airflow/.local/lib/python3.8/site-packages/airflow/example_dags/example_branch_datetime_operator.py
[2024-07-21T23:57:47.195+0000] {processor.py:830} INFO - Processing file /home/airflow/.local/lib/python3.8/site-packages/airflow/example_dags/example_branch_datetime_operator.py for tasks to queue
[2024-07-21T23:57:47.197+0000] {logging_mixin.py:188} INFO - [2024-07-21T23:57:47.197+0000] {dagbag.py:538} INFO - Filling up the DagBag from /home/airflow/.local/lib/python3.8/site-packages/airflow/example_dags/example_branch_datetime_operator.py
[2024-07-21T23:57:47.222+0000] {processor.py:840} INFO - DAG(s) 'example_branch_datetime_operator', 'example_branch_datetime_operator_2', 'example_branch_datetime_operator_3' retrieved from /home/airflow/.local/lib/python3.8/site-packages/airflow/example_dags/example_branch_datetime_operator.py
[2024-07-21T23:57:47.280+0000] {logging_mixin.py:188} INFO - [2024-07-21T23:57:47.280+0000] {dag.py:3036} INFO - Sync 3 DAGs
[2024-07-21T23:57:47.331+0000] {logging_mixin.py:188} INFO - [2024-07-21T23:57:47.331+0000] {dag.py:3823} INFO - Setting next_dagrun for example_branch_datetime_operator to 2024-07-20 00:00:00+00:00, run_after=2024-07-21 00:00:00+00:00
[2024-07-21T23:57:47.343+0000] {logging_mixin.py:188} INFO - [2024-07-21T23:57:47.343+0000] {dag.py:3823} INFO - Setting next_dagrun for example_branch_datetime_operator_2 to 2024-07-20 00:00:00+00:00, run_after=2024-07-21 00:00:00+00:00
[2024-07-21T23:57:47.350+0000] {logging_mixin.py:188} INFO - [2024-07-21T23:57:47.349+0000] {dag.py:3823} INFO - Setting next_dagrun for example_branch_datetime_operator_3 to 2024-07-20 00:00:00+00:00, run_after=2024-07-21 00:00:00+00:00
[2024-07-21T23:57:47.384+0000] {processor.py:183} INFO - Processing /home/airflow/.local/lib/python3.8/site-packages/airflow/example_dags/example_branch_datetime_operator.py took 0.199 seconds
[2024-07-21T23:58:17.694+0000] {processor.py:161} INFO - Started process (PID=38115) to work on /home/airflow/.local/lib/python3.8/site-packages/airflow/example_dags/example_branch_datetime_operator.py
[2024-07-21T23:58:17.696+0000] {processor.py:830} INFO - Processing file /home/airflow/.local/lib/python3.8/site-packages/airflow/example_dags/example_branch_datetime_operator.py for tasks to queue
[2024-07-21T23:58:17.698+0000] {logging_mixin.py:188} INFO - [2024-07-21T23:58:17.698+0000] {dagbag.py:538} INFO - Filling up the DagBag from /home/airflow/.local/lib/python3.8/site-packages/airflow/example_dags/example_branch_datetime_operator.py
[2024-07-21T23:58:17.714+0000] {processor.py:840} INFO - DAG(s) 'example_branch_datetime_operator', 'example_branch_datetime_operator_3', 'example_branch_datetime_operator_2' retrieved from /home/airflow/.local/lib/python3.8/site-packages/airflow/example_dags/example_branch_datetime_operator.py
[2024-07-21T23:58:17.749+0000] {logging_mixin.py:188} INFO - [2024-07-21T23:58:17.749+0000] {dag.py:3036} INFO - Sync 3 DAGs
[2024-07-21T23:58:17.782+0000] {logging_mixin.py:188} INFO - [2024-07-21T23:58:17.781+0000] {dag.py:3823} INFO - Setting next_dagrun for example_branch_datetime_operator to 2024-07-20 00:00:00+00:00, run_after=2024-07-21 00:00:00+00:00
[2024-07-21T23:58:17.792+0000] {logging_mixin.py:188} INFO - [2024-07-21T23:58:17.792+0000] {dag.py:3823} INFO - Setting next_dagrun for example_branch_datetime_operator_2 to 2024-07-20 00:00:00+00:00, run_after=2024-07-21 00:00:00+00:00
[2024-07-21T23:58:17.796+0000] {logging_mixin.py:188} INFO - [2024-07-21T23:58:17.796+0000] {dag.py:3823} INFO - Setting next_dagrun for example_branch_datetime_operator_3 to 2024-07-20 00:00:00+00:00, run_after=2024-07-21 00:00:00+00:00
[2024-07-21T23:58:17.824+0000] {processor.py:183} INFO - Processing /home/airflow/.local/lib/python3.8/site-packages/airflow/example_dags/example_branch_datetime_operator.py took 0.133 seconds
[2024-07-21T23:58:48.220+0000] {processor.py:161} INFO - Started process (PID=38172) to work on /home/airflow/.local/lib/python3.8/site-packages/airflow/example_dags/example_branch_datetime_operator.py
[2024-07-21T23:58:48.223+0000] {processor.py:830} INFO - Processing file /home/airflow/.local/lib/python3.8/site-packages/airflow/example_dags/example_branch_datetime_operator.py for tasks to queue
[2024-07-21T23:58:48.226+0000] {logging_mixin.py:188} INFO - [2024-07-21T23:58:48.225+0000] {dagbag.py:538} INFO - Filling up the DagBag from /home/airflow/.local/lib/python3.8/site-packages/airflow/example_dags/example_branch_datetime_operator.py
[2024-07-21T23:58:48.252+0000] {processor.py:840} INFO - DAG(s) 'example_branch_datetime_operator', 'example_branch_datetime_operator_3', 'example_branch_datetime_operator_2' retrieved from /home/airflow/.local/lib/python3.8/site-packages/airflow/example_dags/example_branch_datetime_operator.py
[2024-07-21T23:58:48.312+0000] {logging_mixin.py:188} INFO - [2024-07-21T23:58:48.312+0000] {dag.py:3036} INFO - Sync 3 DAGs
[2024-07-21T23:58:48.357+0000] {logging_mixin.py:188} INFO - [2024-07-21T23:58:48.357+0000] {dag.py:3823} INFO - Setting next_dagrun for example_branch_datetime_operator to 2024-07-20 00:00:00+00:00, run_after=2024-07-21 00:00:00+00:00
[2024-07-21T23:58:48.367+0000] {logging_mixin.py:188} INFO - [2024-07-21T23:58:48.367+0000] {dag.py:3823} INFO - Setting next_dagrun for example_branch_datetime_operator_2 to 2024-07-20 00:00:00+00:00, run_after=2024-07-21 00:00:00+00:00
[2024-07-21T23:58:48.372+0000] {logging_mixin.py:188} INFO - [2024-07-21T23:58:48.371+0000] {dag.py:3823} INFO - Setting next_dagrun for example_branch_datetime_operator_3 to 2024-07-20 00:00:00+00:00, run_after=2024-07-21 00:00:00+00:00
[2024-07-21T23:58:48.401+0000] {processor.py:183} INFO - Processing /home/airflow/.local/lib/python3.8/site-packages/airflow/example_dags/example_branch_datetime_operator.py took 0.187 seconds
[2024-07-21T23:59:19.060+0000] {processor.py:161} INFO - Started process (PID=38229) to work on /home/airflow/.local/lib/python3.8/site-packages/airflow/example_dags/example_branch_datetime_operator.py
[2024-07-21T23:59:19.062+0000] {processor.py:830} INFO - Processing file /home/airflow/.local/lib/python3.8/site-packages/airflow/example_dags/example_branch_datetime_operator.py for tasks to queue
[2024-07-21T23:59:19.064+0000] {logging_mixin.py:188} INFO - [2024-07-21T23:59:19.063+0000] {dagbag.py:538} INFO - Filling up the DagBag from /home/airflow/.local/lib/python3.8/site-packages/airflow/example_dags/example_branch_datetime_operator.py
[2024-07-21T23:59:19.077+0000] {processor.py:840} INFO - DAG(s) 'example_branch_datetime_operator_3', 'example_branch_datetime_operator_2', 'example_branch_datetime_operator' retrieved from /home/airflow/.local/lib/python3.8/site-packages/airflow/example_dags/example_branch_datetime_operator.py
[2024-07-21T23:59:19.125+0000] {logging_mixin.py:188} INFO - [2024-07-21T23:59:19.124+0000] {dag.py:3036} INFO - Sync 3 DAGs
[2024-07-21T23:59:19.154+0000] {logging_mixin.py:188} INFO - [2024-07-21T23:59:19.153+0000] {dag.py:3823} INFO - Setting next_dagrun for example_branch_datetime_operator to 2024-07-20 00:00:00+00:00, run_after=2024-07-21 00:00:00+00:00
[2024-07-21T23:59:19.159+0000] {logging_mixin.py:188} INFO - [2024-07-21T23:59:19.159+0000] {dag.py:3823} INFO - Setting next_dagrun for example_branch_datetime_operator_2 to 2024-07-20 00:00:00+00:00, run_after=2024-07-21 00:00:00+00:00
[2024-07-21T23:59:19.163+0000] {logging_mixin.py:188} INFO - [2024-07-21T23:59:19.163+0000] {dag.py:3823} INFO - Setting next_dagrun for example_branch_datetime_operator_3 to 2024-07-20 00:00:00+00:00, run_after=2024-07-21 00:00:00+00:00
[2024-07-21T23:59:19.186+0000] {processor.py:183} INFO - Processing /home/airflow/.local/lib/python3.8/site-packages/airflow/example_dags/example_branch_datetime_operator.py took 0.131 seconds
[2024-07-21T23:59:49.525+0000] {processor.py:161} INFO - Started process (PID=38286) to work on /home/airflow/.local/lib/python3.8/site-packages/airflow/example_dags/example_branch_datetime_operator.py
[2024-07-21T23:59:49.527+0000] {processor.py:830} INFO - Processing file /home/airflow/.local/lib/python3.8/site-packages/airflow/example_dags/example_branch_datetime_operator.py for tasks to queue
[2024-07-21T23:59:49.529+0000] {logging_mixin.py:188} INFO - [2024-07-21T23:59:49.528+0000] {dagbag.py:538} INFO - Filling up the DagBag from /home/airflow/.local/lib/python3.8/site-packages/airflow/example_dags/example_branch_datetime_operator.py
[2024-07-21T23:59:49.541+0000] {processor.py:840} INFO - DAG(s) 'example_branch_datetime_operator_2', 'example_branch_datetime_operator', 'example_branch_datetime_operator_3' retrieved from /home/airflow/.local/lib/python3.8/site-packages/airflow/example_dags/example_branch_datetime_operator.py
[2024-07-21T23:59:49.577+0000] {logging_mixin.py:188} INFO - [2024-07-21T23:59:49.577+0000] {dag.py:3036} INFO - Sync 3 DAGs
[2024-07-21T23:59:49.605+0000] {logging_mixin.py:188} INFO - [2024-07-21T23:59:49.605+0000] {dag.py:3823} INFO - Setting next_dagrun for example_branch_datetime_operator to 2024-07-20 00:00:00+00:00, run_after=2024-07-21 00:00:00+00:00
[2024-07-21T23:59:49.612+0000] {logging_mixin.py:188} INFO - [2024-07-21T23:59:49.612+0000] {dag.py:3823} INFO - Setting next_dagrun for example_branch_datetime_operator_2 to 2024-07-20 00:00:00+00:00, run_after=2024-07-21 00:00:00+00:00
[2024-07-21T23:59:49.616+0000] {logging_mixin.py:188} INFO - [2024-07-21T23:59:49.616+0000] {dag.py:3823} INFO - Setting next_dagrun for example_branch_datetime_operator_3 to 2024-07-20 00:00:00+00:00, run_after=2024-07-21 00:00:00+00:00
[2024-07-21T23:59:49.650+0000] {processor.py:183} INFO - Processing /home/airflow/.local/lib/python3.8/site-packages/airflow/example_dags/example_branch_datetime_operator.py took 0.130 seconds
