[2024-07-21T23:56:17.051+0000] {processor.py:161} INFO - Started process (PID=37890) to work on /home/airflow/.local/lib/python3.8/site-packages/airflow/example_dags/example_dag_decorator.py
[2024-07-21T23:56:17.066+0000] {processor.py:830} INFO - Processing file /home/airflow/.local/lib/python3.8/site-packages/airflow/example_dags/example_dag_decorator.py for tasks to queue
[2024-07-21T23:56:17.078+0000] {logging_mixin.py:188} INFO - [2024-07-21T23:56:17.071+0000] {dagbag.py:538} INFO - Filling up the DagBag from /home/airflow/.local/lib/python3.8/site-packages/airflow/example_dags/example_dag_decorator.py
[2024-07-21T23:56:17.918+0000] {processor.py:840} INFO - DAG(s) 'example_dag_decorator' retrieved from /home/airflow/.local/lib/python3.8/site-packages/airflow/example_dags/example_dag_decorator.py
[2024-07-21T23:56:18.731+0000] {logging_mixin.py:188} INFO - [2024-07-21T23:56:18.730+0000] {dag.py:3036} INFO - Sync 1 DAGs
[2024-07-21T23:56:18.813+0000] {logging_mixin.py:188} INFO - [2024-07-21T23:56:18.812+0000] {dag.py:3823} INFO - Setting next_dagrun for example_dag_decorator to None, run_after=None
[2024-07-21T23:56:18.988+0000] {processor.py:183} INFO - Processing /home/airflow/.local/lib/python3.8/site-packages/airflow/example_dags/example_dag_decorator.py took 1.957 seconds
[2024-07-21T23:56:49.208+0000] {processor.py:161} INFO - Started process (PID=37952) to work on /home/airflow/.local/lib/python3.8/site-packages/airflow/example_dags/example_dag_decorator.py
[2024-07-21T23:56:49.216+0000] {processor.py:830} INFO - Processing file /home/airflow/.local/lib/python3.8/site-packages/airflow/example_dags/example_dag_decorator.py for tasks to queue
[2024-07-21T23:56:49.222+0000] {logging_mixin.py:188} INFO - [2024-07-21T23:56:49.220+0000] {dagbag.py:538} INFO - Filling up the DagBag from /home/airflow/.local/lib/python3.8/site-packages/airflow/example_dags/example_dag_decorator.py
[2024-07-21T23:56:49.763+0000] {processor.py:840} INFO - DAG(s) 'example_dag_decorator' retrieved from /home/airflow/.local/lib/python3.8/site-packages/airflow/example_dags/example_dag_decorator.py
[2024-07-21T23:56:50.335+0000] {logging_mixin.py:188} INFO - [2024-07-21T23:56:50.334+0000] {dag.py:3036} INFO - Sync 1 DAGs
[2024-07-21T23:56:50.390+0000] {logging_mixin.py:188} INFO - [2024-07-21T23:56:50.390+0000] {dag.py:3823} INFO - Setting next_dagrun for example_dag_decorator to None, run_after=None
[2024-07-21T23:56:50.468+0000] {processor.py:183} INFO - Processing /home/airflow/.local/lib/python3.8/site-packages/airflow/example_dags/example_dag_decorator.py took 1.271 seconds
[2024-07-21T23:57:20.728+0000] {processor.py:161} INFO - Started process (PID=38009) to work on /home/airflow/.local/lib/python3.8/site-packages/airflow/example_dags/example_dag_decorator.py
[2024-07-21T23:57:20.736+0000] {processor.py:830} INFO - Processing file /home/airflow/.local/lib/python3.8/site-packages/airflow/example_dags/example_dag_decorator.py for tasks to queue
[2024-07-21T23:57:20.740+0000] {logging_mixin.py:188} INFO - [2024-07-21T23:57:20.740+0000] {dagbag.py:538} INFO - Filling up the DagBag from /home/airflow/.local/lib/python3.8/site-packages/airflow/example_dags/example_dag_decorator.py
[2024-07-21T23:57:21.056+0000] {processor.py:840} INFO - DAG(s) 'example_dag_decorator' retrieved from /home/airflow/.local/lib/python3.8/site-packages/airflow/example_dags/example_dag_decorator.py
[2024-07-21T23:57:21.333+0000] {logging_mixin.py:188} INFO - [2024-07-21T23:57:21.332+0000] {dag.py:3036} INFO - Sync 1 DAGs
[2024-07-21T23:57:21.365+0000] {logging_mixin.py:188} INFO - [2024-07-21T23:57:21.365+0000] {dag.py:3823} INFO - Setting next_dagrun for example_dag_decorator to None, run_after=None
[2024-07-21T23:57:21.439+0000] {processor.py:183} INFO - Processing /home/airflow/.local/lib/python3.8/site-packages/airflow/example_dags/example_dag_decorator.py took 0.721 seconds
[2024-07-21T23:57:52.324+0000] {processor.py:161} INFO - Started process (PID=38067) to work on /home/airflow/.local/lib/python3.8/site-packages/airflow/example_dags/example_dag_decorator.py
[2024-07-21T23:57:52.327+0000] {processor.py:830} INFO - Processing file /home/airflow/.local/lib/python3.8/site-packages/airflow/example_dags/example_dag_decorator.py for tasks to queue
[2024-07-21T23:57:52.330+0000] {logging_mixin.py:188} INFO - [2024-07-21T23:57:52.329+0000] {dagbag.py:538} INFO - Filling up the DagBag from /home/airflow/.local/lib/python3.8/site-packages/airflow/example_dags/example_dag_decorator.py
[2024-07-21T23:57:52.523+0000] {processor.py:840} INFO - DAG(s) 'example_dag_decorator' retrieved from /home/airflow/.local/lib/python3.8/site-packages/airflow/example_dags/example_dag_decorator.py
[2024-07-21T23:57:52.762+0000] {logging_mixin.py:188} INFO - [2024-07-21T23:57:52.761+0000] {dag.py:3036} INFO - Sync 1 DAGs
[2024-07-21T23:57:52.787+0000] {logging_mixin.py:188} INFO - [2024-07-21T23:57:52.786+0000] {dag.py:3823} INFO - Setting next_dagrun for example_dag_decorator to None, run_after=None
[2024-07-21T23:57:52.830+0000] {processor.py:183} INFO - Processing /home/airflow/.local/lib/python3.8/site-packages/airflow/example_dags/example_dag_decorator.py took 0.511 seconds
[2024-07-21T23:58:22.998+0000] {processor.py:161} INFO - Started process (PID=38124) to work on /home/airflow/.local/lib/python3.8/site-packages/airflow/example_dags/example_dag_decorator.py
[2024-07-21T23:58:22.999+0000] {processor.py:830} INFO - Processing file /home/airflow/.local/lib/python3.8/site-packages/airflow/example_dags/example_dag_decorator.py for tasks to queue
[2024-07-21T23:58:23.001+0000] {logging_mixin.py:188} INFO - [2024-07-21T23:58:23.001+0000] {dagbag.py:538} INFO - Filling up the DagBag from /home/airflow/.local/lib/python3.8/site-packages/airflow/example_dags/example_dag_decorator.py
[2024-07-21T23:58:23.145+0000] {processor.py:840} INFO - DAG(s) 'example_dag_decorator' retrieved from /home/airflow/.local/lib/python3.8/site-packages/airflow/example_dags/example_dag_decorator.py
[2024-07-21T23:58:23.183+0000] {logging_mixin.py:188} INFO - [2024-07-21T23:58:23.183+0000] {dag.py:3036} INFO - Sync 1 DAGs
[2024-07-21T23:58:23.199+0000] {logging_mixin.py:188} INFO - [2024-07-21T23:58:23.199+0000] {dag.py:3823} INFO - Setting next_dagrun for example_dag_decorator to None, run_after=None
[2024-07-21T23:58:23.224+0000] {processor.py:183} INFO - Processing /home/airflow/.local/lib/python3.8/site-packages/airflow/example_dags/example_dag_decorator.py took 0.233 seconds
[2024-07-21T23:58:53.427+0000] {processor.py:161} INFO - Started process (PID=38181) to work on /home/airflow/.local/lib/python3.8/site-packages/airflow/example_dags/example_dag_decorator.py
[2024-07-21T23:58:53.429+0000] {processor.py:830} INFO - Processing file /home/airflow/.local/lib/python3.8/site-packages/airflow/example_dags/example_dag_decorator.py for tasks to queue
[2024-07-21T23:58:53.432+0000] {logging_mixin.py:188} INFO - [2024-07-21T23:58:53.431+0000] {dagbag.py:538} INFO - Filling up the DagBag from /home/airflow/.local/lib/python3.8/site-packages/airflow/example_dags/example_dag_decorator.py
[2024-07-21T23:58:53.652+0000] {processor.py:840} INFO - DAG(s) 'example_dag_decorator' retrieved from /home/airflow/.local/lib/python3.8/site-packages/airflow/example_dags/example_dag_decorator.py
[2024-07-21T23:58:53.701+0000] {logging_mixin.py:188} INFO - [2024-07-21T23:58:53.701+0000] {dag.py:3036} INFO - Sync 1 DAGs
[2024-07-21T23:58:53.725+0000] {logging_mixin.py:188} INFO - [2024-07-21T23:58:53.725+0000] {dag.py:3823} INFO - Setting next_dagrun for example_dag_decorator to None, run_after=None
[2024-07-21T23:58:53.756+0000] {processor.py:183} INFO - Processing /home/airflow/.local/lib/python3.8/site-packages/airflow/example_dags/example_dag_decorator.py took 0.335 seconds
[2024-07-21T23:59:23.928+0000] {processor.py:161} INFO - Started process (PID=38239) to work on /home/airflow/.local/lib/python3.8/site-packages/airflow/example_dags/example_dag_decorator.py
[2024-07-21T23:59:23.929+0000] {processor.py:830} INFO - Processing file /home/airflow/.local/lib/python3.8/site-packages/airflow/example_dags/example_dag_decorator.py for tasks to queue
[2024-07-21T23:59:23.931+0000] {logging_mixin.py:188} INFO - [2024-07-21T23:59:23.931+0000] {dagbag.py:538} INFO - Filling up the DagBag from /home/airflow/.local/lib/python3.8/site-packages/airflow/example_dags/example_dag_decorator.py
[2024-07-21T23:59:24.050+0000] {processor.py:840} INFO - DAG(s) 'example_dag_decorator' retrieved from /home/airflow/.local/lib/python3.8/site-packages/airflow/example_dags/example_dag_decorator.py
[2024-07-21T23:59:24.182+0000] {logging_mixin.py:188} INFO - [2024-07-21T23:59:24.182+0000] {dag.py:3036} INFO - Sync 1 DAGs
[2024-07-21T23:59:24.196+0000] {logging_mixin.py:188} INFO - [2024-07-21T23:59:24.195+0000] {dag.py:3823} INFO - Setting next_dagrun for example_dag_decorator to None, run_after=None
[2024-07-21T23:59:24.220+0000] {processor.py:183} INFO - Processing /home/airflow/.local/lib/python3.8/site-packages/airflow/example_dags/example_dag_decorator.py took 0.296 seconds
[2024-07-21T23:59:54.287+0000] {processor.py:161} INFO - Started process (PID=38297) to work on /home/airflow/.local/lib/python3.8/site-packages/airflow/example_dags/example_dag_decorator.py
[2024-07-21T23:59:54.288+0000] {processor.py:830} INFO - Processing file /home/airflow/.local/lib/python3.8/site-packages/airflow/example_dags/example_dag_decorator.py for tasks to queue
[2024-07-21T23:59:54.290+0000] {logging_mixin.py:188} INFO - [2024-07-21T23:59:54.290+0000] {dagbag.py:538} INFO - Filling up the DagBag from /home/airflow/.local/lib/python3.8/site-packages/airflow/example_dags/example_dag_decorator.py
[2024-07-21T23:59:54.421+0000] {processor.py:840} INFO - DAG(s) 'example_dag_decorator' retrieved from /home/airflow/.local/lib/python3.8/site-packages/airflow/example_dags/example_dag_decorator.py
[2024-07-21T23:59:54.550+0000] {logging_mixin.py:188} INFO - [2024-07-21T23:59:54.550+0000] {dag.py:3036} INFO - Sync 1 DAGs
[2024-07-21T23:59:54.564+0000] {logging_mixin.py:188} INFO - [2024-07-21T23:59:54.564+0000] {dag.py:3823} INFO - Setting next_dagrun for example_dag_decorator to None, run_after=None
[2024-07-21T23:59:54.590+0000] {processor.py:183} INFO - Processing /home/airflow/.local/lib/python3.8/site-packages/airflow/example_dags/example_dag_decorator.py took 0.309 seconds
