[2024-07-21T23:56:21.253+0000] {processor.py:161} INFO - Started process (PID=37898) to work on /home/airflow/.local/lib/python3.8/site-packages/airflow/example_dags/example_sensors.py
[2024-07-21T23:56:21.260+0000] {processor.py:830} INFO - Processing file /home/airflow/.local/lib/python3.8/site-packages/airflow/example_dags/example_sensors.py for tasks to queue
[2024-07-21T23:56:21.273+0000] {logging_mixin.py:188} INFO - [2024-07-21T23:56:21.271+0000] {dagbag.py:538} INFO - Filling up the DagBag from /home/airflow/.local/lib/python3.8/site-packages/airflow/example_dags/example_sensors.py
[2024-07-21T23:56:21.446+0000] {processor.py:840} INFO - DAG(s) 'example_sensors' retrieved from /home/airflow/.local/lib/python3.8/site-packages/airflow/example_dags/example_sensors.py
[2024-07-21T23:56:21.725+0000] {logging_mixin.py:188} INFO - [2024-07-21T23:56:21.724+0000] {dag.py:3036} INFO - Sync 1 DAGs
[2024-07-21T23:56:21.862+0000] {logging_mixin.py:188} INFO - [2024-07-21T23:56:21.861+0000] {dag.py:3823} INFO - Setting next_dagrun for example_sensors to None, run_after=None
[2024-07-21T23:56:22.066+0000] {processor.py:183} INFO - Processing /home/airflow/.local/lib/python3.8/site-packages/airflow/example_dags/example_sensors.py took 1.033 seconds
[2024-07-21T23:56:52.286+0000] {processor.py:161} INFO - Started process (PID=37959) to work on /home/airflow/.local/lib/python3.8/site-packages/airflow/example_dags/example_sensors.py
[2024-07-21T23:56:52.289+0000] {processor.py:830} INFO - Processing file /home/airflow/.local/lib/python3.8/site-packages/airflow/example_dags/example_sensors.py for tasks to queue
[2024-07-21T23:56:52.292+0000] {logging_mixin.py:188} INFO - [2024-07-21T23:56:52.291+0000] {dagbag.py:538} INFO - Filling up the DagBag from /home/airflow/.local/lib/python3.8/site-packages/airflow/example_dags/example_sensors.py
[2024-07-21T23:56:52.330+0000] {processor.py:840} INFO - DAG(s) 'example_sensors' retrieved from /home/airflow/.local/lib/python3.8/site-packages/airflow/example_dags/example_sensors.py
[2024-07-21T23:56:52.409+0000] {logging_mixin.py:188} INFO - [2024-07-21T23:56:52.406+0000] {dag.py:3036} INFO - Sync 1 DAGs
[2024-07-21T23:56:52.460+0000] {logging_mixin.py:188} INFO - [2024-07-21T23:56:52.459+0000] {dag.py:3823} INFO - Setting next_dagrun for example_sensors to None, run_after=None
[2024-07-21T23:56:52.528+0000] {processor.py:183} INFO - Processing /home/airflow/.local/lib/python3.8/site-packages/airflow/example_dags/example_sensors.py took 0.247 seconds
[2024-07-21T23:57:22.835+0000] {processor.py:161} INFO - Started process (PID=38016) to work on /home/airflow/.local/lib/python3.8/site-packages/airflow/example_dags/example_sensors.py
[2024-07-21T23:57:22.839+0000] {processor.py:830} INFO - Processing file /home/airflow/.local/lib/python3.8/site-packages/airflow/example_dags/example_sensors.py for tasks to queue
[2024-07-21T23:57:22.843+0000] {logging_mixin.py:188} INFO - [2024-07-21T23:57:22.842+0000] {dagbag.py:538} INFO - Filling up the DagBag from /home/airflow/.local/lib/python3.8/site-packages/airflow/example_dags/example_sensors.py
[2024-07-21T23:57:22.874+0000] {processor.py:840} INFO - DAG(s) 'example_sensors' retrieved from /home/airflow/.local/lib/python3.8/site-packages/airflow/example_dags/example_sensors.py
[2024-07-21T23:57:22.942+0000] {logging_mixin.py:188} INFO - [2024-07-21T23:57:22.941+0000] {dag.py:3036} INFO - Sync 1 DAGs
[2024-07-21T23:57:22.977+0000] {logging_mixin.py:188} INFO - [2024-07-21T23:57:22.977+0000] {dag.py:3823} INFO - Setting next_dagrun for example_sensors to None, run_after=None
[2024-07-21T23:57:23.022+0000] {processor.py:183} INFO - Processing /home/airflow/.local/lib/python3.8/site-packages/airflow/example_dags/example_sensors.py took 0.197 seconds
[2024-07-21T23:57:53.972+0000] {processor.py:161} INFO - Started process (PID=38073) to work on /home/airflow/.local/lib/python3.8/site-packages/airflow/example_dags/example_sensors.py
[2024-07-21T23:57:53.975+0000] {processor.py:830} INFO - Processing file /home/airflow/.local/lib/python3.8/site-packages/airflow/example_dags/example_sensors.py for tasks to queue
[2024-07-21T23:57:53.977+0000] {logging_mixin.py:188} INFO - [2024-07-21T23:57:53.977+0000] {dagbag.py:538} INFO - Filling up the DagBag from /home/airflow/.local/lib/python3.8/site-packages/airflow/example_dags/example_sensors.py
[2024-07-21T23:57:53.996+0000] {processor.py:840} INFO - DAG(s) 'example_sensors' retrieved from /home/airflow/.local/lib/python3.8/site-packages/airflow/example_dags/example_sensors.py
[2024-07-21T23:57:54.036+0000] {logging_mixin.py:188} INFO - [2024-07-21T23:57:54.036+0000] {dag.py:3036} INFO - Sync 1 DAGs
[2024-07-21T23:57:54.056+0000] {logging_mixin.py:188} INFO - [2024-07-21T23:57:54.056+0000] {dag.py:3823} INFO - Setting next_dagrun for example_sensors to None, run_after=None
[2024-07-21T23:57:54.086+0000] {processor.py:183} INFO - Processing /home/airflow/.local/lib/python3.8/site-packages/airflow/example_dags/example_sensors.py took 0.123 seconds
[2024-07-21T23:58:24.429+0000] {processor.py:161} INFO - Started process (PID=38130) to work on /home/airflow/.local/lib/python3.8/site-packages/airflow/example_dags/example_sensors.py
[2024-07-21T23:58:24.431+0000] {processor.py:830} INFO - Processing file /home/airflow/.local/lib/python3.8/site-packages/airflow/example_dags/example_sensors.py for tasks to queue
[2024-07-21T23:58:24.433+0000] {logging_mixin.py:188} INFO - [2024-07-21T23:58:24.433+0000] {dagbag.py:538} INFO - Filling up the DagBag from /home/airflow/.local/lib/python3.8/site-packages/airflow/example_dags/example_sensors.py
[2024-07-21T23:58:24.445+0000] {processor.py:840} INFO - DAG(s) 'example_sensors' retrieved from /home/airflow/.local/lib/python3.8/site-packages/airflow/example_dags/example_sensors.py
[2024-07-21T23:58:24.479+0000] {logging_mixin.py:188} INFO - [2024-07-21T23:58:24.478+0000] {dag.py:3036} INFO - Sync 1 DAGs
[2024-07-21T23:58:24.497+0000] {logging_mixin.py:188} INFO - [2024-07-21T23:58:24.496+0000] {dag.py:3823} INFO - Setting next_dagrun for example_sensors to None, run_after=None
[2024-07-21T23:58:24.524+0000] {processor.py:183} INFO - Processing /home/airflow/.local/lib/python3.8/site-packages/airflow/example_dags/example_sensors.py took 0.099 seconds
[2024-07-21T23:58:55.006+0000] {processor.py:161} INFO - Started process (PID=38187) to work on /home/airflow/.local/lib/python3.8/site-packages/airflow/example_dags/example_sensors.py
[2024-07-21T23:58:55.007+0000] {processor.py:830} INFO - Processing file /home/airflow/.local/lib/python3.8/site-packages/airflow/example_dags/example_sensors.py for tasks to queue
[2024-07-21T23:58:55.009+0000] {logging_mixin.py:188} INFO - [2024-07-21T23:58:55.009+0000] {dagbag.py:538} INFO - Filling up the DagBag from /home/airflow/.local/lib/python3.8/site-packages/airflow/example_dags/example_sensors.py
[2024-07-21T23:58:55.027+0000] {processor.py:840} INFO - DAG(s) 'example_sensors' retrieved from /home/airflow/.local/lib/python3.8/site-packages/airflow/example_dags/example_sensors.py
[2024-07-21T23:58:55.072+0000] {logging_mixin.py:188} INFO - [2024-07-21T23:58:55.071+0000] {dag.py:3036} INFO - Sync 1 DAGs
[2024-07-21T23:58:55.091+0000] {logging_mixin.py:188} INFO - [2024-07-21T23:58:55.090+0000] {dag.py:3823} INFO - Setting next_dagrun for example_sensors to None, run_after=None
[2024-07-21T23:58:55.130+0000] {processor.py:183} INFO - Processing /home/airflow/.local/lib/python3.8/site-packages/airflow/example_dags/example_sensors.py took 0.129 seconds
[2024-07-21T23:59:25.284+0000] {processor.py:161} INFO - Started process (PID=38244) to work on /home/airflow/.local/lib/python3.8/site-packages/airflow/example_dags/example_sensors.py
[2024-07-21T23:59:25.286+0000] {processor.py:830} INFO - Processing file /home/airflow/.local/lib/python3.8/site-packages/airflow/example_dags/example_sensors.py for tasks to queue
[2024-07-21T23:59:25.288+0000] {logging_mixin.py:188} INFO - [2024-07-21T23:59:25.287+0000] {dagbag.py:538} INFO - Filling up the DagBag from /home/airflow/.local/lib/python3.8/site-packages/airflow/example_dags/example_sensors.py
[2024-07-21T23:59:25.303+0000] {processor.py:840} INFO - DAG(s) 'example_sensors' retrieved from /home/airflow/.local/lib/python3.8/site-packages/airflow/example_dags/example_sensors.py
[2024-07-21T23:59:25.339+0000] {logging_mixin.py:188} INFO - [2024-07-21T23:59:25.339+0000] {dag.py:3036} INFO - Sync 1 DAGs
[2024-07-21T23:59:25.357+0000] {logging_mixin.py:188} INFO - [2024-07-21T23:59:25.357+0000] {dag.py:3823} INFO - Setting next_dagrun for example_sensors to None, run_after=None
[2024-07-21T23:59:25.383+0000] {processor.py:183} INFO - Processing /home/airflow/.local/lib/python3.8/site-packages/airflow/example_dags/example_sensors.py took 0.105 seconds
[2024-07-21T23:59:55.590+0000] {processor.py:161} INFO - Started process (PID=38301) to work on /home/airflow/.local/lib/python3.8/site-packages/airflow/example_dags/example_sensors.py
[2024-07-21T23:59:55.592+0000] {processor.py:830} INFO - Processing file /home/airflow/.local/lib/python3.8/site-packages/airflow/example_dags/example_sensors.py for tasks to queue
[2024-07-21T23:59:55.595+0000] {logging_mixin.py:188} INFO - [2024-07-21T23:59:55.595+0000] {dagbag.py:538} INFO - Filling up the DagBag from /home/airflow/.local/lib/python3.8/site-packages/airflow/example_dags/example_sensors.py
[2024-07-21T23:59:55.610+0000] {processor.py:840} INFO - DAG(s) 'example_sensors' retrieved from /home/airflow/.local/lib/python3.8/site-packages/airflow/example_dags/example_sensors.py
[2024-07-21T23:59:55.650+0000] {logging_mixin.py:188} INFO - [2024-07-21T23:59:55.649+0000] {dag.py:3036} INFO - Sync 1 DAGs
[2024-07-21T23:59:55.666+0000] {logging_mixin.py:188} INFO - [2024-07-21T23:59:55.666+0000] {dag.py:3823} INFO - Setting next_dagrun for example_sensors to None, run_after=None
[2024-07-21T23:59:55.688+0000] {processor.py:183} INFO - Processing /home/airflow/.local/lib/python3.8/site-packages/airflow/example_dags/example_sensors.py took 0.105 seconds
