[2024-07-21T23:56:02.034+0000] {processor.py:161} INFO - Started process (PID=37858) to work on /home/airflow/.local/lib/python3.8/site-packages/airflow/example_dags/example_branch_operator_decorator.py
[2024-07-21T23:56:02.075+0000] {processor.py:830} INFO - Processing file /home/airflow/.local/lib/python3.8/site-packages/airflow/example_dags/example_branch_operator_decorator.py for tasks to queue
[2024-07-21T23:56:02.102+0000] {logging_mixin.py:188} INFO - [2024-07-21T23:56:02.100+0000] {dagbag.py:538} INFO - Filling up the DagBag from /home/airflow/.local/lib/python3.8/site-packages/airflow/example_dags/example_branch_operator_decorator.py
[2024-07-21T23:56:02.270+0000] {processor.py:840} INFO - DAG(s) 'example_branch_python_operator_decorator' retrieved from /home/airflow/.local/lib/python3.8/site-packages/airflow/example_dags/example_branch_operator_decorator.py
[2024-07-21T23:56:02.590+0000] {logging_mixin.py:188} INFO - [2024-07-21T23:56:02.589+0000] {dag.py:3036} INFO - Sync 1 DAGs
[2024-07-21T23:56:02.725+0000] {logging_mixin.py:188} INFO - [2024-07-21T23:56:02.723+0000] {dag.py:3823} INFO - Setting next_dagrun for example_branch_python_operator_decorator to 2024-07-20 00:00:00+00:00, run_after=2024-07-21 00:00:00+00:00
[2024-07-21T23:56:03.171+0000] {processor.py:183} INFO - Processing /home/airflow/.local/lib/python3.8/site-packages/airflow/example_dags/example_branch_operator_decorator.py took 1.157 seconds
[2024-07-21T23:56:34.358+0000] {processor.py:161} INFO - Started process (PID=37920) to work on /home/airflow/.local/lib/python3.8/site-packages/airflow/example_dags/example_branch_operator_decorator.py
[2024-07-21T23:56:34.369+0000] {processor.py:830} INFO - Processing file /home/airflow/.local/lib/python3.8/site-packages/airflow/example_dags/example_branch_operator_decorator.py for tasks to queue
[2024-07-21T23:56:34.373+0000] {logging_mixin.py:188} INFO - [2024-07-21T23:56:34.372+0000] {dagbag.py:538} INFO - Filling up the DagBag from /home/airflow/.local/lib/python3.8/site-packages/airflow/example_dags/example_branch_operator_decorator.py
[2024-07-21T23:56:34.474+0000] {processor.py:840} INFO - DAG(s) 'example_branch_python_operator_decorator' retrieved from /home/airflow/.local/lib/python3.8/site-packages/airflow/example_dags/example_branch_operator_decorator.py
[2024-07-21T23:56:34.586+0000] {logging_mixin.py:188} INFO - [2024-07-21T23:56:34.585+0000] {dag.py:3036} INFO - Sync 1 DAGs
[2024-07-21T23:56:34.683+0000] {logging_mixin.py:188} INFO - [2024-07-21T23:56:34.681+0000] {dag.py:3823} INFO - Setting next_dagrun for example_branch_python_operator_decorator to 2024-07-20 00:00:00+00:00, run_after=2024-07-21 00:00:00+00:00
[2024-07-21T23:56:34.779+0000] {processor.py:183} INFO - Processing /home/airflow/.local/lib/python3.8/site-packages/airflow/example_dags/example_branch_operator_decorator.py took 0.432 seconds
[2024-07-21T23:57:05.231+0000] {processor.py:161} INFO - Started process (PID=37977) to work on /home/airflow/.local/lib/python3.8/site-packages/airflow/example_dags/example_branch_operator_decorator.py
[2024-07-21T23:57:05.232+0000] {processor.py:830} INFO - Processing file /home/airflow/.local/lib/python3.8/site-packages/airflow/example_dags/example_branch_operator_decorator.py for tasks to queue
[2024-07-21T23:57:05.234+0000] {logging_mixin.py:188} INFO - [2024-07-21T23:57:05.234+0000] {dagbag.py:538} INFO - Filling up the DagBag from /home/airflow/.local/lib/python3.8/site-packages/airflow/example_dags/example_branch_operator_decorator.py
[2024-07-21T23:57:05.283+0000] {processor.py:840} INFO - DAG(s) 'example_branch_python_operator_decorator' retrieved from /home/airflow/.local/lib/python3.8/site-packages/airflow/example_dags/example_branch_operator_decorator.py
[2024-07-21T23:57:05.341+0000] {logging_mixin.py:188} INFO - [2024-07-21T23:57:05.341+0000] {dag.py:3036} INFO - Sync 1 DAGs
[2024-07-21T23:57:05.394+0000] {logging_mixin.py:188} INFO - [2024-07-21T23:57:05.393+0000] {dag.py:3823} INFO - Setting next_dagrun for example_branch_python_operator_decorator to 2024-07-20 00:00:00+00:00, run_after=2024-07-21 00:00:00+00:00
[2024-07-21T23:57:05.432+0000] {processor.py:183} INFO - Processing /home/airflow/.local/lib/python3.8/site-packages/airflow/example_dags/example_branch_operator_decorator.py took 0.207 seconds
[2024-07-21T23:57:36.222+0000] {processor.py:161} INFO - Started process (PID=38034) to work on /home/airflow/.local/lib/python3.8/site-packages/airflow/example_dags/example_branch_operator_decorator.py
[2024-07-21T23:57:36.224+0000] {processor.py:830} INFO - Processing file /home/airflow/.local/lib/python3.8/site-packages/airflow/example_dags/example_branch_operator_decorator.py for tasks to queue
[2024-07-21T23:57:36.227+0000] {logging_mixin.py:188} INFO - [2024-07-21T23:57:36.226+0000] {dagbag.py:538} INFO - Filling up the DagBag from /home/airflow/.local/lib/python3.8/site-packages/airflow/example_dags/example_branch_operator_decorator.py
[2024-07-21T23:57:36.264+0000] {processor.py:840} INFO - DAG(s) 'example_branch_python_operator_decorator' retrieved from /home/airflow/.local/lib/python3.8/site-packages/airflow/example_dags/example_branch_operator_decorator.py
[2024-07-21T23:57:36.313+0000] {logging_mixin.py:188} INFO - [2024-07-21T23:57:36.312+0000] {dag.py:3036} INFO - Sync 1 DAGs
[2024-07-21T23:57:36.360+0000] {logging_mixin.py:188} INFO - [2024-07-21T23:57:36.359+0000] {dag.py:3823} INFO - Setting next_dagrun for example_branch_python_operator_decorator to 2024-07-20 00:00:00+00:00, run_after=2024-07-21 00:00:00+00:00
[2024-07-21T23:57:36.395+0000] {processor.py:183} INFO - Processing /home/airflow/.local/lib/python3.8/site-packages/airflow/example_dags/example_branch_operator_decorator.py took 0.179 seconds
[2024-07-21T23:58:06.474+0000] {processor.py:161} INFO - Started process (PID=38091) to work on /home/airflow/.local/lib/python3.8/site-packages/airflow/example_dags/example_branch_operator_decorator.py
[2024-07-21T23:58:06.476+0000] {processor.py:830} INFO - Processing file /home/airflow/.local/lib/python3.8/site-packages/airflow/example_dags/example_branch_operator_decorator.py for tasks to queue
[2024-07-21T23:58:06.479+0000] {logging_mixin.py:188} INFO - [2024-07-21T23:58:06.478+0000] {dagbag.py:538} INFO - Filling up the DagBag from /home/airflow/.local/lib/python3.8/site-packages/airflow/example_dags/example_branch_operator_decorator.py
[2024-07-21T23:58:06.510+0000] {processor.py:840} INFO - DAG(s) 'example_branch_python_operator_decorator' retrieved from /home/airflow/.local/lib/python3.8/site-packages/airflow/example_dags/example_branch_operator_decorator.py
[2024-07-21T23:58:06.551+0000] {logging_mixin.py:188} INFO - [2024-07-21T23:58:06.551+0000] {dag.py:3036} INFO - Sync 1 DAGs
[2024-07-21T23:58:06.579+0000] {logging_mixin.py:188} INFO - [2024-07-21T23:58:06.578+0000] {dag.py:3823} INFO - Setting next_dagrun for example_branch_python_operator_decorator to 2024-07-20 00:00:00+00:00, run_after=2024-07-21 00:00:00+00:00
[2024-07-21T23:58:06.602+0000] {processor.py:183} INFO - Processing /home/airflow/.local/lib/python3.8/site-packages/airflow/example_dags/example_branch_operator_decorator.py took 0.133 seconds
[2024-07-21T23:58:36.829+0000] {processor.py:161} INFO - Started process (PID=38148) to work on /home/airflow/.local/lib/python3.8/site-packages/airflow/example_dags/example_branch_operator_decorator.py
[2024-07-21T23:58:36.831+0000] {processor.py:830} INFO - Processing file /home/airflow/.local/lib/python3.8/site-packages/airflow/example_dags/example_branch_operator_decorator.py for tasks to queue
[2024-07-21T23:58:36.833+0000] {logging_mixin.py:188} INFO - [2024-07-21T23:58:36.832+0000] {dagbag.py:538} INFO - Filling up the DagBag from /home/airflow/.local/lib/python3.8/site-packages/airflow/example_dags/example_branch_operator_decorator.py
[2024-07-21T23:58:36.866+0000] {processor.py:840} INFO - DAG(s) 'example_branch_python_operator_decorator' retrieved from /home/airflow/.local/lib/python3.8/site-packages/airflow/example_dags/example_branch_operator_decorator.py
[2024-07-21T23:58:36.927+0000] {logging_mixin.py:188} INFO - [2024-07-21T23:58:36.926+0000] {dag.py:3036} INFO - Sync 1 DAGs
[2024-07-21T23:58:36.973+0000] {logging_mixin.py:188} INFO - [2024-07-21T23:58:36.973+0000] {dag.py:3823} INFO - Setting next_dagrun for example_branch_python_operator_decorator to 2024-07-20 00:00:00+00:00, run_after=2024-07-21 00:00:00+00:00
[2024-07-21T23:58:37.013+0000] {processor.py:183} INFO - Processing /home/airflow/.local/lib/python3.8/site-packages/airflow/example_dags/example_branch_operator_decorator.py took 0.188 seconds
[2024-07-21T23:59:07.647+0000] {processor.py:161} INFO - Started process (PID=38205) to work on /home/airflow/.local/lib/python3.8/site-packages/airflow/example_dags/example_branch_operator_decorator.py
[2024-07-21T23:59:07.650+0000] {processor.py:830} INFO - Processing file /home/airflow/.local/lib/python3.8/site-packages/airflow/example_dags/example_branch_operator_decorator.py for tasks to queue
[2024-07-21T23:59:07.652+0000] {logging_mixin.py:188} INFO - [2024-07-21T23:59:07.652+0000] {dagbag.py:538} INFO - Filling up the DagBag from /home/airflow/.local/lib/python3.8/site-packages/airflow/example_dags/example_branch_operator_decorator.py
[2024-07-21T23:59:07.697+0000] {processor.py:840} INFO - DAG(s) 'example_branch_python_operator_decorator' retrieved from /home/airflow/.local/lib/python3.8/site-packages/airflow/example_dags/example_branch_operator_decorator.py
[2024-07-21T23:59:07.744+0000] {logging_mixin.py:188} INFO - [2024-07-21T23:59:07.744+0000] {dag.py:3036} INFO - Sync 1 DAGs
[2024-07-21T23:59:07.803+0000] {logging_mixin.py:188} INFO - [2024-07-21T23:59:07.802+0000] {dag.py:3823} INFO - Setting next_dagrun for example_branch_python_operator_decorator to 2024-07-20 00:00:00+00:00, run_after=2024-07-21 00:00:00+00:00
[2024-07-21T23:59:07.847+0000] {processor.py:183} INFO - Processing /home/airflow/.local/lib/python3.8/site-packages/airflow/example_dags/example_branch_operator_decorator.py took 0.206 seconds
[2024-07-21T23:59:37.931+0000] {processor.py:161} INFO - Started process (PID=38262) to work on /home/airflow/.local/lib/python3.8/site-packages/airflow/example_dags/example_branch_operator_decorator.py
[2024-07-21T23:59:37.934+0000] {processor.py:830} INFO - Processing file /home/airflow/.local/lib/python3.8/site-packages/airflow/example_dags/example_branch_operator_decorator.py for tasks to queue
[2024-07-21T23:59:37.935+0000] {logging_mixin.py:188} INFO - [2024-07-21T23:59:37.935+0000] {dagbag.py:538} INFO - Filling up the DagBag from /home/airflow/.local/lib/python3.8/site-packages/airflow/example_dags/example_branch_operator_decorator.py
[2024-07-21T23:59:37.960+0000] {processor.py:840} INFO - DAG(s) 'example_branch_python_operator_decorator' retrieved from /home/airflow/.local/lib/python3.8/site-packages/airflow/example_dags/example_branch_operator_decorator.py
[2024-07-21T23:59:37.993+0000] {logging_mixin.py:188} INFO - [2024-07-21T23:59:37.992+0000] {dag.py:3036} INFO - Sync 1 DAGs
[2024-07-21T23:59:38.022+0000] {logging_mixin.py:188} INFO - [2024-07-21T23:59:38.021+0000] {dag.py:3823} INFO - Setting next_dagrun for example_branch_python_operator_decorator to 2024-07-20 00:00:00+00:00, run_after=2024-07-21 00:00:00+00:00
[2024-07-21T23:59:38.045+0000] {processor.py:183} INFO - Processing /home/airflow/.local/lib/python3.8/site-packages/airflow/example_dags/example_branch_operator_decorator.py took 0.118 seconds
