[2024-07-21T23:56:29.860+0000] {processor.py:161} INFO - Started process (PID=37913) to work on /home/airflow/.local/lib/python3.8/site-packages/airflow/example_dags/example_dynamic_task_mapping_with_no_taskflow_operators.py
[2024-07-21T23:56:29.866+0000] {processor.py:830} INFO - Processing file /home/airflow/.local/lib/python3.8/site-packages/airflow/example_dags/example_dynamic_task_mapping_with_no_taskflow_operators.py for tasks to queue
[2024-07-21T23:56:29.871+0000] {logging_mixin.py:188} INFO - [2024-07-21T23:56:29.870+0000] {dagbag.py:538} INFO - Filling up the DagBag from /home/airflow/.local/lib/python3.8/site-packages/airflow/example_dags/example_dynamic_task_mapping_with_no_taskflow_operators.py
[2024-07-21T23:56:29.904+0000] {processor.py:840} INFO - DAG(s) 'example_dynamic_task_mapping_with_no_taskflow_operators' retrieved from /home/airflow/.local/lib/python3.8/site-packages/airflow/example_dags/example_dynamic_task_mapping_with_no_taskflow_operators.py
[2024-07-21T23:56:29.995+0000] {logging_mixin.py:188} INFO - [2024-07-21T23:56:29.994+0000] {dag.py:3036} INFO - Sync 1 DAGs
[2024-07-21T23:56:30.091+0000] {logging_mixin.py:188} INFO - [2024-07-21T23:56:30.088+0000] {dag.py:3823} INFO - Setting next_dagrun for example_dynamic_task_mapping_with_no_taskflow_operators to 2024-07-20 00:00:00+00:00, run_after=2024-07-21 00:00:00+00:00
[2024-07-21T23:56:30.186+0000] {processor.py:183} INFO - Processing /home/airflow/.local/lib/python3.8/site-packages/airflow/example_dags/example_dynamic_task_mapping_with_no_taskflow_operators.py took 0.342 seconds
[2024-07-21T23:57:00.752+0000] {processor.py:161} INFO - Started process (PID=37974) to work on /home/airflow/.local/lib/python3.8/site-packages/airflow/example_dags/example_dynamic_task_mapping_with_no_taskflow_operators.py
[2024-07-21T23:57:00.756+0000] {processor.py:830} INFO - Processing file /home/airflow/.local/lib/python3.8/site-packages/airflow/example_dags/example_dynamic_task_mapping_with_no_taskflow_operators.py for tasks to queue
[2024-07-21T23:57:00.759+0000] {logging_mixin.py:188} INFO - [2024-07-21T23:57:00.759+0000] {dagbag.py:538} INFO - Filling up the DagBag from /home/airflow/.local/lib/python3.8/site-packages/airflow/example_dags/example_dynamic_task_mapping_with_no_taskflow_operators.py
[2024-07-21T23:57:00.787+0000] {processor.py:840} INFO - DAG(s) 'example_dynamic_task_mapping_with_no_taskflow_operators' retrieved from /home/airflow/.local/lib/python3.8/site-packages/airflow/example_dags/example_dynamic_task_mapping_with_no_taskflow_operators.py
[2024-07-21T23:57:00.903+0000] {logging_mixin.py:188} INFO - [2024-07-21T23:57:00.897+0000] {dag.py:3036} INFO - Sync 1 DAGs
[2024-07-21T23:57:01.013+0000] {logging_mixin.py:188} INFO - [2024-07-21T23:57:01.012+0000] {dag.py:3823} INFO - Setting next_dagrun for example_dynamic_task_mapping_with_no_taskflow_operators to 2024-07-20 00:00:00+00:00, run_after=2024-07-21 00:00:00+00:00
[2024-07-21T23:57:01.081+0000] {processor.py:183} INFO - Processing /home/airflow/.local/lib/python3.8/site-packages/airflow/example_dags/example_dynamic_task_mapping_with_no_taskflow_operators.py took 0.346 seconds
[2024-07-21T23:57:32.001+0000] {processor.py:161} INFO - Started process (PID=38031) to work on /home/airflow/.local/lib/python3.8/site-packages/airflow/example_dags/example_dynamic_task_mapping_with_no_taskflow_operators.py
[2024-07-21T23:57:32.003+0000] {processor.py:830} INFO - Processing file /home/airflow/.local/lib/python3.8/site-packages/airflow/example_dags/example_dynamic_task_mapping_with_no_taskflow_operators.py for tasks to queue
[2024-07-21T23:57:32.006+0000] {logging_mixin.py:188} INFO - [2024-07-21T23:57:32.005+0000] {dagbag.py:538} INFO - Filling up the DagBag from /home/airflow/.local/lib/python3.8/site-packages/airflow/example_dags/example_dynamic_task_mapping_with_no_taskflow_operators.py
[2024-07-21T23:57:32.016+0000] {processor.py:840} INFO - DAG(s) 'example_dynamic_task_mapping_with_no_taskflow_operators' retrieved from /home/airflow/.local/lib/python3.8/site-packages/airflow/example_dags/example_dynamic_task_mapping_with_no_taskflow_operators.py
[2024-07-21T23:57:32.051+0000] {logging_mixin.py:188} INFO - [2024-07-21T23:57:32.050+0000] {dag.py:3036} INFO - Sync 1 DAGs
[2024-07-21T23:57:32.088+0000] {logging_mixin.py:188} INFO - [2024-07-21T23:57:32.088+0000] {dag.py:3823} INFO - Setting next_dagrun for example_dynamic_task_mapping_with_no_taskflow_operators to 2024-07-20 00:00:00+00:00, run_after=2024-07-21 00:00:00+00:00
[2024-07-21T23:57:32.127+0000] {processor.py:183} INFO - Processing /home/airflow/.local/lib/python3.8/site-packages/airflow/example_dags/example_dynamic_task_mapping_with_no_taskflow_operators.py took 0.130 seconds
[2024-07-21T23:58:02.296+0000] {processor.py:161} INFO - Started process (PID=38088) to work on /home/airflow/.local/lib/python3.8/site-packages/airflow/example_dags/example_dynamic_task_mapping_with_no_taskflow_operators.py
[2024-07-21T23:58:02.298+0000] {processor.py:830} INFO - Processing file /home/airflow/.local/lib/python3.8/site-packages/airflow/example_dags/example_dynamic_task_mapping_with_no_taskflow_operators.py for tasks to queue
[2024-07-21T23:58:02.299+0000] {logging_mixin.py:188} INFO - [2024-07-21T23:58:02.299+0000] {dagbag.py:538} INFO - Filling up the DagBag from /home/airflow/.local/lib/python3.8/site-packages/airflow/example_dags/example_dynamic_task_mapping_with_no_taskflow_operators.py
[2024-07-21T23:58:02.308+0000] {processor.py:840} INFO - DAG(s) 'example_dynamic_task_mapping_with_no_taskflow_operators' retrieved from /home/airflow/.local/lib/python3.8/site-packages/airflow/example_dags/example_dynamic_task_mapping_with_no_taskflow_operators.py
[2024-07-21T23:58:02.335+0000] {logging_mixin.py:188} INFO - [2024-07-21T23:58:02.335+0000] {dag.py:3036} INFO - Sync 1 DAGs
[2024-07-21T23:58:02.363+0000] {logging_mixin.py:188} INFO - [2024-07-21T23:58:02.363+0000] {dag.py:3823} INFO - Setting next_dagrun for example_dynamic_task_mapping_with_no_taskflow_operators to 2024-07-20 00:00:00+00:00, run_after=2024-07-21 00:00:00+00:00
[2024-07-21T23:58:02.390+0000] {processor.py:183} INFO - Processing /home/airflow/.local/lib/python3.8/site-packages/airflow/example_dags/example_dynamic_task_mapping_with_no_taskflow_operators.py took 0.099 seconds
[2024-07-21T23:58:32.694+0000] {processor.py:161} INFO - Started process (PID=38145) to work on /home/airflow/.local/lib/python3.8/site-packages/airflow/example_dags/example_dynamic_task_mapping_with_no_taskflow_operators.py
[2024-07-21T23:58:32.696+0000] {processor.py:830} INFO - Processing file /home/airflow/.local/lib/python3.8/site-packages/airflow/example_dags/example_dynamic_task_mapping_with_no_taskflow_operators.py for tasks to queue
[2024-07-21T23:58:32.698+0000] {logging_mixin.py:188} INFO - [2024-07-21T23:58:32.697+0000] {dagbag.py:538} INFO - Filling up the DagBag from /home/airflow/.local/lib/python3.8/site-packages/airflow/example_dags/example_dynamic_task_mapping_with_no_taskflow_operators.py
[2024-07-21T23:58:32.710+0000] {processor.py:840} INFO - DAG(s) 'example_dynamic_task_mapping_with_no_taskflow_operators' retrieved from /home/airflow/.local/lib/python3.8/site-packages/airflow/example_dags/example_dynamic_task_mapping_with_no_taskflow_operators.py
[2024-07-21T23:58:32.739+0000] {logging_mixin.py:188} INFO - [2024-07-21T23:58:32.739+0000] {dag.py:3036} INFO - Sync 1 DAGs
[2024-07-21T23:58:32.766+0000] {logging_mixin.py:188} INFO - [2024-07-21T23:58:32.766+0000] {dag.py:3823} INFO - Setting next_dagrun for example_dynamic_task_mapping_with_no_taskflow_operators to 2024-07-20 00:00:00+00:00, run_after=2024-07-21 00:00:00+00:00
[2024-07-21T23:58:32.794+0000] {processor.py:183} INFO - Processing /home/airflow/.local/lib/python3.8/site-packages/airflow/example_dags/example_dynamic_task_mapping_with_no_taskflow_operators.py took 0.105 seconds
[2024-07-21T23:59:03.400+0000] {processor.py:161} INFO - Started process (PID=38202) to work on /home/airflow/.local/lib/python3.8/site-packages/airflow/example_dags/example_dynamic_task_mapping_with_no_taskflow_operators.py
[2024-07-21T23:59:03.403+0000] {processor.py:830} INFO - Processing file /home/airflow/.local/lib/python3.8/site-packages/airflow/example_dags/example_dynamic_task_mapping_with_no_taskflow_operators.py for tasks to queue
[2024-07-21T23:59:03.405+0000] {logging_mixin.py:188} INFO - [2024-07-21T23:59:03.404+0000] {dagbag.py:538} INFO - Filling up the DagBag from /home/airflow/.local/lib/python3.8/site-packages/airflow/example_dags/example_dynamic_task_mapping_with_no_taskflow_operators.py
[2024-07-21T23:59:03.416+0000] {processor.py:840} INFO - DAG(s) 'example_dynamic_task_mapping_with_no_taskflow_operators' retrieved from /home/airflow/.local/lib/python3.8/site-packages/airflow/example_dags/example_dynamic_task_mapping_with_no_taskflow_operators.py
[2024-07-21T23:59:03.446+0000] {logging_mixin.py:188} INFO - [2024-07-21T23:59:03.445+0000] {dag.py:3036} INFO - Sync 1 DAGs
[2024-07-21T23:59:03.481+0000] {logging_mixin.py:188} INFO - [2024-07-21T23:59:03.481+0000] {dag.py:3823} INFO - Setting next_dagrun for example_dynamic_task_mapping_with_no_taskflow_operators to 2024-07-20 00:00:00+00:00, run_after=2024-07-21 00:00:00+00:00
[2024-07-21T23:59:03.516+0000] {processor.py:183} INFO - Processing /home/airflow/.local/lib/python3.8/site-packages/airflow/example_dags/example_dynamic_task_mapping_with_no_taskflow_operators.py took 0.125 seconds
[2024-07-21T23:59:33.710+0000] {processor.py:161} INFO - Started process (PID=38259) to work on /home/airflow/.local/lib/python3.8/site-packages/airflow/example_dags/example_dynamic_task_mapping_with_no_taskflow_operators.py
[2024-07-21T23:59:33.713+0000] {processor.py:830} INFO - Processing file /home/airflow/.local/lib/python3.8/site-packages/airflow/example_dags/example_dynamic_task_mapping_with_no_taskflow_operators.py for tasks to queue
[2024-07-21T23:59:33.718+0000] {logging_mixin.py:188} INFO - [2024-07-21T23:59:33.717+0000] {dagbag.py:538} INFO - Filling up the DagBag from /home/airflow/.local/lib/python3.8/site-packages/airflow/example_dags/example_dynamic_task_mapping_with_no_taskflow_operators.py
[2024-07-21T23:59:33.736+0000] {processor.py:840} INFO - DAG(s) 'example_dynamic_task_mapping_with_no_taskflow_operators' retrieved from /home/airflow/.local/lib/python3.8/site-packages/airflow/example_dags/example_dynamic_task_mapping_with_no_taskflow_operators.py
[2024-07-21T23:59:33.780+0000] {logging_mixin.py:188} INFO - [2024-07-21T23:59:33.779+0000] {dag.py:3036} INFO - Sync 1 DAGs
[2024-07-21T23:59:33.820+0000] {logging_mixin.py:188} INFO - [2024-07-21T23:59:33.820+0000] {dag.py:3823} INFO - Setting next_dagrun for example_dynamic_task_mapping_with_no_taskflow_operators to 2024-07-20 00:00:00+00:00, run_after=2024-07-21 00:00:00+00:00
[2024-07-21T23:59:33.852+0000] {processor.py:183} INFO - Processing /home/airflow/.local/lib/python3.8/site-packages/airflow/example_dags/example_dynamic_task_mapping_with_no_taskflow_operators.py took 0.149 seconds
