[2024-07-21T23:56:14.615+0000] {processor.py:161} INFO - Started process (PID=37886) to work on /home/airflow/.local/lib/python3.8/site-packages/airflow/example_dags/example_params_trigger_ui.py
[2024-07-21T23:56:14.648+0000] {processor.py:830} INFO - Processing file /home/airflow/.local/lib/python3.8/site-packages/airflow/example_dags/example_params_trigger_ui.py for tasks to queue
[2024-07-21T23:56:14.702+0000] {logging_mixin.py:188} INFO - [2024-07-21T23:56:14.700+0000] {dagbag.py:538} INFO - Filling up the DagBag from /home/airflow/.local/lib/python3.8/site-packages/airflow/example_dags/example_params_trigger_ui.py
[2024-07-21T23:56:14.861+0000] {processor.py:840} INFO - DAG(s) 'example_params_trigger_ui' retrieved from /home/airflow/.local/lib/python3.8/site-packages/airflow/example_dags/example_params_trigger_ui.py
[2024-07-21T23:56:15.521+0000] {logging_mixin.py:188} INFO - [2024-07-21T23:56:15.520+0000] {dag.py:3036} INFO - Sync 1 DAGs
[2024-07-21T23:56:15.656+0000] {logging_mixin.py:188} INFO - [2024-07-21T23:56:15.655+0000] {dag.py:3823} INFO - Setting next_dagrun for example_params_trigger_ui to None, run_after=None
[2024-07-21T23:56:15.940+0000] {processor.py:183} INFO - Processing /home/airflow/.local/lib/python3.8/site-packages/airflow/example_dags/example_params_trigger_ui.py took 1.358 seconds
[2024-07-21T23:56:46.466+0000] {processor.py:161} INFO - Started process (PID=37947) to work on /home/airflow/.local/lib/python3.8/site-packages/airflow/example_dags/example_params_trigger_ui.py
[2024-07-21T23:56:46.478+0000] {processor.py:830} INFO - Processing file /home/airflow/.local/lib/python3.8/site-packages/airflow/example_dags/example_params_trigger_ui.py for tasks to queue
[2024-07-21T23:56:46.483+0000] {logging_mixin.py:188} INFO - [2024-07-21T23:56:46.482+0000] {dagbag.py:538} INFO - Filling up the DagBag from /home/airflow/.local/lib/python3.8/site-packages/airflow/example_dags/example_params_trigger_ui.py
[2024-07-21T23:56:46.565+0000] {processor.py:840} INFO - DAG(s) 'example_params_trigger_ui' retrieved from /home/airflow/.local/lib/python3.8/site-packages/airflow/example_dags/example_params_trigger_ui.py
[2024-07-21T23:56:46.870+0000] {logging_mixin.py:188} INFO - [2024-07-21T23:56:46.869+0000] {dag.py:3036} INFO - Sync 1 DAGs
[2024-07-21T23:56:46.936+0000] {logging_mixin.py:188} INFO - [2024-07-21T23:56:46.935+0000] {dag.py:3823} INFO - Setting next_dagrun for example_params_trigger_ui to None, run_after=None
[2024-07-21T23:56:47.011+0000] {processor.py:183} INFO - Processing /home/airflow/.local/lib/python3.8/site-packages/airflow/example_dags/example_params_trigger_ui.py took 0.557 seconds
[2024-07-21T23:57:17.891+0000] {processor.py:161} INFO - Started process (PID=38004) to work on /home/airflow/.local/lib/python3.8/site-packages/airflow/example_dags/example_params_trigger_ui.py
[2024-07-21T23:57:17.894+0000] {processor.py:830} INFO - Processing file /home/airflow/.local/lib/python3.8/site-packages/airflow/example_dags/example_params_trigger_ui.py for tasks to queue
[2024-07-21T23:57:17.897+0000] {logging_mixin.py:188} INFO - [2024-07-21T23:57:17.896+0000] {dagbag.py:538} INFO - Filling up the DagBag from /home/airflow/.local/lib/python3.8/site-packages/airflow/example_dags/example_params_trigger_ui.py
[2024-07-21T23:57:17.926+0000] {processor.py:840} INFO - DAG(s) 'example_params_trigger_ui' retrieved from /home/airflow/.local/lib/python3.8/site-packages/airflow/example_dags/example_params_trigger_ui.py
[2024-07-21T23:57:18.048+0000] {logging_mixin.py:188} INFO - [2024-07-21T23:57:18.048+0000] {dag.py:3036} INFO - Sync 1 DAGs
[2024-07-21T23:57:18.073+0000] {logging_mixin.py:188} INFO - [2024-07-21T23:57:18.072+0000] {dag.py:3823} INFO - Setting next_dagrun for example_params_trigger_ui to None, run_after=None
[2024-07-21T23:57:18.157+0000] {processor.py:183} INFO - Processing /home/airflow/.local/lib/python3.8/site-packages/airflow/example_dags/example_params_trigger_ui.py took 0.275 seconds
[2024-07-21T23:57:48.406+0000] {processor.py:161} INFO - Started process (PID=38062) to work on /home/airflow/.local/lib/python3.8/site-packages/airflow/example_dags/example_params_trigger_ui.py
[2024-07-21T23:57:48.409+0000] {processor.py:830} INFO - Processing file /home/airflow/.local/lib/python3.8/site-packages/airflow/example_dags/example_params_trigger_ui.py for tasks to queue
[2024-07-21T23:57:48.411+0000] {logging_mixin.py:188} INFO - [2024-07-21T23:57:48.410+0000] {dagbag.py:538} INFO - Filling up the DagBag from /home/airflow/.local/lib/python3.8/site-packages/airflow/example_dags/example_params_trigger_ui.py
[2024-07-21T23:57:48.440+0000] {processor.py:840} INFO - DAG(s) 'example_params_trigger_ui' retrieved from /home/airflow/.local/lib/python3.8/site-packages/airflow/example_dags/example_params_trigger_ui.py
[2024-07-21T23:57:48.538+0000] {logging_mixin.py:188} INFO - [2024-07-21T23:57:48.537+0000] {dag.py:3036} INFO - Sync 1 DAGs
[2024-07-21T23:57:48.560+0000] {logging_mixin.py:188} INFO - [2024-07-21T23:57:48.560+0000] {dag.py:3823} INFO - Setting next_dagrun for example_params_trigger_ui to None, run_after=None
[2024-07-21T23:57:48.608+0000] {processor.py:183} INFO - Processing /home/airflow/.local/lib/python3.8/site-packages/airflow/example_dags/example_params_trigger_ui.py took 0.208 seconds
[2024-07-21T23:58:18.713+0000] {processor.py:161} INFO - Started process (PID=38116) to work on /home/airflow/.local/lib/python3.8/site-packages/airflow/example_dags/example_params_trigger_ui.py
[2024-07-21T23:58:18.715+0000] {processor.py:830} INFO - Processing file /home/airflow/.local/lib/python3.8/site-packages/airflow/example_dags/example_params_trigger_ui.py for tasks to queue
[2024-07-21T23:58:18.717+0000] {logging_mixin.py:188} INFO - [2024-07-21T23:58:18.716+0000] {dagbag.py:538} INFO - Filling up the DagBag from /home/airflow/.local/lib/python3.8/site-packages/airflow/example_dags/example_params_trigger_ui.py
[2024-07-21T23:58:18.739+0000] {processor.py:840} INFO - DAG(s) 'example_params_trigger_ui' retrieved from /home/airflow/.local/lib/python3.8/site-packages/airflow/example_dags/example_params_trigger_ui.py
[2024-07-21T23:58:18.817+0000] {logging_mixin.py:188} INFO - [2024-07-21T23:58:18.817+0000] {dag.py:3036} INFO - Sync 1 DAGs
[2024-07-21T23:58:18.832+0000] {logging_mixin.py:188} INFO - [2024-07-21T23:58:18.832+0000] {dag.py:3823} INFO - Setting next_dagrun for example_params_trigger_ui to None, run_after=None
[2024-07-21T23:58:18.862+0000] {processor.py:183} INFO - Processing /home/airflow/.local/lib/python3.8/site-packages/airflow/example_dags/example_params_trigger_ui.py took 0.154 seconds
[2024-07-21T23:58:49.238+0000] {processor.py:161} INFO - Started process (PID=38173) to work on /home/airflow/.local/lib/python3.8/site-packages/airflow/example_dags/example_params_trigger_ui.py
[2024-07-21T23:58:49.242+0000] {processor.py:830} INFO - Processing file /home/airflow/.local/lib/python3.8/site-packages/airflow/example_dags/example_params_trigger_ui.py for tasks to queue
[2024-07-21T23:58:49.245+0000] {logging_mixin.py:188} INFO - [2024-07-21T23:58:49.244+0000] {dagbag.py:538} INFO - Filling up the DagBag from /home/airflow/.local/lib/python3.8/site-packages/airflow/example_dags/example_params_trigger_ui.py
[2024-07-21T23:58:49.271+0000] {processor.py:840} INFO - DAG(s) 'example_params_trigger_ui' retrieved from /home/airflow/.local/lib/python3.8/site-packages/airflow/example_dags/example_params_trigger_ui.py
[2024-07-21T23:58:49.350+0000] {logging_mixin.py:188} INFO - [2024-07-21T23:58:49.349+0000] {dag.py:3036} INFO - Sync 1 DAGs
[2024-07-21T23:58:49.372+0000] {logging_mixin.py:188} INFO - [2024-07-21T23:58:49.372+0000] {dag.py:3823} INFO - Setting next_dagrun for example_params_trigger_ui to None, run_after=None
[2024-07-21T23:58:49.403+0000] {processor.py:183} INFO - Processing /home/airflow/.local/lib/python3.8/site-packages/airflow/example_dags/example_params_trigger_ui.py took 0.171 seconds
[2024-07-21T23:59:20.066+0000] {processor.py:161} INFO - Started process (PID=38230) to work on /home/airflow/.local/lib/python3.8/site-packages/airflow/example_dags/example_params_trigger_ui.py
[2024-07-21T23:59:20.068+0000] {processor.py:830} INFO - Processing file /home/airflow/.local/lib/python3.8/site-packages/airflow/example_dags/example_params_trigger_ui.py for tasks to queue
[2024-07-21T23:59:20.070+0000] {logging_mixin.py:188} INFO - [2024-07-21T23:59:20.070+0000] {dagbag.py:538} INFO - Filling up the DagBag from /home/airflow/.local/lib/python3.8/site-packages/airflow/example_dags/example_params_trigger_ui.py
[2024-07-21T23:59:20.092+0000] {processor.py:840} INFO - DAG(s) 'example_params_trigger_ui' retrieved from /home/airflow/.local/lib/python3.8/site-packages/airflow/example_dags/example_params_trigger_ui.py
[2024-07-21T23:59:20.171+0000] {logging_mixin.py:188} INFO - [2024-07-21T23:59:20.171+0000] {dag.py:3036} INFO - Sync 1 DAGs
[2024-07-21T23:59:20.189+0000] {logging_mixin.py:188} INFO - [2024-07-21T23:59:20.188+0000] {dag.py:3823} INFO - Setting next_dagrun for example_params_trigger_ui to None, run_after=None
[2024-07-21T23:59:20.216+0000] {processor.py:183} INFO - Processing /home/airflow/.local/lib/python3.8/site-packages/airflow/example_dags/example_params_trigger_ui.py took 0.154 seconds
[2024-07-21T23:59:50.546+0000] {processor.py:161} INFO - Started process (PID=38287) to work on /home/airflow/.local/lib/python3.8/site-packages/airflow/example_dags/example_params_trigger_ui.py
[2024-07-21T23:59:50.548+0000] {processor.py:830} INFO - Processing file /home/airflow/.local/lib/python3.8/site-packages/airflow/example_dags/example_params_trigger_ui.py for tasks to queue
[2024-07-21T23:59:50.550+0000] {logging_mixin.py:188} INFO - [2024-07-21T23:59:50.549+0000] {dagbag.py:538} INFO - Filling up the DagBag from /home/airflow/.local/lib/python3.8/site-packages/airflow/example_dags/example_params_trigger_ui.py
[2024-07-21T23:59:50.573+0000] {processor.py:840} INFO - DAG(s) 'example_params_trigger_ui' retrieved from /home/airflow/.local/lib/python3.8/site-packages/airflow/example_dags/example_params_trigger_ui.py
[2024-07-21T23:59:50.652+0000] {logging_mixin.py:188} INFO - [2024-07-21T23:59:50.651+0000] {dag.py:3036} INFO - Sync 1 DAGs
[2024-07-21T23:59:50.675+0000] {logging_mixin.py:188} INFO - [2024-07-21T23:59:50.674+0000] {dag.py:3823} INFO - Setting next_dagrun for example_params_trigger_ui to None, run_after=None
[2024-07-21T23:59:50.711+0000] {processor.py:183} INFO - Processing /home/airflow/.local/lib/python3.8/site-packages/airflow/example_dags/example_params_trigger_ui.py took 0.170 seconds
