[2024-07-21T23:56:18.573+0000] {processor.py:161} INFO - Started process (PID=37892) to work on /home/airflow/.local/lib/python3.8/site-packages/airflow/example_dags/example_complex.py
[2024-07-21T23:56:18.577+0000] {processor.py:830} INFO - Processing file /home/airflow/.local/lib/python3.8/site-packages/airflow/example_dags/example_complex.py for tasks to queue
[2024-07-21T23:56:18.589+0000] {logging_mixin.py:188} INFO - [2024-07-21T23:56:18.588+0000] {dagbag.py:538} INFO - Filling up the DagBag from /home/airflow/.local/lib/python3.8/site-packages/airflow/example_dags/example_complex.py
[2024-07-21T23:56:18.655+0000] {processor.py:840} INFO - DAG(s) 'example_complex' retrieved from /home/airflow/.local/lib/python3.8/site-packages/airflow/example_dags/example_complex.py
[2024-07-21T23:56:18.885+0000] {logging_mixin.py:188} INFO - [2024-07-21T23:56:18.883+0000] {dag.py:3036} INFO - Sync 1 DAGs
[2024-07-21T23:56:19.096+0000] {logging_mixin.py:188} INFO - [2024-07-21T23:56:19.095+0000] {dag.py:3823} INFO - Setting next_dagrun for example_complex to None, run_after=None
[2024-07-21T23:56:19.243+0000] {processor.py:183} INFO - Processing /home/airflow/.local/lib/python3.8/site-packages/airflow/example_dags/example_complex.py took 0.692 seconds
[2024-07-21T23:56:50.250+0000] {processor.py:161} INFO - Started process (PID=37953) to work on /home/airflow/.local/lib/python3.8/site-packages/airflow/example_dags/example_complex.py
[2024-07-21T23:56:50.254+0000] {processor.py:830} INFO - Processing file /home/airflow/.local/lib/python3.8/site-packages/airflow/example_dags/example_complex.py for tasks to queue
[2024-07-21T23:56:50.258+0000] {logging_mixin.py:188} INFO - [2024-07-21T23:56:50.257+0000] {dagbag.py:538} INFO - Filling up the DagBag from /home/airflow/.local/lib/python3.8/site-packages/airflow/example_dags/example_complex.py
[2024-07-21T23:56:50.302+0000] {processor.py:840} INFO - DAG(s) 'example_complex' retrieved from /home/airflow/.local/lib/python3.8/site-packages/airflow/example_dags/example_complex.py
[2024-07-21T23:56:50.446+0000] {logging_mixin.py:188} INFO - [2024-07-21T23:56:50.445+0000] {dag.py:3036} INFO - Sync 1 DAGs
[2024-07-21T23:56:50.505+0000] {logging_mixin.py:188} INFO - [2024-07-21T23:56:50.498+0000] {dag.py:3823} INFO - Setting next_dagrun for example_complex to None, run_after=None
[2024-07-21T23:56:50.579+0000] {processor.py:183} INFO - Processing /home/airflow/.local/lib/python3.8/site-packages/airflow/example_dags/example_complex.py took 0.344 seconds
[2024-07-21T23:57:20.737+0000] {processor.py:161} INFO - Started process (PID=38010) to work on /home/airflow/.local/lib/python3.8/site-packages/airflow/example_dags/example_complex.py
[2024-07-21T23:57:20.742+0000] {processor.py:830} INFO - Processing file /home/airflow/.local/lib/python3.8/site-packages/airflow/example_dags/example_complex.py for tasks to queue
[2024-07-21T23:57:20.746+0000] {logging_mixin.py:188} INFO - [2024-07-21T23:57:20.745+0000] {dagbag.py:538} INFO - Filling up the DagBag from /home/airflow/.local/lib/python3.8/site-packages/airflow/example_dags/example_complex.py
[2024-07-21T23:57:20.805+0000] {processor.py:840} INFO - DAG(s) 'example_complex' retrieved from /home/airflow/.local/lib/python3.8/site-packages/airflow/example_dags/example_complex.py
[2024-07-21T23:57:20.930+0000] {logging_mixin.py:188} INFO - [2024-07-21T23:57:20.930+0000] {dag.py:3036} INFO - Sync 1 DAGs
[2024-07-21T23:57:20.963+0000] {logging_mixin.py:188} INFO - [2024-07-21T23:57:20.962+0000] {dag.py:3823} INFO - Setting next_dagrun for example_complex to None, run_after=None
[2024-07-21T23:57:21.014+0000] {processor.py:183} INFO - Processing /home/airflow/.local/lib/python3.8/site-packages/airflow/example_dags/example_complex.py took 0.288 seconds
[2024-07-21T23:57:51.120+0000] {processor.py:161} INFO - Started process (PID=38066) to work on /home/airflow/.local/lib/python3.8/site-packages/airflow/example_dags/example_complex.py
[2024-07-21T23:57:51.122+0000] {processor.py:830} INFO - Processing file /home/airflow/.local/lib/python3.8/site-packages/airflow/example_dags/example_complex.py for tasks to queue
[2024-07-21T23:57:51.125+0000] {logging_mixin.py:188} INFO - [2024-07-21T23:57:51.124+0000] {dagbag.py:538} INFO - Filling up the DagBag from /home/airflow/.local/lib/python3.8/site-packages/airflow/example_dags/example_complex.py
[2024-07-21T23:57:51.148+0000] {processor.py:840} INFO - DAG(s) 'example_complex' retrieved from /home/airflow/.local/lib/python3.8/site-packages/airflow/example_dags/example_complex.py
[2024-07-21T23:57:51.217+0000] {logging_mixin.py:188} INFO - [2024-07-21T23:57:51.217+0000] {dag.py:3036} INFO - Sync 1 DAGs
[2024-07-21T23:57:51.237+0000] {logging_mixin.py:188} INFO - [2024-07-21T23:57:51.237+0000] {dag.py:3823} INFO - Setting next_dagrun for example_complex to None, run_after=None
[2024-07-21T23:57:51.278+0000] {processor.py:183} INFO - Processing /home/airflow/.local/lib/python3.8/site-packages/airflow/example_dags/example_complex.py took 0.164 seconds
[2024-07-21T23:58:21.963+0000] {processor.py:161} INFO - Started process (PID=38123) to work on /home/airflow/.local/lib/python3.8/site-packages/airflow/example_dags/example_complex.py
[2024-07-21T23:58:21.965+0000] {processor.py:830} INFO - Processing file /home/airflow/.local/lib/python3.8/site-packages/airflow/example_dags/example_complex.py for tasks to queue
[2024-07-21T23:58:21.967+0000] {logging_mixin.py:188} INFO - [2024-07-21T23:58:21.967+0000] {dagbag.py:538} INFO - Filling up the DagBag from /home/airflow/.local/lib/python3.8/site-packages/airflow/example_dags/example_complex.py
[2024-07-21T23:58:21.984+0000] {processor.py:840} INFO - DAG(s) 'example_complex' retrieved from /home/airflow/.local/lib/python3.8/site-packages/airflow/example_dags/example_complex.py
[2024-07-21T23:58:22.026+0000] {logging_mixin.py:188} INFO - [2024-07-21T23:58:22.025+0000] {dag.py:3036} INFO - Sync 1 DAGs
[2024-07-21T23:58:22.044+0000] {logging_mixin.py:188} INFO - [2024-07-21T23:58:22.044+0000] {dag.py:3823} INFO - Setting next_dagrun for example_complex to None, run_after=None
[2024-07-21T23:58:22.073+0000] {processor.py:183} INFO - Processing /home/airflow/.local/lib/python3.8/site-packages/airflow/example_dags/example_complex.py took 0.114 seconds
[2024-07-21T23:58:52.205+0000] {processor.py:161} INFO - Started process (PID=38180) to work on /home/airflow/.local/lib/python3.8/site-packages/airflow/example_dags/example_complex.py
[2024-07-21T23:58:52.207+0000] {processor.py:830} INFO - Processing file /home/airflow/.local/lib/python3.8/site-packages/airflow/example_dags/example_complex.py for tasks to queue
[2024-07-21T23:58:52.210+0000] {logging_mixin.py:188} INFO - [2024-07-21T23:58:52.209+0000] {dagbag.py:538} INFO - Filling up the DagBag from /home/airflow/.local/lib/python3.8/site-packages/airflow/example_dags/example_complex.py
[2024-07-21T23:58:52.229+0000] {processor.py:840} INFO - DAG(s) 'example_complex' retrieved from /home/airflow/.local/lib/python3.8/site-packages/airflow/example_dags/example_complex.py
[2024-07-21T23:58:52.299+0000] {logging_mixin.py:188} INFO - [2024-07-21T23:58:52.298+0000] {dag.py:3036} INFO - Sync 1 DAGs
[2024-07-21T23:58:52.335+0000] {logging_mixin.py:188} INFO - [2024-07-21T23:58:52.334+0000] {dag.py:3823} INFO - Setting next_dagrun for example_complex to None, run_after=None
[2024-07-21T23:58:52.379+0000] {processor.py:183} INFO - Processing /home/airflow/.local/lib/python3.8/site-packages/airflow/example_dags/example_complex.py took 0.181 seconds
[2024-07-21T23:59:22.626+0000] {processor.py:161} INFO - Started process (PID=38237) to work on /home/airflow/.local/lib/python3.8/site-packages/airflow/example_dags/example_complex.py
[2024-07-21T23:59:22.627+0000] {processor.py:830} INFO - Processing file /home/airflow/.local/lib/python3.8/site-packages/airflow/example_dags/example_complex.py for tasks to queue
[2024-07-21T23:59:22.629+0000] {logging_mixin.py:188} INFO - [2024-07-21T23:59:22.629+0000] {dagbag.py:538} INFO - Filling up the DagBag from /home/airflow/.local/lib/python3.8/site-packages/airflow/example_dags/example_complex.py
[2024-07-21T23:59:22.642+0000] {processor.py:840} INFO - DAG(s) 'example_complex' retrieved from /home/airflow/.local/lib/python3.8/site-packages/airflow/example_dags/example_complex.py
[2024-07-21T23:59:22.681+0000] {logging_mixin.py:188} INFO - [2024-07-21T23:59:22.681+0000] {dag.py:3036} INFO - Sync 1 DAGs
[2024-07-21T23:59:22.697+0000] {logging_mixin.py:188} INFO - [2024-07-21T23:59:22.696+0000] {dag.py:3823} INFO - Setting next_dagrun for example_complex to None, run_after=None
[2024-07-21T23:59:22.724+0000] {processor.py:183} INFO - Processing /home/airflow/.local/lib/python3.8/site-packages/airflow/example_dags/example_complex.py took 0.102 seconds
[2024-07-21T23:59:52.961+0000] {processor.py:161} INFO - Started process (PID=38294) to work on /home/airflow/.local/lib/python3.8/site-packages/airflow/example_dags/example_complex.py
[2024-07-21T23:59:52.963+0000] {processor.py:830} INFO - Processing file /home/airflow/.local/lib/python3.8/site-packages/airflow/example_dags/example_complex.py for tasks to queue
[2024-07-21T23:59:52.965+0000] {logging_mixin.py:188} INFO - [2024-07-21T23:59:52.964+0000] {dagbag.py:538} INFO - Filling up the DagBag from /home/airflow/.local/lib/python3.8/site-packages/airflow/example_dags/example_complex.py
[2024-07-21T23:59:52.985+0000] {processor.py:840} INFO - DAG(s) 'example_complex' retrieved from /home/airflow/.local/lib/python3.8/site-packages/airflow/example_dags/example_complex.py
[2024-07-21T23:59:53.034+0000] {logging_mixin.py:188} INFO - [2024-07-21T23:59:53.034+0000] {dag.py:3036} INFO - Sync 1 DAGs
[2024-07-21T23:59:53.049+0000] {logging_mixin.py:188} INFO - [2024-07-21T23:59:53.049+0000] {dag.py:3823} INFO - Setting next_dagrun for example_complex to None, run_after=None
[2024-07-21T23:59:53.078+0000] {processor.py:183} INFO - Processing /home/airflow/.local/lib/python3.8/site-packages/airflow/example_dags/example_complex.py took 0.120 seconds
