[2024-07-21T23:56:25.297+0000] {processor.py:161} INFO - Started process (PID=37906) to work on /home/airflow/.local/lib/python3.8/site-packages/airflow/example_dags/example_latest_only.py
[2024-07-21T23:56:25.329+0000] {processor.py:830} INFO - Processing file /home/airflow/.local/lib/python3.8/site-packages/airflow/example_dags/example_latest_only.py for tasks to queue
[2024-07-21T23:56:25.335+0000] {logging_mixin.py:188} INFO - [2024-07-21T23:56:25.334+0000] {dagbag.py:538} INFO - Filling up the DagBag from /home/airflow/.local/lib/python3.8/site-packages/airflow/example_dags/example_latest_only.py
[2024-07-21T23:56:25.370+0000] {processor.py:840} INFO - DAG(s) 'latest_only' retrieved from /home/airflow/.local/lib/python3.8/site-packages/airflow/example_dags/example_latest_only.py
[2024-07-21T23:56:25.508+0000] {logging_mixin.py:188} INFO - [2024-07-21T23:56:25.498+0000] {dag.py:3036} INFO - Sync 1 DAGs
[2024-07-21T23:56:25.664+0000] {logging_mixin.py:188} INFO - [2024-07-21T23:56:25.663+0000] {dag.py:3823} INFO - Setting next_dagrun for latest_only to 2024-07-21 16:00:00+00:00, run_after=2024-07-21 20:00:00+00:00
[2024-07-21T23:56:25.803+0000] {processor.py:183} INFO - Processing /home/airflow/.local/lib/python3.8/site-packages/airflow/example_dags/example_latest_only.py took 0.536 seconds
[2024-07-21T23:56:56.342+0000] {processor.py:161} INFO - Started process (PID=37967) to work on /home/airflow/.local/lib/python3.8/site-packages/airflow/example_dags/example_latest_only.py
[2024-07-21T23:56:56.344+0000] {processor.py:830} INFO - Processing file /home/airflow/.local/lib/python3.8/site-packages/airflow/example_dags/example_latest_only.py for tasks to queue
[2024-07-21T23:56:56.346+0000] {logging_mixin.py:188} INFO - [2024-07-21T23:56:56.346+0000] {dagbag.py:538} INFO - Filling up the DagBag from /home/airflow/.local/lib/python3.8/site-packages/airflow/example_dags/example_latest_only.py
[2024-07-21T23:56:56.355+0000] {processor.py:840} INFO - DAG(s) 'latest_only' retrieved from /home/airflow/.local/lib/python3.8/site-packages/airflow/example_dags/example_latest_only.py
[2024-07-21T23:56:56.396+0000] {logging_mixin.py:188} INFO - [2024-07-21T23:56:56.395+0000] {dag.py:3036} INFO - Sync 1 DAGs
[2024-07-21T23:56:56.445+0000] {logging_mixin.py:188} INFO - [2024-07-21T23:56:56.445+0000] {dag.py:3823} INFO - Setting next_dagrun for latest_only to 2024-07-21 16:00:00+00:00, run_after=2024-07-21 20:00:00+00:00
[2024-07-21T23:56:56.484+0000] {processor.py:183} INFO - Processing /home/airflow/.local/lib/python3.8/site-packages/airflow/example_dags/example_latest_only.py took 0.147 seconds
[2024-07-21T23:57:26.700+0000] {processor.py:161} INFO - Started process (PID=38024) to work on /home/airflow/.local/lib/python3.8/site-packages/airflow/example_dags/example_latest_only.py
[2024-07-21T23:57:26.703+0000] {processor.py:830} INFO - Processing file /home/airflow/.local/lib/python3.8/site-packages/airflow/example_dags/example_latest_only.py for tasks to queue
[2024-07-21T23:57:26.706+0000] {logging_mixin.py:188} INFO - [2024-07-21T23:57:26.705+0000] {dagbag.py:538} INFO - Filling up the DagBag from /home/airflow/.local/lib/python3.8/site-packages/airflow/example_dags/example_latest_only.py
[2024-07-21T23:57:26.720+0000] {processor.py:840} INFO - DAG(s) 'latest_only' retrieved from /home/airflow/.local/lib/python3.8/site-packages/airflow/example_dags/example_latest_only.py
[2024-07-21T23:57:26.785+0000] {logging_mixin.py:188} INFO - [2024-07-21T23:57:26.783+0000] {dag.py:3036} INFO - Sync 1 DAGs
[2024-07-21T23:57:26.880+0000] {logging_mixin.py:188} INFO - [2024-07-21T23:57:26.878+0000] {dag.py:3823} INFO - Setting next_dagrun for latest_only to 2024-07-21 16:00:00+00:00, run_after=2024-07-21 20:00:00+00:00
[2024-07-21T23:57:26.952+0000] {processor.py:183} INFO - Processing /home/airflow/.local/lib/python3.8/site-packages/airflow/example_dags/example_latest_only.py took 0.258 seconds
[2024-07-21T23:57:57.696+0000] {processor.py:161} INFO - Started process (PID=38081) to work on /home/airflow/.local/lib/python3.8/site-packages/airflow/example_dags/example_latest_only.py
[2024-07-21T23:57:57.698+0000] {processor.py:830} INFO - Processing file /home/airflow/.local/lib/python3.8/site-packages/airflow/example_dags/example_latest_only.py for tasks to queue
[2024-07-21T23:57:57.700+0000] {logging_mixin.py:188} INFO - [2024-07-21T23:57:57.700+0000] {dagbag.py:538} INFO - Filling up the DagBag from /home/airflow/.local/lib/python3.8/site-packages/airflow/example_dags/example_latest_only.py
[2024-07-21T23:57:57.710+0000] {processor.py:840} INFO - DAG(s) 'latest_only' retrieved from /home/airflow/.local/lib/python3.8/site-packages/airflow/example_dags/example_latest_only.py
[2024-07-21T23:57:57.744+0000] {logging_mixin.py:188} INFO - [2024-07-21T23:57:57.744+0000] {dag.py:3036} INFO - Sync 1 DAGs
[2024-07-21T23:57:57.784+0000] {logging_mixin.py:188} INFO - [2024-07-21T23:57:57.784+0000] {dag.py:3823} INFO - Setting next_dagrun for latest_only to 2024-07-21 16:00:00+00:00, run_after=2024-07-21 20:00:00+00:00
[2024-07-21T23:57:57.823+0000] {processor.py:183} INFO - Processing /home/airflow/.local/lib/python3.8/site-packages/airflow/example_dags/example_latest_only.py took 0.133 seconds
[2024-07-21T23:58:28.040+0000] {processor.py:161} INFO - Started process (PID=38138) to work on /home/airflow/.local/lib/python3.8/site-packages/airflow/example_dags/example_latest_only.py
[2024-07-21T23:58:28.043+0000] {processor.py:830} INFO - Processing file /home/airflow/.local/lib/python3.8/site-packages/airflow/example_dags/example_latest_only.py for tasks to queue
[2024-07-21T23:58:28.045+0000] {logging_mixin.py:188} INFO - [2024-07-21T23:58:28.044+0000] {dagbag.py:538} INFO - Filling up the DagBag from /home/airflow/.local/lib/python3.8/site-packages/airflow/example_dags/example_latest_only.py
[2024-07-21T23:58:28.055+0000] {processor.py:840} INFO - DAG(s) 'latest_only' retrieved from /home/airflow/.local/lib/python3.8/site-packages/airflow/example_dags/example_latest_only.py
[2024-07-21T23:58:28.091+0000] {logging_mixin.py:188} INFO - [2024-07-21T23:58:28.091+0000] {dag.py:3036} INFO - Sync 1 DAGs
[2024-07-21T23:58:28.139+0000] {logging_mixin.py:188} INFO - [2024-07-21T23:58:28.138+0000] {dag.py:3823} INFO - Setting next_dagrun for latest_only to 2024-07-21 16:00:00+00:00, run_after=2024-07-21 20:00:00+00:00
[2024-07-21T23:58:28.167+0000] {processor.py:183} INFO - Processing /home/airflow/.local/lib/python3.8/site-packages/airflow/example_dags/example_latest_only.py took 0.133 seconds
[2024-07-21T23:58:58.720+0000] {processor.py:161} INFO - Started process (PID=38195) to work on /home/airflow/.local/lib/python3.8/site-packages/airflow/example_dags/example_latest_only.py
[2024-07-21T23:58:58.722+0000] {processor.py:830} INFO - Processing file /home/airflow/.local/lib/python3.8/site-packages/airflow/example_dags/example_latest_only.py for tasks to queue
[2024-07-21T23:58:58.724+0000] {logging_mixin.py:188} INFO - [2024-07-21T23:58:58.724+0000] {dagbag.py:538} INFO - Filling up the DagBag from /home/airflow/.local/lib/python3.8/site-packages/airflow/example_dags/example_latest_only.py
[2024-07-21T23:58:58.733+0000] {processor.py:840} INFO - DAG(s) 'latest_only' retrieved from /home/airflow/.local/lib/python3.8/site-packages/airflow/example_dags/example_latest_only.py
[2024-07-21T23:58:58.772+0000] {logging_mixin.py:188} INFO - [2024-07-21T23:58:58.771+0000] {dag.py:3036} INFO - Sync 1 DAGs
[2024-07-21T23:58:58.809+0000] {logging_mixin.py:188} INFO - [2024-07-21T23:58:58.809+0000] {dag.py:3823} INFO - Setting next_dagrun for latest_only to 2024-07-21 16:00:00+00:00, run_after=2024-07-21 20:00:00+00:00
[2024-07-21T23:58:58.843+0000] {processor.py:183} INFO - Processing /home/airflow/.local/lib/python3.8/site-packages/airflow/example_dags/example_latest_only.py took 0.128 seconds
[2024-07-21T23:59:28.997+0000] {processor.py:161} INFO - Started process (PID=38252) to work on /home/airflow/.local/lib/python3.8/site-packages/airflow/example_dags/example_latest_only.py
[2024-07-21T23:59:28.998+0000] {processor.py:830} INFO - Processing file /home/airflow/.local/lib/python3.8/site-packages/airflow/example_dags/example_latest_only.py for tasks to queue
[2024-07-21T23:59:29.000+0000] {logging_mixin.py:188} INFO - [2024-07-21T23:59:29.000+0000] {dagbag.py:538} INFO - Filling up the DagBag from /home/airflow/.local/lib/python3.8/site-packages/airflow/example_dags/example_latest_only.py
[2024-07-21T23:59:29.008+0000] {processor.py:840} INFO - DAG(s) 'latest_only' retrieved from /home/airflow/.local/lib/python3.8/site-packages/airflow/example_dags/example_latest_only.py
[2024-07-21T23:59:29.038+0000] {logging_mixin.py:188} INFO - [2024-07-21T23:59:29.038+0000] {dag.py:3036} INFO - Sync 1 DAGs
[2024-07-21T23:59:29.063+0000] {logging_mixin.py:188} INFO - [2024-07-21T23:59:29.063+0000] {dag.py:3823} INFO - Setting next_dagrun for latest_only to 2024-07-21 16:00:00+00:00, run_after=2024-07-21 20:00:00+00:00
[2024-07-21T23:59:29.087+0000] {processor.py:183} INFO - Processing /home/airflow/.local/lib/python3.8/site-packages/airflow/example_dags/example_latest_only.py took 0.095 seconds
[2024-07-21T23:59:59.351+0000] {processor.py:161} INFO - Started process (PID=38309) to work on /home/airflow/.local/lib/python3.8/site-packages/airflow/example_dags/example_latest_only.py
[2024-07-21T23:59:59.353+0000] {processor.py:830} INFO - Processing file /home/airflow/.local/lib/python3.8/site-packages/airflow/example_dags/example_latest_only.py for tasks to queue
[2024-07-21T23:59:59.354+0000] {logging_mixin.py:188} INFO - [2024-07-21T23:59:59.354+0000] {dagbag.py:538} INFO - Filling up the DagBag from /home/airflow/.local/lib/python3.8/site-packages/airflow/example_dags/example_latest_only.py
[2024-07-21T23:59:59.363+0000] {processor.py:840} INFO - DAG(s) 'latest_only' retrieved from /home/airflow/.local/lib/python3.8/site-packages/airflow/example_dags/example_latest_only.py
[2024-07-21T23:59:59.399+0000] {logging_mixin.py:188} INFO - [2024-07-21T23:59:59.399+0000] {dag.py:3036} INFO - Sync 1 DAGs
[2024-07-21T23:59:59.428+0000] {logging_mixin.py:188} INFO - [2024-07-21T23:59:59.427+0000] {dag.py:3823} INFO - Setting next_dagrun for latest_only to 2024-07-21 16:00:00+00:00, run_after=2024-07-21 20:00:00+00:00
[2024-07-21T23:59:59.452+0000] {processor.py:183} INFO - Processing /home/airflow/.local/lib/python3.8/site-packages/airflow/example_dags/example_latest_only.py took 0.107 seconds
