[2024-07-21T23:56:19.555+0000] {processor.py:161} INFO - Started process (PID=37894) to work on /home/airflow/.local/lib/python3.8/site-packages/airflow/example_dags/example_setup_teardown_taskflow.py
[2024-07-21T23:56:19.559+0000] {processor.py:830} INFO - Processing file /home/airflow/.local/lib/python3.8/site-packages/airflow/example_dags/example_setup_teardown_taskflow.py for tasks to queue
[2024-07-21T23:56:19.564+0000] {logging_mixin.py:188} INFO - [2024-07-21T23:56:19.563+0000] {dagbag.py:538} INFO - Filling up the DagBag from /home/airflow/.local/lib/python3.8/site-packages/airflow/example_dags/example_setup_teardown_taskflow.py
[2024-07-21T23:56:19.623+0000] {processor.py:840} INFO - DAG(s) 'example_setup_teardown_taskflow' retrieved from /home/airflow/.local/lib/python3.8/site-packages/airflow/example_dags/example_setup_teardown_taskflow.py
[2024-07-21T23:56:19.919+0000] {logging_mixin.py:188} INFO - [2024-07-21T23:56:19.909+0000] {dag.py:3036} INFO - Sync 1 DAGs
[2024-07-21T23:56:20.106+0000] {logging_mixin.py:188} INFO - [2024-07-21T23:56:20.104+0000] {dag.py:3823} INFO - Setting next_dagrun for example_setup_teardown_taskflow to 2024-07-20 00:00:00+00:00, run_after=2024-07-21 00:00:00+00:00
[2024-07-21T23:56:20.235+0000] {processor.py:183} INFO - Processing /home/airflow/.local/lib/python3.8/site-packages/airflow/example_dags/example_setup_teardown_taskflow.py took 0.721 seconds
[2024-07-21T23:56:50.719+0000] {processor.py:161} INFO - Started process (PID=37955) to work on /home/airflow/.local/lib/python3.8/site-packages/airflow/example_dags/example_setup_teardown_taskflow.py
[2024-07-21T23:56:50.724+0000] {processor.py:830} INFO - Processing file /home/airflow/.local/lib/python3.8/site-packages/airflow/example_dags/example_setup_teardown_taskflow.py for tasks to queue
[2024-07-21T23:56:50.728+0000] {logging_mixin.py:188} INFO - [2024-07-21T23:56:50.727+0000] {dagbag.py:538} INFO - Filling up the DagBag from /home/airflow/.local/lib/python3.8/site-packages/airflow/example_dags/example_setup_teardown_taskflow.py
[2024-07-21T23:56:50.778+0000] {processor.py:840} INFO - DAG(s) 'example_setup_teardown_taskflow' retrieved from /home/airflow/.local/lib/python3.8/site-packages/airflow/example_dags/example_setup_teardown_taskflow.py
[2024-07-21T23:56:50.864+0000] {logging_mixin.py:188} INFO - [2024-07-21T23:56:50.863+0000] {dag.py:3036} INFO - Sync 1 DAGs
[2024-07-21T23:56:50.951+0000] {logging_mixin.py:188} INFO - [2024-07-21T23:56:50.950+0000] {dag.py:3823} INFO - Setting next_dagrun for example_setup_teardown_taskflow to 2024-07-20 00:00:00+00:00, run_after=2024-07-21 00:00:00+00:00
[2024-07-21T23:56:51.020+0000] {processor.py:183} INFO - Processing /home/airflow/.local/lib/python3.8/site-packages/airflow/example_dags/example_setup_teardown_taskflow.py took 0.318 seconds
[2024-07-21T23:57:21.397+0000] {processor.py:161} INFO - Started process (PID=38012) to work on /home/airflow/.local/lib/python3.8/site-packages/airflow/example_dags/example_setup_teardown_taskflow.py
[2024-07-21T23:57:21.401+0000] {processor.py:830} INFO - Processing file /home/airflow/.local/lib/python3.8/site-packages/airflow/example_dags/example_setup_teardown_taskflow.py for tasks to queue
[2024-07-21T23:57:21.405+0000] {logging_mixin.py:188} INFO - [2024-07-21T23:57:21.404+0000] {dagbag.py:538} INFO - Filling up the DagBag from /home/airflow/.local/lib/python3.8/site-packages/airflow/example_dags/example_setup_teardown_taskflow.py
[2024-07-21T23:57:21.439+0000] {processor.py:840} INFO - DAG(s) 'example_setup_teardown_taskflow' retrieved from /home/airflow/.local/lib/python3.8/site-packages/airflow/example_dags/example_setup_teardown_taskflow.py
[2024-07-21T23:57:21.499+0000] {logging_mixin.py:188} INFO - [2024-07-21T23:57:21.498+0000] {dag.py:3036} INFO - Sync 1 DAGs
[2024-07-21T23:57:21.561+0000] {logging_mixin.py:188} INFO - [2024-07-21T23:57:21.560+0000] {dag.py:3823} INFO - Setting next_dagrun for example_setup_teardown_taskflow to 2024-07-20 00:00:00+00:00, run_after=2024-07-21 00:00:00+00:00
[2024-07-21T23:57:21.629+0000] {processor.py:183} INFO - Processing /home/airflow/.local/lib/python3.8/site-packages/airflow/example_dags/example_setup_teardown_taskflow.py took 0.248 seconds
[2024-07-21T23:57:52.522+0000] {processor.py:161} INFO - Started process (PID=38069) to work on /home/airflow/.local/lib/python3.8/site-packages/airflow/example_dags/example_setup_teardown_taskflow.py
[2024-07-21T23:57:52.525+0000] {processor.py:830} INFO - Processing file /home/airflow/.local/lib/python3.8/site-packages/airflow/example_dags/example_setup_teardown_taskflow.py for tasks to queue
[2024-07-21T23:57:52.528+0000] {logging_mixin.py:188} INFO - [2024-07-21T23:57:52.527+0000] {dagbag.py:538} INFO - Filling up the DagBag from /home/airflow/.local/lib/python3.8/site-packages/airflow/example_dags/example_setup_teardown_taskflow.py
[2024-07-21T23:57:52.549+0000] {processor.py:840} INFO - DAG(s) 'example_setup_teardown_taskflow' retrieved from /home/airflow/.local/lib/python3.8/site-packages/airflow/example_dags/example_setup_teardown_taskflow.py
[2024-07-21T23:57:52.605+0000] {logging_mixin.py:188} INFO - [2024-07-21T23:57:52.604+0000] {dag.py:3036} INFO - Sync 1 DAGs
[2024-07-21T23:57:52.655+0000] {logging_mixin.py:188} INFO - [2024-07-21T23:57:52.654+0000] {dag.py:3823} INFO - Setting next_dagrun for example_setup_teardown_taskflow to 2024-07-20 00:00:00+00:00, run_after=2024-07-21 00:00:00+00:00
[2024-07-21T23:57:52.690+0000] {processor.py:183} INFO - Processing /home/airflow/.local/lib/python3.8/site-packages/airflow/example_dags/example_setup_teardown_taskflow.py took 0.177 seconds
[2024-07-21T23:58:23.162+0000] {processor.py:161} INFO - Started process (PID=38126) to work on /home/airflow/.local/lib/python3.8/site-packages/airflow/example_dags/example_setup_teardown_taskflow.py
[2024-07-21T23:58:23.164+0000] {processor.py:830} INFO - Processing file /home/airflow/.local/lib/python3.8/site-packages/airflow/example_dags/example_setup_teardown_taskflow.py for tasks to queue
[2024-07-21T23:58:23.166+0000] {logging_mixin.py:188} INFO - [2024-07-21T23:58:23.166+0000] {dagbag.py:538} INFO - Filling up the DagBag from /home/airflow/.local/lib/python3.8/site-packages/airflow/example_dags/example_setup_teardown_taskflow.py
[2024-07-21T23:58:23.181+0000] {processor.py:840} INFO - DAG(s) 'example_setup_teardown_taskflow' retrieved from /home/airflow/.local/lib/python3.8/site-packages/airflow/example_dags/example_setup_teardown_taskflow.py
[2024-07-21T23:58:23.218+0000] {logging_mixin.py:188} INFO - [2024-07-21T23:58:23.218+0000] {dag.py:3036} INFO - Sync 1 DAGs
[2024-07-21T23:58:23.253+0000] {logging_mixin.py:188} INFO - [2024-07-21T23:58:23.252+0000] {dag.py:3823} INFO - Setting next_dagrun for example_setup_teardown_taskflow to 2024-07-20 00:00:00+00:00, run_after=2024-07-21 00:00:00+00:00
[2024-07-21T23:58:23.282+0000] {processor.py:183} INFO - Processing /home/airflow/.local/lib/python3.8/site-packages/airflow/example_dags/example_setup_teardown_taskflow.py took 0.124 seconds
[2024-07-21T23:58:53.655+0000] {processor.py:161} INFO - Started process (PID=38183) to work on /home/airflow/.local/lib/python3.8/site-packages/airflow/example_dags/example_setup_teardown_taskflow.py
[2024-07-21T23:58:53.658+0000] {processor.py:830} INFO - Processing file /home/airflow/.local/lib/python3.8/site-packages/airflow/example_dags/example_setup_teardown_taskflow.py for tasks to queue
[2024-07-21T23:58:53.660+0000] {logging_mixin.py:188} INFO - [2024-07-21T23:58:53.659+0000] {dagbag.py:538} INFO - Filling up the DagBag from /home/airflow/.local/lib/python3.8/site-packages/airflow/example_dags/example_setup_teardown_taskflow.py
[2024-07-21T23:58:53.680+0000] {processor.py:840} INFO - DAG(s) 'example_setup_teardown_taskflow' retrieved from /home/airflow/.local/lib/python3.8/site-packages/airflow/example_dags/example_setup_teardown_taskflow.py
[2024-07-21T23:58:53.718+0000] {logging_mixin.py:188} INFO - [2024-07-21T23:58:53.718+0000] {dag.py:3036} INFO - Sync 1 DAGs
[2024-07-21T23:58:53.754+0000] {logging_mixin.py:188} INFO - [2024-07-21T23:58:53.753+0000] {dag.py:3823} INFO - Setting next_dagrun for example_setup_teardown_taskflow to 2024-07-20 00:00:00+00:00, run_after=2024-07-21 00:00:00+00:00
[2024-07-21T23:58:53.785+0000] {processor.py:183} INFO - Processing /home/airflow/.local/lib/python3.8/site-packages/airflow/example_dags/example_setup_teardown_taskflow.py took 0.135 seconds
[2024-07-21T23:59:23.929+0000] {processor.py:161} INFO - Started process (PID=38240) to work on /home/airflow/.local/lib/python3.8/site-packages/airflow/example_dags/example_setup_teardown_taskflow.py
[2024-07-21T23:59:23.930+0000] {processor.py:830} INFO - Processing file /home/airflow/.local/lib/python3.8/site-packages/airflow/example_dags/example_setup_teardown_taskflow.py for tasks to queue
[2024-07-21T23:59:23.932+0000] {logging_mixin.py:188} INFO - [2024-07-21T23:59:23.931+0000] {dagbag.py:538} INFO - Filling up the DagBag from /home/airflow/.local/lib/python3.8/site-packages/airflow/example_dags/example_setup_teardown_taskflow.py
[2024-07-21T23:59:23.947+0000] {processor.py:840} INFO - DAG(s) 'example_setup_teardown_taskflow' retrieved from /home/airflow/.local/lib/python3.8/site-packages/airflow/example_dags/example_setup_teardown_taskflow.py
[2024-07-21T23:59:23.978+0000] {logging_mixin.py:188} INFO - [2024-07-21T23:59:23.977+0000] {dag.py:3036} INFO - Sync 1 DAGs
[2024-07-21T23:59:24.004+0000] {logging_mixin.py:188} INFO - [2024-07-21T23:59:24.004+0000] {dag.py:3823} INFO - Setting next_dagrun for example_setup_teardown_taskflow to 2024-07-20 00:00:00+00:00, run_after=2024-07-21 00:00:00+00:00
[2024-07-21T23:59:24.029+0000] {processor.py:183} INFO - Processing /home/airflow/.local/lib/python3.8/site-packages/airflow/example_dags/example_setup_teardown_taskflow.py took 0.104 seconds
[2024-07-21T23:59:54.140+0000] {processor.py:161} INFO - Started process (PID=38296) to work on /home/airflow/.local/lib/python3.8/site-packages/airflow/example_dags/example_setup_teardown_taskflow.py
[2024-07-21T23:59:54.142+0000] {processor.py:830} INFO - Processing file /home/airflow/.local/lib/python3.8/site-packages/airflow/example_dags/example_setup_teardown_taskflow.py for tasks to queue
[2024-07-21T23:59:54.144+0000] {logging_mixin.py:188} INFO - [2024-07-21T23:59:54.143+0000] {dagbag.py:538} INFO - Filling up the DagBag from /home/airflow/.local/lib/python3.8/site-packages/airflow/example_dags/example_setup_teardown_taskflow.py
[2024-07-21T23:59:54.155+0000] {processor.py:840} INFO - DAG(s) 'example_setup_teardown_taskflow' retrieved from /home/airflow/.local/lib/python3.8/site-packages/airflow/example_dags/example_setup_teardown_taskflow.py
[2024-07-21T23:59:54.182+0000] {logging_mixin.py:188} INFO - [2024-07-21T23:59:54.182+0000] {dag.py:3036} INFO - Sync 1 DAGs
[2024-07-21T23:59:54.207+0000] {logging_mixin.py:188} INFO - [2024-07-21T23:59:54.207+0000] {dag.py:3823} INFO - Setting next_dagrun for example_setup_teardown_taskflow to 2024-07-20 00:00:00+00:00, run_after=2024-07-21 00:00:00+00:00
[2024-07-21T23:59:54.231+0000] {processor.py:183} INFO - Processing /home/airflow/.local/lib/python3.8/site-packages/airflow/example_dags/example_setup_teardown_taskflow.py took 0.095 seconds
