[2024-07-21T23:56:22.963+0000] {processor.py:161} INFO - Started process (PID=37901) to work on /home/airflow/.local/lib/python3.8/site-packages/airflow/example_dags/example_bash_operator.py
[2024-07-21T23:56:22.970+0000] {processor.py:830} INFO - Processing file /home/airflow/.local/lib/python3.8/site-packages/airflow/example_dags/example_bash_operator.py for tasks to queue
[2024-07-21T23:56:22.975+0000] {logging_mixin.py:188} INFO - [2024-07-21T23:56:22.974+0000] {dagbag.py:538} INFO - Filling up the DagBag from /home/airflow/.local/lib/python3.8/site-packages/airflow/example_dags/example_bash_operator.py
[2024-07-21T23:56:23.056+0000] {processor.py:840} INFO - DAG(s) 'example_bash_operator' retrieved from /home/airflow/.local/lib/python3.8/site-packages/airflow/example_dags/example_bash_operator.py
[2024-07-21T23:56:23.243+0000] {logging_mixin.py:188} INFO - [2024-07-21T23:56:23.241+0000] {dag.py:3036} INFO - Sync 1 DAGs
[2024-07-21T23:56:23.451+0000] {logging_mixin.py:188} INFO - [2024-07-21T23:56:23.448+0000] {dag.py:3823} INFO - Setting next_dagrun for example_bash_operator to 2024-07-20 00:00:00+00:00, run_after=2024-07-21 00:00:00+00:00
[2024-07-21T23:56:23.593+0000] {processor.py:183} INFO - Processing /home/airflow/.local/lib/python3.8/site-packages/airflow/example_dags/example_bash_operator.py took 0.679 seconds
[2024-07-21T23:56:54.640+0000] {processor.py:161} INFO - Started process (PID=37962) to work on /home/airflow/.local/lib/python3.8/site-packages/airflow/example_dags/example_bash_operator.py
[2024-07-21T23:56:54.643+0000] {processor.py:830} INFO - Processing file /home/airflow/.local/lib/python3.8/site-packages/airflow/example_dags/example_bash_operator.py for tasks to queue
[2024-07-21T23:56:54.646+0000] {logging_mixin.py:188} INFO - [2024-07-21T23:56:54.645+0000] {dagbag.py:538} INFO - Filling up the DagBag from /home/airflow/.local/lib/python3.8/site-packages/airflow/example_dags/example_bash_operator.py
[2024-07-21T23:56:54.685+0000] {processor.py:840} INFO - DAG(s) 'example_bash_operator' retrieved from /home/airflow/.local/lib/python3.8/site-packages/airflow/example_dags/example_bash_operator.py
[2024-07-21T23:56:54.770+0000] {logging_mixin.py:188} INFO - [2024-07-21T23:56:54.769+0000] {dag.py:3036} INFO - Sync 1 DAGs
[2024-07-21T23:56:54.833+0000] {logging_mixin.py:188} INFO - [2024-07-21T23:56:54.833+0000] {dag.py:3823} INFO - Setting next_dagrun for example_bash_operator to 2024-07-20 00:00:00+00:00, run_after=2024-07-21 00:00:00+00:00
[2024-07-21T23:56:54.885+0000] {processor.py:183} INFO - Processing /home/airflow/.local/lib/python3.8/site-packages/airflow/example_dags/example_bash_operator.py took 0.254 seconds
[2024-07-21T23:57:25.181+0000] {processor.py:161} INFO - Started process (PID=38019) to work on /home/airflow/.local/lib/python3.8/site-packages/airflow/example_dags/example_bash_operator.py
[2024-07-21T23:57:25.183+0000] {processor.py:830} INFO - Processing file /home/airflow/.local/lib/python3.8/site-packages/airflow/example_dags/example_bash_operator.py for tasks to queue
[2024-07-21T23:57:25.186+0000] {logging_mixin.py:188} INFO - [2024-07-21T23:57:25.185+0000] {dagbag.py:538} INFO - Filling up the DagBag from /home/airflow/.local/lib/python3.8/site-packages/airflow/example_dags/example_bash_operator.py
[2024-07-21T23:57:25.210+0000] {processor.py:840} INFO - DAG(s) 'example_bash_operator' retrieved from /home/airflow/.local/lib/python3.8/site-packages/airflow/example_dags/example_bash_operator.py
[2024-07-21T23:57:25.268+0000] {logging_mixin.py:188} INFO - [2024-07-21T23:57:25.268+0000] {dag.py:3036} INFO - Sync 1 DAGs
[2024-07-21T23:57:25.308+0000] {logging_mixin.py:188} INFO - [2024-07-21T23:57:25.308+0000] {dag.py:3823} INFO - Setting next_dagrun for example_bash_operator to 2024-07-20 00:00:00+00:00, run_after=2024-07-21 00:00:00+00:00
[2024-07-21T23:57:25.346+0000] {processor.py:183} INFO - Processing /home/airflow/.local/lib/python3.8/site-packages/airflow/example_dags/example_bash_operator.py took 0.171 seconds
[2024-07-21T23:57:56.263+0000] {processor.py:161} INFO - Started process (PID=38076) to work on /home/airflow/.local/lib/python3.8/site-packages/airflow/example_dags/example_bash_operator.py
[2024-07-21T23:57:56.267+0000] {processor.py:830} INFO - Processing file /home/airflow/.local/lib/python3.8/site-packages/airflow/example_dags/example_bash_operator.py for tasks to queue
[2024-07-21T23:57:56.270+0000] {logging_mixin.py:188} INFO - [2024-07-21T23:57:56.269+0000] {dagbag.py:538} INFO - Filling up the DagBag from /home/airflow/.local/lib/python3.8/site-packages/airflow/example_dags/example_bash_operator.py
[2024-07-21T23:57:56.295+0000] {processor.py:840} INFO - DAG(s) 'example_bash_operator' retrieved from /home/airflow/.local/lib/python3.8/site-packages/airflow/example_dags/example_bash_operator.py
[2024-07-21T23:57:56.353+0000] {logging_mixin.py:188} INFO - [2024-07-21T23:57:56.353+0000] {dag.py:3036} INFO - Sync 1 DAGs
[2024-07-21T23:57:56.395+0000] {logging_mixin.py:188} INFO - [2024-07-21T23:57:56.395+0000] {dag.py:3823} INFO - Setting next_dagrun for example_bash_operator to 2024-07-20 00:00:00+00:00, run_after=2024-07-21 00:00:00+00:00
[2024-07-21T23:57:56.430+0000] {processor.py:183} INFO - Processing /home/airflow/.local/lib/python3.8/site-packages/airflow/example_dags/example_bash_operator.py took 0.174 seconds
[2024-07-21T23:58:26.675+0000] {processor.py:161} INFO - Started process (PID=38133) to work on /home/airflow/.local/lib/python3.8/site-packages/airflow/example_dags/example_bash_operator.py
[2024-07-21T23:58:26.678+0000] {processor.py:830} INFO - Processing file /home/airflow/.local/lib/python3.8/site-packages/airflow/example_dags/example_bash_operator.py for tasks to queue
[2024-07-21T23:58:26.680+0000] {logging_mixin.py:188} INFO - [2024-07-21T23:58:26.680+0000] {dagbag.py:538} INFO - Filling up the DagBag from /home/airflow/.local/lib/python3.8/site-packages/airflow/example_dags/example_bash_operator.py
[2024-07-21T23:58:26.705+0000] {processor.py:840} INFO - DAG(s) 'example_bash_operator' retrieved from /home/airflow/.local/lib/python3.8/site-packages/airflow/example_dags/example_bash_operator.py
[2024-07-21T23:58:26.764+0000] {logging_mixin.py:188} INFO - [2024-07-21T23:58:26.763+0000] {dag.py:3036} INFO - Sync 1 DAGs
[2024-07-21T23:58:26.803+0000] {logging_mixin.py:188} INFO - [2024-07-21T23:58:26.802+0000] {dag.py:3823} INFO - Setting next_dagrun for example_bash_operator to 2024-07-20 00:00:00+00:00, run_after=2024-07-21 00:00:00+00:00
[2024-07-21T23:58:26.838+0000] {processor.py:183} INFO - Processing /home/airflow/.local/lib/python3.8/site-packages/airflow/example_dags/example_bash_operator.py took 0.169 seconds
[2024-07-21T23:58:57.368+0000] {processor.py:161} INFO - Started process (PID=38190) to work on /home/airflow/.local/lib/python3.8/site-packages/airflow/example_dags/example_bash_operator.py
[2024-07-21T23:58:57.372+0000] {processor.py:830} INFO - Processing file /home/airflow/.local/lib/python3.8/site-packages/airflow/example_dags/example_bash_operator.py for tasks to queue
[2024-07-21T23:58:57.375+0000] {logging_mixin.py:188} INFO - [2024-07-21T23:58:57.374+0000] {dagbag.py:538} INFO - Filling up the DagBag from /home/airflow/.local/lib/python3.8/site-packages/airflow/example_dags/example_bash_operator.py
[2024-07-21T23:58:57.399+0000] {processor.py:840} INFO - DAG(s) 'example_bash_operator' retrieved from /home/airflow/.local/lib/python3.8/site-packages/airflow/example_dags/example_bash_operator.py
[2024-07-21T23:58:57.447+0000] {logging_mixin.py:188} INFO - [2024-07-21T23:58:57.446+0000] {dag.py:3036} INFO - Sync 1 DAGs
[2024-07-21T23:58:57.480+0000] {logging_mixin.py:188} INFO - [2024-07-21T23:58:57.480+0000] {dag.py:3823} INFO - Setting next_dagrun for example_bash_operator to 2024-07-20 00:00:00+00:00, run_after=2024-07-21 00:00:00+00:00
[2024-07-21T23:58:57.511+0000] {processor.py:183} INFO - Processing /home/airflow/.local/lib/python3.8/site-packages/airflow/example_dags/example_bash_operator.py took 0.149 seconds
[2024-07-21T23:59:27.566+0000] {processor.py:161} INFO - Started process (PID=38247) to work on /home/airflow/.local/lib/python3.8/site-packages/airflow/example_dags/example_bash_operator.py
[2024-07-21T23:59:27.569+0000] {processor.py:830} INFO - Processing file /home/airflow/.local/lib/python3.8/site-packages/airflow/example_dags/example_bash_operator.py for tasks to queue
[2024-07-21T23:59:27.571+0000] {logging_mixin.py:188} INFO - [2024-07-21T23:59:27.570+0000] {dagbag.py:538} INFO - Filling up the DagBag from /home/airflow/.local/lib/python3.8/site-packages/airflow/example_dags/example_bash_operator.py
[2024-07-21T23:59:27.598+0000] {processor.py:840} INFO - DAG(s) 'example_bash_operator' retrieved from /home/airflow/.local/lib/python3.8/site-packages/airflow/example_dags/example_bash_operator.py
[2024-07-21T23:59:27.645+0000] {logging_mixin.py:188} INFO - [2024-07-21T23:59:27.645+0000] {dag.py:3036} INFO - Sync 1 DAGs
[2024-07-21T23:59:27.684+0000] {logging_mixin.py:188} INFO - [2024-07-21T23:59:27.684+0000] {dag.py:3823} INFO - Setting next_dagrun for example_bash_operator to 2024-07-20 00:00:00+00:00, run_after=2024-07-21 00:00:00+00:00
[2024-07-21T23:59:27.717+0000] {processor.py:183} INFO - Processing /home/airflow/.local/lib/python3.8/site-packages/airflow/example_dags/example_bash_operator.py took 0.156 seconds
[2024-07-21T23:59:57.930+0000] {processor.py:161} INFO - Started process (PID=38304) to work on /home/airflow/.local/lib/python3.8/site-packages/airflow/example_dags/example_bash_operator.py
[2024-07-21T23:59:57.932+0000] {processor.py:830} INFO - Processing file /home/airflow/.local/lib/python3.8/site-packages/airflow/example_dags/example_bash_operator.py for tasks to queue
[2024-07-21T23:59:57.935+0000] {logging_mixin.py:188} INFO - [2024-07-21T23:59:57.934+0000] {dagbag.py:538} INFO - Filling up the DagBag from /home/airflow/.local/lib/python3.8/site-packages/airflow/example_dags/example_bash_operator.py
[2024-07-21T23:59:57.954+0000] {processor.py:840} INFO - DAG(s) 'example_bash_operator' retrieved from /home/airflow/.local/lib/python3.8/site-packages/airflow/example_dags/example_bash_operator.py
[2024-07-21T23:59:57.993+0000] {logging_mixin.py:188} INFO - [2024-07-21T23:59:57.993+0000] {dag.py:3036} INFO - Sync 1 DAGs
[2024-07-21T23:59:58.020+0000] {logging_mixin.py:188} INFO - [2024-07-21T23:59:58.020+0000] {dag.py:3823} INFO - Setting next_dagrun for example_bash_operator to 2024-07-20 00:00:00+00:00, run_after=2024-07-21 00:00:00+00:00
[2024-07-21T23:59:58.042+0000] {processor.py:183} INFO - Processing /home/airflow/.local/lib/python3.8/site-packages/airflow/example_dags/example_bash_operator.py took 0.118 seconds
