[2024-07-21T23:56:11.470+0000] {processor.py:161} INFO - Started process (PID=37883) to work on /home/airflow/.local/lib/python3.8/site-packages/airflow/example_dags/example_python_operator.py
[2024-07-21T23:56:11.485+0000] {processor.py:830} INFO - Processing file /home/airflow/.local/lib/python3.8/site-packages/airflow/example_dags/example_python_operator.py for tasks to queue
[2024-07-21T23:56:11.497+0000] {logging_mixin.py:188} INFO - [2024-07-21T23:56:11.496+0000] {dagbag.py:538} INFO - Filling up the DagBag from /home/airflow/.local/lib/python3.8/site-packages/airflow/example_dags/example_python_operator.py
[2024-07-21T23:56:11.601+0000] {processor.py:840} INFO - DAG(s) 'example_python_operator' retrieved from /home/airflow/.local/lib/python3.8/site-packages/airflow/example_dags/example_python_operator.py
[2024-07-21T23:56:11.813+0000] {logging_mixin.py:188} INFO - [2024-07-21T23:56:11.812+0000] {dag.py:3036} INFO - Sync 1 DAGs
[2024-07-21T23:56:11.902+0000] {logging_mixin.py:188} INFO - [2024-07-21T23:56:11.901+0000] {dag.py:3823} INFO - Setting next_dagrun for example_python_operator to None, run_after=None
[2024-07-21T23:56:12.179+0000] {processor.py:183} INFO - Processing /home/airflow/.local/lib/python3.8/site-packages/airflow/example_dags/example_python_operator.py took 0.737 seconds
[2024-07-21T23:56:42.896+0000] {processor.py:161} INFO - Started process (PID=37942) to work on /home/airflow/.local/lib/python3.8/site-packages/airflow/example_dags/example_python_operator.py
[2024-07-21T23:56:42.907+0000] {processor.py:830} INFO - Processing file /home/airflow/.local/lib/python3.8/site-packages/airflow/example_dags/example_python_operator.py for tasks to queue
[2024-07-21T23:56:42.920+0000] {logging_mixin.py:188} INFO - [2024-07-21T23:56:42.919+0000] {dagbag.py:538} INFO - Filling up the DagBag from /home/airflow/.local/lib/python3.8/site-packages/airflow/example_dags/example_python_operator.py
[2024-07-21T23:56:42.988+0000] {processor.py:840} INFO - DAG(s) 'example_python_operator' retrieved from /home/airflow/.local/lib/python3.8/site-packages/airflow/example_dags/example_python_operator.py
[2024-07-21T23:56:43.105+0000] {logging_mixin.py:188} INFO - [2024-07-21T23:56:43.104+0000] {dag.py:3036} INFO - Sync 1 DAGs
[2024-07-21T23:56:43.158+0000] {logging_mixin.py:188} INFO - [2024-07-21T23:56:43.157+0000] {dag.py:3823} INFO - Setting next_dagrun for example_python_operator to None, run_after=None
[2024-07-21T23:56:43.255+0000] {processor.py:183} INFO - Processing /home/airflow/.local/lib/python3.8/site-packages/airflow/example_dags/example_python_operator.py took 0.366 seconds
[2024-07-21T23:57:14.063+0000] {processor.py:161} INFO - Started process (PID=37997) to work on /home/airflow/.local/lib/python3.8/site-packages/airflow/example_dags/example_python_operator.py
[2024-07-21T23:57:14.065+0000] {processor.py:830} INFO - Processing file /home/airflow/.local/lib/python3.8/site-packages/airflow/example_dags/example_python_operator.py for tasks to queue
[2024-07-21T23:57:14.067+0000] {logging_mixin.py:188} INFO - [2024-07-21T23:57:14.066+0000] {dagbag.py:538} INFO - Filling up the DagBag from /home/airflow/.local/lib/python3.8/site-packages/airflow/example_dags/example_python_operator.py
[2024-07-21T23:57:14.084+0000] {processor.py:840} INFO - DAG(s) 'example_python_operator' retrieved from /home/airflow/.local/lib/python3.8/site-packages/airflow/example_dags/example_python_operator.py
[2024-07-21T23:57:14.122+0000] {logging_mixin.py:188} INFO - [2024-07-21T23:57:14.122+0000] {dag.py:3036} INFO - Sync 1 DAGs
[2024-07-21T23:57:14.141+0000] {logging_mixin.py:188} INFO - [2024-07-21T23:57:14.141+0000] {dag.py:3823} INFO - Setting next_dagrun for example_python_operator to None, run_after=None
[2024-07-21T23:57:14.183+0000] {processor.py:183} INFO - Processing /home/airflow/.local/lib/python3.8/site-packages/airflow/example_dags/example_python_operator.py took 0.125 seconds
[2024-07-21T23:57:44.447+0000] {processor.py:161} INFO - Started process (PID=38054) to work on /home/airflow/.local/lib/python3.8/site-packages/airflow/example_dags/example_python_operator.py
[2024-07-21T23:57:44.449+0000] {processor.py:830} INFO - Processing file /home/airflow/.local/lib/python3.8/site-packages/airflow/example_dags/example_python_operator.py for tasks to queue
[2024-07-21T23:57:44.452+0000] {logging_mixin.py:188} INFO - [2024-07-21T23:57:44.451+0000] {dagbag.py:538} INFO - Filling up the DagBag from /home/airflow/.local/lib/python3.8/site-packages/airflow/example_dags/example_python_operator.py
[2024-07-21T23:57:44.469+0000] {processor.py:840} INFO - DAG(s) 'example_python_operator' retrieved from /home/airflow/.local/lib/python3.8/site-packages/airflow/example_dags/example_python_operator.py
[2024-07-21T23:57:44.512+0000] {logging_mixin.py:188} INFO - [2024-07-21T23:57:44.512+0000] {dag.py:3036} INFO - Sync 1 DAGs
[2024-07-21T23:57:44.537+0000] {logging_mixin.py:188} INFO - [2024-07-21T23:57:44.536+0000] {dag.py:3823} INFO - Setting next_dagrun for example_python_operator to None, run_after=None
[2024-07-21T23:57:44.581+0000] {processor.py:183} INFO - Processing /home/airflow/.local/lib/python3.8/site-packages/airflow/example_dags/example_python_operator.py took 0.140 seconds
[2024-07-21T23:58:15.167+0000] {processor.py:161} INFO - Started process (PID=38111) to work on /home/airflow/.local/lib/python3.8/site-packages/airflow/example_dags/example_python_operator.py
[2024-07-21T23:58:15.168+0000] {processor.py:830} INFO - Processing file /home/airflow/.local/lib/python3.8/site-packages/airflow/example_dags/example_python_operator.py for tasks to queue
[2024-07-21T23:58:15.170+0000] {logging_mixin.py:188} INFO - [2024-07-21T23:58:15.170+0000] {dagbag.py:538} INFO - Filling up the DagBag from /home/airflow/.local/lib/python3.8/site-packages/airflow/example_dags/example_python_operator.py
[2024-07-21T23:58:15.188+0000] {processor.py:840} INFO - DAG(s) 'example_python_operator' retrieved from /home/airflow/.local/lib/python3.8/site-packages/airflow/example_dags/example_python_operator.py
[2024-07-21T23:58:15.218+0000] {logging_mixin.py:188} INFO - [2024-07-21T23:58:15.218+0000] {dag.py:3036} INFO - Sync 1 DAGs
[2024-07-21T23:58:15.233+0000] {logging_mixin.py:188} INFO - [2024-07-21T23:58:15.233+0000] {dag.py:3823} INFO - Setting next_dagrun for example_python_operator to None, run_after=None
[2024-07-21T23:58:15.258+0000] {processor.py:183} INFO - Processing /home/airflow/.local/lib/python3.8/site-packages/airflow/example_dags/example_python_operator.py took 0.096 seconds
[2024-07-21T23:58:45.966+0000] {processor.py:161} INFO - Started process (PID=38168) to work on /home/airflow/.local/lib/python3.8/site-packages/airflow/example_dags/example_python_operator.py
[2024-07-21T23:58:45.968+0000] {processor.py:830} INFO - Processing file /home/airflow/.local/lib/python3.8/site-packages/airflow/example_dags/example_python_operator.py for tasks to queue
[2024-07-21T23:58:45.971+0000] {logging_mixin.py:188} INFO - [2024-07-21T23:58:45.969+0000] {dagbag.py:538} INFO - Filling up the DagBag from /home/airflow/.local/lib/python3.8/site-packages/airflow/example_dags/example_python_operator.py
[2024-07-21T23:58:45.987+0000] {processor.py:840} INFO - DAG(s) 'example_python_operator' retrieved from /home/airflow/.local/lib/python3.8/site-packages/airflow/example_dags/example_python_operator.py
[2024-07-21T23:58:46.023+0000] {logging_mixin.py:188} INFO - [2024-07-21T23:58:46.023+0000] {dag.py:3036} INFO - Sync 1 DAGs
[2024-07-21T23:58:46.042+0000] {logging_mixin.py:188} INFO - [2024-07-21T23:58:46.042+0000] {dag.py:3823} INFO - Setting next_dagrun for example_python_operator to None, run_after=None
[2024-07-21T23:58:46.076+0000] {processor.py:183} INFO - Processing /home/airflow/.local/lib/python3.8/site-packages/airflow/example_dags/example_python_operator.py took 0.117 seconds
[2024-07-21T23:59:16.857+0000] {processor.py:161} INFO - Started process (PID=38225) to work on /home/airflow/.local/lib/python3.8/site-packages/airflow/example_dags/example_python_operator.py
[2024-07-21T23:59:16.859+0000] {processor.py:830} INFO - Processing file /home/airflow/.local/lib/python3.8/site-packages/airflow/example_dags/example_python_operator.py for tasks to queue
[2024-07-21T23:59:16.861+0000] {logging_mixin.py:188} INFO - [2024-07-21T23:59:16.860+0000] {dagbag.py:538} INFO - Filling up the DagBag from /home/airflow/.local/lib/python3.8/site-packages/airflow/example_dags/example_python_operator.py
[2024-07-21T23:59:16.876+0000] {processor.py:840} INFO - DAG(s) 'example_python_operator' retrieved from /home/airflow/.local/lib/python3.8/site-packages/airflow/example_dags/example_python_operator.py
[2024-07-21T23:59:16.916+0000] {logging_mixin.py:188} INFO - [2024-07-21T23:59:16.916+0000] {dag.py:3036} INFO - Sync 1 DAGs
[2024-07-21T23:59:16.934+0000] {logging_mixin.py:188} INFO - [2024-07-21T23:59:16.934+0000] {dag.py:3823} INFO - Setting next_dagrun for example_python_operator to None, run_after=None
[2024-07-21T23:59:16.969+0000] {processor.py:183} INFO - Processing /home/airflow/.local/lib/python3.8/site-packages/airflow/example_dags/example_python_operator.py took 0.117 seconds
[2024-07-21T23:59:47.351+0000] {processor.py:161} INFO - Started process (PID=38282) to work on /home/airflow/.local/lib/python3.8/site-packages/airflow/example_dags/example_python_operator.py
[2024-07-21T23:59:47.353+0000] {processor.py:830} INFO - Processing file /home/airflow/.local/lib/python3.8/site-packages/airflow/example_dags/example_python_operator.py for tasks to queue
[2024-07-21T23:59:47.356+0000] {logging_mixin.py:188} INFO - [2024-07-21T23:59:47.355+0000] {dagbag.py:538} INFO - Filling up the DagBag from /home/airflow/.local/lib/python3.8/site-packages/airflow/example_dags/example_python_operator.py
[2024-07-21T23:59:47.380+0000] {processor.py:840} INFO - DAG(s) 'example_python_operator' retrieved from /home/airflow/.local/lib/python3.8/site-packages/airflow/example_dags/example_python_operator.py
[2024-07-21T23:59:47.409+0000] {logging_mixin.py:188} INFO - [2024-07-21T23:59:47.408+0000] {dag.py:3036} INFO - Sync 1 DAGs
[2024-07-21T23:59:47.442+0000] {logging_mixin.py:188} INFO - [2024-07-21T23:59:47.442+0000] {dag.py:3823} INFO - Setting next_dagrun for example_python_operator to None, run_after=None
[2024-07-21T23:59:47.485+0000] {processor.py:183} INFO - Processing /home/airflow/.local/lib/python3.8/site-packages/airflow/example_dags/example_python_operator.py took 0.140 seconds
