[2024-07-21T23:56:07.395+0000] {processor.py:161} INFO - Started process (PID=37866) to work on /home/airflow/.local/lib/python3.8/site-packages/airflow/example_dags/example_time_delta_sensor_async.py
[2024-07-21T23:56:07.402+0000] {processor.py:830} INFO - Processing file /home/airflow/.local/lib/python3.8/site-packages/airflow/example_dags/example_time_delta_sensor_async.py for tasks to queue
[2024-07-21T23:56:07.415+0000] {logging_mixin.py:188} INFO - [2024-07-21T23:56:07.414+0000] {dagbag.py:538} INFO - Filling up the DagBag from /home/airflow/.local/lib/python3.8/site-packages/airflow/example_dags/example_time_delta_sensor_async.py
[2024-07-21T23:56:07.444+0000] {processor.py:840} INFO - DAG(s) 'example_time_delta_sensor_async' retrieved from /home/airflow/.local/lib/python3.8/site-packages/airflow/example_dags/example_time_delta_sensor_async.py
[2024-07-21T23:56:07.600+0000] {logging_mixin.py:188} INFO - [2024-07-21T23:56:07.598+0000] {dag.py:3036} INFO - Sync 1 DAGs
[2024-07-21T23:56:07.684+0000] {logging_mixin.py:188} INFO - [2024-07-21T23:56:07.683+0000] {dag.py:3823} INFO - Setting next_dagrun for example_time_delta_sensor_async to None, run_after=None
[2024-07-21T23:56:07.836+0000] {processor.py:183} INFO - Processing /home/airflow/.local/lib/python3.8/site-packages/airflow/example_dags/example_time_delta_sensor_async.py took 0.461 seconds
[2024-07-21T23:56:38.700+0000] {processor.py:161} INFO - Started process (PID=37928) to work on /home/airflow/.local/lib/python3.8/site-packages/airflow/example_dags/example_time_delta_sensor_async.py
[2024-07-21T23:56:38.704+0000] {processor.py:830} INFO - Processing file /home/airflow/.local/lib/python3.8/site-packages/airflow/example_dags/example_time_delta_sensor_async.py for tasks to queue
[2024-07-21T23:56:38.708+0000] {logging_mixin.py:188} INFO - [2024-07-21T23:56:38.707+0000] {dagbag.py:538} INFO - Filling up the DagBag from /home/airflow/.local/lib/python3.8/site-packages/airflow/example_dags/example_time_delta_sensor_async.py
[2024-07-21T23:56:38.729+0000] {processor.py:840} INFO - DAG(s) 'example_time_delta_sensor_async' retrieved from /home/airflow/.local/lib/python3.8/site-packages/airflow/example_dags/example_time_delta_sensor_async.py
[2024-07-21T23:56:38.822+0000] {logging_mixin.py:188} INFO - [2024-07-21T23:56:38.821+0000] {dag.py:3036} INFO - Sync 1 DAGs
[2024-07-21T23:56:38.878+0000] {logging_mixin.py:188} INFO - [2024-07-21T23:56:38.872+0000] {dag.py:3823} INFO - Setting next_dagrun for example_time_delta_sensor_async to None, run_after=None
[2024-07-21T23:56:38.973+0000] {processor.py:183} INFO - Processing /home/airflow/.local/lib/python3.8/site-packages/airflow/example_dags/example_time_delta_sensor_async.py took 0.287 seconds
[2024-07-21T23:57:09.501+0000] {processor.py:161} INFO - Started process (PID=37991) to work on /home/airflow/.local/lib/python3.8/site-packages/airflow/example_dags/example_time_delta_sensor_async.py
[2024-07-21T23:57:09.503+0000] {processor.py:830} INFO - Processing file /home/airflow/.local/lib/python3.8/site-packages/airflow/example_dags/example_time_delta_sensor_async.py for tasks to queue
[2024-07-21T23:57:09.505+0000] {logging_mixin.py:188} INFO - [2024-07-21T23:57:09.504+0000] {dagbag.py:538} INFO - Filling up the DagBag from /home/airflow/.local/lib/python3.8/site-packages/airflow/example_dags/example_time_delta_sensor_async.py
[2024-07-21T23:57:09.514+0000] {processor.py:840} INFO - DAG(s) 'example_time_delta_sensor_async' retrieved from /home/airflow/.local/lib/python3.8/site-packages/airflow/example_dags/example_time_delta_sensor_async.py
[2024-07-21T23:57:09.554+0000] {logging_mixin.py:188} INFO - [2024-07-21T23:57:09.554+0000] {dag.py:3036} INFO - Sync 1 DAGs
[2024-07-21T23:57:09.579+0000] {logging_mixin.py:188} INFO - [2024-07-21T23:57:09.578+0000] {dag.py:3823} INFO - Setting next_dagrun for example_time_delta_sensor_async to None, run_after=None
[2024-07-21T23:57:09.624+0000] {processor.py:183} INFO - Processing /home/airflow/.local/lib/python3.8/site-packages/airflow/example_dags/example_time_delta_sensor_async.py took 0.131 seconds
[2024-07-21T23:57:40.016+0000] {processor.py:161} INFO - Started process (PID=38048) to work on /home/airflow/.local/lib/python3.8/site-packages/airflow/example_dags/example_time_delta_sensor_async.py
[2024-07-21T23:57:40.019+0000] {processor.py:830} INFO - Processing file /home/airflow/.local/lib/python3.8/site-packages/airflow/example_dags/example_time_delta_sensor_async.py for tasks to queue
[2024-07-21T23:57:40.022+0000] {logging_mixin.py:188} INFO - [2024-07-21T23:57:40.021+0000] {dagbag.py:538} INFO - Filling up the DagBag from /home/airflow/.local/lib/python3.8/site-packages/airflow/example_dags/example_time_delta_sensor_async.py
[2024-07-21T23:57:40.032+0000] {processor.py:840} INFO - DAG(s) 'example_time_delta_sensor_async' retrieved from /home/airflow/.local/lib/python3.8/site-packages/airflow/example_dags/example_time_delta_sensor_async.py
[2024-07-21T23:57:40.068+0000] {logging_mixin.py:188} INFO - [2024-07-21T23:57:40.068+0000] {dag.py:3036} INFO - Sync 1 DAGs
[2024-07-21T23:57:40.090+0000] {logging_mixin.py:188} INFO - [2024-07-21T23:57:40.090+0000] {dag.py:3823} INFO - Setting next_dagrun for example_time_delta_sensor_async to None, run_after=None
[2024-07-21T23:57:40.132+0000] {processor.py:183} INFO - Processing /home/airflow/.local/lib/python3.8/site-packages/airflow/example_dags/example_time_delta_sensor_async.py took 0.122 seconds
[2024-07-21T23:58:10.620+0000] {processor.py:161} INFO - Started process (PID=38105) to work on /home/airflow/.local/lib/python3.8/site-packages/airflow/example_dags/example_time_delta_sensor_async.py
[2024-07-21T23:58:10.622+0000] {processor.py:830} INFO - Processing file /home/airflow/.local/lib/python3.8/site-packages/airflow/example_dags/example_time_delta_sensor_async.py for tasks to queue
[2024-07-21T23:58:10.624+0000] {logging_mixin.py:188} INFO - [2024-07-21T23:58:10.624+0000] {dagbag.py:538} INFO - Filling up the DagBag from /home/airflow/.local/lib/python3.8/site-packages/airflow/example_dags/example_time_delta_sensor_async.py
[2024-07-21T23:58:10.635+0000] {processor.py:840} INFO - DAG(s) 'example_time_delta_sensor_async' retrieved from /home/airflow/.local/lib/python3.8/site-packages/airflow/example_dags/example_time_delta_sensor_async.py
[2024-07-21T23:58:10.680+0000] {logging_mixin.py:188} INFO - [2024-07-21T23:58:10.680+0000] {dag.py:3036} INFO - Sync 1 DAGs
[2024-07-21T23:58:10.706+0000] {logging_mixin.py:188} INFO - [2024-07-21T23:58:10.706+0000] {dag.py:3823} INFO - Setting next_dagrun for example_time_delta_sensor_async to None, run_after=None
[2024-07-21T23:58:10.740+0000] {processor.py:183} INFO - Processing /home/airflow/.local/lib/python3.8/site-packages/airflow/example_dags/example_time_delta_sensor_async.py took 0.124 seconds
[2024-07-21T23:58:41.449+0000] {processor.py:161} INFO - Started process (PID=38162) to work on /home/airflow/.local/lib/python3.8/site-packages/airflow/example_dags/example_time_delta_sensor_async.py
[2024-07-21T23:58:41.452+0000] {processor.py:830} INFO - Processing file /home/airflow/.local/lib/python3.8/site-packages/airflow/example_dags/example_time_delta_sensor_async.py for tasks to queue
[2024-07-21T23:58:41.454+0000] {logging_mixin.py:188} INFO - [2024-07-21T23:58:41.453+0000] {dagbag.py:538} INFO - Filling up the DagBag from /home/airflow/.local/lib/python3.8/site-packages/airflow/example_dags/example_time_delta_sensor_async.py
[2024-07-21T23:58:41.463+0000] {processor.py:840} INFO - DAG(s) 'example_time_delta_sensor_async' retrieved from /home/airflow/.local/lib/python3.8/site-packages/airflow/example_dags/example_time_delta_sensor_async.py
[2024-07-21T23:58:41.523+0000] {logging_mixin.py:188} INFO - [2024-07-21T23:58:41.522+0000] {dag.py:3036} INFO - Sync 1 DAGs
[2024-07-21T23:58:41.549+0000] {logging_mixin.py:188} INFO - [2024-07-21T23:58:41.548+0000] {dag.py:3823} INFO - Setting next_dagrun for example_time_delta_sensor_async to None, run_after=None
[2024-07-21T23:58:41.587+0000] {processor.py:183} INFO - Processing /home/airflow/.local/lib/python3.8/site-packages/airflow/example_dags/example_time_delta_sensor_async.py took 0.145 seconds
[2024-07-21T23:59:12.340+0000] {processor.py:161} INFO - Started process (PID=38219) to work on /home/airflow/.local/lib/python3.8/site-packages/airflow/example_dags/example_time_delta_sensor_async.py
[2024-07-21T23:59:12.343+0000] {processor.py:830} INFO - Processing file /home/airflow/.local/lib/python3.8/site-packages/airflow/example_dags/example_time_delta_sensor_async.py for tasks to queue
[2024-07-21T23:59:12.345+0000] {logging_mixin.py:188} INFO - [2024-07-21T23:59:12.345+0000] {dagbag.py:538} INFO - Filling up the DagBag from /home/airflow/.local/lib/python3.8/site-packages/airflow/example_dags/example_time_delta_sensor_async.py
[2024-07-21T23:59:12.355+0000] {processor.py:840} INFO - DAG(s) 'example_time_delta_sensor_async' retrieved from /home/airflow/.local/lib/python3.8/site-packages/airflow/example_dags/example_time_delta_sensor_async.py
[2024-07-21T23:59:12.388+0000] {logging_mixin.py:188} INFO - [2024-07-21T23:59:12.387+0000] {dag.py:3036} INFO - Sync 1 DAGs
[2024-07-21T23:59:12.405+0000] {logging_mixin.py:188} INFO - [2024-07-21T23:59:12.405+0000] {dag.py:3823} INFO - Setting next_dagrun for example_time_delta_sensor_async to None, run_after=None
[2024-07-21T23:59:12.435+0000] {processor.py:183} INFO - Processing /home/airflow/.local/lib/python3.8/site-packages/airflow/example_dags/example_time_delta_sensor_async.py took 0.099 seconds
[2024-07-21T23:59:42.674+0000] {processor.py:161} INFO - Started process (PID=38276) to work on /home/airflow/.local/lib/python3.8/site-packages/airflow/example_dags/example_time_delta_sensor_async.py
[2024-07-21T23:59:42.676+0000] {processor.py:830} INFO - Processing file /home/airflow/.local/lib/python3.8/site-packages/airflow/example_dags/example_time_delta_sensor_async.py for tasks to queue
[2024-07-21T23:59:42.677+0000] {logging_mixin.py:188} INFO - [2024-07-21T23:59:42.677+0000] {dagbag.py:538} INFO - Filling up the DagBag from /home/airflow/.local/lib/python3.8/site-packages/airflow/example_dags/example_time_delta_sensor_async.py
[2024-07-21T23:59:42.687+0000] {processor.py:840} INFO - DAG(s) 'example_time_delta_sensor_async' retrieved from /home/airflow/.local/lib/python3.8/site-packages/airflow/example_dags/example_time_delta_sensor_async.py
[2024-07-21T23:59:42.727+0000] {logging_mixin.py:188} INFO - [2024-07-21T23:59:42.727+0000] {dag.py:3036} INFO - Sync 1 DAGs
[2024-07-21T23:59:42.745+0000] {logging_mixin.py:188} INFO - [2024-07-21T23:59:42.745+0000] {dag.py:3823} INFO - Setting next_dagrun for example_time_delta_sensor_async to None, run_after=None
[2024-07-21T23:59:42.791+0000] {processor.py:183} INFO - Processing /home/airflow/.local/lib/python3.8/site-packages/airflow/example_dags/example_time_delta_sensor_async.py took 0.123 seconds
