[2024-07-21T23:56:06.290+0000] {processor.py:161} INFO - Started process (PID=37863) to work on /home/airflow/.local/lib/python3.8/site-packages/airflow/example_dags/example_short_circuit_operator.py
[2024-07-21T23:56:06.331+0000] {processor.py:830} INFO - Processing file /home/airflow/.local/lib/python3.8/site-packages/airflow/example_dags/example_short_circuit_operator.py for tasks to queue
[2024-07-21T23:56:06.347+0000] {logging_mixin.py:188} INFO - [2024-07-21T23:56:06.346+0000] {dagbag.py:538} INFO - Filling up the DagBag from /home/airflow/.local/lib/python3.8/site-packages/airflow/example_dags/example_short_circuit_operator.py
[2024-07-21T23:56:06.426+0000] {processor.py:840} INFO - DAG(s) 'example_short_circuit_operator' retrieved from /home/airflow/.local/lib/python3.8/site-packages/airflow/example_dags/example_short_circuit_operator.py
[2024-07-21T23:56:06.597+0000] {logging_mixin.py:188} INFO - [2024-07-21T23:56:06.587+0000] {dag.py:3036} INFO - Sync 1 DAGs
[2024-07-21T23:56:06.750+0000] {logging_mixin.py:188} INFO - [2024-07-21T23:56:06.749+0000] {dag.py:3823} INFO - Setting next_dagrun for example_short_circuit_operator to 2024-07-20 00:00:00+00:00, run_after=2024-07-21 00:00:00+00:00
[2024-07-21T23:56:06.954+0000] {processor.py:183} INFO - Processing /home/airflow/.local/lib/python3.8/site-packages/airflow/example_dags/example_short_circuit_operator.py took 0.684 seconds
[2024-07-21T23:56:37.826+0000] {processor.py:161} INFO - Started process (PID=37925) to work on /home/airflow/.local/lib/python3.8/site-packages/airflow/example_dags/example_short_circuit_operator.py
[2024-07-21T23:56:37.838+0000] {processor.py:830} INFO - Processing file /home/airflow/.local/lib/python3.8/site-packages/airflow/example_dags/example_short_circuit_operator.py for tasks to queue
[2024-07-21T23:56:37.845+0000] {logging_mixin.py:188} INFO - [2024-07-21T23:56:37.844+0000] {dagbag.py:538} INFO - Filling up the DagBag from /home/airflow/.local/lib/python3.8/site-packages/airflow/example_dags/example_short_circuit_operator.py
[2024-07-21T23:56:37.904+0000] {processor.py:840} INFO - DAG(s) 'example_short_circuit_operator' retrieved from /home/airflow/.local/lib/python3.8/site-packages/airflow/example_dags/example_short_circuit_operator.py
[2024-07-21T23:56:38.003+0000] {logging_mixin.py:188} INFO - [2024-07-21T23:56:38.002+0000] {dag.py:3036} INFO - Sync 1 DAGs
[2024-07-21T23:56:38.087+0000] {logging_mixin.py:188} INFO - [2024-07-21T23:56:38.086+0000] {dag.py:3823} INFO - Setting next_dagrun for example_short_circuit_operator to 2024-07-20 00:00:00+00:00, run_after=2024-07-21 00:00:00+00:00
[2024-07-21T23:56:38.168+0000] {processor.py:183} INFO - Processing /home/airflow/.local/lib/python3.8/site-packages/airflow/example_dags/example_short_circuit_operator.py took 0.365 seconds
[2024-07-21T23:57:08.347+0000] {processor.py:161} INFO - Started process (PID=37982) to work on /home/airflow/.local/lib/python3.8/site-packages/airflow/example_dags/example_short_circuit_operator.py
[2024-07-21T23:57:08.349+0000] {processor.py:830} INFO - Processing file /home/airflow/.local/lib/python3.8/site-packages/airflow/example_dags/example_short_circuit_operator.py for tasks to queue
[2024-07-21T23:57:08.351+0000] {logging_mixin.py:188} INFO - [2024-07-21T23:57:08.350+0000] {dagbag.py:538} INFO - Filling up the DagBag from /home/airflow/.local/lib/python3.8/site-packages/airflow/example_dags/example_short_circuit_operator.py
[2024-07-21T23:57:08.371+0000] {processor.py:840} INFO - DAG(s) 'example_short_circuit_operator' retrieved from /home/airflow/.local/lib/python3.8/site-packages/airflow/example_dags/example_short_circuit_operator.py
[2024-07-21T23:57:08.438+0000] {logging_mixin.py:188} INFO - [2024-07-21T23:57:08.438+0000] {dag.py:3036} INFO - Sync 1 DAGs
[2024-07-21T23:57:08.502+0000] {logging_mixin.py:188} INFO - [2024-07-21T23:57:08.501+0000] {dag.py:3823} INFO - Setting next_dagrun for example_short_circuit_operator to 2024-07-20 00:00:00+00:00, run_after=2024-07-21 00:00:00+00:00
[2024-07-21T23:57:08.550+0000] {processor.py:183} INFO - Processing /home/airflow/.local/lib/python3.8/site-packages/airflow/example_dags/example_short_circuit_operator.py took 0.209 seconds
[2024-07-21T23:57:38.926+0000] {processor.py:161} INFO - Started process (PID=38039) to work on /home/airflow/.local/lib/python3.8/site-packages/airflow/example_dags/example_short_circuit_operator.py
[2024-07-21T23:57:38.930+0000] {processor.py:830} INFO - Processing file /home/airflow/.local/lib/python3.8/site-packages/airflow/example_dags/example_short_circuit_operator.py for tasks to queue
[2024-07-21T23:57:38.934+0000] {logging_mixin.py:188} INFO - [2024-07-21T23:57:38.933+0000] {dagbag.py:538} INFO - Filling up the DagBag from /home/airflow/.local/lib/python3.8/site-packages/airflow/example_dags/example_short_circuit_operator.py
[2024-07-21T23:57:38.954+0000] {processor.py:840} INFO - DAG(s) 'example_short_circuit_operator' retrieved from /home/airflow/.local/lib/python3.8/site-packages/airflow/example_dags/example_short_circuit_operator.py
[2024-07-21T23:57:38.994+0000] {logging_mixin.py:188} INFO - [2024-07-21T23:57:38.994+0000] {dag.py:3036} INFO - Sync 1 DAGs
[2024-07-21T23:57:39.036+0000] {logging_mixin.py:188} INFO - [2024-07-21T23:57:39.035+0000] {dag.py:3823} INFO - Setting next_dagrun for example_short_circuit_operator to 2024-07-20 00:00:00+00:00, run_after=2024-07-21 00:00:00+00:00
[2024-07-21T23:57:39.067+0000] {processor.py:183} INFO - Processing /home/airflow/.local/lib/python3.8/site-packages/airflow/example_dags/example_short_circuit_operator.py took 0.146 seconds
[2024-07-21T23:58:09.245+0000] {processor.py:161} INFO - Started process (PID=38096) to work on /home/airflow/.local/lib/python3.8/site-packages/airflow/example_dags/example_short_circuit_operator.py
[2024-07-21T23:58:09.250+0000] {processor.py:830} INFO - Processing file /home/airflow/.local/lib/python3.8/site-packages/airflow/example_dags/example_short_circuit_operator.py for tasks to queue
[2024-07-21T23:58:09.258+0000] {logging_mixin.py:188} INFO - [2024-07-21T23:58:09.258+0000] {dagbag.py:538} INFO - Filling up the DagBag from /home/airflow/.local/lib/python3.8/site-packages/airflow/example_dags/example_short_circuit_operator.py
[2024-07-21T23:58:09.300+0000] {processor.py:840} INFO - DAG(s) 'example_short_circuit_operator' retrieved from /home/airflow/.local/lib/python3.8/site-packages/airflow/example_dags/example_short_circuit_operator.py
[2024-07-21T23:58:09.391+0000] {logging_mixin.py:188} INFO - [2024-07-21T23:58:09.390+0000] {dag.py:3036} INFO - Sync 1 DAGs
[2024-07-21T23:58:09.466+0000] {logging_mixin.py:188} INFO - [2024-07-21T23:58:09.465+0000] {dag.py:3823} INFO - Setting next_dagrun for example_short_circuit_operator to 2024-07-20 00:00:00+00:00, run_after=2024-07-21 00:00:00+00:00
[2024-07-21T23:58:09.528+0000] {processor.py:183} INFO - Processing /home/airflow/.local/lib/python3.8/site-packages/airflow/example_dags/example_short_circuit_operator.py took 0.292 seconds
[2024-07-21T23:58:40.377+0000] {processor.py:161} INFO - Started process (PID=38159) to work on /home/airflow/.local/lib/python3.8/site-packages/airflow/example_dags/example_short_circuit_operator.py
[2024-07-21T23:58:40.379+0000] {processor.py:830} INFO - Processing file /home/airflow/.local/lib/python3.8/site-packages/airflow/example_dags/example_short_circuit_operator.py for tasks to queue
[2024-07-21T23:58:40.381+0000] {logging_mixin.py:188} INFO - [2024-07-21T23:58:40.380+0000] {dagbag.py:538} INFO - Filling up the DagBag from /home/airflow/.local/lib/python3.8/site-packages/airflow/example_dags/example_short_circuit_operator.py
[2024-07-21T23:58:40.395+0000] {processor.py:840} INFO - DAG(s) 'example_short_circuit_operator' retrieved from /home/airflow/.local/lib/python3.8/site-packages/airflow/example_dags/example_short_circuit_operator.py
[2024-07-21T23:58:40.426+0000] {logging_mixin.py:188} INFO - [2024-07-21T23:58:40.425+0000] {dag.py:3036} INFO - Sync 1 DAGs
[2024-07-21T23:58:40.455+0000] {logging_mixin.py:188} INFO - [2024-07-21T23:58:40.454+0000] {dag.py:3823} INFO - Setting next_dagrun for example_short_circuit_operator to 2024-07-20 00:00:00+00:00, run_after=2024-07-21 00:00:00+00:00
[2024-07-21T23:58:40.482+0000] {processor.py:183} INFO - Processing /home/airflow/.local/lib/python3.8/site-packages/airflow/example_dags/example_short_circuit_operator.py took 0.112 seconds
[2024-07-21T23:59:11.282+0000] {processor.py:161} INFO - Started process (PID=38216) to work on /home/airflow/.local/lib/python3.8/site-packages/airflow/example_dags/example_short_circuit_operator.py
[2024-07-21T23:59:11.284+0000] {processor.py:830} INFO - Processing file /home/airflow/.local/lib/python3.8/site-packages/airflow/example_dags/example_short_circuit_operator.py for tasks to queue
[2024-07-21T23:59:11.287+0000] {logging_mixin.py:188} INFO - [2024-07-21T23:59:11.287+0000] {dagbag.py:538} INFO - Filling up the DagBag from /home/airflow/.local/lib/python3.8/site-packages/airflow/example_dags/example_short_circuit_operator.py
[2024-07-21T23:59:11.305+0000] {processor.py:840} INFO - DAG(s) 'example_short_circuit_operator' retrieved from /home/airflow/.local/lib/python3.8/site-packages/airflow/example_dags/example_short_circuit_operator.py
[2024-07-21T23:59:11.352+0000] {logging_mixin.py:188} INFO - [2024-07-21T23:59:11.352+0000] {dag.py:3036} INFO - Sync 1 DAGs
[2024-07-21T23:59:11.396+0000] {logging_mixin.py:188} INFO - [2024-07-21T23:59:11.395+0000] {dag.py:3823} INFO - Setting next_dagrun for example_short_circuit_operator to 2024-07-20 00:00:00+00:00, run_after=2024-07-21 00:00:00+00:00
[2024-07-21T23:59:11.434+0000] {processor.py:183} INFO - Processing /home/airflow/.local/lib/python3.8/site-packages/airflow/example_dags/example_short_circuit_operator.py took 0.158 seconds
[2024-07-21T23:59:42.395+0000] {processor.py:161} INFO - Started process (PID=38273) to work on /home/airflow/.local/lib/python3.8/site-packages/airflow/example_dags/example_short_circuit_operator.py
[2024-07-21T23:59:42.397+0000] {processor.py:830} INFO - Processing file /home/airflow/.local/lib/python3.8/site-packages/airflow/example_dags/example_short_circuit_operator.py for tasks to queue
[2024-07-21T23:59:42.399+0000] {logging_mixin.py:188} INFO - [2024-07-21T23:59:42.398+0000] {dagbag.py:538} INFO - Filling up the DagBag from /home/airflow/.local/lib/python3.8/site-packages/airflow/example_dags/example_short_circuit_operator.py
[2024-07-21T23:59:42.409+0000] {processor.py:840} INFO - DAG(s) 'example_short_circuit_operator' retrieved from /home/airflow/.local/lib/python3.8/site-packages/airflow/example_dags/example_short_circuit_operator.py
[2024-07-21T23:59:42.438+0000] {logging_mixin.py:188} INFO - [2024-07-21T23:59:42.438+0000] {dag.py:3036} INFO - Sync 1 DAGs
[2024-07-21T23:59:42.462+0000] {logging_mixin.py:188} INFO - [2024-07-21T23:59:42.462+0000] {dag.py:3823} INFO - Setting next_dagrun for example_short_circuit_operator to 2024-07-20 00:00:00+00:00, run_after=2024-07-21 00:00:00+00:00
[2024-07-21T23:59:42.487+0000] {processor.py:183} INFO - Processing /home/airflow/.local/lib/python3.8/site-packages/airflow/example_dags/example_short_circuit_operator.py took 0.099 seconds
