[2024-07-21T23:56:23.194+0000] {processor.py:161} INFO - Started process (PID=37902) to work on /home/airflow/.local/lib/python3.8/site-packages/airflow/example_dags/example_branch_day_of_week_operator.py
[2024-07-21T23:56:23.199+0000] {processor.py:830} INFO - Processing file /home/airflow/.local/lib/python3.8/site-packages/airflow/example_dags/example_branch_day_of_week_operator.py for tasks to queue
[2024-07-21T23:56:23.207+0000] {logging_mixin.py:188} INFO - [2024-07-21T23:56:23.202+0000] {dagbag.py:538} INFO - Filling up the DagBag from /home/airflow/.local/lib/python3.8/site-packages/airflow/example_dags/example_branch_day_of_week_operator.py
[2024-07-21T23:56:23.252+0000] {processor.py:840} INFO - DAG(s) 'example_weekday_branch_operator' retrieved from /home/airflow/.local/lib/python3.8/site-packages/airflow/example_dags/example_branch_day_of_week_operator.py
[2024-07-21T23:56:23.397+0000] {logging_mixin.py:188} INFO - [2024-07-21T23:56:23.397+0000] {dag.py:3036} INFO - Sync 1 DAGs
[2024-07-21T23:56:23.523+0000] {logging_mixin.py:188} INFO - [2024-07-21T23:56:23.521+0000] {dag.py:3823} INFO - Setting next_dagrun for example_weekday_branch_operator to 2024-07-20 00:00:00+00:00, run_after=2024-07-21 00:00:00+00:00
[2024-07-21T23:56:23.643+0000] {processor.py:183} INFO - Processing /home/airflow/.local/lib/python3.8/site-packages/airflow/example_dags/example_branch_day_of_week_operator.py took 0.468 seconds
[2024-07-21T23:56:54.644+0000] {processor.py:161} INFO - Started process (PID=37963) to work on /home/airflow/.local/lib/python3.8/site-packages/airflow/example_dags/example_branch_day_of_week_operator.py
[2024-07-21T23:56:54.647+0000] {processor.py:830} INFO - Processing file /home/airflow/.local/lib/python3.8/site-packages/airflow/example_dags/example_branch_day_of_week_operator.py for tasks to queue
[2024-07-21T23:56:54.650+0000] {logging_mixin.py:188} INFO - [2024-07-21T23:56:54.649+0000] {dagbag.py:538} INFO - Filling up the DagBag from /home/airflow/.local/lib/python3.8/site-packages/airflow/example_dags/example_branch_day_of_week_operator.py
[2024-07-21T23:56:54.676+0000] {processor.py:840} INFO - DAG(s) 'example_weekday_branch_operator' retrieved from /home/airflow/.local/lib/python3.8/site-packages/airflow/example_dags/example_branch_day_of_week_operator.py
[2024-07-21T23:56:54.745+0000] {logging_mixin.py:188} INFO - [2024-07-21T23:56:54.745+0000] {dag.py:3036} INFO - Sync 1 DAGs
[2024-07-21T23:56:54.817+0000] {logging_mixin.py:188} INFO - [2024-07-21T23:56:54.816+0000] {dag.py:3823} INFO - Setting next_dagrun for example_weekday_branch_operator to 2024-07-20 00:00:00+00:00, run_after=2024-07-21 00:00:00+00:00
[2024-07-21T23:56:54.867+0000] {processor.py:183} INFO - Processing /home/airflow/.local/lib/python3.8/site-packages/airflow/example_dags/example_branch_day_of_week_operator.py took 0.231 seconds
[2024-07-21T23:57:25.182+0000] {processor.py:161} INFO - Started process (PID=38020) to work on /home/airflow/.local/lib/python3.8/site-packages/airflow/example_dags/example_branch_day_of_week_operator.py
[2024-07-21T23:57:25.185+0000] {processor.py:830} INFO - Processing file /home/airflow/.local/lib/python3.8/site-packages/airflow/example_dags/example_branch_day_of_week_operator.py for tasks to queue
[2024-07-21T23:57:25.187+0000] {logging_mixin.py:188} INFO - [2024-07-21T23:57:25.186+0000] {dagbag.py:538} INFO - Filling up the DagBag from /home/airflow/.local/lib/python3.8/site-packages/airflow/example_dags/example_branch_day_of_week_operator.py
[2024-07-21T23:57:25.201+0000] {processor.py:840} INFO - DAG(s) 'example_weekday_branch_operator' retrieved from /home/airflow/.local/lib/python3.8/site-packages/airflow/example_dags/example_branch_day_of_week_operator.py
[2024-07-21T23:57:25.243+0000] {logging_mixin.py:188} INFO - [2024-07-21T23:57:25.242+0000] {dag.py:3036} INFO - Sync 1 DAGs
[2024-07-21T23:57:25.286+0000] {logging_mixin.py:188} INFO - [2024-07-21T23:57:25.285+0000] {dag.py:3823} INFO - Setting next_dagrun for example_weekday_branch_operator to 2024-07-20 00:00:00+00:00, run_after=2024-07-21 00:00:00+00:00
[2024-07-21T23:57:25.322+0000] {processor.py:183} INFO - Processing /home/airflow/.local/lib/python3.8/site-packages/airflow/example_dags/example_branch_day_of_week_operator.py took 0.145 seconds
[2024-07-21T23:57:56.266+0000] {processor.py:161} INFO - Started process (PID=38077) to work on /home/airflow/.local/lib/python3.8/site-packages/airflow/example_dags/example_branch_day_of_week_operator.py
[2024-07-21T23:57:56.269+0000] {processor.py:830} INFO - Processing file /home/airflow/.local/lib/python3.8/site-packages/airflow/example_dags/example_branch_day_of_week_operator.py for tasks to queue
[2024-07-21T23:57:56.271+0000] {logging_mixin.py:188} INFO - [2024-07-21T23:57:56.271+0000] {dagbag.py:538} INFO - Filling up the DagBag from /home/airflow/.local/lib/python3.8/site-packages/airflow/example_dags/example_branch_day_of_week_operator.py
[2024-07-21T23:57:56.284+0000] {processor.py:840} INFO - DAG(s) 'example_weekday_branch_operator' retrieved from /home/airflow/.local/lib/python3.8/site-packages/airflow/example_dags/example_branch_day_of_week_operator.py
[2024-07-21T23:57:56.325+0000] {logging_mixin.py:188} INFO - [2024-07-21T23:57:56.325+0000] {dag.py:3036} INFO - Sync 1 DAGs
[2024-07-21T23:57:56.368+0000] {logging_mixin.py:188} INFO - [2024-07-21T23:57:56.368+0000] {dag.py:3823} INFO - Setting next_dagrun for example_weekday_branch_operator to 2024-07-20 00:00:00+00:00, run_after=2024-07-21 00:00:00+00:00
[2024-07-21T23:57:56.402+0000] {processor.py:183} INFO - Processing /home/airflow/.local/lib/python3.8/site-packages/airflow/example_dags/example_branch_day_of_week_operator.py took 0.142 seconds
[2024-07-21T23:58:26.677+0000] {processor.py:161} INFO - Started process (PID=38134) to work on /home/airflow/.local/lib/python3.8/site-packages/airflow/example_dags/example_branch_day_of_week_operator.py
[2024-07-21T23:58:26.679+0000] {processor.py:830} INFO - Processing file /home/airflow/.local/lib/python3.8/site-packages/airflow/example_dags/example_branch_day_of_week_operator.py for tasks to queue
[2024-07-21T23:58:26.681+0000] {logging_mixin.py:188} INFO - [2024-07-21T23:58:26.680+0000] {dagbag.py:538} INFO - Filling up the DagBag from /home/airflow/.local/lib/python3.8/site-packages/airflow/example_dags/example_branch_day_of_week_operator.py
[2024-07-21T23:58:26.695+0000] {processor.py:840} INFO - DAG(s) 'example_weekday_branch_operator' retrieved from /home/airflow/.local/lib/python3.8/site-packages/airflow/example_dags/example_branch_day_of_week_operator.py
[2024-07-21T23:58:26.736+0000] {logging_mixin.py:188} INFO - [2024-07-21T23:58:26.736+0000] {dag.py:3036} INFO - Sync 1 DAGs
[2024-07-21T23:58:26.778+0000] {logging_mixin.py:188} INFO - [2024-07-21T23:58:26.777+0000] {dag.py:3823} INFO - Setting next_dagrun for example_weekday_branch_operator to 2024-07-20 00:00:00+00:00, run_after=2024-07-21 00:00:00+00:00
[2024-07-21T23:58:26.811+0000] {processor.py:183} INFO - Processing /home/airflow/.local/lib/python3.8/site-packages/airflow/example_dags/example_branch_day_of_week_operator.py took 0.139 seconds
[2024-07-21T23:58:57.368+0000] {processor.py:161} INFO - Started process (PID=38191) to work on /home/airflow/.local/lib/python3.8/site-packages/airflow/example_dags/example_branch_day_of_week_operator.py
[2024-07-21T23:58:57.372+0000] {processor.py:830} INFO - Processing file /home/airflow/.local/lib/python3.8/site-packages/airflow/example_dags/example_branch_day_of_week_operator.py for tasks to queue
[2024-07-21T23:58:57.375+0000] {logging_mixin.py:188} INFO - [2024-07-21T23:58:57.374+0000] {dagbag.py:538} INFO - Filling up the DagBag from /home/airflow/.local/lib/python3.8/site-packages/airflow/example_dags/example_branch_day_of_week_operator.py
[2024-07-21T23:58:57.387+0000] {processor.py:840} INFO - DAG(s) 'example_weekday_branch_operator' retrieved from /home/airflow/.local/lib/python3.8/site-packages/airflow/example_dags/example_branch_day_of_week_operator.py
[2024-07-21T23:58:57.428+0000] {logging_mixin.py:188} INFO - [2024-07-21T23:58:57.428+0000] {dag.py:3036} INFO - Sync 1 DAGs
[2024-07-21T23:58:57.464+0000] {logging_mixin.py:188} INFO - [2024-07-21T23:58:57.464+0000] {dag.py:3823} INFO - Setting next_dagrun for example_weekday_branch_operator to 2024-07-20 00:00:00+00:00, run_after=2024-07-21 00:00:00+00:00
[2024-07-21T23:58:57.495+0000] {processor.py:183} INFO - Processing /home/airflow/.local/lib/python3.8/site-packages/airflow/example_dags/example_branch_day_of_week_operator.py took 0.132 seconds
[2024-07-21T23:59:27.567+0000] {processor.py:161} INFO - Started process (PID=38248) to work on /home/airflow/.local/lib/python3.8/site-packages/airflow/example_dags/example_branch_day_of_week_operator.py
[2024-07-21T23:59:27.569+0000] {processor.py:830} INFO - Processing file /home/airflow/.local/lib/python3.8/site-packages/airflow/example_dags/example_branch_day_of_week_operator.py for tasks to queue
[2024-07-21T23:59:27.571+0000] {logging_mixin.py:188} INFO - [2024-07-21T23:59:27.570+0000] {dagbag.py:538} INFO - Filling up the DagBag from /home/airflow/.local/lib/python3.8/site-packages/airflow/example_dags/example_branch_day_of_week_operator.py
[2024-07-21T23:59:27.582+0000] {processor.py:840} INFO - DAG(s) 'example_weekday_branch_operator' retrieved from /home/airflow/.local/lib/python3.8/site-packages/airflow/example_dags/example_branch_day_of_week_operator.py
[2024-07-21T23:59:27.631+0000] {logging_mixin.py:188} INFO - [2024-07-21T23:59:27.631+0000] {dag.py:3036} INFO - Sync 1 DAGs
[2024-07-21T23:59:27.672+0000] {logging_mixin.py:188} INFO - [2024-07-21T23:59:27.671+0000] {dag.py:3823} INFO - Setting next_dagrun for example_weekday_branch_operator to 2024-07-20 00:00:00+00:00, run_after=2024-07-21 00:00:00+00:00
[2024-07-21T23:59:27.708+0000] {processor.py:183} INFO - Processing /home/airflow/.local/lib/python3.8/site-packages/airflow/example_dags/example_branch_day_of_week_operator.py took 0.145 seconds
[2024-07-21T23:59:57.932+0000] {processor.py:161} INFO - Started process (PID=38305) to work on /home/airflow/.local/lib/python3.8/site-packages/airflow/example_dags/example_branch_day_of_week_operator.py
[2024-07-21T23:59:57.934+0000] {processor.py:830} INFO - Processing file /home/airflow/.local/lib/python3.8/site-packages/airflow/example_dags/example_branch_day_of_week_operator.py for tasks to queue
[2024-07-21T23:59:57.936+0000] {logging_mixin.py:188} INFO - [2024-07-21T23:59:57.936+0000] {dagbag.py:538} INFO - Filling up the DagBag from /home/airflow/.local/lib/python3.8/site-packages/airflow/example_dags/example_branch_day_of_week_operator.py
[2024-07-21T23:59:57.949+0000] {processor.py:840} INFO - DAG(s) 'example_weekday_branch_operator' retrieved from /home/airflow/.local/lib/python3.8/site-packages/airflow/example_dags/example_branch_day_of_week_operator.py
[2024-07-21T23:59:57.985+0000] {logging_mixin.py:188} INFO - [2024-07-21T23:59:57.985+0000] {dag.py:3036} INFO - Sync 1 DAGs
[2024-07-21T23:59:58.016+0000] {logging_mixin.py:188} INFO - [2024-07-21T23:59:58.015+0000] {dag.py:3823} INFO - Setting next_dagrun for example_weekday_branch_operator to 2024-07-20 00:00:00+00:00, run_after=2024-07-21 00:00:00+00:00
[2024-07-21T23:59:58.040+0000] {processor.py:183} INFO - Processing /home/airflow/.local/lib/python3.8/site-packages/airflow/example_dags/example_branch_day_of_week_operator.py took 0.111 seconds
