[2024-07-21T23:56:15.732+0000] {processor.py:161} INFO - Started process (PID=37887) to work on /home/airflow/.local/lib/python3.8/site-packages/airflow/example_dags/example_local_kubernetes_executor.py
[2024-07-21T23:56:15.751+0000] {processor.py:830} INFO - Processing file /home/airflow/.local/lib/python3.8/site-packages/airflow/example_dags/example_local_kubernetes_executor.py for tasks to queue
[2024-07-21T23:56:15.756+0000] {logging_mixin.py:188} INFO - [2024-07-21T23:56:15.755+0000] {dagbag.py:538} INFO - Filling up the DagBag from /home/airflow/.local/lib/python3.8/site-packages/airflow/example_dags/example_local_kubernetes_executor.py
[2024-07-21T23:56:15.852+0000] {processor.py:840} INFO - DAG(s) 'example_local_kubernetes_executor' retrieved from /home/airflow/.local/lib/python3.8/site-packages/airflow/example_dags/example_local_kubernetes_executor.py
[2024-07-21T23:56:16.250+0000] {logging_mixin.py:188} INFO - [2024-07-21T23:56:16.249+0000] {dag.py:3036} INFO - Sync 1 DAGs
[2024-07-21T23:56:16.357+0000] {logging_mixin.py:188} INFO - [2024-07-21T23:56:16.357+0000] {dag.py:3823} INFO - Setting next_dagrun for example_local_kubernetes_executor to None, run_after=None
[2024-07-21T23:56:16.473+0000] {processor.py:183} INFO - Processing /home/airflow/.local/lib/python3.8/site-packages/airflow/example_dags/example_local_kubernetes_executor.py took 0.793 seconds
[2024-07-21T23:56:47.294+0000] {processor.py:161} INFO - Started process (PID=37948) to work on /home/airflow/.local/lib/python3.8/site-packages/airflow/example_dags/example_local_kubernetes_executor.py
[2024-07-21T23:56:47.298+0000] {processor.py:830} INFO - Processing file /home/airflow/.local/lib/python3.8/site-packages/airflow/example_dags/example_local_kubernetes_executor.py for tasks to queue
[2024-07-21T23:56:47.308+0000] {logging_mixin.py:188} INFO - [2024-07-21T23:56:47.308+0000] {dagbag.py:538} INFO - Filling up the DagBag from /home/airflow/.local/lib/python3.8/site-packages/airflow/example_dags/example_local_kubernetes_executor.py
[2024-07-21T23:56:47.337+0000] {processor.py:840} INFO - DAG(s) 'example_local_kubernetes_executor' retrieved from /home/airflow/.local/lib/python3.8/site-packages/airflow/example_dags/example_local_kubernetes_executor.py
[2024-07-21T23:56:47.505+0000] {logging_mixin.py:188} INFO - [2024-07-21T23:56:47.504+0000] {dag.py:3036} INFO - Sync 1 DAGs
[2024-07-21T23:56:47.559+0000] {logging_mixin.py:188} INFO - [2024-07-21T23:56:47.558+0000] {dag.py:3823} INFO - Setting next_dagrun for example_local_kubernetes_executor to None, run_after=None
[2024-07-21T23:56:47.637+0000] {processor.py:183} INFO - Processing /home/airflow/.local/lib/python3.8/site-packages/airflow/example_dags/example_local_kubernetes_executor.py took 0.363 seconds
[2024-07-21T23:57:17.892+0000] {processor.py:161} INFO - Started process (PID=38005) to work on /home/airflow/.local/lib/python3.8/site-packages/airflow/example_dags/example_local_kubernetes_executor.py
[2024-07-21T23:57:17.894+0000] {processor.py:830} INFO - Processing file /home/airflow/.local/lib/python3.8/site-packages/airflow/example_dags/example_local_kubernetes_executor.py for tasks to queue
[2024-07-21T23:57:17.898+0000] {logging_mixin.py:188} INFO - [2024-07-21T23:57:17.898+0000] {dagbag.py:538} INFO - Filling up the DagBag from /home/airflow/.local/lib/python3.8/site-packages/airflow/example_dags/example_local_kubernetes_executor.py
[2024-07-21T23:57:17.917+0000] {processor.py:840} INFO - DAG(s) 'example_local_kubernetes_executor' retrieved from /home/airflow/.local/lib/python3.8/site-packages/airflow/example_dags/example_local_kubernetes_executor.py
[2024-07-21T23:57:18.001+0000] {logging_mixin.py:188} INFO - [2024-07-21T23:57:18.000+0000] {dag.py:3036} INFO - Sync 1 DAGs
[2024-07-21T23:57:18.031+0000] {logging_mixin.py:188} INFO - [2024-07-21T23:57:18.031+0000] {dag.py:3823} INFO - Setting next_dagrun for example_local_kubernetes_executor to None, run_after=None
[2024-07-21T23:57:18.076+0000] {processor.py:183} INFO - Processing /home/airflow/.local/lib/python3.8/site-packages/airflow/example_dags/example_local_kubernetes_executor.py took 0.191 seconds
[2024-07-21T23:57:48.217+0000] {processor.py:161} INFO - Started process (PID=38060) to work on /home/airflow/.local/lib/python3.8/site-packages/airflow/example_dags/example_local_kubernetes_executor.py
[2024-07-21T23:57:48.219+0000] {processor.py:830} INFO - Processing file /home/airflow/.local/lib/python3.8/site-packages/airflow/example_dags/example_local_kubernetes_executor.py for tasks to queue
[2024-07-21T23:57:48.222+0000] {logging_mixin.py:188} INFO - [2024-07-21T23:57:48.221+0000] {dagbag.py:538} INFO - Filling up the DagBag from /home/airflow/.local/lib/python3.8/site-packages/airflow/example_dags/example_local_kubernetes_executor.py
[2024-07-21T23:57:48.235+0000] {processor.py:840} INFO - DAG(s) 'example_local_kubernetes_executor' retrieved from /home/airflow/.local/lib/python3.8/site-packages/airflow/example_dags/example_local_kubernetes_executor.py
[2024-07-21T23:57:48.296+0000] {logging_mixin.py:188} INFO - [2024-07-21T23:57:48.295+0000] {dag.py:3036} INFO - Sync 1 DAGs
[2024-07-21T23:57:48.317+0000] {logging_mixin.py:188} INFO - [2024-07-21T23:57:48.317+0000] {dag.py:3823} INFO - Setting next_dagrun for example_local_kubernetes_executor to None, run_after=None
[2024-07-21T23:57:48.350+0000] {processor.py:183} INFO - Processing /home/airflow/.local/lib/python3.8/site-packages/airflow/example_dags/example_local_kubernetes_executor.py took 0.139 seconds
[2024-07-21T23:58:18.719+0000] {processor.py:161} INFO - Started process (PID=38117) to work on /home/airflow/.local/lib/python3.8/site-packages/airflow/example_dags/example_local_kubernetes_executor.py
[2024-07-21T23:58:18.720+0000] {processor.py:830} INFO - Processing file /home/airflow/.local/lib/python3.8/site-packages/airflow/example_dags/example_local_kubernetes_executor.py for tasks to queue
[2024-07-21T23:58:18.722+0000] {logging_mixin.py:188} INFO - [2024-07-21T23:58:18.722+0000] {dagbag.py:538} INFO - Filling up the DagBag from /home/airflow/.local/lib/python3.8/site-packages/airflow/example_dags/example_local_kubernetes_executor.py
[2024-07-21T23:58:18.734+0000] {processor.py:840} INFO - DAG(s) 'example_local_kubernetes_executor' retrieved from /home/airflow/.local/lib/python3.8/site-packages/airflow/example_dags/example_local_kubernetes_executor.py
[2024-07-21T23:58:18.787+0000] {logging_mixin.py:188} INFO - [2024-07-21T23:58:18.787+0000] {dag.py:3036} INFO - Sync 1 DAGs
[2024-07-21T23:58:18.805+0000] {logging_mixin.py:188} INFO - [2024-07-21T23:58:18.805+0000] {dag.py:3823} INFO - Setting next_dagrun for example_local_kubernetes_executor to None, run_after=None
[2024-07-21T23:58:18.834+0000] {processor.py:183} INFO - Processing /home/airflow/.local/lib/python3.8/site-packages/airflow/example_dags/example_local_kubernetes_executor.py took 0.120 seconds
[2024-07-21T23:58:49.240+0000] {processor.py:161} INFO - Started process (PID=38174) to work on /home/airflow/.local/lib/python3.8/site-packages/airflow/example_dags/example_local_kubernetes_executor.py
[2024-07-21T23:58:49.243+0000] {processor.py:830} INFO - Processing file /home/airflow/.local/lib/python3.8/site-packages/airflow/example_dags/example_local_kubernetes_executor.py for tasks to queue
[2024-07-21T23:58:49.245+0000] {logging_mixin.py:188} INFO - [2024-07-21T23:58:49.244+0000] {dagbag.py:538} INFO - Filling up the DagBag from /home/airflow/.local/lib/python3.8/site-packages/airflow/example_dags/example_local_kubernetes_executor.py
[2024-07-21T23:58:49.257+0000] {processor.py:840} INFO - DAG(s) 'example_local_kubernetes_executor' retrieved from /home/airflow/.local/lib/python3.8/site-packages/airflow/example_dags/example_local_kubernetes_executor.py
[2024-07-21T23:58:49.320+0000] {logging_mixin.py:188} INFO - [2024-07-21T23:58:49.319+0000] {dag.py:3036} INFO - Sync 1 DAGs
[2024-07-21T23:58:49.344+0000] {logging_mixin.py:188} INFO - [2024-07-21T23:58:49.344+0000] {dag.py:3823} INFO - Setting next_dagrun for example_local_kubernetes_executor to None, run_after=None
[2024-07-21T23:58:49.382+0000] {processor.py:183} INFO - Processing /home/airflow/.local/lib/python3.8/site-packages/airflow/example_dags/example_local_kubernetes_executor.py took 0.147 seconds
[2024-07-21T23:59:20.070+0000] {processor.py:161} INFO - Started process (PID=38231) to work on /home/airflow/.local/lib/python3.8/site-packages/airflow/example_dags/example_local_kubernetes_executor.py
[2024-07-21T23:59:20.072+0000] {processor.py:830} INFO - Processing file /home/airflow/.local/lib/python3.8/site-packages/airflow/example_dags/example_local_kubernetes_executor.py for tasks to queue
[2024-07-21T23:59:20.074+0000] {logging_mixin.py:188} INFO - [2024-07-21T23:59:20.074+0000] {dagbag.py:538} INFO - Filling up the DagBag from /home/airflow/.local/lib/python3.8/site-packages/airflow/example_dags/example_local_kubernetes_executor.py
[2024-07-21T23:59:20.087+0000] {processor.py:840} INFO - DAG(s) 'example_local_kubernetes_executor' retrieved from /home/airflow/.local/lib/python3.8/site-packages/airflow/example_dags/example_local_kubernetes_executor.py
[2024-07-21T23:59:20.137+0000] {logging_mixin.py:188} INFO - [2024-07-21T23:59:20.137+0000] {dag.py:3036} INFO - Sync 1 DAGs
[2024-07-21T23:59:20.155+0000] {logging_mixin.py:188} INFO - [2024-07-21T23:59:20.155+0000] {dag.py:3823} INFO - Setting next_dagrun for example_local_kubernetes_executor to None, run_after=None
[2024-07-21T23:59:20.185+0000] {processor.py:183} INFO - Processing /home/airflow/.local/lib/python3.8/site-packages/airflow/example_dags/example_local_kubernetes_executor.py took 0.119 seconds
[2024-07-21T23:59:50.549+0000] {processor.py:161} INFO - Started process (PID=38288) to work on /home/airflow/.local/lib/python3.8/site-packages/airflow/example_dags/example_local_kubernetes_executor.py
[2024-07-21T23:59:50.550+0000] {processor.py:830} INFO - Processing file /home/airflow/.local/lib/python3.8/site-packages/airflow/example_dags/example_local_kubernetes_executor.py for tasks to queue
[2024-07-21T23:59:50.552+0000] {logging_mixin.py:188} INFO - [2024-07-21T23:59:50.552+0000] {dagbag.py:538} INFO - Filling up the DagBag from /home/airflow/.local/lib/python3.8/site-packages/airflow/example_dags/example_local_kubernetes_executor.py
[2024-07-21T23:59:50.565+0000] {processor.py:840} INFO - DAG(s) 'example_local_kubernetes_executor' retrieved from /home/airflow/.local/lib/python3.8/site-packages/airflow/example_dags/example_local_kubernetes_executor.py
[2024-07-21T23:59:50.618+0000] {logging_mixin.py:188} INFO - [2024-07-21T23:59:50.617+0000] {dag.py:3036} INFO - Sync 1 DAGs
[2024-07-21T23:59:50.638+0000] {logging_mixin.py:188} INFO - [2024-07-21T23:59:50.637+0000] {dag.py:3823} INFO - Setting next_dagrun for example_local_kubernetes_executor to None, run_after=None
[2024-07-21T23:59:50.674+0000] {processor.py:183} INFO - Processing /home/airflow/.local/lib/python3.8/site-packages/airflow/example_dags/example_local_kubernetes_executor.py took 0.130 seconds
