[2024-07-21T23:56:19.239+0000] {processor.py:161} INFO - Started process (PID=37893) to work on /home/airflow/.local/lib/python3.8/site-packages/airflow/example_dags/example_nested_branch_dag.py
[2024-07-21T23:56:19.244+0000] {processor.py:830} INFO - Processing file /home/airflow/.local/lib/python3.8/site-packages/airflow/example_dags/example_nested_branch_dag.py for tasks to queue
[2024-07-21T23:56:19.263+0000] {logging_mixin.py:188} INFO - [2024-07-21T23:56:19.262+0000] {dagbag.py:538} INFO - Filling up the DagBag from /home/airflow/.local/lib/python3.8/site-packages/airflow/example_dags/example_nested_branch_dag.py
[2024-07-21T23:56:19.389+0000] {processor.py:840} INFO - DAG(s) 'example_nested_branch_dag' retrieved from /home/airflow/.local/lib/python3.8/site-packages/airflow/example_dags/example_nested_branch_dag.py
[2024-07-21T23:56:19.520+0000] {logging_mixin.py:188} INFO - [2024-07-21T23:56:19.519+0000] {dag.py:3036} INFO - Sync 1 DAGs
[2024-07-21T23:56:19.670+0000] {logging_mixin.py:188} INFO - [2024-07-21T23:56:19.669+0000] {dag.py:3823} INFO - Setting next_dagrun for example_nested_branch_dag to 2024-07-20 00:00:00+00:00, run_after=2024-07-21 00:00:00+00:00
[2024-07-21T23:56:19.803+0000] {processor.py:183} INFO - Processing /home/airflow/.local/lib/python3.8/site-packages/airflow/example_dags/example_nested_branch_dag.py took 0.586 seconds
[2024-07-21T23:56:50.556+0000] {processor.py:161} INFO - Started process (PID=37954) to work on /home/airflow/.local/lib/python3.8/site-packages/airflow/example_dags/example_nested_branch_dag.py
[2024-07-21T23:56:50.560+0000] {processor.py:830} INFO - Processing file /home/airflow/.local/lib/python3.8/site-packages/airflow/example_dags/example_nested_branch_dag.py for tasks to queue
[2024-07-21T23:56:50.564+0000] {logging_mixin.py:188} INFO - [2024-07-21T23:56:50.563+0000] {dagbag.py:538} INFO - Filling up the DagBag from /home/airflow/.local/lib/python3.8/site-packages/airflow/example_dags/example_nested_branch_dag.py
[2024-07-21T23:56:50.619+0000] {processor.py:840} INFO - DAG(s) 'example_nested_branch_dag' retrieved from /home/airflow/.local/lib/python3.8/site-packages/airflow/example_dags/example_nested_branch_dag.py
[2024-07-21T23:56:50.707+0000] {logging_mixin.py:188} INFO - [2024-07-21T23:56:50.707+0000] {dag.py:3036} INFO - Sync 1 DAGs
[2024-07-21T23:56:50.813+0000] {logging_mixin.py:188} INFO - [2024-07-21T23:56:50.812+0000] {dag.py:3823} INFO - Setting next_dagrun for example_nested_branch_dag to 2024-07-20 00:00:00+00:00, run_after=2024-07-21 00:00:00+00:00
[2024-07-21T23:56:50.879+0000] {processor.py:183} INFO - Processing /home/airflow/.local/lib/python3.8/site-packages/airflow/example_dags/example_nested_branch_dag.py took 0.330 seconds
[2024-07-21T23:57:21.081+0000] {processor.py:161} INFO - Started process (PID=38011) to work on /home/airflow/.local/lib/python3.8/site-packages/airflow/example_dags/example_nested_branch_dag.py
[2024-07-21T23:57:21.084+0000] {processor.py:830} INFO - Processing file /home/airflow/.local/lib/python3.8/site-packages/airflow/example_dags/example_nested_branch_dag.py for tasks to queue
[2024-07-21T23:57:21.087+0000] {logging_mixin.py:188} INFO - [2024-07-21T23:57:21.087+0000] {dagbag.py:538} INFO - Filling up the DagBag from /home/airflow/.local/lib/python3.8/site-packages/airflow/example_dags/example_nested_branch_dag.py
[2024-07-21T23:57:21.115+0000] {processor.py:840} INFO - DAG(s) 'example_nested_branch_dag' retrieved from /home/airflow/.local/lib/python3.8/site-packages/airflow/example_dags/example_nested_branch_dag.py
[2024-07-21T23:57:21.179+0000] {logging_mixin.py:188} INFO - [2024-07-21T23:57:21.178+0000] {dag.py:3036} INFO - Sync 1 DAGs
[2024-07-21T23:57:21.247+0000] {logging_mixin.py:188} INFO - [2024-07-21T23:57:21.246+0000] {dag.py:3823} INFO - Setting next_dagrun for example_nested_branch_dag to 2024-07-20 00:00:00+00:00, run_after=2024-07-21 00:00:00+00:00
[2024-07-21T23:57:21.308+0000] {processor.py:183} INFO - Processing /home/airflow/.local/lib/python3.8/site-packages/airflow/example_dags/example_nested_branch_dag.py took 0.234 seconds
[2024-07-21T23:57:52.324+0000] {processor.py:161} INFO - Started process (PID=38068) to work on /home/airflow/.local/lib/python3.8/site-packages/airflow/example_dags/example_nested_branch_dag.py
[2024-07-21T23:57:52.327+0000] {processor.py:830} INFO - Processing file /home/airflow/.local/lib/python3.8/site-packages/airflow/example_dags/example_nested_branch_dag.py for tasks to queue
[2024-07-21T23:57:52.330+0000] {logging_mixin.py:188} INFO - [2024-07-21T23:57:52.330+0000] {dagbag.py:538} INFO - Filling up the DagBag from /home/airflow/.local/lib/python3.8/site-packages/airflow/example_dags/example_nested_branch_dag.py
[2024-07-21T23:57:52.348+0000] {processor.py:840} INFO - DAG(s) 'example_nested_branch_dag' retrieved from /home/airflow/.local/lib/python3.8/site-packages/airflow/example_dags/example_nested_branch_dag.py
[2024-07-21T23:57:52.384+0000] {logging_mixin.py:188} INFO - [2024-07-21T23:57:52.384+0000] {dag.py:3036} INFO - Sync 1 DAGs
[2024-07-21T23:57:52.438+0000] {logging_mixin.py:188} INFO - [2024-07-21T23:57:52.438+0000] {dag.py:3823} INFO - Setting next_dagrun for example_nested_branch_dag to 2024-07-20 00:00:00+00:00, run_after=2024-07-21 00:00:00+00:00
[2024-07-21T23:57:52.473+0000] {processor.py:183} INFO - Processing /home/airflow/.local/lib/python3.8/site-packages/airflow/example_dags/example_nested_branch_dag.py took 0.153 seconds
[2024-07-21T23:58:23.002+0000] {processor.py:161} INFO - Started process (PID=38125) to work on /home/airflow/.local/lib/python3.8/site-packages/airflow/example_dags/example_nested_branch_dag.py
[2024-07-21T23:58:23.005+0000] {processor.py:830} INFO - Processing file /home/airflow/.local/lib/python3.8/site-packages/airflow/example_dags/example_nested_branch_dag.py for tasks to queue
[2024-07-21T23:58:23.006+0000] {logging_mixin.py:188} INFO - [2024-07-21T23:58:23.006+0000] {dagbag.py:538} INFO - Filling up the DagBag from /home/airflow/.local/lib/python3.8/site-packages/airflow/example_dags/example_nested_branch_dag.py
[2024-07-21T23:58:23.021+0000] {processor.py:840} INFO - DAG(s) 'example_nested_branch_dag' retrieved from /home/airflow/.local/lib/python3.8/site-packages/airflow/example_dags/example_nested_branch_dag.py
[2024-07-21T23:58:23.057+0000] {logging_mixin.py:188} INFO - [2024-07-21T23:58:23.056+0000] {dag.py:3036} INFO - Sync 1 DAGs
[2024-07-21T23:58:23.091+0000] {logging_mixin.py:188} INFO - [2024-07-21T23:58:23.090+0000] {dag.py:3823} INFO - Setting next_dagrun for example_nested_branch_dag to 2024-07-20 00:00:00+00:00, run_after=2024-07-21 00:00:00+00:00
[2024-07-21T23:58:23.125+0000] {processor.py:183} INFO - Processing /home/airflow/.local/lib/python3.8/site-packages/airflow/example_dags/example_nested_branch_dag.py took 0.127 seconds
[2024-07-21T23:58:53.431+0000] {processor.py:161} INFO - Started process (PID=38182) to work on /home/airflow/.local/lib/python3.8/site-packages/airflow/example_dags/example_nested_branch_dag.py
[2024-07-21T23:58:53.433+0000] {processor.py:830} INFO - Processing file /home/airflow/.local/lib/python3.8/site-packages/airflow/example_dags/example_nested_branch_dag.py for tasks to queue
[2024-07-21T23:58:53.436+0000] {logging_mixin.py:188} INFO - [2024-07-21T23:58:53.435+0000] {dagbag.py:538} INFO - Filling up the DagBag from /home/airflow/.local/lib/python3.8/site-packages/airflow/example_dags/example_nested_branch_dag.py
[2024-07-21T23:58:53.459+0000] {processor.py:840} INFO - DAG(s) 'example_nested_branch_dag' retrieved from /home/airflow/.local/lib/python3.8/site-packages/airflow/example_dags/example_nested_branch_dag.py
[2024-07-21T23:58:53.503+0000] {logging_mixin.py:188} INFO - [2024-07-21T23:58:53.503+0000] {dag.py:3036} INFO - Sync 1 DAGs
[2024-07-21T23:58:53.551+0000] {logging_mixin.py:188} INFO - [2024-07-21T23:58:53.550+0000] {dag.py:3823} INFO - Setting next_dagrun for example_nested_branch_dag to 2024-07-20 00:00:00+00:00, run_after=2024-07-21 00:00:00+00:00
[2024-07-21T23:58:53.603+0000] {processor.py:183} INFO - Processing /home/airflow/.local/lib/python3.8/site-packages/airflow/example_dags/example_nested_branch_dag.py took 0.180 seconds
[2024-07-21T23:59:23.783+0000] {processor.py:161} INFO - Started process (PID=38238) to work on /home/airflow/.local/lib/python3.8/site-packages/airflow/example_dags/example_nested_branch_dag.py
[2024-07-21T23:59:23.785+0000] {processor.py:830} INFO - Processing file /home/airflow/.local/lib/python3.8/site-packages/airflow/example_dags/example_nested_branch_dag.py for tasks to queue
[2024-07-21T23:59:23.786+0000] {logging_mixin.py:188} INFO - [2024-07-21T23:59:23.786+0000] {dagbag.py:538} INFO - Filling up the DagBag from /home/airflow/.local/lib/python3.8/site-packages/airflow/example_dags/example_nested_branch_dag.py
[2024-07-21T23:59:23.801+0000] {processor.py:840} INFO - DAG(s) 'example_nested_branch_dag' retrieved from /home/airflow/.local/lib/python3.8/site-packages/airflow/example_dags/example_nested_branch_dag.py
[2024-07-21T23:59:23.828+0000] {logging_mixin.py:188} INFO - [2024-07-21T23:59:23.828+0000] {dag.py:3036} INFO - Sync 1 DAGs
[2024-07-21T23:59:23.856+0000] {logging_mixin.py:188} INFO - [2024-07-21T23:59:23.855+0000] {dag.py:3823} INFO - Setting next_dagrun for example_nested_branch_dag to 2024-07-20 00:00:00+00:00, run_after=2024-07-21 00:00:00+00:00
[2024-07-21T23:59:23.880+0000] {processor.py:183} INFO - Processing /home/airflow/.local/lib/python3.8/site-packages/airflow/example_dags/example_nested_branch_dag.py took 0.100 seconds
[2024-07-21T23:59:53.991+0000] {processor.py:161} INFO - Started process (PID=38295) to work on /home/airflow/.local/lib/python3.8/site-packages/airflow/example_dags/example_nested_branch_dag.py
[2024-07-21T23:59:53.993+0000] {processor.py:830} INFO - Processing file /home/airflow/.local/lib/python3.8/site-packages/airflow/example_dags/example_nested_branch_dag.py for tasks to queue
[2024-07-21T23:59:53.995+0000] {logging_mixin.py:188} INFO - [2024-07-21T23:59:53.994+0000] {dagbag.py:538} INFO - Filling up the DagBag from /home/airflow/.local/lib/python3.8/site-packages/airflow/example_dags/example_nested_branch_dag.py
[2024-07-21T23:59:54.008+0000] {processor.py:840} INFO - DAG(s) 'example_nested_branch_dag' retrieved from /home/airflow/.local/lib/python3.8/site-packages/airflow/example_dags/example_nested_branch_dag.py
[2024-07-21T23:59:54.041+0000] {logging_mixin.py:188} INFO - [2024-07-21T23:59:54.040+0000] {dag.py:3036} INFO - Sync 1 DAGs
[2024-07-21T23:59:54.081+0000] {logging_mixin.py:188} INFO - [2024-07-21T23:59:54.080+0000] {dag.py:3823} INFO - Setting next_dagrun for example_nested_branch_dag to 2024-07-20 00:00:00+00:00, run_after=2024-07-21 00:00:00+00:00
[2024-07-21T23:59:54.125+0000] {processor.py:183} INFO - Processing /home/airflow/.local/lib/python3.8/site-packages/airflow/example_dags/example_nested_branch_dag.py took 0.139 seconds
