[2024-07-21T23:56:26.053+0000] {processor.py:161} INFO - Started process (PID=37907) to work on /home/airflow/.local/lib/python3.8/site-packages/airflow/example_dags/example_branch_operator.py
[2024-07-21T23:56:26.082+0000] {processor.py:830} INFO - Processing file /home/airflow/.local/lib/python3.8/site-packages/airflow/example_dags/example_branch_operator.py for tasks to queue
[2024-07-21T23:56:26.091+0000] {logging_mixin.py:188} INFO - [2024-07-21T23:56:26.090+0000] {dagbag.py:538} INFO - Filling up the DagBag from /home/airflow/.local/lib/python3.8/site-packages/airflow/example_dags/example_branch_operator.py
[2024-07-21T23:56:26.167+0000] {processor.py:840} INFO - DAG(s) 'example_branch_operator' retrieved from /home/airflow/.local/lib/python3.8/site-packages/airflow/example_dags/example_branch_operator.py
[2024-07-21T23:56:26.325+0000] {logging_mixin.py:188} INFO - [2024-07-21T23:56:26.322+0000] {dag.py:3036} INFO - Sync 1 DAGs
[2024-07-21T23:56:26.423+0000] {logging_mixin.py:188} INFO - [2024-07-21T23:56:26.422+0000] {dag.py:3823} INFO - Setting next_dagrun for example_branch_operator to 2024-07-20 00:00:00+00:00, run_after=2024-07-21 00:00:00+00:00
[2024-07-21T23:56:26.512+0000] {processor.py:183} INFO - Processing /home/airflow/.local/lib/python3.8/site-packages/airflow/example_dags/example_branch_operator.py took 0.478 seconds
[2024-07-21T23:56:56.615+0000] {processor.py:161} INFO - Started process (PID=37968) to work on /home/airflow/.local/lib/python3.8/site-packages/airflow/example_dags/example_branch_operator.py
[2024-07-21T23:56:56.618+0000] {processor.py:830} INFO - Processing file /home/airflow/.local/lib/python3.8/site-packages/airflow/example_dags/example_branch_operator.py for tasks to queue
[2024-07-21T23:56:56.620+0000] {logging_mixin.py:188} INFO - [2024-07-21T23:56:56.620+0000] {dagbag.py:538} INFO - Filling up the DagBag from /home/airflow/.local/lib/python3.8/site-packages/airflow/example_dags/example_branch_operator.py
[2024-07-21T23:56:56.650+0000] {processor.py:840} INFO - DAG(s) 'example_branch_operator' retrieved from /home/airflow/.local/lib/python3.8/site-packages/airflow/example_dags/example_branch_operator.py
[2024-07-21T23:56:56.701+0000] {logging_mixin.py:188} INFO - [2024-07-21T23:56:56.700+0000] {dag.py:3036} INFO - Sync 1 DAGs
[2024-07-21T23:56:56.745+0000] {logging_mixin.py:188} INFO - [2024-07-21T23:56:56.744+0000] {dag.py:3823} INFO - Setting next_dagrun for example_branch_operator to 2024-07-20 00:00:00+00:00, run_after=2024-07-21 00:00:00+00:00
[2024-07-21T23:56:56.779+0000] {processor.py:183} INFO - Processing /home/airflow/.local/lib/python3.8/site-packages/airflow/example_dags/example_branch_operator.py took 0.171 seconds
[2024-07-21T23:57:27.022+0000] {processor.py:161} INFO - Started process (PID=38025) to work on /home/airflow/.local/lib/python3.8/site-packages/airflow/example_dags/example_branch_operator.py
[2024-07-21T23:57:27.028+0000] {processor.py:830} INFO - Processing file /home/airflow/.local/lib/python3.8/site-packages/airflow/example_dags/example_branch_operator.py for tasks to queue
[2024-07-21T23:57:27.034+0000] {logging_mixin.py:188} INFO - [2024-07-21T23:57:27.033+0000] {dagbag.py:538} INFO - Filling up the DagBag from /home/airflow/.local/lib/python3.8/site-packages/airflow/example_dags/example_branch_operator.py
[2024-07-21T23:57:27.105+0000] {processor.py:840} INFO - DAG(s) 'example_branch_operator' retrieved from /home/airflow/.local/lib/python3.8/site-packages/airflow/example_dags/example_branch_operator.py
[2024-07-21T23:57:27.234+0000] {logging_mixin.py:188} INFO - [2024-07-21T23:57:27.233+0000] {dag.py:3036} INFO - Sync 1 DAGs
[2024-07-21T23:57:27.359+0000] {logging_mixin.py:188} INFO - [2024-07-21T23:57:27.358+0000] {dag.py:3823} INFO - Setting next_dagrun for example_branch_operator to 2024-07-20 00:00:00+00:00, run_after=2024-07-21 00:00:00+00:00
[2024-07-21T23:57:27.497+0000] {processor.py:183} INFO - Processing /home/airflow/.local/lib/python3.8/site-packages/airflow/example_dags/example_branch_operator.py took 0.482 seconds
[2024-07-21T23:57:57.877+0000] {processor.py:161} INFO - Started process (PID=38082) to work on /home/airflow/.local/lib/python3.8/site-packages/airflow/example_dags/example_branch_operator.py
[2024-07-21T23:57:57.880+0000] {processor.py:830} INFO - Processing file /home/airflow/.local/lib/python3.8/site-packages/airflow/example_dags/example_branch_operator.py for tasks to queue
[2024-07-21T23:57:57.883+0000] {logging_mixin.py:188} INFO - [2024-07-21T23:57:57.882+0000] {dagbag.py:538} INFO - Filling up the DagBag from /home/airflow/.local/lib/python3.8/site-packages/airflow/example_dags/example_branch_operator.py
[2024-07-21T23:57:57.910+0000] {processor.py:840} INFO - DAG(s) 'example_branch_operator' retrieved from /home/airflow/.local/lib/python3.8/site-packages/airflow/example_dags/example_branch_operator.py
[2024-07-21T23:57:57.948+0000] {logging_mixin.py:188} INFO - [2024-07-21T23:57:57.948+0000] {dag.py:3036} INFO - Sync 1 DAGs
[2024-07-21T23:57:57.984+0000] {logging_mixin.py:188} INFO - [2024-07-21T23:57:57.984+0000] {dag.py:3823} INFO - Setting next_dagrun for example_branch_operator to 2024-07-20 00:00:00+00:00, run_after=2024-07-21 00:00:00+00:00
[2024-07-21T23:57:58.011+0000] {processor.py:183} INFO - Processing /home/airflow/.local/lib/python3.8/site-packages/airflow/example_dags/example_branch_operator.py took 0.139 seconds
[2024-07-21T23:58:28.215+0000] {processor.py:161} INFO - Started process (PID=38139) to work on /home/airflow/.local/lib/python3.8/site-packages/airflow/example_dags/example_branch_operator.py
[2024-07-21T23:58:28.217+0000] {processor.py:830} INFO - Processing file /home/airflow/.local/lib/python3.8/site-packages/airflow/example_dags/example_branch_operator.py for tasks to queue
[2024-07-21T23:58:28.219+0000] {logging_mixin.py:188} INFO - [2024-07-21T23:58:28.218+0000] {dagbag.py:538} INFO - Filling up the DagBag from /home/airflow/.local/lib/python3.8/site-packages/airflow/example_dags/example_branch_operator.py
[2024-07-21T23:58:28.247+0000] {processor.py:840} INFO - DAG(s) 'example_branch_operator' retrieved from /home/airflow/.local/lib/python3.8/site-packages/airflow/example_dags/example_branch_operator.py
[2024-07-21T23:58:28.288+0000] {logging_mixin.py:188} INFO - [2024-07-21T23:58:28.287+0000] {dag.py:3036} INFO - Sync 1 DAGs
[2024-07-21T23:58:28.320+0000] {logging_mixin.py:188} INFO - [2024-07-21T23:58:28.320+0000] {dag.py:3823} INFO - Setting next_dagrun for example_branch_operator to 2024-07-20 00:00:00+00:00, run_after=2024-07-21 00:00:00+00:00
[2024-07-21T23:58:28.348+0000] {processor.py:183} INFO - Processing /home/airflow/.local/lib/python3.8/site-packages/airflow/example_dags/example_branch_operator.py took 0.138 seconds
[2024-07-21T23:58:58.901+0000] {processor.py:161} INFO - Started process (PID=38196) to work on /home/airflow/.local/lib/python3.8/site-packages/airflow/example_dags/example_branch_operator.py
[2024-07-21T23:58:58.904+0000] {processor.py:830} INFO - Processing file /home/airflow/.local/lib/python3.8/site-packages/airflow/example_dags/example_branch_operator.py for tasks to queue
[2024-07-21T23:58:58.907+0000] {logging_mixin.py:188} INFO - [2024-07-21T23:58:58.906+0000] {dagbag.py:538} INFO - Filling up the DagBag from /home/airflow/.local/lib/python3.8/site-packages/airflow/example_dags/example_branch_operator.py
[2024-07-21T23:58:58.938+0000] {processor.py:840} INFO - DAG(s) 'example_branch_operator' retrieved from /home/airflow/.local/lib/python3.8/site-packages/airflow/example_dags/example_branch_operator.py
[2024-07-21T23:58:58.992+0000] {logging_mixin.py:188} INFO - [2024-07-21T23:58:58.992+0000] {dag.py:3036} INFO - Sync 1 DAGs
[2024-07-21T23:58:59.032+0000] {logging_mixin.py:188} INFO - [2024-07-21T23:58:59.031+0000] {dag.py:3823} INFO - Setting next_dagrun for example_branch_operator to 2024-07-20 00:00:00+00:00, run_after=2024-07-21 00:00:00+00:00
[2024-07-21T23:58:59.063+0000] {processor.py:183} INFO - Processing /home/airflow/.local/lib/python3.8/site-packages/airflow/example_dags/example_branch_operator.py took 0.168 seconds
[2024-07-21T23:59:29.133+0000] {processor.py:161} INFO - Started process (PID=38253) to work on /home/airflow/.local/lib/python3.8/site-packages/airflow/example_dags/example_branch_operator.py
[2024-07-21T23:59:29.135+0000] {processor.py:830} INFO - Processing file /home/airflow/.local/lib/python3.8/site-packages/airflow/example_dags/example_branch_operator.py for tasks to queue
[2024-07-21T23:59:29.137+0000] {logging_mixin.py:188} INFO - [2024-07-21T23:59:29.136+0000] {dagbag.py:538} INFO - Filling up the DagBag from /home/airflow/.local/lib/python3.8/site-packages/airflow/example_dags/example_branch_operator.py
[2024-07-21T23:59:29.168+0000] {processor.py:840} INFO - DAG(s) 'example_branch_operator' retrieved from /home/airflow/.local/lib/python3.8/site-packages/airflow/example_dags/example_branch_operator.py
[2024-07-21T23:59:29.209+0000] {logging_mixin.py:188} INFO - [2024-07-21T23:59:29.209+0000] {dag.py:3036} INFO - Sync 1 DAGs
[2024-07-21T23:59:29.239+0000] {logging_mixin.py:188} INFO - [2024-07-21T23:59:29.239+0000] {dag.py:3823} INFO - Setting next_dagrun for example_branch_operator to 2024-07-20 00:00:00+00:00, run_after=2024-07-21 00:00:00+00:00
[2024-07-21T23:59:29.266+0000] {processor.py:183} INFO - Processing /home/airflow/.local/lib/python3.8/site-packages/airflow/example_dags/example_branch_operator.py took 0.139 seconds
[2024-07-21T23:59:59.487+0000] {processor.py:161} INFO - Started process (PID=38310) to work on /home/airflow/.local/lib/python3.8/site-packages/airflow/example_dags/example_branch_operator.py
[2024-07-21T23:59:59.489+0000] {processor.py:830} INFO - Processing file /home/airflow/.local/lib/python3.8/site-packages/airflow/example_dags/example_branch_operator.py for tasks to queue
[2024-07-21T23:59:59.491+0000] {logging_mixin.py:188} INFO - [2024-07-21T23:59:59.490+0000] {dagbag.py:538} INFO - Filling up the DagBag from /home/airflow/.local/lib/python3.8/site-packages/airflow/example_dags/example_branch_operator.py
[2024-07-21T23:59:59.512+0000] {processor.py:840} INFO - DAG(s) 'example_branch_operator' retrieved from /home/airflow/.local/lib/python3.8/site-packages/airflow/example_dags/example_branch_operator.py
[2024-07-21T23:59:59.544+0000] {logging_mixin.py:188} INFO - [2024-07-21T23:59:59.543+0000] {dag.py:3036} INFO - Sync 1 DAGs
[2024-07-21T23:59:59.577+0000] {logging_mixin.py:188} INFO - [2024-07-21T23:59:59.576+0000] {dag.py:3823} INFO - Setting next_dagrun for example_branch_operator to 2024-07-20 00:00:00+00:00, run_after=2024-07-21 00:00:00+00:00
[2024-07-21T23:59:59.615+0000] {processor.py:183} INFO - Processing /home/airflow/.local/lib/python3.8/site-packages/airflow/example_dags/example_branch_operator.py took 0.132 seconds
