[2024-07-21T23:56:05.503+0000] {processor.py:161} INFO - Started process (PID=37862) to work on /home/airflow/.local/lib/python3.8/site-packages/airflow/example_dags/example_branch_python_dop_operator_3.py
[2024-07-21T23:56:05.538+0000] {processor.py:830} INFO - Processing file /home/airflow/.local/lib/python3.8/site-packages/airflow/example_dags/example_branch_python_dop_operator_3.py for tasks to queue
[2024-07-21T23:56:05.582+0000] {logging_mixin.py:188} INFO - [2024-07-21T23:56:05.581+0000] {dagbag.py:538} INFO - Filling up the DagBag from /home/airflow/.local/lib/python3.8/site-packages/airflow/example_dags/example_branch_python_dop_operator_3.py
[2024-07-21T23:56:05.665+0000] {processor.py:840} INFO - DAG(s) 'example_branch_dop_operator_v3' retrieved from /home/airflow/.local/lib/python3.8/site-packages/airflow/example_dags/example_branch_python_dop_operator_3.py
[2024-07-21T23:56:05.902+0000] {logging_mixin.py:188} INFO - [2024-07-21T23:56:05.901+0000] {dag.py:3036} INFO - Sync 1 DAGs
[2024-07-21T23:56:06.101+0000] {logging_mixin.py:188} INFO - [2024-07-21T23:56:06.100+0000] {dag.py:3823} INFO - Setting next_dagrun for example_branch_dop_operator_v3 to 2024-07-21 23:55:00+00:00, run_after=2024-07-21 23:56:00+00:00
[2024-07-21T23:56:06.237+0000] {processor.py:183} INFO - Processing /home/airflow/.local/lib/python3.8/site-packages/airflow/example_dags/example_branch_python_dop_operator_3.py took 0.754 seconds
[2024-07-21T23:56:36.518+0000] {processor.py:161} INFO - Started process (PID=37924) to work on /home/airflow/.local/lib/python3.8/site-packages/airflow/example_dags/example_branch_python_dop_operator_3.py
[2024-07-21T23:56:36.526+0000] {processor.py:830} INFO - Processing file /home/airflow/.local/lib/python3.8/site-packages/airflow/example_dags/example_branch_python_dop_operator_3.py for tasks to queue
[2024-07-21T23:56:36.531+0000] {logging_mixin.py:188} INFO - [2024-07-21T23:56:36.530+0000] {dagbag.py:538} INFO - Filling up the DagBag from /home/airflow/.local/lib/python3.8/site-packages/airflow/example_dags/example_branch_python_dop_operator_3.py
[2024-07-21T23:56:36.573+0000] {processor.py:840} INFO - DAG(s) 'example_branch_dop_operator_v3' retrieved from /home/airflow/.local/lib/python3.8/site-packages/airflow/example_dags/example_branch_python_dop_operator_3.py
[2024-07-21T23:56:36.665+0000] {logging_mixin.py:188} INFO - [2024-07-21T23:56:36.664+0000] {dag.py:3036} INFO - Sync 1 DAGs
[2024-07-21T23:56:36.777+0000] {logging_mixin.py:188} INFO - [2024-07-21T23:56:36.774+0000] {dag.py:3823} INFO - Setting next_dagrun for example_branch_dop_operator_v3 to 2024-07-21 23:55:00+00:00, run_after=2024-07-21 23:56:00+00:00
[2024-07-21T23:56:36.849+0000] {processor.py:183} INFO - Processing /home/airflow/.local/lib/python3.8/site-packages/airflow/example_dags/example_branch_python_dop_operator_3.py took 0.344 seconds
[2024-07-21T23:57:07.048+0000] {processor.py:161} INFO - Started process (PID=37981) to work on /home/airflow/.local/lib/python3.8/site-packages/airflow/example_dags/example_branch_python_dop_operator_3.py
[2024-07-21T23:57:07.051+0000] {processor.py:830} INFO - Processing file /home/airflow/.local/lib/python3.8/site-packages/airflow/example_dags/example_branch_python_dop_operator_3.py for tasks to queue
[2024-07-21T23:57:07.054+0000] {logging_mixin.py:188} INFO - [2024-07-21T23:57:07.053+0000] {dagbag.py:538} INFO - Filling up the DagBag from /home/airflow/.local/lib/python3.8/site-packages/airflow/example_dags/example_branch_python_dop_operator_3.py
[2024-07-21T23:57:07.089+0000] {processor.py:840} INFO - DAG(s) 'example_branch_dop_operator_v3' retrieved from /home/airflow/.local/lib/python3.8/site-packages/airflow/example_dags/example_branch_python_dop_operator_3.py
[2024-07-21T23:57:07.177+0000] {logging_mixin.py:188} INFO - [2024-07-21T23:57:07.172+0000] {dag.py:3036} INFO - Sync 1 DAGs
[2024-07-21T23:57:07.323+0000] {logging_mixin.py:188} INFO - [2024-07-21T23:57:07.322+0000] {dag.py:3823} INFO - Setting next_dagrun for example_branch_dop_operator_v3 to 2024-07-21 23:56:00+00:00, run_after=2024-07-21 23:57:00+00:00
[2024-07-21T23:57:07.397+0000] {processor.py:183} INFO - Processing /home/airflow/.local/lib/python3.8/site-packages/airflow/example_dags/example_branch_python_dop_operator_3.py took 0.362 seconds
[2024-07-21T23:57:37.726+0000] {processor.py:161} INFO - Started process (PID=38038) to work on /home/airflow/.local/lib/python3.8/site-packages/airflow/example_dags/example_branch_python_dop_operator_3.py
[2024-07-21T23:57:37.729+0000] {processor.py:830} INFO - Processing file /home/airflow/.local/lib/python3.8/site-packages/airflow/example_dags/example_branch_python_dop_operator_3.py for tasks to queue
[2024-07-21T23:57:37.733+0000] {logging_mixin.py:188} INFO - [2024-07-21T23:57:37.732+0000] {dagbag.py:538} INFO - Filling up the DagBag from /home/airflow/.local/lib/python3.8/site-packages/airflow/example_dags/example_branch_python_dop_operator_3.py
[2024-07-21T23:57:37.752+0000] {processor.py:840} INFO - DAG(s) 'example_branch_dop_operator_v3' retrieved from /home/airflow/.local/lib/python3.8/site-packages/airflow/example_dags/example_branch_python_dop_operator_3.py
[2024-07-21T23:57:37.797+0000] {logging_mixin.py:188} INFO - [2024-07-21T23:57:37.796+0000] {dag.py:3036} INFO - Sync 1 DAGs
[2024-07-21T23:57:37.881+0000] {logging_mixin.py:188} INFO - [2024-07-21T23:57:37.880+0000] {dag.py:3823} INFO - Setting next_dagrun for example_branch_dop_operator_v3 to 2024-07-21 23:56:00+00:00, run_after=2024-07-21 23:57:00+00:00
[2024-07-21T23:57:37.929+0000] {processor.py:183} INFO - Processing /home/airflow/.local/lib/python3.8/site-packages/airflow/example_dags/example_branch_python_dop_operator_3.py took 0.211 seconds
[2024-07-21T23:58:08.959+0000] {processor.py:161} INFO - Started process (PID=38095) to work on /home/airflow/.local/lib/python3.8/site-packages/airflow/example_dags/example_branch_python_dop_operator_3.py
[2024-07-21T23:58:08.961+0000] {processor.py:830} INFO - Processing file /home/airflow/.local/lib/python3.8/site-packages/airflow/example_dags/example_branch_python_dop_operator_3.py for tasks to queue
[2024-07-21T23:58:08.963+0000] {logging_mixin.py:188} INFO - [2024-07-21T23:58:08.962+0000] {dagbag.py:538} INFO - Filling up the DagBag from /home/airflow/.local/lib/python3.8/site-packages/airflow/example_dags/example_branch_python_dop_operator_3.py
[2024-07-21T23:58:08.990+0000] {processor.py:840} INFO - DAG(s) 'example_branch_dop_operator_v3' retrieved from /home/airflow/.local/lib/python3.8/site-packages/airflow/example_dags/example_branch_python_dop_operator_3.py
[2024-07-21T23:58:09.038+0000] {logging_mixin.py:188} INFO - [2024-07-21T23:58:09.038+0000] {dag.py:3036} INFO - Sync 1 DAGs
[2024-07-21T23:58:09.094+0000] {logging_mixin.py:188} INFO - [2024-07-21T23:58:09.094+0000] {dag.py:3823} INFO - Setting next_dagrun for example_branch_dop_operator_v3 to 2024-07-21 23:57:00+00:00, run_after=2024-07-21 23:58:00+00:00
[2024-07-21T23:58:09.146+0000] {processor.py:183} INFO - Processing /home/airflow/.local/lib/python3.8/site-packages/airflow/example_dags/example_branch_python_dop_operator_3.py took 0.193 seconds
[2024-07-21T23:58:39.255+0000] {processor.py:161} INFO - Started process (PID=38152) to work on /home/airflow/.local/lib/python3.8/site-packages/airflow/example_dags/example_branch_python_dop_operator_3.py
[2024-07-21T23:58:39.256+0000] {processor.py:830} INFO - Processing file /home/airflow/.local/lib/python3.8/site-packages/airflow/example_dags/example_branch_python_dop_operator_3.py for tasks to queue
[2024-07-21T23:58:39.258+0000] {logging_mixin.py:188} INFO - [2024-07-21T23:58:39.258+0000] {dagbag.py:538} INFO - Filling up the DagBag from /home/airflow/.local/lib/python3.8/site-packages/airflow/example_dags/example_branch_python_dop_operator_3.py
[2024-07-21T23:58:39.273+0000] {processor.py:840} INFO - DAG(s) 'example_branch_dop_operator_v3' retrieved from /home/airflow/.local/lib/python3.8/site-packages/airflow/example_dags/example_branch_python_dop_operator_3.py
[2024-07-21T23:58:39.302+0000] {logging_mixin.py:188} INFO - [2024-07-21T23:58:39.302+0000] {dag.py:3036} INFO - Sync 1 DAGs
[2024-07-21T23:58:39.334+0000] {logging_mixin.py:188} INFO - [2024-07-21T23:58:39.333+0000] {dag.py:3823} INFO - Setting next_dagrun for example_branch_dop_operator_v3 to 2024-07-21 23:57:00+00:00, run_after=2024-07-21 23:58:00+00:00
[2024-07-21T23:58:39.359+0000] {processor.py:183} INFO - Processing /home/airflow/.local/lib/python3.8/site-packages/airflow/example_dags/example_branch_python_dop_operator_3.py took 0.109 seconds
[2024-07-21T23:59:10.128+0000] {processor.py:161} INFO - Started process (PID=38215) to work on /home/airflow/.local/lib/python3.8/site-packages/airflow/example_dags/example_branch_python_dop_operator_3.py
[2024-07-21T23:59:10.130+0000] {processor.py:830} INFO - Processing file /home/airflow/.local/lib/python3.8/site-packages/airflow/example_dags/example_branch_python_dop_operator_3.py for tasks to queue
[2024-07-21T23:59:10.133+0000] {logging_mixin.py:188} INFO - [2024-07-21T23:59:10.132+0000] {dagbag.py:538} INFO - Filling up the DagBag from /home/airflow/.local/lib/python3.8/site-packages/airflow/example_dags/example_branch_python_dop_operator_3.py
[2024-07-21T23:59:10.157+0000] {processor.py:840} INFO - DAG(s) 'example_branch_dop_operator_v3' retrieved from /home/airflow/.local/lib/python3.8/site-packages/airflow/example_dags/example_branch_python_dop_operator_3.py
[2024-07-21T23:59:10.195+0000] {logging_mixin.py:188} INFO - [2024-07-21T23:59:10.194+0000] {dag.py:3036} INFO - Sync 1 DAGs
[2024-07-21T23:59:10.234+0000] {logging_mixin.py:188} INFO - [2024-07-21T23:59:10.234+0000] {dag.py:3823} INFO - Setting next_dagrun for example_branch_dop_operator_v3 to 2024-07-21 23:58:00+00:00, run_after=2024-07-21 23:59:00+00:00
[2024-07-21T23:59:10.260+0000] {processor.py:183} INFO - Processing /home/airflow/.local/lib/python3.8/site-packages/airflow/example_dags/example_branch_python_dop_operator_3.py took 0.138 seconds
[2024-07-21T23:59:41.277+0000] {processor.py:161} INFO - Started process (PID=38272) to work on /home/airflow/.local/lib/python3.8/site-packages/airflow/example_dags/example_branch_python_dop_operator_3.py
[2024-07-21T23:59:41.279+0000] {processor.py:830} INFO - Processing file /home/airflow/.local/lib/python3.8/site-packages/airflow/example_dags/example_branch_python_dop_operator_3.py for tasks to queue
[2024-07-21T23:59:41.280+0000] {logging_mixin.py:188} INFO - [2024-07-21T23:59:41.280+0000] {dagbag.py:538} INFO - Filling up the DagBag from /home/airflow/.local/lib/python3.8/site-packages/airflow/example_dags/example_branch_python_dop_operator_3.py
[2024-07-21T23:59:41.291+0000] {processor.py:840} INFO - DAG(s) 'example_branch_dop_operator_v3' retrieved from /home/airflow/.local/lib/python3.8/site-packages/airflow/example_dags/example_branch_python_dop_operator_3.py
[2024-07-21T23:59:41.314+0000] {logging_mixin.py:188} INFO - [2024-07-21T23:59:41.313+0000] {dag.py:3036} INFO - Sync 1 DAGs
[2024-07-21T23:59:41.342+0000] {logging_mixin.py:188} INFO - [2024-07-21T23:59:41.342+0000] {dag.py:3823} INFO - Setting next_dagrun for example_branch_dop_operator_v3 to 2024-07-21 23:58:00+00:00, run_after=2024-07-21 23:59:00+00:00
[2024-07-21T23:59:41.370+0000] {processor.py:183} INFO - Processing /home/airflow/.local/lib/python3.8/site-packages/airflow/example_dags/example_branch_python_dop_operator_3.py took 0.097 seconds
