[2024-07-21T23:56:17.737+0000] {processor.py:161} INFO - Started process (PID=37891) to work on /home/airflow/.local/lib/python3.8/site-packages/airflow/example_dags/example_latest_only_with_trigger.py
[2024-07-21T23:56:17.754+0000] {processor.py:830} INFO - Processing file /home/airflow/.local/lib/python3.8/site-packages/airflow/example_dags/example_latest_only_with_trigger.py for tasks to queue
[2024-07-21T23:56:17.760+0000] {logging_mixin.py:188} INFO - [2024-07-21T23:56:17.758+0000] {dagbag.py:538} INFO - Filling up the DagBag from /home/airflow/.local/lib/python3.8/site-packages/airflow/example_dags/example_latest_only_with_trigger.py
[2024-07-21T23:56:17.820+0000] {processor.py:840} INFO - DAG(s) 'latest_only_with_trigger' retrieved from /home/airflow/.local/lib/python3.8/site-packages/airflow/example_dags/example_latest_only_with_trigger.py
[2024-07-21T23:56:18.097+0000] {logging_mixin.py:188} INFO - [2024-07-21T23:56:18.096+0000] {dag.py:3036} INFO - Sync 1 DAGs
[2024-07-21T23:56:18.243+0000] {logging_mixin.py:188} INFO - [2024-07-21T23:56:18.242+0000] {dag.py:3823} INFO - Setting next_dagrun for latest_only_with_trigger to 2024-07-21 16:00:00+00:00, run_after=2024-07-21 20:00:00+00:00
[2024-07-21T23:56:18.373+0000] {processor.py:183} INFO - Processing /home/airflow/.local/lib/python3.8/site-packages/airflow/example_dags/example_latest_only_with_trigger.py took 0.657 seconds
[2024-07-21T23:56:48.852+0000] {processor.py:161} INFO - Started process (PID=37951) to work on /home/airflow/.local/lib/python3.8/site-packages/airflow/example_dags/example_latest_only_with_trigger.py
[2024-07-21T23:56:48.861+0000] {processor.py:830} INFO - Processing file /home/airflow/.local/lib/python3.8/site-packages/airflow/example_dags/example_latest_only_with_trigger.py for tasks to queue
[2024-07-21T23:56:48.867+0000] {logging_mixin.py:188} INFO - [2024-07-21T23:56:48.865+0000] {dagbag.py:538} INFO - Filling up the DagBag from /home/airflow/.local/lib/python3.8/site-packages/airflow/example_dags/example_latest_only_with_trigger.py
[2024-07-21T23:56:48.902+0000] {processor.py:840} INFO - DAG(s) 'latest_only_with_trigger' retrieved from /home/airflow/.local/lib/python3.8/site-packages/airflow/example_dags/example_latest_only_with_trigger.py
[2024-07-21T23:56:48.981+0000] {logging_mixin.py:188} INFO - [2024-07-21T23:56:48.980+0000] {dag.py:3036} INFO - Sync 1 DAGs
[2024-07-21T23:56:49.071+0000] {logging_mixin.py:188} INFO - [2024-07-21T23:56:49.070+0000] {dag.py:3823} INFO - Setting next_dagrun for latest_only_with_trigger to 2024-07-21 16:00:00+00:00, run_after=2024-07-21 20:00:00+00:00
[2024-07-21T23:56:49.161+0000] {processor.py:183} INFO - Processing /home/airflow/.local/lib/python3.8/site-packages/airflow/example_dags/example_latest_only_with_trigger.py took 0.328 seconds
[2024-07-21T23:57:19.599+0000] {processor.py:161} INFO - Started process (PID=38008) to work on /home/airflow/.local/lib/python3.8/site-packages/airflow/example_dags/example_latest_only_with_trigger.py
[2024-07-21T23:57:19.608+0000] {processor.py:830} INFO - Processing file /home/airflow/.local/lib/python3.8/site-packages/airflow/example_dags/example_latest_only_with_trigger.py for tasks to queue
[2024-07-21T23:57:19.615+0000] {logging_mixin.py:188} INFO - [2024-07-21T23:57:19.614+0000] {dagbag.py:538} INFO - Filling up the DagBag from /home/airflow/.local/lib/python3.8/site-packages/airflow/example_dags/example_latest_only_with_trigger.py
[2024-07-21T23:57:19.637+0000] {processor.py:840} INFO - DAG(s) 'latest_only_with_trigger' retrieved from /home/airflow/.local/lib/python3.8/site-packages/airflow/example_dags/example_latest_only_with_trigger.py
[2024-07-21T23:57:19.734+0000] {logging_mixin.py:188} INFO - [2024-07-21T23:57:19.733+0000] {dag.py:3036} INFO - Sync 1 DAGs
[2024-07-21T23:57:19.860+0000] {logging_mixin.py:188} INFO - [2024-07-21T23:57:19.859+0000] {dag.py:3823} INFO - Setting next_dagrun for latest_only_with_trigger to 2024-07-21 16:00:00+00:00, run_after=2024-07-21 20:00:00+00:00
[2024-07-21T23:57:19.936+0000] {processor.py:183} INFO - Processing /home/airflow/.local/lib/python3.8/site-packages/airflow/example_dags/example_latest_only_with_trigger.py took 0.350 seconds
[2024-07-21T23:57:50.101+0000] {processor.py:161} INFO - Started process (PID=38065) to work on /home/airflow/.local/lib/python3.8/site-packages/airflow/example_dags/example_latest_only_with_trigger.py
[2024-07-21T23:57:50.103+0000] {processor.py:830} INFO - Processing file /home/airflow/.local/lib/python3.8/site-packages/airflow/example_dags/example_latest_only_with_trigger.py for tasks to queue
[2024-07-21T23:57:50.107+0000] {logging_mixin.py:188} INFO - [2024-07-21T23:57:50.106+0000] {dagbag.py:538} INFO - Filling up the DagBag from /home/airflow/.local/lib/python3.8/site-packages/airflow/example_dags/example_latest_only_with_trigger.py
[2024-07-21T23:57:50.121+0000] {processor.py:840} INFO - DAG(s) 'latest_only_with_trigger' retrieved from /home/airflow/.local/lib/python3.8/site-packages/airflow/example_dags/example_latest_only_with_trigger.py
[2024-07-21T23:57:50.169+0000] {logging_mixin.py:188} INFO - [2024-07-21T23:57:50.168+0000] {dag.py:3036} INFO - Sync 1 DAGs
[2024-07-21T23:57:50.211+0000] {logging_mixin.py:188} INFO - [2024-07-21T23:57:50.211+0000] {dag.py:3823} INFO - Setting next_dagrun for latest_only_with_trigger to 2024-07-21 16:00:00+00:00, run_after=2024-07-21 20:00:00+00:00
[2024-07-21T23:57:50.246+0000] {processor.py:183} INFO - Processing /home/airflow/.local/lib/python3.8/site-packages/airflow/example_dags/example_latest_only_with_trigger.py took 0.153 seconds
[2024-07-21T23:58:20.753+0000] {processor.py:161} INFO - Started process (PID=38122) to work on /home/airflow/.local/lib/python3.8/site-packages/airflow/example_dags/example_latest_only_with_trigger.py
[2024-07-21T23:58:20.755+0000] {processor.py:830} INFO - Processing file /home/airflow/.local/lib/python3.8/site-packages/airflow/example_dags/example_latest_only_with_trigger.py for tasks to queue
[2024-07-21T23:58:20.758+0000] {logging_mixin.py:188} INFO - [2024-07-21T23:58:20.757+0000] {dagbag.py:538} INFO - Filling up the DagBag from /home/airflow/.local/lib/python3.8/site-packages/airflow/example_dags/example_latest_only_with_trigger.py
[2024-07-21T23:58:20.772+0000] {processor.py:840} INFO - DAG(s) 'latest_only_with_trigger' retrieved from /home/airflow/.local/lib/python3.8/site-packages/airflow/example_dags/example_latest_only_with_trigger.py
[2024-07-21T23:58:20.811+0000] {logging_mixin.py:188} INFO - [2024-07-21T23:58:20.810+0000] {dag.py:3036} INFO - Sync 1 DAGs
[2024-07-21T23:58:20.855+0000] {logging_mixin.py:188} INFO - [2024-07-21T23:58:20.855+0000] {dag.py:3823} INFO - Setting next_dagrun for latest_only_with_trigger to 2024-07-21 16:00:00+00:00, run_after=2024-07-21 20:00:00+00:00
[2024-07-21T23:58:20.906+0000] {processor.py:183} INFO - Processing /home/airflow/.local/lib/python3.8/site-packages/airflow/example_dags/example_latest_only_with_trigger.py took 0.159 seconds
[2024-07-21T23:58:51.179+0000] {processor.py:161} INFO - Started process (PID=38179) to work on /home/airflow/.local/lib/python3.8/site-packages/airflow/example_dags/example_latest_only_with_trigger.py
[2024-07-21T23:58:51.182+0000] {processor.py:830} INFO - Processing file /home/airflow/.local/lib/python3.8/site-packages/airflow/example_dags/example_latest_only_with_trigger.py for tasks to queue
[2024-07-21T23:58:51.184+0000] {logging_mixin.py:188} INFO - [2024-07-21T23:58:51.183+0000] {dagbag.py:538} INFO - Filling up the DagBag from /home/airflow/.local/lib/python3.8/site-packages/airflow/example_dags/example_latest_only_with_trigger.py
[2024-07-21T23:58:51.197+0000] {processor.py:840} INFO - DAG(s) 'latest_only_with_trigger' retrieved from /home/airflow/.local/lib/python3.8/site-packages/airflow/example_dags/example_latest_only_with_trigger.py
[2024-07-21T23:58:51.248+0000] {logging_mixin.py:188} INFO - [2024-07-21T23:58:51.247+0000] {dag.py:3036} INFO - Sync 1 DAGs
[2024-07-21T23:58:51.307+0000] {logging_mixin.py:188} INFO - [2024-07-21T23:58:51.306+0000] {dag.py:3823} INFO - Setting next_dagrun for latest_only_with_trigger to 2024-07-21 16:00:00+00:00, run_after=2024-07-21 20:00:00+00:00
[2024-07-21T23:58:51.342+0000] {processor.py:183} INFO - Processing /home/airflow/.local/lib/python3.8/site-packages/airflow/example_dags/example_latest_only_with_trigger.py took 0.169 seconds
[2024-07-21T23:59:21.470+0000] {processor.py:161} INFO - Started process (PID=38236) to work on /home/airflow/.local/lib/python3.8/site-packages/airflow/example_dags/example_latest_only_with_trigger.py
[2024-07-21T23:59:21.472+0000] {processor.py:830} INFO - Processing file /home/airflow/.local/lib/python3.8/site-packages/airflow/example_dags/example_latest_only_with_trigger.py for tasks to queue
[2024-07-21T23:59:21.475+0000] {logging_mixin.py:188} INFO - [2024-07-21T23:59:21.474+0000] {dagbag.py:538} INFO - Filling up the DagBag from /home/airflow/.local/lib/python3.8/site-packages/airflow/example_dags/example_latest_only_with_trigger.py
[2024-07-21T23:59:21.485+0000] {processor.py:840} INFO - DAG(s) 'latest_only_with_trigger' retrieved from /home/airflow/.local/lib/python3.8/site-packages/airflow/example_dags/example_latest_only_with_trigger.py
[2024-07-21T23:59:21.517+0000] {logging_mixin.py:188} INFO - [2024-07-21T23:59:21.517+0000] {dag.py:3036} INFO - Sync 1 DAGs
[2024-07-21T23:59:21.549+0000] {logging_mixin.py:188} INFO - [2024-07-21T23:59:21.549+0000] {dag.py:3823} INFO - Setting next_dagrun for latest_only_with_trigger to 2024-07-21 16:00:00+00:00, run_after=2024-07-21 20:00:00+00:00
[2024-07-21T23:59:21.576+0000] {processor.py:183} INFO - Processing /home/airflow/.local/lib/python3.8/site-packages/airflow/example_dags/example_latest_only_with_trigger.py took 0.110 seconds
[2024-07-21T23:59:51.780+0000] {processor.py:161} INFO - Started process (PID=38291) to work on /home/airflow/.local/lib/python3.8/site-packages/airflow/example_dags/example_latest_only_with_trigger.py
[2024-07-21T23:59:51.782+0000] {processor.py:830} INFO - Processing file /home/airflow/.local/lib/python3.8/site-packages/airflow/example_dags/example_latest_only_with_trigger.py for tasks to queue
[2024-07-21T23:59:51.784+0000] {logging_mixin.py:188} INFO - [2024-07-21T23:59:51.784+0000] {dagbag.py:538} INFO - Filling up the DagBag from /home/airflow/.local/lib/python3.8/site-packages/airflow/example_dags/example_latest_only_with_trigger.py
[2024-07-21T23:59:51.796+0000] {processor.py:840} INFO - DAG(s) 'latest_only_with_trigger' retrieved from /home/airflow/.local/lib/python3.8/site-packages/airflow/example_dags/example_latest_only_with_trigger.py
[2024-07-21T23:59:51.828+0000] {logging_mixin.py:188} INFO - [2024-07-21T23:59:51.828+0000] {dag.py:3036} INFO - Sync 1 DAGs
[2024-07-21T23:59:51.858+0000] {logging_mixin.py:188} INFO - [2024-07-21T23:59:51.858+0000] {dag.py:3823} INFO - Setting next_dagrun for latest_only_with_trigger to 2024-07-21 16:00:00+00:00, run_after=2024-07-21 20:00:00+00:00
[2024-07-21T23:59:51.886+0000] {processor.py:183} INFO - Processing /home/airflow/.local/lib/python3.8/site-packages/airflow/example_dags/example_latest_only_with_trigger.py took 0.112 seconds
