[2024-07-21T23:56:16.166+0000] {processor.py:161} INFO - Started process (PID=37888) to work on /home/airflow/.local/lib/python3.8/site-packages/airflow/example_dags/tutorial_taskflow_api_virtualenv.py
[2024-07-21T23:56:16.184+0000] {processor.py:830} INFO - Processing file /home/airflow/.local/lib/python3.8/site-packages/airflow/example_dags/tutorial_taskflow_api_virtualenv.py for tasks to queue
[2024-07-21T23:56:16.206+0000] {logging_mixin.py:188} INFO - [2024-07-21T23:56:16.204+0000] {dagbag.py:538} INFO - Filling up the DagBag from /home/airflow/.local/lib/python3.8/site-packages/airflow/example_dags/tutorial_taskflow_api_virtualenv.py
[2024-07-21T23:56:16.282+0000] {processor.py:840} INFO - DAG(s) 'tutorial_taskflow_api_virtualenv' retrieved from /home/airflow/.local/lib/python3.8/site-packages/airflow/example_dags/tutorial_taskflow_api_virtualenv.py
[2024-07-21T23:56:16.435+0000] {logging_mixin.py:188} INFO - [2024-07-21T23:56:16.434+0000] {dag.py:3036} INFO - Sync 1 DAGs
[2024-07-21T23:56:16.531+0000] {logging_mixin.py:188} INFO - [2024-07-21T23:56:16.530+0000] {dag.py:3823} INFO - Setting next_dagrun for tutorial_taskflow_api_virtualenv to None, run_after=None
[2024-07-21T23:56:16.726+0000] {processor.py:183} INFO - Processing /home/airflow/.local/lib/python3.8/site-packages/airflow/example_dags/tutorial_taskflow_api_virtualenv.py took 0.616 seconds
[2024-07-21T23:56:47.293+0000] {processor.py:161} INFO - Started process (PID=37949) to work on /home/airflow/.local/lib/python3.8/site-packages/airflow/example_dags/tutorial_taskflow_api_virtualenv.py
[2024-07-21T23:56:47.298+0000] {processor.py:830} INFO - Processing file /home/airflow/.local/lib/python3.8/site-packages/airflow/example_dags/tutorial_taskflow_api_virtualenv.py for tasks to queue
[2024-07-21T23:56:47.305+0000] {logging_mixin.py:188} INFO - [2024-07-21T23:56:47.303+0000] {dagbag.py:538} INFO - Filling up the DagBag from /home/airflow/.local/lib/python3.8/site-packages/airflow/example_dags/tutorial_taskflow_api_virtualenv.py
[2024-07-21T23:56:47.393+0000] {processor.py:840} INFO - DAG(s) 'tutorial_taskflow_api_virtualenv' retrieved from /home/airflow/.local/lib/python3.8/site-packages/airflow/example_dags/tutorial_taskflow_api_virtualenv.py
[2024-07-21T23:56:47.529+0000] {logging_mixin.py:188} INFO - [2024-07-21T23:56:47.529+0000] {dag.py:3036} INFO - Sync 1 DAGs
[2024-07-21T23:56:47.587+0000] {logging_mixin.py:188} INFO - [2024-07-21T23:56:47.587+0000] {dag.py:3823} INFO - Setting next_dagrun for tutorial_taskflow_api_virtualenv to None, run_after=None
[2024-07-21T23:56:47.657+0000] {processor.py:183} INFO - Processing /home/airflow/.local/lib/python3.8/site-packages/airflow/example_dags/tutorial_taskflow_api_virtualenv.py took 0.382 seconds
[2024-07-21T23:57:18.178+0000] {processor.py:161} INFO - Started process (PID=38006) to work on /home/airflow/.local/lib/python3.8/site-packages/airflow/example_dags/tutorial_taskflow_api_virtualenv.py
[2024-07-21T23:57:18.182+0000] {processor.py:830} INFO - Processing file /home/airflow/.local/lib/python3.8/site-packages/airflow/example_dags/tutorial_taskflow_api_virtualenv.py for tasks to queue
[2024-07-21T23:57:18.193+0000] {logging_mixin.py:188} INFO - [2024-07-21T23:57:18.192+0000] {dagbag.py:538} INFO - Filling up the DagBag from /home/airflow/.local/lib/python3.8/site-packages/airflow/example_dags/tutorial_taskflow_api_virtualenv.py
[2024-07-21T23:57:18.235+0000] {processor.py:840} INFO - DAG(s) 'tutorial_taskflow_api_virtualenv' retrieved from /home/airflow/.local/lib/python3.8/site-packages/airflow/example_dags/tutorial_taskflow_api_virtualenv.py
[2024-07-21T23:57:18.298+0000] {logging_mixin.py:188} INFO - [2024-07-21T23:57:18.297+0000] {dag.py:3036} INFO - Sync 1 DAGs
[2024-07-21T23:57:18.335+0000] {logging_mixin.py:188} INFO - [2024-07-21T23:57:18.335+0000] {dag.py:3823} INFO - Setting next_dagrun for tutorial_taskflow_api_virtualenv to None, run_after=None
[2024-07-21T23:57:18.382+0000] {processor.py:183} INFO - Processing /home/airflow/.local/lib/python3.8/site-packages/airflow/example_dags/tutorial_taskflow_api_virtualenv.py took 0.215 seconds
[2024-07-21T23:57:48.672+0000] {processor.py:161} INFO - Started process (PID=38063) to work on /home/airflow/.local/lib/python3.8/site-packages/airflow/example_dags/tutorial_taskflow_api_virtualenv.py
[2024-07-21T23:57:48.675+0000] {processor.py:830} INFO - Processing file /home/airflow/.local/lib/python3.8/site-packages/airflow/example_dags/tutorial_taskflow_api_virtualenv.py for tasks to queue
[2024-07-21T23:57:48.677+0000] {logging_mixin.py:188} INFO - [2024-07-21T23:57:48.676+0000] {dagbag.py:538} INFO - Filling up the DagBag from /home/airflow/.local/lib/python3.8/site-packages/airflow/example_dags/tutorial_taskflow_api_virtualenv.py
[2024-07-21T23:57:48.693+0000] {processor.py:840} INFO - DAG(s) 'tutorial_taskflow_api_virtualenv' retrieved from /home/airflow/.local/lib/python3.8/site-packages/airflow/example_dags/tutorial_taskflow_api_virtualenv.py
[2024-07-21T23:57:48.739+0000] {logging_mixin.py:188} INFO - [2024-07-21T23:57:48.739+0000] {dag.py:3036} INFO - Sync 1 DAGs
[2024-07-21T23:57:48.761+0000] {logging_mixin.py:188} INFO - [2024-07-21T23:57:48.761+0000] {dag.py:3823} INFO - Setting next_dagrun for tutorial_taskflow_api_virtualenv to None, run_after=None
[2024-07-21T23:57:48.799+0000] {processor.py:183} INFO - Processing /home/airflow/.local/lib/python3.8/site-packages/airflow/example_dags/tutorial_taskflow_api_virtualenv.py took 0.132 seconds
[2024-07-21T23:58:18.906+0000] {processor.py:161} INFO - Started process (PID=38118) to work on /home/airflow/.local/lib/python3.8/site-packages/airflow/example_dags/tutorial_taskflow_api_virtualenv.py
[2024-07-21T23:58:18.908+0000] {processor.py:830} INFO - Processing file /home/airflow/.local/lib/python3.8/site-packages/airflow/example_dags/tutorial_taskflow_api_virtualenv.py for tasks to queue
[2024-07-21T23:58:18.909+0000] {logging_mixin.py:188} INFO - [2024-07-21T23:58:18.909+0000] {dagbag.py:538} INFO - Filling up the DagBag from /home/airflow/.local/lib/python3.8/site-packages/airflow/example_dags/tutorial_taskflow_api_virtualenv.py
[2024-07-21T23:58:18.924+0000] {processor.py:840} INFO - DAG(s) 'tutorial_taskflow_api_virtualenv' retrieved from /home/airflow/.local/lib/python3.8/site-packages/airflow/example_dags/tutorial_taskflow_api_virtualenv.py
[2024-07-21T23:58:18.960+0000] {logging_mixin.py:188} INFO - [2024-07-21T23:58:18.959+0000] {dag.py:3036} INFO - Sync 1 DAGs
[2024-07-21T23:58:18.982+0000] {logging_mixin.py:188} INFO - [2024-07-21T23:58:18.982+0000] {dag.py:3823} INFO - Setting next_dagrun for tutorial_taskflow_api_virtualenv to None, run_after=None
[2024-07-21T23:58:19.024+0000] {processor.py:183} INFO - Processing /home/airflow/.local/lib/python3.8/site-packages/airflow/example_dags/tutorial_taskflow_api_virtualenv.py took 0.122 seconds
[2024-07-21T23:58:49.423+0000] {processor.py:161} INFO - Started process (PID=38175) to work on /home/airflow/.local/lib/python3.8/site-packages/airflow/example_dags/tutorial_taskflow_api_virtualenv.py
[2024-07-21T23:58:49.425+0000] {processor.py:830} INFO - Processing file /home/airflow/.local/lib/python3.8/site-packages/airflow/example_dags/tutorial_taskflow_api_virtualenv.py for tasks to queue
[2024-07-21T23:58:49.427+0000] {logging_mixin.py:188} INFO - [2024-07-21T23:58:49.426+0000] {dagbag.py:538} INFO - Filling up the DagBag from /home/airflow/.local/lib/python3.8/site-packages/airflow/example_dags/tutorial_taskflow_api_virtualenv.py
[2024-07-21T23:58:49.444+0000] {processor.py:840} INFO - DAG(s) 'tutorial_taskflow_api_virtualenv' retrieved from /home/airflow/.local/lib/python3.8/site-packages/airflow/example_dags/tutorial_taskflow_api_virtualenv.py
[2024-07-21T23:58:49.477+0000] {logging_mixin.py:188} INFO - [2024-07-21T23:58:49.476+0000] {dag.py:3036} INFO - Sync 1 DAGs
[2024-07-21T23:58:49.493+0000] {logging_mixin.py:188} INFO - [2024-07-21T23:58:49.492+0000] {dag.py:3823} INFO - Setting next_dagrun for tutorial_taskflow_api_virtualenv to None, run_after=None
[2024-07-21T23:58:49.518+0000] {processor.py:183} INFO - Processing /home/airflow/.local/lib/python3.8/site-packages/airflow/example_dags/tutorial_taskflow_api_virtualenv.py took 0.099 seconds
[2024-07-21T23:59:20.222+0000] {processor.py:161} INFO - Started process (PID=38232) to work on /home/airflow/.local/lib/python3.8/site-packages/airflow/example_dags/tutorial_taskflow_api_virtualenv.py
[2024-07-21T23:59:20.224+0000] {processor.py:830} INFO - Processing file /home/airflow/.local/lib/python3.8/site-packages/airflow/example_dags/tutorial_taskflow_api_virtualenv.py for tasks to queue
[2024-07-21T23:59:20.226+0000] {logging_mixin.py:188} INFO - [2024-07-21T23:59:20.225+0000] {dagbag.py:538} INFO - Filling up the DagBag from /home/airflow/.local/lib/python3.8/site-packages/airflow/example_dags/tutorial_taskflow_api_virtualenv.py
[2024-07-21T23:59:20.238+0000] {processor.py:840} INFO - DAG(s) 'tutorial_taskflow_api_virtualenv' retrieved from /home/airflow/.local/lib/python3.8/site-packages/airflow/example_dags/tutorial_taskflow_api_virtualenv.py
[2024-07-21T23:59:20.262+0000] {logging_mixin.py:188} INFO - [2024-07-21T23:59:20.262+0000] {dag.py:3036} INFO - Sync 1 DAGs
[2024-07-21T23:59:20.278+0000] {logging_mixin.py:188} INFO - [2024-07-21T23:59:20.277+0000] {dag.py:3823} INFO - Setting next_dagrun for tutorial_taskflow_api_virtualenv to None, run_after=None
[2024-07-21T23:59:20.304+0000] {processor.py:183} INFO - Processing /home/airflow/.local/lib/python3.8/site-packages/airflow/example_dags/tutorial_taskflow_api_virtualenv.py took 0.086 seconds
[2024-07-21T23:59:50.722+0000] {processor.py:161} INFO - Started process (PID=38289) to work on /home/airflow/.local/lib/python3.8/site-packages/airflow/example_dags/tutorial_taskflow_api_virtualenv.py
[2024-07-21T23:59:50.724+0000] {processor.py:830} INFO - Processing file /home/airflow/.local/lib/python3.8/site-packages/airflow/example_dags/tutorial_taskflow_api_virtualenv.py for tasks to queue
[2024-07-21T23:59:50.727+0000] {logging_mixin.py:188} INFO - [2024-07-21T23:59:50.726+0000] {dagbag.py:538} INFO - Filling up the DagBag from /home/airflow/.local/lib/python3.8/site-packages/airflow/example_dags/tutorial_taskflow_api_virtualenv.py
[2024-07-21T23:59:50.743+0000] {processor.py:840} INFO - DAG(s) 'tutorial_taskflow_api_virtualenv' retrieved from /home/airflow/.local/lib/python3.8/site-packages/airflow/example_dags/tutorial_taskflow_api_virtualenv.py
[2024-07-21T23:59:50.777+0000] {logging_mixin.py:188} INFO - [2024-07-21T23:59:50.777+0000] {dag.py:3036} INFO - Sync 1 DAGs
[2024-07-21T23:59:50.795+0000] {logging_mixin.py:188} INFO - [2024-07-21T23:59:50.795+0000] {dag.py:3823} INFO - Setting next_dagrun for tutorial_taskflow_api_virtualenv to None, run_after=None
[2024-07-21T23:59:50.820+0000] {processor.py:183} INFO - Processing /home/airflow/.local/lib/python3.8/site-packages/airflow/example_dags/tutorial_taskflow_api_virtualenv.py took 0.104 seconds
