[2024-07-21T23:56:12.907+0000] {processor.py:161} INFO - Started process (PID=37884) to work on /home/airflow/.local/lib/python3.8/site-packages/airflow/example_dags/tutorial_objectstorage.py
[2024-07-21T23:56:12.924+0000] {processor.py:830} INFO - Processing file /home/airflow/.local/lib/python3.8/site-packages/airflow/example_dags/tutorial_objectstorage.py for tasks to queue
[2024-07-21T23:56:12.934+0000] {logging_mixin.py:188} INFO - [2024-07-21T23:56:12.932+0000] {dagbag.py:538} INFO - Filling up the DagBag from /home/airflow/.local/lib/python3.8/site-packages/airflow/example_dags/tutorial_objectstorage.py
[2024-07-21T23:56:13.047+0000] {processor.py:840} INFO - DAG(s) 'tutorial_objectstorage' retrieved from /home/airflow/.local/lib/python3.8/site-packages/airflow/example_dags/tutorial_objectstorage.py
[2024-07-21T23:56:13.330+0000] {logging_mixin.py:188} INFO - [2024-07-21T23:56:13.329+0000] {dag.py:3036} INFO - Sync 1 DAGs
[2024-07-21T23:56:13.435+0000] {logging_mixin.py:188} INFO - [2024-07-21T23:56:13.434+0000] {dag.py:3823} INFO - Setting next_dagrun for tutorial_objectstorage to None, run_after=None
[2024-07-21T23:56:13.683+0000] {processor.py:183} INFO - Processing /home/airflow/.local/lib/python3.8/site-packages/airflow/example_dags/tutorial_objectstorage.py took 0.786 seconds
[2024-07-21T23:56:44.037+0000] {processor.py:161} INFO - Started process (PID=37945) to work on /home/airflow/.local/lib/python3.8/site-packages/airflow/example_dags/tutorial_objectstorage.py
[2024-07-21T23:56:44.051+0000] {processor.py:830} INFO - Processing file /home/airflow/.local/lib/python3.8/site-packages/airflow/example_dags/tutorial_objectstorage.py for tasks to queue
[2024-07-21T23:56:44.056+0000] {logging_mixin.py:188} INFO - [2024-07-21T23:56:44.054+0000] {dagbag.py:538} INFO - Filling up the DagBag from /home/airflow/.local/lib/python3.8/site-packages/airflow/example_dags/tutorial_objectstorage.py
[2024-07-21T23:56:44.124+0000] {processor.py:840} INFO - DAG(s) 'tutorial_objectstorage' retrieved from /home/airflow/.local/lib/python3.8/site-packages/airflow/example_dags/tutorial_objectstorage.py
[2024-07-21T23:56:44.239+0000] {logging_mixin.py:188} INFO - [2024-07-21T23:56:44.228+0000] {dag.py:3036} INFO - Sync 1 DAGs
[2024-07-21T23:56:44.334+0000] {logging_mixin.py:188} INFO - [2024-07-21T23:56:44.323+0000] {dag.py:3823} INFO - Setting next_dagrun for tutorial_objectstorage to None, run_after=None
[2024-07-21T23:56:44.486+0000] {processor.py:183} INFO - Processing /home/airflow/.local/lib/python3.8/site-packages/airflow/example_dags/tutorial_objectstorage.py took 0.468 seconds
[2024-07-21T23:57:14.690+0000] {processor.py:161} INFO - Started process (PID=38000) to work on /home/airflow/.local/lib/python3.8/site-packages/airflow/example_dags/tutorial_objectstorage.py
[2024-07-21T23:57:14.692+0000] {processor.py:830} INFO - Processing file /home/airflow/.local/lib/python3.8/site-packages/airflow/example_dags/tutorial_objectstorage.py for tasks to queue
[2024-07-21T23:57:14.694+0000] {logging_mixin.py:188} INFO - [2024-07-21T23:57:14.694+0000] {dagbag.py:538} INFO - Filling up the DagBag from /home/airflow/.local/lib/python3.8/site-packages/airflow/example_dags/tutorial_objectstorage.py
[2024-07-21T23:57:14.711+0000] {processor.py:840} INFO - DAG(s) 'tutorial_objectstorage' retrieved from /home/airflow/.local/lib/python3.8/site-packages/airflow/example_dags/tutorial_objectstorage.py
[2024-07-21T23:57:14.755+0000] {logging_mixin.py:188} INFO - [2024-07-21T23:57:14.754+0000] {dag.py:3036} INFO - Sync 1 DAGs
[2024-07-21T23:57:14.785+0000] {logging_mixin.py:188} INFO - [2024-07-21T23:57:14.784+0000] {dag.py:3823} INFO - Setting next_dagrun for tutorial_objectstorage to None, run_after=None
[2024-07-21T23:57:14.837+0000] {processor.py:183} INFO - Processing /home/airflow/.local/lib/python3.8/site-packages/airflow/example_dags/tutorial_objectstorage.py took 0.154 seconds
[2024-07-21T23:57:45.548+0000] {processor.py:161} INFO - Started process (PID=38055) to work on /home/airflow/.local/lib/python3.8/site-packages/airflow/example_dags/tutorial_objectstorage.py
[2024-07-21T23:57:45.551+0000] {processor.py:830} INFO - Processing file /home/airflow/.local/lib/python3.8/site-packages/airflow/example_dags/tutorial_objectstorage.py for tasks to queue
[2024-07-21T23:57:45.553+0000] {logging_mixin.py:188} INFO - [2024-07-21T23:57:45.552+0000] {dagbag.py:538} INFO - Filling up the DagBag from /home/airflow/.local/lib/python3.8/site-packages/airflow/example_dags/tutorial_objectstorage.py
[2024-07-21T23:57:45.566+0000] {processor.py:840} INFO - DAG(s) 'tutorial_objectstorage' retrieved from /home/airflow/.local/lib/python3.8/site-packages/airflow/example_dags/tutorial_objectstorage.py
[2024-07-21T23:57:45.607+0000] {logging_mixin.py:188} INFO - [2024-07-21T23:57:45.607+0000] {dag.py:3036} INFO - Sync 1 DAGs
[2024-07-21T23:57:45.634+0000] {logging_mixin.py:188} INFO - [2024-07-21T23:57:45.633+0000] {dag.py:3823} INFO - Setting next_dagrun for tutorial_objectstorage to None, run_after=None
[2024-07-21T23:57:45.678+0000] {processor.py:183} INFO - Processing /home/airflow/.local/lib/python3.8/site-packages/airflow/example_dags/tutorial_objectstorage.py took 0.139 seconds
[2024-07-21T23:58:16.229+0000] {processor.py:161} INFO - Started process (PID=38112) to work on /home/airflow/.local/lib/python3.8/site-packages/airflow/example_dags/tutorial_objectstorage.py
[2024-07-21T23:58:16.232+0000] {processor.py:830} INFO - Processing file /home/airflow/.local/lib/python3.8/site-packages/airflow/example_dags/tutorial_objectstorage.py for tasks to queue
[2024-07-21T23:58:16.234+0000] {logging_mixin.py:188} INFO - [2024-07-21T23:58:16.234+0000] {dagbag.py:538} INFO - Filling up the DagBag from /home/airflow/.local/lib/python3.8/site-packages/airflow/example_dags/tutorial_objectstorage.py
[2024-07-21T23:58:16.246+0000] {processor.py:840} INFO - DAG(s) 'tutorial_objectstorage' retrieved from /home/airflow/.local/lib/python3.8/site-packages/airflow/example_dags/tutorial_objectstorage.py
[2024-07-21T23:58:16.281+0000] {logging_mixin.py:188} INFO - [2024-07-21T23:58:16.280+0000] {dag.py:3036} INFO - Sync 1 DAGs
[2024-07-21T23:58:16.303+0000] {logging_mixin.py:188} INFO - [2024-07-21T23:58:16.302+0000] {dag.py:3823} INFO - Setting next_dagrun for tutorial_objectstorage to None, run_after=None
[2024-07-21T23:58:16.333+0000] {processor.py:183} INFO - Processing /home/airflow/.local/lib/python3.8/site-packages/airflow/example_dags/tutorial_objectstorage.py took 0.109 seconds
[2024-07-21T23:58:47.023+0000] {processor.py:161} INFO - Started process (PID=38169) to work on /home/airflow/.local/lib/python3.8/site-packages/airflow/example_dags/tutorial_objectstorage.py
[2024-07-21T23:58:47.026+0000] {processor.py:830} INFO - Processing file /home/airflow/.local/lib/python3.8/site-packages/airflow/example_dags/tutorial_objectstorage.py for tasks to queue
[2024-07-21T23:58:47.028+0000] {logging_mixin.py:188} INFO - [2024-07-21T23:58:47.027+0000] {dagbag.py:538} INFO - Filling up the DagBag from /home/airflow/.local/lib/python3.8/site-packages/airflow/example_dags/tutorial_objectstorage.py
[2024-07-21T23:58:47.043+0000] {processor.py:840} INFO - DAG(s) 'tutorial_objectstorage' retrieved from /home/airflow/.local/lib/python3.8/site-packages/airflow/example_dags/tutorial_objectstorage.py
[2024-07-21T23:58:47.076+0000] {logging_mixin.py:188} INFO - [2024-07-21T23:58:47.076+0000] {dag.py:3036} INFO - Sync 1 DAGs
[2024-07-21T23:58:47.103+0000] {logging_mixin.py:188} INFO - [2024-07-21T23:58:47.102+0000] {dag.py:3823} INFO - Setting next_dagrun for tutorial_objectstorage to None, run_after=None
[2024-07-21T23:58:47.143+0000] {processor.py:183} INFO - Processing /home/airflow/.local/lib/python3.8/site-packages/airflow/example_dags/tutorial_objectstorage.py took 0.126 seconds
[2024-07-21T23:59:17.907+0000] {processor.py:161} INFO - Started process (PID=38226) to work on /home/airflow/.local/lib/python3.8/site-packages/airflow/example_dags/tutorial_objectstorage.py
[2024-07-21T23:59:17.909+0000] {processor.py:830} INFO - Processing file /home/airflow/.local/lib/python3.8/site-packages/airflow/example_dags/tutorial_objectstorage.py for tasks to queue
[2024-07-21T23:59:17.912+0000] {logging_mixin.py:188} INFO - [2024-07-21T23:59:17.911+0000] {dagbag.py:538} INFO - Filling up the DagBag from /home/airflow/.local/lib/python3.8/site-packages/airflow/example_dags/tutorial_objectstorage.py
[2024-07-21T23:59:17.923+0000] {processor.py:840} INFO - DAG(s) 'tutorial_objectstorage' retrieved from /home/airflow/.local/lib/python3.8/site-packages/airflow/example_dags/tutorial_objectstorage.py
[2024-07-21T23:59:17.949+0000] {logging_mixin.py:188} INFO - [2024-07-21T23:59:17.949+0000] {dag.py:3036} INFO - Sync 1 DAGs
[2024-07-21T23:59:17.964+0000] {logging_mixin.py:188} INFO - [2024-07-21T23:59:17.964+0000] {dag.py:3823} INFO - Setting next_dagrun for tutorial_objectstorage to None, run_after=None
[2024-07-21T23:59:17.990+0000] {processor.py:183} INFO - Processing /home/airflow/.local/lib/python3.8/site-packages/airflow/example_dags/tutorial_objectstorage.py took 0.088 seconds
[2024-07-21T23:59:48.380+0000] {processor.py:161} INFO - Started process (PID=38283) to work on /home/airflow/.local/lib/python3.8/site-packages/airflow/example_dags/tutorial_objectstorage.py
[2024-07-21T23:59:48.382+0000] {processor.py:830} INFO - Processing file /home/airflow/.local/lib/python3.8/site-packages/airflow/example_dags/tutorial_objectstorage.py for tasks to queue
[2024-07-21T23:59:48.383+0000] {logging_mixin.py:188} INFO - [2024-07-21T23:59:48.383+0000] {dagbag.py:538} INFO - Filling up the DagBag from /home/airflow/.local/lib/python3.8/site-packages/airflow/example_dags/tutorial_objectstorage.py
[2024-07-21T23:59:48.393+0000] {processor.py:840} INFO - DAG(s) 'tutorial_objectstorage' retrieved from /home/airflow/.local/lib/python3.8/site-packages/airflow/example_dags/tutorial_objectstorage.py
[2024-07-21T23:59:48.420+0000] {logging_mixin.py:188} INFO - [2024-07-21T23:59:48.420+0000] {dag.py:3036} INFO - Sync 1 DAGs
[2024-07-21T23:59:48.435+0000] {logging_mixin.py:188} INFO - [2024-07-21T23:59:48.435+0000] {dag.py:3823} INFO - Setting next_dagrun for tutorial_objectstorage to None, run_after=None
[2024-07-21T23:59:48.462+0000] {processor.py:183} INFO - Processing /home/airflow/.local/lib/python3.8/site-packages/airflow/example_dags/tutorial_objectstorage.py took 0.087 seconds
