[2024-07-21T23:56:26.660+0000] {processor.py:161} INFO - Started process (PID=37908) to work on /home/airflow/.local/lib/python3.8/site-packages/airflow/example_dags/tutorial_dag.py
[2024-07-21T23:56:26.664+0000] {processor.py:830} INFO - Processing file /home/airflow/.local/lib/python3.8/site-packages/airflow/example_dags/tutorial_dag.py for tasks to queue
[2024-07-21T23:56:26.669+0000] {logging_mixin.py:188} INFO - [2024-07-21T23:56:26.668+0000] {dagbag.py:538} INFO - Filling up the DagBag from /home/airflow/.local/lib/python3.8/site-packages/airflow/example_dags/tutorial_dag.py
[2024-07-21T23:56:26.697+0000] {processor.py:840} INFO - DAG(s) 'tutorial_dag' retrieved from /home/airflow/.local/lib/python3.8/site-packages/airflow/example_dags/tutorial_dag.py
[2024-07-21T23:56:26.810+0000] {logging_mixin.py:188} INFO - [2024-07-21T23:56:26.809+0000] {dag.py:3036} INFO - Sync 1 DAGs
[2024-07-21T23:56:26.867+0000] {logging_mixin.py:188} INFO - [2024-07-21T23:56:26.866+0000] {dag.py:3823} INFO - Setting next_dagrun for tutorial_dag to None, run_after=None
[2024-07-21T23:56:26.979+0000] {processor.py:183} INFO - Processing /home/airflow/.local/lib/python3.8/site-packages/airflow/example_dags/tutorial_dag.py took 0.330 seconds
[2024-07-21T23:56:57.633+0000] {processor.py:161} INFO - Started process (PID=37969) to work on /home/airflow/.local/lib/python3.8/site-packages/airflow/example_dags/tutorial_dag.py
[2024-07-21T23:56:57.635+0000] {processor.py:830} INFO - Processing file /home/airflow/.local/lib/python3.8/site-packages/airflow/example_dags/tutorial_dag.py for tasks to queue
[2024-07-21T23:56:57.637+0000] {logging_mixin.py:188} INFO - [2024-07-21T23:56:57.637+0000] {dagbag.py:538} INFO - Filling up the DagBag from /home/airflow/.local/lib/python3.8/site-packages/airflow/example_dags/tutorial_dag.py
[2024-07-21T23:56:57.650+0000] {processor.py:840} INFO - DAG(s) 'tutorial_dag' retrieved from /home/airflow/.local/lib/python3.8/site-packages/airflow/example_dags/tutorial_dag.py
[2024-07-21T23:56:57.689+0000] {logging_mixin.py:188} INFO - [2024-07-21T23:56:57.688+0000] {dag.py:3036} INFO - Sync 1 DAGs
[2024-07-21T23:56:57.722+0000] {logging_mixin.py:188} INFO - [2024-07-21T23:56:57.722+0000] {dag.py:3823} INFO - Setting next_dagrun for tutorial_dag to None, run_after=None
[2024-07-21T23:56:57.765+0000] {processor.py:183} INFO - Processing /home/airflow/.local/lib/python3.8/site-packages/airflow/example_dags/tutorial_dag.py took 0.137 seconds
[2024-07-21T23:57:28.192+0000] {processor.py:161} INFO - Started process (PID=38026) to work on /home/airflow/.local/lib/python3.8/site-packages/airflow/example_dags/tutorial_dag.py
[2024-07-21T23:57:28.195+0000] {processor.py:830} INFO - Processing file /home/airflow/.local/lib/python3.8/site-packages/airflow/example_dags/tutorial_dag.py for tasks to queue
[2024-07-21T23:57:28.200+0000] {logging_mixin.py:188} INFO - [2024-07-21T23:57:28.199+0000] {dagbag.py:538} INFO - Filling up the DagBag from /home/airflow/.local/lib/python3.8/site-packages/airflow/example_dags/tutorial_dag.py
[2024-07-21T23:57:28.224+0000] {processor.py:840} INFO - DAG(s) 'tutorial_dag' retrieved from /home/airflow/.local/lib/python3.8/site-packages/airflow/example_dags/tutorial_dag.py
[2024-07-21T23:57:28.316+0000] {logging_mixin.py:188} INFO - [2024-07-21T23:57:28.316+0000] {dag.py:3036} INFO - Sync 1 DAGs
[2024-07-21T23:57:28.367+0000] {logging_mixin.py:188} INFO - [2024-07-21T23:57:28.367+0000] {dag.py:3823} INFO - Setting next_dagrun for tutorial_dag to None, run_after=None
[2024-07-21T23:57:28.444+0000] {processor.py:183} INFO - Processing /home/airflow/.local/lib/python3.8/site-packages/airflow/example_dags/tutorial_dag.py took 0.262 seconds
[2024-07-21T23:57:58.948+0000] {processor.py:161} INFO - Started process (PID=38083) to work on /home/airflow/.local/lib/python3.8/site-packages/airflow/example_dags/tutorial_dag.py
[2024-07-21T23:57:58.950+0000] {processor.py:830} INFO - Processing file /home/airflow/.local/lib/python3.8/site-packages/airflow/example_dags/tutorial_dag.py for tasks to queue
[2024-07-21T23:57:58.952+0000] {logging_mixin.py:188} INFO - [2024-07-21T23:57:58.951+0000] {dagbag.py:538} INFO - Filling up the DagBag from /home/airflow/.local/lib/python3.8/site-packages/airflow/example_dags/tutorial_dag.py
[2024-07-21T23:57:58.960+0000] {processor.py:840} INFO - DAG(s) 'tutorial_dag' retrieved from /home/airflow/.local/lib/python3.8/site-packages/airflow/example_dags/tutorial_dag.py
[2024-07-21T23:57:58.991+0000] {logging_mixin.py:188} INFO - [2024-07-21T23:57:58.990+0000] {dag.py:3036} INFO - Sync 1 DAGs
[2024-07-21T23:57:59.007+0000] {logging_mixin.py:188} INFO - [2024-07-21T23:57:59.007+0000] {dag.py:3823} INFO - Setting next_dagrun for tutorial_dag to None, run_after=None
[2024-07-21T23:57:59.036+0000] {processor.py:183} INFO - Processing /home/airflow/.local/lib/python3.8/site-packages/airflow/example_dags/tutorial_dag.py took 0.092 seconds
[2024-07-21T23:58:29.280+0000] {processor.py:161} INFO - Started process (PID=38140) to work on /home/airflow/.local/lib/python3.8/site-packages/airflow/example_dags/tutorial_dag.py
[2024-07-21T23:58:29.282+0000] {processor.py:830} INFO - Processing file /home/airflow/.local/lib/python3.8/site-packages/airflow/example_dags/tutorial_dag.py for tasks to queue
[2024-07-21T23:58:29.284+0000] {logging_mixin.py:188} INFO - [2024-07-21T23:58:29.284+0000] {dagbag.py:538} INFO - Filling up the DagBag from /home/airflow/.local/lib/python3.8/site-packages/airflow/example_dags/tutorial_dag.py
[2024-07-21T23:58:29.293+0000] {processor.py:840} INFO - DAG(s) 'tutorial_dag' retrieved from /home/airflow/.local/lib/python3.8/site-packages/airflow/example_dags/tutorial_dag.py
[2024-07-21T23:58:29.329+0000] {logging_mixin.py:188} INFO - [2024-07-21T23:58:29.329+0000] {dag.py:3036} INFO - Sync 1 DAGs
[2024-07-21T23:58:29.350+0000] {logging_mixin.py:188} INFO - [2024-07-21T23:58:29.350+0000] {dag.py:3823} INFO - Setting next_dagrun for tutorial_dag to None, run_after=None
[2024-07-21T23:58:29.381+0000] {processor.py:183} INFO - Processing /home/airflow/.local/lib/python3.8/site-packages/airflow/example_dags/tutorial_dag.py took 0.106 seconds
[2024-07-21T23:58:59.976+0000] {processor.py:161} INFO - Started process (PID=38197) to work on /home/airflow/.local/lib/python3.8/site-packages/airflow/example_dags/tutorial_dag.py
[2024-07-21T23:58:59.978+0000] {processor.py:830} INFO - Processing file /home/airflow/.local/lib/python3.8/site-packages/airflow/example_dags/tutorial_dag.py for tasks to queue
[2024-07-21T23:58:59.981+0000] {logging_mixin.py:188} INFO - [2024-07-21T23:58:59.980+0000] {dagbag.py:538} INFO - Filling up the DagBag from /home/airflow/.local/lib/python3.8/site-packages/airflow/example_dags/tutorial_dag.py
[2024-07-21T23:58:59.993+0000] {processor.py:840} INFO - DAG(s) 'tutorial_dag' retrieved from /home/airflow/.local/lib/python3.8/site-packages/airflow/example_dags/tutorial_dag.py
[2024-07-21T23:59:00.031+0000] {logging_mixin.py:188} INFO - [2024-07-21T23:59:00.031+0000] {dag.py:3036} INFO - Sync 1 DAGs
[2024-07-21T23:59:00.051+0000] {logging_mixin.py:188} INFO - [2024-07-21T23:59:00.051+0000] {dag.py:3823} INFO - Setting next_dagrun for tutorial_dag to None, run_after=None
[2024-07-21T23:59:00.092+0000] {processor.py:183} INFO - Processing /home/airflow/.local/lib/python3.8/site-packages/airflow/example_dags/tutorial_dag.py took 0.122 seconds
[2024-07-21T23:59:30.210+0000] {processor.py:161} INFO - Started process (PID=38254) to work on /home/airflow/.local/lib/python3.8/site-packages/airflow/example_dags/tutorial_dag.py
[2024-07-21T23:59:30.212+0000] {processor.py:830} INFO - Processing file /home/airflow/.local/lib/python3.8/site-packages/airflow/example_dags/tutorial_dag.py for tasks to queue
[2024-07-21T23:59:30.213+0000] {logging_mixin.py:188} INFO - [2024-07-21T23:59:30.213+0000] {dagbag.py:538} INFO - Filling up the DagBag from /home/airflow/.local/lib/python3.8/site-packages/airflow/example_dags/tutorial_dag.py
[2024-07-21T23:59:30.222+0000] {processor.py:840} INFO - DAG(s) 'tutorial_dag' retrieved from /home/airflow/.local/lib/python3.8/site-packages/airflow/example_dags/tutorial_dag.py
[2024-07-21T23:59:30.256+0000] {logging_mixin.py:188} INFO - [2024-07-21T23:59:30.255+0000] {dag.py:3036} INFO - Sync 1 DAGs
[2024-07-21T23:59:30.274+0000] {logging_mixin.py:188} INFO - [2024-07-21T23:59:30.274+0000] {dag.py:3823} INFO - Setting next_dagrun for tutorial_dag to None, run_after=None
[2024-07-21T23:59:30.304+0000] {processor.py:183} INFO - Processing /home/airflow/.local/lib/python3.8/site-packages/airflow/example_dags/tutorial_dag.py took 0.099 seconds
