[2024-08-09T00:26:05.079+0000] {processor.py:161} INFO - Started process (PID=37667) to work on /opt/airflow/dags/crypto_pipeline_dag.py
[2024-08-09T00:26:05.081+0000] {processor.py:830} INFO - Processing file /opt/airflow/dags/crypto_pipeline_dag.py for tasks to queue
[2024-08-09T00:26:05.083+0000] {logging_mixin.py:188} INFO - [2024-08-09T00:26:05.082+0000] {dagbag.py:538} INFO - Filling up the DagBag from /opt/airflow/dags/crypto_pipeline_dag.py
[2024-08-09T00:26:06.085+0000] {processor.py:840} INFO - DAG(s) 'crypto_pipeline' retrieved from /opt/airflow/dags/crypto_pipeline_dag.py
[2024-08-09T00:26:06.148+0000] {logging_mixin.py:188} INFO - [2024-08-09T00:26:06.147+0000] {dag.py:3036} INFO - Sync 1 DAGs
[2024-08-09T00:26:06.219+0000] {logging_mixin.py:188} INFO - [2024-08-09T00:26:06.219+0000] {dag.py:3823} INFO - Setting next_dagrun for crypto_pipeline to 2024-08-09 00:25:00+00:00, run_after=2024-08-09 00:30:00+00:00
[2024-08-09T00:26:06.443+0000] {processor.py:183} INFO - Processing /opt/airflow/dags/crypto_pipeline_dag.py took 1.368 seconds
[2024-08-09T12:35:48.188+0000] {processor.py:161} INFO - Started process (PID=37724) to work on /opt/airflow/dags/crypto_pipeline_dag.py
[2024-08-09T12:35:48.256+0000] {processor.py:830} INFO - Processing file /opt/airflow/dags/crypto_pipeline_dag.py for tasks to queue
[2024-08-09T12:35:48.259+0000] {logging_mixin.py:188} INFO - [2024-08-09T12:35:48.259+0000] {dagbag.py:538} INFO - Filling up the DagBag from /opt/airflow/dags/crypto_pipeline_dag.py
[2024-08-09T12:35:51.265+0000] {processor.py:840} INFO - DAG(s) 'crypto_pipeline' retrieved from /opt/airflow/dags/crypto_pipeline_dag.py
[2024-08-09T12:35:51.331+0000] {logging_mixin.py:188} INFO - [2024-08-09T12:35:51.330+0000] {dag.py:3036} INFO - Sync 1 DAGs
[2024-08-09T12:35:51.476+0000] {logging_mixin.py:188} INFO - [2024-08-09T12:35:51.475+0000] {dag.py:3823} INFO - Setting next_dagrun for crypto_pipeline to 2024-08-09 12:35:00+00:00, run_after=2024-08-09 12:40:00+00:00
[2024-08-09T12:35:51.574+0000] {processor.py:183} INFO - Processing /opt/airflow/dags/crypto_pipeline_dag.py took 3.418 seconds
[2024-08-09T12:36:21.899+0000] {processor.py:161} INFO - Started process (PID=37782) to work on /opt/airflow/dags/crypto_pipeline_dag.py
[2024-08-09T12:36:21.900+0000] {processor.py:830} INFO - Processing file /opt/airflow/dags/crypto_pipeline_dag.py for tasks to queue
[2024-08-09T12:36:21.901+0000] {logging_mixin.py:188} INFO - [2024-08-09T12:36:21.901+0000] {dagbag.py:538} INFO - Filling up the DagBag from /opt/airflow/dags/crypto_pipeline_dag.py
[2024-08-09T12:36:22.202+0000] {processor.py:840} INFO - DAG(s) 'crypto_pipeline' retrieved from /opt/airflow/dags/crypto_pipeline_dag.py
[2024-08-09T12:36:22.222+0000] {logging_mixin.py:188} INFO - [2024-08-09T12:36:22.221+0000] {dag.py:3036} INFO - Sync 1 DAGs
[2024-08-09T12:36:22.248+0000] {logging_mixin.py:188} INFO - [2024-08-09T12:36:22.248+0000] {dag.py:3823} INFO - Setting next_dagrun for crypto_pipeline to 2024-08-09 12:35:00+00:00, run_after=2024-08-09 12:40:00+00:00
[2024-08-09T12:36:22.270+0000] {processor.py:183} INFO - Processing /opt/airflow/dags/crypto_pipeline_dag.py took 0.374 seconds
[2024-08-09T12:36:52.335+0000] {processor.py:161} INFO - Started process (PID=37841) to work on /opt/airflow/dags/crypto_pipeline_dag.py
[2024-08-09T12:36:52.336+0000] {processor.py:830} INFO - Processing file /opt/airflow/dags/crypto_pipeline_dag.py for tasks to queue
[2024-08-09T12:36:52.338+0000] {logging_mixin.py:188} INFO - [2024-08-09T12:36:52.337+0000] {dagbag.py:538} INFO - Filling up the DagBag from /opt/airflow/dags/crypto_pipeline_dag.py
[2024-08-09T12:36:52.758+0000] {processor.py:840} INFO - DAG(s) 'crypto_pipeline' retrieved from /opt/airflow/dags/crypto_pipeline_dag.py
[2024-08-09T12:36:52.798+0000] {logging_mixin.py:188} INFO - [2024-08-09T12:36:52.798+0000] {dag.py:3036} INFO - Sync 1 DAGs
[2024-08-09T12:36:52.841+0000] {logging_mixin.py:188} INFO - [2024-08-09T12:36:52.841+0000] {dag.py:3823} INFO - Setting next_dagrun for crypto_pipeline to 2024-08-09 12:35:00+00:00, run_after=2024-08-09 12:40:00+00:00
[2024-08-09T12:36:52.878+0000] {processor.py:183} INFO - Processing /opt/airflow/dags/crypto_pipeline_dag.py took 0.547 seconds
[2024-08-09T12:37:23.559+0000] {processor.py:161} INFO - Started process (PID=37898) to work on /opt/airflow/dags/crypto_pipeline_dag.py
[2024-08-09T12:37:23.560+0000] {processor.py:830} INFO - Processing file /opt/airflow/dags/crypto_pipeline_dag.py for tasks to queue
[2024-08-09T12:37:23.562+0000] {logging_mixin.py:188} INFO - [2024-08-09T12:37:23.561+0000] {dagbag.py:538} INFO - Filling up the DagBag from /opt/airflow/dags/crypto_pipeline_dag.py
[2024-08-09T12:37:23.875+0000] {processor.py:840} INFO - DAG(s) 'crypto_pipeline' retrieved from /opt/airflow/dags/crypto_pipeline_dag.py
[2024-08-09T12:37:23.899+0000] {logging_mixin.py:188} INFO - [2024-08-09T12:37:23.898+0000] {dag.py:3036} INFO - Sync 1 DAGs
[2024-08-09T12:37:23.933+0000] {logging_mixin.py:188} INFO - [2024-08-09T12:37:23.933+0000] {dag.py:3823} INFO - Setting next_dagrun for crypto_pipeline to 2024-08-09 12:35:00+00:00, run_after=2024-08-09 12:40:00+00:00
[2024-08-09T12:37:23.963+0000] {processor.py:183} INFO - Processing /opt/airflow/dags/crypto_pipeline_dag.py took 0.408 seconds
[2024-08-09T12:37:54.167+0000] {processor.py:161} INFO - Started process (PID=37955) to work on /opt/airflow/dags/crypto_pipeline_dag.py
[2024-08-09T12:37:54.168+0000] {processor.py:830} INFO - Processing file /opt/airflow/dags/crypto_pipeline_dag.py for tasks to queue
[2024-08-09T12:37:54.169+0000] {logging_mixin.py:188} INFO - [2024-08-09T12:37:54.169+0000] {dagbag.py:538} INFO - Filling up the DagBag from /opt/airflow/dags/crypto_pipeline_dag.py
[2024-08-09T12:37:54.467+0000] {processor.py:840} INFO - DAG(s) 'crypto_pipeline' retrieved from /opt/airflow/dags/crypto_pipeline_dag.py
[2024-08-09T12:37:54.484+0000] {logging_mixin.py:188} INFO - [2024-08-09T12:37:54.484+0000] {dag.py:3036} INFO - Sync 1 DAGs
[2024-08-09T12:37:54.504+0000] {logging_mixin.py:188} INFO - [2024-08-09T12:37:54.504+0000] {dag.py:3823} INFO - Setting next_dagrun for crypto_pipeline to 2024-08-09 12:35:00+00:00, run_after=2024-08-09 12:40:00+00:00
[2024-08-09T12:37:54.524+0000] {processor.py:183} INFO - Processing /opt/airflow/dags/crypto_pipeline_dag.py took 0.361 seconds
[2024-08-09T12:38:24.774+0000] {processor.py:161} INFO - Started process (PID=38012) to work on /opt/airflow/dags/crypto_pipeline_dag.py
[2024-08-09T12:38:24.776+0000] {processor.py:830} INFO - Processing file /opt/airflow/dags/crypto_pipeline_dag.py for tasks to queue
[2024-08-09T12:38:24.777+0000] {logging_mixin.py:188} INFO - [2024-08-09T12:38:24.777+0000] {dagbag.py:538} INFO - Filling up the DagBag from /opt/airflow/dags/crypto_pipeline_dag.py
[2024-08-09T12:38:25.020+0000] {processor.py:840} INFO - DAG(s) 'crypto_pipeline' retrieved from /opt/airflow/dags/crypto_pipeline_dag.py
[2024-08-09T12:38:25.038+0000] {logging_mixin.py:188} INFO - [2024-08-09T12:38:25.038+0000] {dag.py:3036} INFO - Sync 1 DAGs
[2024-08-09T12:38:25.063+0000] {logging_mixin.py:188} INFO - [2024-08-09T12:38:25.062+0000] {dag.py:3823} INFO - Setting next_dagrun for crypto_pipeline to 2024-08-09 12:35:00+00:00, run_after=2024-08-09 12:40:00+00:00
[2024-08-09T12:38:25.080+0000] {processor.py:183} INFO - Processing /opt/airflow/dags/crypto_pipeline_dag.py took 0.309 seconds
[2024-08-09T12:38:55.408+0000] {processor.py:161} INFO - Started process (PID=38069) to work on /opt/airflow/dags/crypto_pipeline_dag.py
[2024-08-09T12:38:55.413+0000] {processor.py:830} INFO - Processing file /opt/airflow/dags/crypto_pipeline_dag.py for tasks to queue
[2024-08-09T12:38:55.415+0000] {logging_mixin.py:188} INFO - [2024-08-09T12:38:55.414+0000] {dagbag.py:538} INFO - Filling up the DagBag from /opt/airflow/dags/crypto_pipeline_dag.py
[2024-08-09T12:38:55.709+0000] {processor.py:840} INFO - DAG(s) 'crypto_pipeline' retrieved from /opt/airflow/dags/crypto_pipeline_dag.py
[2024-08-09T12:38:55.726+0000] {logging_mixin.py:188} INFO - [2024-08-09T12:38:55.725+0000] {dag.py:3036} INFO - Sync 1 DAGs
[2024-08-09T12:38:55.750+0000] {logging_mixin.py:188} INFO - [2024-08-09T12:38:55.750+0000] {dag.py:3823} INFO - Setting next_dagrun for crypto_pipeline to 2024-08-09 12:35:00+00:00, run_after=2024-08-09 12:40:00+00:00
[2024-08-09T12:38:55.770+0000] {processor.py:183} INFO - Processing /opt/airflow/dags/crypto_pipeline_dag.py took 0.365 seconds
[2024-08-09T12:39:25.924+0000] {processor.py:161} INFO - Started process (PID=38126) to work on /opt/airflow/dags/crypto_pipeline_dag.py
[2024-08-09T12:39:25.925+0000] {processor.py:830} INFO - Processing file /opt/airflow/dags/crypto_pipeline_dag.py for tasks to queue
[2024-08-09T12:39:25.926+0000] {logging_mixin.py:188} INFO - [2024-08-09T12:39:25.926+0000] {dagbag.py:538} INFO - Filling up the DagBag from /opt/airflow/dags/crypto_pipeline_dag.py
[2024-08-09T12:39:26.190+0000] {processor.py:840} INFO - DAG(s) 'crypto_pipeline' retrieved from /opt/airflow/dags/crypto_pipeline_dag.py
[2024-08-09T12:39:26.210+0000] {logging_mixin.py:188} INFO - [2024-08-09T12:39:26.209+0000] {dag.py:3036} INFO - Sync 1 DAGs
[2024-08-09T12:39:26.234+0000] {logging_mixin.py:188} INFO - [2024-08-09T12:39:26.234+0000] {dag.py:3823} INFO - Setting next_dagrun for crypto_pipeline to 2024-08-09 12:35:00+00:00, run_after=2024-08-09 12:40:00+00:00
[2024-08-09T12:39:26.261+0000] {processor.py:183} INFO - Processing /opt/airflow/dags/crypto_pipeline_dag.py took 0.340 seconds
[2024-08-09T12:39:56.417+0000] {processor.py:161} INFO - Started process (PID=38183) to work on /opt/airflow/dags/crypto_pipeline_dag.py
[2024-08-09T12:39:56.419+0000] {processor.py:830} INFO - Processing file /opt/airflow/dags/crypto_pipeline_dag.py for tasks to queue
[2024-08-09T12:39:56.419+0000] {logging_mixin.py:188} INFO - [2024-08-09T12:39:56.419+0000] {dagbag.py:538} INFO - Filling up the DagBag from /opt/airflow/dags/crypto_pipeline_dag.py
[2024-08-09T12:39:56.662+0000] {processor.py:840} INFO - DAG(s) 'crypto_pipeline' retrieved from /opt/airflow/dags/crypto_pipeline_dag.py
[2024-08-09T12:39:56.678+0000] {logging_mixin.py:188} INFO - [2024-08-09T12:39:56.678+0000] {dag.py:3036} INFO - Sync 1 DAGs
[2024-08-09T12:39:56.698+0000] {logging_mixin.py:188} INFO - [2024-08-09T12:39:56.698+0000] {dag.py:3823} INFO - Setting next_dagrun for crypto_pipeline to 2024-08-09 12:35:00+00:00, run_after=2024-08-09 12:40:00+00:00
[2024-08-09T12:39:56.715+0000] {processor.py:183} INFO - Processing /opt/airflow/dags/crypto_pipeline_dag.py took 0.300 seconds
[2024-08-09T12:40:26.955+0000] {processor.py:161} INFO - Started process (PID=38240) to work on /opt/airflow/dags/crypto_pipeline_dag.py
[2024-08-09T12:40:26.956+0000] {processor.py:830} INFO - Processing file /opt/airflow/dags/crypto_pipeline_dag.py for tasks to queue
[2024-08-09T12:40:26.957+0000] {logging_mixin.py:188} INFO - [2024-08-09T12:40:26.956+0000] {dagbag.py:538} INFO - Filling up the DagBag from /opt/airflow/dags/crypto_pipeline_dag.py
[2024-08-09T12:40:27.197+0000] {processor.py:840} INFO - DAG(s) 'crypto_pipeline' retrieved from /opt/airflow/dags/crypto_pipeline_dag.py
[2024-08-09T12:40:27.213+0000] {logging_mixin.py:188} INFO - [2024-08-09T12:40:27.213+0000] {dag.py:3036} INFO - Sync 1 DAGs
[2024-08-09T12:40:27.232+0000] {logging_mixin.py:188} INFO - [2024-08-09T12:40:27.232+0000] {dag.py:3823} INFO - Setting next_dagrun for crypto_pipeline to 2024-08-09 12:40:00+00:00, run_after=2024-08-09 12:45:00+00:00
[2024-08-09T12:40:27.248+0000] {processor.py:183} INFO - Processing /opt/airflow/dags/crypto_pipeline_dag.py took 0.296 seconds
[2024-08-09T12:40:57.558+0000] {processor.py:161} INFO - Started process (PID=38297) to work on /opt/airflow/dags/crypto_pipeline_dag.py
[2024-08-09T12:40:57.559+0000] {processor.py:830} INFO - Processing file /opt/airflow/dags/crypto_pipeline_dag.py for tasks to queue
[2024-08-09T12:40:57.561+0000] {logging_mixin.py:188} INFO - [2024-08-09T12:40:57.560+0000] {dagbag.py:538} INFO - Filling up the DagBag from /opt/airflow/dags/crypto_pipeline_dag.py
[2024-08-09T12:40:57.815+0000] {processor.py:840} INFO - DAG(s) 'crypto_pipeline' retrieved from /opt/airflow/dags/crypto_pipeline_dag.py
[2024-08-09T12:40:57.832+0000] {logging_mixin.py:188} INFO - [2024-08-09T12:40:57.832+0000] {dag.py:3036} INFO - Sync 1 DAGs
[2024-08-09T12:40:57.853+0000] {logging_mixin.py:188} INFO - [2024-08-09T12:40:57.853+0000] {dag.py:3823} INFO - Setting next_dagrun for crypto_pipeline to 2024-08-09 12:40:00+00:00, run_after=2024-08-09 12:45:00+00:00
[2024-08-09T12:40:57.871+0000] {processor.py:183} INFO - Processing /opt/airflow/dags/crypto_pipeline_dag.py took 0.315 seconds
[2024-08-09T12:41:28.137+0000] {processor.py:161} INFO - Started process (PID=38354) to work on /opt/airflow/dags/crypto_pipeline_dag.py
[2024-08-09T12:41:28.138+0000] {processor.py:830} INFO - Processing file /opt/airflow/dags/crypto_pipeline_dag.py for tasks to queue
[2024-08-09T12:41:28.139+0000] {logging_mixin.py:188} INFO - [2024-08-09T12:41:28.139+0000] {dagbag.py:538} INFO - Filling up the DagBag from /opt/airflow/dags/crypto_pipeline_dag.py
[2024-08-09T12:41:28.395+0000] {processor.py:840} INFO - DAG(s) 'crypto_pipeline' retrieved from /opt/airflow/dags/crypto_pipeline_dag.py
[2024-08-09T12:41:28.412+0000] {logging_mixin.py:188} INFO - [2024-08-09T12:41:28.412+0000] {dag.py:3036} INFO - Sync 1 DAGs
[2024-08-09T12:41:28.430+0000] {logging_mixin.py:188} INFO - [2024-08-09T12:41:28.430+0000] {dag.py:3823} INFO - Setting next_dagrun for crypto_pipeline to 2024-08-09 12:40:00+00:00, run_after=2024-08-09 12:45:00+00:00
[2024-08-09T12:41:28.449+0000] {processor.py:183} INFO - Processing /opt/airflow/dags/crypto_pipeline_dag.py took 0.315 seconds
[2024-08-09T12:41:58.732+0000] {processor.py:161} INFO - Started process (PID=38411) to work on /opt/airflow/dags/crypto_pipeline_dag.py
[2024-08-09T12:41:58.733+0000] {processor.py:830} INFO - Processing file /opt/airflow/dags/crypto_pipeline_dag.py for tasks to queue
[2024-08-09T12:41:58.734+0000] {logging_mixin.py:188} INFO - [2024-08-09T12:41:58.734+0000] {dagbag.py:538} INFO - Filling up the DagBag from /opt/airflow/dags/crypto_pipeline_dag.py
[2024-08-09T12:41:59.022+0000] {processor.py:840} INFO - DAG(s) 'crypto_pipeline' retrieved from /opt/airflow/dags/crypto_pipeline_dag.py
[2024-08-09T12:41:59.041+0000] {logging_mixin.py:188} INFO - [2024-08-09T12:41:59.040+0000] {dag.py:3036} INFO - Sync 1 DAGs
[2024-08-09T12:41:59.064+0000] {logging_mixin.py:188} INFO - [2024-08-09T12:41:59.063+0000] {dag.py:3823} INFO - Setting next_dagrun for crypto_pipeline to 2024-08-09 12:40:00+00:00, run_after=2024-08-09 12:45:00+00:00
[2024-08-09T12:41:59.082+0000] {processor.py:183} INFO - Processing /opt/airflow/dags/crypto_pipeline_dag.py took 0.353 seconds
[2024-08-09T12:42:29.294+0000] {processor.py:161} INFO - Started process (PID=38468) to work on /opt/airflow/dags/crypto_pipeline_dag.py
[2024-08-09T12:42:29.295+0000] {processor.py:830} INFO - Processing file /opt/airflow/dags/crypto_pipeline_dag.py for tasks to queue
[2024-08-09T12:42:29.297+0000] {logging_mixin.py:188} INFO - [2024-08-09T12:42:29.296+0000] {dagbag.py:538} INFO - Filling up the DagBag from /opt/airflow/dags/crypto_pipeline_dag.py
[2024-08-09T12:42:29.590+0000] {processor.py:840} INFO - DAG(s) 'crypto_pipeline' retrieved from /opt/airflow/dags/crypto_pipeline_dag.py
[2024-08-09T12:42:29.607+0000] {logging_mixin.py:188} INFO - [2024-08-09T12:42:29.607+0000] {dag.py:3036} INFO - Sync 1 DAGs
[2024-08-09T12:42:29.631+0000] {logging_mixin.py:188} INFO - [2024-08-09T12:42:29.631+0000] {dag.py:3823} INFO - Setting next_dagrun for crypto_pipeline to 2024-08-09 12:40:00+00:00, run_after=2024-08-09 12:45:00+00:00
[2024-08-09T12:42:29.655+0000] {processor.py:183} INFO - Processing /opt/airflow/dags/crypto_pipeline_dag.py took 0.364 seconds
[2024-08-09T12:42:59.862+0000] {processor.py:161} INFO - Started process (PID=38525) to work on /opt/airflow/dags/crypto_pipeline_dag.py
[2024-08-09T12:42:59.864+0000] {processor.py:830} INFO - Processing file /opt/airflow/dags/crypto_pipeline_dag.py for tasks to queue
[2024-08-09T12:42:59.865+0000] {logging_mixin.py:188} INFO - [2024-08-09T12:42:59.865+0000] {dagbag.py:538} INFO - Filling up the DagBag from /opt/airflow/dags/crypto_pipeline_dag.py
[2024-08-09T12:43:00.142+0000] {processor.py:840} INFO - DAG(s) 'crypto_pipeline' retrieved from /opt/airflow/dags/crypto_pipeline_dag.py
[2024-08-09T12:43:00.161+0000] {logging_mixin.py:188} INFO - [2024-08-09T12:43:00.161+0000] {dag.py:3036} INFO - Sync 1 DAGs
[2024-08-09T12:43:00.185+0000] {logging_mixin.py:188} INFO - [2024-08-09T12:43:00.185+0000] {dag.py:3823} INFO - Setting next_dagrun for crypto_pipeline to 2024-08-09 12:40:00+00:00, run_after=2024-08-09 12:45:00+00:00
[2024-08-09T12:43:00.205+0000] {processor.py:183} INFO - Processing /opt/airflow/dags/crypto_pipeline_dag.py took 0.346 seconds
[2024-08-09T12:43:30.365+0000] {processor.py:161} INFO - Started process (PID=38582) to work on /opt/airflow/dags/crypto_pipeline_dag.py
[2024-08-09T12:43:30.366+0000] {processor.py:830} INFO - Processing file /opt/airflow/dags/crypto_pipeline_dag.py for tasks to queue
[2024-08-09T12:43:30.367+0000] {logging_mixin.py:188} INFO - [2024-08-09T12:43:30.367+0000] {dagbag.py:538} INFO - Filling up the DagBag from /opt/airflow/dags/crypto_pipeline_dag.py
[2024-08-09T12:43:30.625+0000] {processor.py:840} INFO - DAG(s) 'crypto_pipeline' retrieved from /opt/airflow/dags/crypto_pipeline_dag.py
[2024-08-09T12:43:30.644+0000] {logging_mixin.py:188} INFO - [2024-08-09T12:43:30.643+0000] {dag.py:3036} INFO - Sync 1 DAGs
[2024-08-09T12:43:30.667+0000] {logging_mixin.py:188} INFO - [2024-08-09T12:43:30.666+0000] {dag.py:3823} INFO - Setting next_dagrun for crypto_pipeline to 2024-08-09 12:40:00+00:00, run_after=2024-08-09 12:45:00+00:00
[2024-08-09T12:43:30.684+0000] {processor.py:183} INFO - Processing /opt/airflow/dags/crypto_pipeline_dag.py took 0.321 seconds
[2024-08-09T12:44:00.886+0000] {processor.py:161} INFO - Started process (PID=38639) to work on /opt/airflow/dags/crypto_pipeline_dag.py
[2024-08-09T12:44:00.887+0000] {processor.py:830} INFO - Processing file /opt/airflow/dags/crypto_pipeline_dag.py for tasks to queue
[2024-08-09T12:44:00.888+0000] {logging_mixin.py:188} INFO - [2024-08-09T12:44:00.888+0000] {dagbag.py:538} INFO - Filling up the DagBag from /opt/airflow/dags/crypto_pipeline_dag.py
[2024-08-09T12:44:01.178+0000] {processor.py:840} INFO - DAG(s) 'crypto_pipeline' retrieved from /opt/airflow/dags/crypto_pipeline_dag.py
[2024-08-09T12:44:01.199+0000] {logging_mixin.py:188} INFO - [2024-08-09T12:44:01.198+0000] {dag.py:3036} INFO - Sync 1 DAGs
[2024-08-09T12:44:01.221+0000] {logging_mixin.py:188} INFO - [2024-08-09T12:44:01.221+0000] {dag.py:3823} INFO - Setting next_dagrun for crypto_pipeline to 2024-08-09 12:40:00+00:00, run_after=2024-08-09 12:45:00+00:00
[2024-08-09T12:44:01.241+0000] {processor.py:183} INFO - Processing /opt/airflow/dags/crypto_pipeline_dag.py took 0.358 seconds
[2024-08-09T12:44:31.421+0000] {processor.py:161} INFO - Started process (PID=38696) to work on /opt/airflow/dags/crypto_pipeline_dag.py
[2024-08-09T12:44:31.422+0000] {processor.py:830} INFO - Processing file /opt/airflow/dags/crypto_pipeline_dag.py for tasks to queue
[2024-08-09T12:44:31.423+0000] {logging_mixin.py:188} INFO - [2024-08-09T12:44:31.423+0000] {dagbag.py:538} INFO - Filling up the DagBag from /opt/airflow/dags/crypto_pipeline_dag.py
[2024-08-09T12:44:31.657+0000] {processor.py:840} INFO - DAG(s) 'crypto_pipeline' retrieved from /opt/airflow/dags/crypto_pipeline_dag.py
[2024-08-09T12:44:31.672+0000] {logging_mixin.py:188} INFO - [2024-08-09T12:44:31.672+0000] {dag.py:3036} INFO - Sync 1 DAGs
[2024-08-09T12:44:31.690+0000] {logging_mixin.py:188} INFO - [2024-08-09T12:44:31.690+0000] {dag.py:3823} INFO - Setting next_dagrun for crypto_pipeline to 2024-08-09 12:40:00+00:00, run_after=2024-08-09 12:45:00+00:00
[2024-08-09T12:44:31.709+0000] {processor.py:183} INFO - Processing /opt/airflow/dags/crypto_pipeline_dag.py took 0.290 seconds
[2024-08-09T12:45:01.861+0000] {processor.py:161} INFO - Started process (PID=38753) to work on /opt/airflow/dags/crypto_pipeline_dag.py
[2024-08-09T12:45:01.863+0000] {processor.py:830} INFO - Processing file /opt/airflow/dags/crypto_pipeline_dag.py for tasks to queue
[2024-08-09T12:45:01.864+0000] {logging_mixin.py:188} INFO - [2024-08-09T12:45:01.864+0000] {dagbag.py:538} INFO - Filling up the DagBag from /opt/airflow/dags/crypto_pipeline_dag.py
[2024-08-09T12:45:02.093+0000] {processor.py:840} INFO - DAG(s) 'crypto_pipeline' retrieved from /opt/airflow/dags/crypto_pipeline_dag.py
[2024-08-09T12:45:02.110+0000] {logging_mixin.py:188} INFO - [2024-08-09T12:45:02.110+0000] {dag.py:3036} INFO - Sync 1 DAGs
[2024-08-09T12:45:02.129+0000] {logging_mixin.py:188} INFO - [2024-08-09T12:45:02.129+0000] {dag.py:3823} INFO - Setting next_dagrun for crypto_pipeline to 2024-08-09 12:45:00+00:00, run_after=2024-08-09 12:50:00+00:00
[2024-08-09T12:45:02.147+0000] {processor.py:183} INFO - Processing /opt/airflow/dags/crypto_pipeline_dag.py took 0.289 seconds
[2024-08-09T12:45:32.211+0000] {processor.py:161} INFO - Started process (PID=38810) to work on /opt/airflow/dags/crypto_pipeline_dag.py
[2024-08-09T12:45:32.212+0000] {processor.py:830} INFO - Processing file /opt/airflow/dags/crypto_pipeline_dag.py for tasks to queue
[2024-08-09T12:45:32.213+0000] {logging_mixin.py:188} INFO - [2024-08-09T12:45:32.212+0000] {dagbag.py:538} INFO - Filling up the DagBag from /opt/airflow/dags/crypto_pipeline_dag.py
[2024-08-09T12:45:32.436+0000] {processor.py:840} INFO - DAG(s) 'crypto_pipeline' retrieved from /opt/airflow/dags/crypto_pipeline_dag.py
[2024-08-09T12:45:32.451+0000] {logging_mixin.py:188} INFO - [2024-08-09T12:45:32.451+0000] {dag.py:3036} INFO - Sync 1 DAGs
[2024-08-09T12:45:33.301+0000] {logging_mixin.py:188} INFO - [2024-08-09T12:45:33.301+0000] {dag.py:3823} INFO - Setting next_dagrun for crypto_pipeline to 2024-08-09 12:45:00+00:00, run_after=2024-08-09 12:50:00+00:00
[2024-08-09T12:45:33.319+0000] {processor.py:183} INFO - Processing /opt/airflow/dags/crypto_pipeline_dag.py took 1.111 seconds
[2024-08-09T12:46:03.597+0000] {processor.py:161} INFO - Started process (PID=38867) to work on /opt/airflow/dags/crypto_pipeline_dag.py
[2024-08-09T12:46:03.599+0000] {processor.py:830} INFO - Processing file /opt/airflow/dags/crypto_pipeline_dag.py for tasks to queue
[2024-08-09T12:46:03.600+0000] {logging_mixin.py:188} INFO - [2024-08-09T12:46:03.600+0000] {dagbag.py:538} INFO - Filling up the DagBag from /opt/airflow/dags/crypto_pipeline_dag.py
[2024-08-09T12:46:03.877+0000] {processor.py:840} INFO - DAG(s) 'crypto_pipeline' retrieved from /opt/airflow/dags/crypto_pipeline_dag.py
[2024-08-09T12:46:03.897+0000] {logging_mixin.py:188} INFO - [2024-08-09T12:46:03.897+0000] {dag.py:3036} INFO - Sync 1 DAGs
[2024-08-09T12:46:03.926+0000] {logging_mixin.py:188} INFO - [2024-08-09T12:46:03.926+0000] {dag.py:3823} INFO - Setting next_dagrun for crypto_pipeline to 2024-08-09 12:45:00+00:00, run_after=2024-08-09 12:50:00+00:00
[2024-08-09T12:46:04.121+0000] {processor.py:183} INFO - Processing /opt/airflow/dags/crypto_pipeline_dag.py took 0.527 seconds
[2024-08-09T12:46:34.448+0000] {processor.py:161} INFO - Started process (PID=38924) to work on /opt/airflow/dags/crypto_pipeline_dag.py
[2024-08-09T12:46:34.460+0000] {processor.py:830} INFO - Processing file /opt/airflow/dags/crypto_pipeline_dag.py for tasks to queue
[2024-08-09T12:46:34.475+0000] {logging_mixin.py:188} INFO - [2024-08-09T12:46:34.474+0000] {dagbag.py:538} INFO - Filling up the DagBag from /opt/airflow/dags/crypto_pipeline_dag.py
[2024-08-09T12:46:35.273+0000] {processor.py:840} INFO - DAG(s) 'crypto_pipeline' retrieved from /opt/airflow/dags/crypto_pipeline_dag.py
[2024-08-09T12:46:35.294+0000] {logging_mixin.py:188} INFO - [2024-08-09T12:46:35.293+0000] {dag.py:3036} INFO - Sync 1 DAGs
[2024-08-09T12:46:35.325+0000] {logging_mixin.py:188} INFO - [2024-08-09T12:46:35.324+0000] {dag.py:3823} INFO - Setting next_dagrun for crypto_pipeline to 2024-08-09 12:45:00+00:00, run_after=2024-08-09 12:50:00+00:00
[2024-08-09T12:46:35.350+0000] {processor.py:183} INFO - Processing /opt/airflow/dags/crypto_pipeline_dag.py took 0.907 seconds
[2024-08-09T12:47:05.854+0000] {processor.py:161} INFO - Started process (PID=38981) to work on /opt/airflow/dags/crypto_pipeline_dag.py
[2024-08-09T12:47:05.855+0000] {processor.py:830} INFO - Processing file /opt/airflow/dags/crypto_pipeline_dag.py for tasks to queue
[2024-08-09T12:47:05.856+0000] {logging_mixin.py:188} INFO - [2024-08-09T12:47:05.856+0000] {dagbag.py:538} INFO - Filling up the DagBag from /opt/airflow/dags/crypto_pipeline_dag.py
[2024-08-09T12:47:06.122+0000] {processor.py:840} INFO - DAG(s) 'crypto_pipeline' retrieved from /opt/airflow/dags/crypto_pipeline_dag.py
[2024-08-09T12:47:06.141+0000] {logging_mixin.py:188} INFO - [2024-08-09T12:47:06.140+0000] {dag.py:3036} INFO - Sync 1 DAGs
[2024-08-09T12:47:06.164+0000] {logging_mixin.py:188} INFO - [2024-08-09T12:47:06.164+0000] {dag.py:3823} INFO - Setting next_dagrun for crypto_pipeline to 2024-08-09 12:45:00+00:00, run_after=2024-08-09 12:50:00+00:00
[2024-08-09T12:47:06.186+0000] {processor.py:183} INFO - Processing /opt/airflow/dags/crypto_pipeline_dag.py took 0.335 seconds
[2024-08-09T12:47:36.224+0000] {processor.py:161} INFO - Started process (PID=39038) to work on /opt/airflow/dags/crypto_pipeline_dag.py
[2024-08-09T12:47:36.225+0000] {processor.py:830} INFO - Processing file /opt/airflow/dags/crypto_pipeline_dag.py for tasks to queue
[2024-08-09T12:47:36.226+0000] {logging_mixin.py:188} INFO - [2024-08-09T12:47:36.226+0000] {dagbag.py:538} INFO - Filling up the DagBag from /opt/airflow/dags/crypto_pipeline_dag.py
[2024-08-09T12:47:36.496+0000] {processor.py:840} INFO - DAG(s) 'crypto_pipeline' retrieved from /opt/airflow/dags/crypto_pipeline_dag.py
[2024-08-09T12:47:36.522+0000] {logging_mixin.py:188} INFO - [2024-08-09T12:47:36.521+0000] {dag.py:3036} INFO - Sync 1 DAGs
[2024-08-09T12:47:36.544+0000] {logging_mixin.py:188} INFO - [2024-08-09T12:47:36.544+0000] {dag.py:3823} INFO - Setting next_dagrun for crypto_pipeline to 2024-08-09 12:45:00+00:00, run_after=2024-08-09 12:50:00+00:00
[2024-08-09T12:47:36.595+0000] {processor.py:183} INFO - Processing /opt/airflow/dags/crypto_pipeline_dag.py took 0.374 seconds
[2024-08-09T12:48:06.715+0000] {processor.py:161} INFO - Started process (PID=39098) to work on /opt/airflow/dags/crypto_pipeline_dag.py
[2024-08-09T12:48:06.716+0000] {processor.py:830} INFO - Processing file /opt/airflow/dags/crypto_pipeline_dag.py for tasks to queue
[2024-08-09T12:48:06.717+0000] {logging_mixin.py:188} INFO - [2024-08-09T12:48:06.717+0000] {dagbag.py:538} INFO - Filling up the DagBag from /opt/airflow/dags/crypto_pipeline_dag.py
[2024-08-09T12:48:06.963+0000] {processor.py:840} INFO - DAG(s) 'crypto_pipeline' retrieved from /opt/airflow/dags/crypto_pipeline_dag.py
[2024-08-09T12:48:07.146+0000] {logging_mixin.py:188} INFO - [2024-08-09T12:48:07.145+0000] {dag.py:3036} INFO - Sync 1 DAGs
[2024-08-09T12:48:07.162+0000] {logging_mixin.py:188} INFO - [2024-08-09T12:48:07.162+0000] {dag.py:3823} INFO - Setting next_dagrun for crypto_pipeline to 2024-08-09 12:45:00+00:00, run_after=2024-08-09 12:50:00+00:00
[2024-08-09T12:48:07.178+0000] {processor.py:183} INFO - Processing /opt/airflow/dags/crypto_pipeline_dag.py took 0.465 seconds
[2024-08-09T12:48:37.942+0000] {processor.py:161} INFO - Started process (PID=39155) to work on /opt/airflow/dags/crypto_pipeline_dag.py
[2024-08-09T12:48:37.943+0000] {processor.py:830} INFO - Processing file /opt/airflow/dags/crypto_pipeline_dag.py for tasks to queue
[2024-08-09T12:48:37.944+0000] {logging_mixin.py:188} INFO - [2024-08-09T12:48:37.944+0000] {dagbag.py:538} INFO - Filling up the DagBag from /opt/airflow/dags/crypto_pipeline_dag.py
[2024-08-09T12:48:38.177+0000] {processor.py:840} INFO - DAG(s) 'crypto_pipeline' retrieved from /opt/airflow/dags/crypto_pipeline_dag.py
[2024-08-09T12:48:38.191+0000] {logging_mixin.py:188} INFO - [2024-08-09T12:48:38.191+0000] {dag.py:3036} INFO - Sync 1 DAGs
[2024-08-09T12:48:38.319+0000] {logging_mixin.py:188} INFO - [2024-08-09T12:48:38.319+0000] {dag.py:3823} INFO - Setting next_dagrun for crypto_pipeline to 2024-08-09 12:45:00+00:00, run_after=2024-08-09 12:50:00+00:00
[2024-08-09T12:48:38.336+0000] {processor.py:183} INFO - Processing /opt/airflow/dags/crypto_pipeline_dag.py took 0.396 seconds
[2024-08-09T12:49:09.225+0000] {processor.py:161} INFO - Started process (PID=39212) to work on /opt/airflow/dags/crypto_pipeline_dag.py
[2024-08-09T12:49:09.226+0000] {processor.py:830} INFO - Processing file /opt/airflow/dags/crypto_pipeline_dag.py for tasks to queue
[2024-08-09T12:49:09.226+0000] {logging_mixin.py:188} INFO - [2024-08-09T12:49:09.226+0000] {dagbag.py:538} INFO - Filling up the DagBag from /opt/airflow/dags/crypto_pipeline_dag.py
[2024-08-09T12:49:09.450+0000] {processor.py:840} INFO - DAG(s) 'crypto_pipeline' retrieved from /opt/airflow/dags/crypto_pipeline_dag.py
[2024-08-09T12:49:09.464+0000] {logging_mixin.py:188} INFO - [2024-08-09T12:49:09.464+0000] {dag.py:3036} INFO - Sync 1 DAGs
[2024-08-09T12:49:09.593+0000] {logging_mixin.py:188} INFO - [2024-08-09T12:49:09.593+0000] {dag.py:3823} INFO - Setting next_dagrun for crypto_pipeline to 2024-08-09 12:45:00+00:00, run_after=2024-08-09 12:50:00+00:00
[2024-08-09T12:49:09.610+0000] {processor.py:183} INFO - Processing /opt/airflow/dags/crypto_pipeline_dag.py took 0.388 seconds
[2024-08-09T12:49:40.419+0000] {processor.py:161} INFO - Started process (PID=39269) to work on /opt/airflow/dags/crypto_pipeline_dag.py
[2024-08-09T12:49:40.420+0000] {processor.py:830} INFO - Processing file /opt/airflow/dags/crypto_pipeline_dag.py for tasks to queue
[2024-08-09T12:49:40.421+0000] {logging_mixin.py:188} INFO - [2024-08-09T12:49:40.421+0000] {dagbag.py:538} INFO - Filling up the DagBag from /opt/airflow/dags/crypto_pipeline_dag.py
[2024-08-09T12:49:40.753+0000] {processor.py:840} INFO - DAG(s) 'crypto_pipeline' retrieved from /opt/airflow/dags/crypto_pipeline_dag.py
[2024-08-09T12:49:40.767+0000] {logging_mixin.py:188} INFO - [2024-08-09T12:49:40.766+0000] {dag.py:3036} INFO - Sync 1 DAGs
[2024-08-09T12:49:40.782+0000] {logging_mixin.py:188} INFO - [2024-08-09T12:49:40.782+0000] {dag.py:3823} INFO - Setting next_dagrun for crypto_pipeline to 2024-08-09 12:45:00+00:00, run_after=2024-08-09 12:50:00+00:00
[2024-08-09T12:49:40.800+0000] {processor.py:183} INFO - Processing /opt/airflow/dags/crypto_pipeline_dag.py took 0.383 seconds
[2024-08-09T12:50:10.945+0000] {processor.py:161} INFO - Started process (PID=39326) to work on /opt/airflow/dags/crypto_pipeline_dag.py
[2024-08-09T12:50:10.946+0000] {processor.py:830} INFO - Processing file /opt/airflow/dags/crypto_pipeline_dag.py for tasks to queue
[2024-08-09T12:50:10.947+0000] {logging_mixin.py:188} INFO - [2024-08-09T12:50:10.947+0000] {dagbag.py:538} INFO - Filling up the DagBag from /opt/airflow/dags/crypto_pipeline_dag.py
[2024-08-09T12:50:11.317+0000] {processor.py:840} INFO - DAG(s) 'crypto_pipeline' retrieved from /opt/airflow/dags/crypto_pipeline_dag.py
[2024-08-09T12:50:11.331+0000] {logging_mixin.py:188} INFO - [2024-08-09T12:50:11.331+0000] {dag.py:3036} INFO - Sync 1 DAGs
[2024-08-09T12:50:11.348+0000] {logging_mixin.py:188} INFO - [2024-08-09T12:50:11.347+0000] {dag.py:3823} INFO - Setting next_dagrun for crypto_pipeline to 2024-08-09 12:50:00+00:00, run_after=2024-08-09 12:55:00+00:00
[2024-08-09T12:50:11.364+0000] {processor.py:183} INFO - Processing /opt/airflow/dags/crypto_pipeline_dag.py took 0.421 seconds
[2024-08-09T12:50:41.508+0000] {processor.py:161} INFO - Started process (PID=39383) to work on /opt/airflow/dags/crypto_pipeline_dag.py
[2024-08-09T12:50:41.509+0000] {processor.py:830} INFO - Processing file /opt/airflow/dags/crypto_pipeline_dag.py for tasks to queue
[2024-08-09T12:50:41.510+0000] {logging_mixin.py:188} INFO - [2024-08-09T12:50:41.510+0000] {dagbag.py:538} INFO - Filling up the DagBag from /opt/airflow/dags/crypto_pipeline_dag.py
[2024-08-09T12:50:41.921+0000] {processor.py:840} INFO - DAG(s) 'crypto_pipeline' retrieved from /opt/airflow/dags/crypto_pipeline_dag.py
[2024-08-09T12:50:41.944+0000] {logging_mixin.py:188} INFO - [2024-08-09T12:50:41.944+0000] {dag.py:3036} INFO - Sync 1 DAGs
[2024-08-09T12:50:41.966+0000] {logging_mixin.py:188} INFO - [2024-08-09T12:50:41.965+0000] {dag.py:3823} INFO - Setting next_dagrun for crypto_pipeline to 2024-08-09 12:50:00+00:00, run_after=2024-08-09 12:55:00+00:00
[2024-08-09T12:50:41.987+0000] {processor.py:183} INFO - Processing /opt/airflow/dags/crypto_pipeline_dag.py took 0.483 seconds
[2024-08-09T12:51:12.056+0000] {processor.py:161} INFO - Started process (PID=39440) to work on /opt/airflow/dags/crypto_pipeline_dag.py
[2024-08-09T12:51:12.058+0000] {processor.py:830} INFO - Processing file /opt/airflow/dags/crypto_pipeline_dag.py for tasks to queue
[2024-08-09T12:51:12.059+0000] {logging_mixin.py:188} INFO - [2024-08-09T12:51:12.059+0000] {dagbag.py:538} INFO - Filling up the DagBag from /opt/airflow/dags/crypto_pipeline_dag.py
[2024-08-09T12:51:12.440+0000] {processor.py:840} INFO - DAG(s) 'crypto_pipeline' retrieved from /opt/airflow/dags/crypto_pipeline_dag.py
[2024-08-09T12:51:12.455+0000] {logging_mixin.py:188} INFO - [2024-08-09T12:51:12.454+0000] {dag.py:3036} INFO - Sync 1 DAGs
[2024-08-09T12:51:12.476+0000] {logging_mixin.py:188} INFO - [2024-08-09T12:51:12.476+0000] {dag.py:3823} INFO - Setting next_dagrun for crypto_pipeline to 2024-08-09 12:50:00+00:00, run_after=2024-08-09 12:55:00+00:00
[2024-08-09T12:51:12.494+0000] {processor.py:183} INFO - Processing /opt/airflow/dags/crypto_pipeline_dag.py took 0.440 seconds
[2024-08-09T12:51:42.544+0000] {processor.py:161} INFO - Started process (PID=39497) to work on /opt/airflow/dags/crypto_pipeline_dag.py
[2024-08-09T12:51:42.545+0000] {processor.py:830} INFO - Processing file /opt/airflow/dags/crypto_pipeline_dag.py for tasks to queue
[2024-08-09T12:51:42.546+0000] {logging_mixin.py:188} INFO - [2024-08-09T12:51:42.546+0000] {dagbag.py:538} INFO - Filling up the DagBag from /opt/airflow/dags/crypto_pipeline_dag.py
[2024-08-09T12:51:42.961+0000] {processor.py:840} INFO - DAG(s) 'crypto_pipeline' retrieved from /opt/airflow/dags/crypto_pipeline_dag.py
[2024-08-09T12:51:42.975+0000] {logging_mixin.py:188} INFO - [2024-08-09T12:51:42.975+0000] {dag.py:3036} INFO - Sync 1 DAGs
[2024-08-09T12:51:42.992+0000] {logging_mixin.py:188} INFO - [2024-08-09T12:51:42.992+0000] {dag.py:3823} INFO - Setting next_dagrun for crypto_pipeline to 2024-08-09 12:50:00+00:00, run_after=2024-08-09 12:55:00+00:00
[2024-08-09T12:51:43.009+0000] {processor.py:183} INFO - Processing /opt/airflow/dags/crypto_pipeline_dag.py took 0.468 seconds
[2024-08-09T12:52:13.298+0000] {processor.py:161} INFO - Started process (PID=39554) to work on /opt/airflow/dags/crypto_pipeline_dag.py
[2024-08-09T12:52:13.300+0000] {processor.py:830} INFO - Processing file /opt/airflow/dags/crypto_pipeline_dag.py for tasks to queue
[2024-08-09T12:52:13.301+0000] {logging_mixin.py:188} INFO - [2024-08-09T12:52:13.301+0000] {dagbag.py:538} INFO - Filling up the DagBag from /opt/airflow/dags/crypto_pipeline_dag.py
[2024-08-09T12:52:13.738+0000] {processor.py:840} INFO - DAG(s) 'crypto_pipeline' retrieved from /opt/airflow/dags/crypto_pipeline_dag.py
[2024-08-09T12:52:13.755+0000] {logging_mixin.py:188} INFO - [2024-08-09T12:52:13.755+0000] {dag.py:3036} INFO - Sync 1 DAGs
[2024-08-09T12:52:13.779+0000] {logging_mixin.py:188} INFO - [2024-08-09T12:52:13.778+0000] {dag.py:3823} INFO - Setting next_dagrun for crypto_pipeline to 2024-08-09 12:50:00+00:00, run_after=2024-08-09 12:55:00+00:00
[2024-08-09T12:52:13.800+0000] {processor.py:183} INFO - Processing /opt/airflow/dags/crypto_pipeline_dag.py took 0.505 seconds
[2024-08-09T12:52:43.914+0000] {processor.py:161} INFO - Started process (PID=39611) to work on /opt/airflow/dags/crypto_pipeline_dag.py
[2024-08-09T12:52:43.915+0000] {processor.py:830} INFO - Processing file /opt/airflow/dags/crypto_pipeline_dag.py for tasks to queue
[2024-08-09T12:52:43.917+0000] {logging_mixin.py:188} INFO - [2024-08-09T12:52:43.916+0000] {dagbag.py:538} INFO - Filling up the DagBag from /opt/airflow/dags/crypto_pipeline_dag.py
[2024-08-09T12:52:44.353+0000] {processor.py:840} INFO - DAG(s) 'crypto_pipeline' retrieved from /opt/airflow/dags/crypto_pipeline_dag.py
[2024-08-09T12:52:44.373+0000] {logging_mixin.py:188} INFO - [2024-08-09T12:52:44.373+0000] {dag.py:3036} INFO - Sync 1 DAGs
[2024-08-09T12:52:44.397+0000] {logging_mixin.py:188} INFO - [2024-08-09T12:52:44.397+0000] {dag.py:3823} INFO - Setting next_dagrun for crypto_pipeline to 2024-08-09 12:50:00+00:00, run_after=2024-08-09 12:55:00+00:00
[2024-08-09T12:52:44.418+0000] {processor.py:183} INFO - Processing /opt/airflow/dags/crypto_pipeline_dag.py took 0.507 seconds
[2024-08-09T12:53:14.651+0000] {processor.py:161} INFO - Started process (PID=39668) to work on /opt/airflow/dags/crypto_pipeline_dag.py
[2024-08-09T12:53:14.652+0000] {processor.py:830} INFO - Processing file /opt/airflow/dags/crypto_pipeline_dag.py for tasks to queue
[2024-08-09T12:53:14.653+0000] {logging_mixin.py:188} INFO - [2024-08-09T12:53:14.652+0000] {dagbag.py:538} INFO - Filling up the DagBag from /opt/airflow/dags/crypto_pipeline_dag.py
[2024-08-09T12:53:14.990+0000] {processor.py:840} INFO - DAG(s) 'crypto_pipeline' retrieved from /opt/airflow/dags/crypto_pipeline_dag.py
[2024-08-09T12:53:15.003+0000] {logging_mixin.py:188} INFO - [2024-08-09T12:53:15.003+0000] {dag.py:3036} INFO - Sync 1 DAGs
[2024-08-09T12:53:15.020+0000] {logging_mixin.py:188} INFO - [2024-08-09T12:53:15.020+0000] {dag.py:3823} INFO - Setting next_dagrun for crypto_pipeline to 2024-08-09 12:50:00+00:00, run_after=2024-08-09 12:55:00+00:00
[2024-08-09T12:53:15.035+0000] {processor.py:183} INFO - Processing /opt/airflow/dags/crypto_pipeline_dag.py took 0.387 seconds
[2024-08-09T12:53:45.261+0000] {processor.py:161} INFO - Started process (PID=39725) to work on /opt/airflow/dags/crypto_pipeline_dag.py
[2024-08-09T12:53:45.262+0000] {processor.py:830} INFO - Processing file /opt/airflow/dags/crypto_pipeline_dag.py for tasks to queue
[2024-08-09T12:53:45.263+0000] {logging_mixin.py:188} INFO - [2024-08-09T12:53:45.263+0000] {dagbag.py:538} INFO - Filling up the DagBag from /opt/airflow/dags/crypto_pipeline_dag.py
[2024-08-09T12:53:45.600+0000] {processor.py:840} INFO - DAG(s) 'crypto_pipeline' retrieved from /opt/airflow/dags/crypto_pipeline_dag.py
[2024-08-09T12:53:45.614+0000] {logging_mixin.py:188} INFO - [2024-08-09T12:53:45.613+0000] {dag.py:3036} INFO - Sync 1 DAGs
[2024-08-09T12:53:45.629+0000] {logging_mixin.py:188} INFO - [2024-08-09T12:53:45.629+0000] {dag.py:3823} INFO - Setting next_dagrun for crypto_pipeline to 2024-08-09 12:50:00+00:00, run_after=2024-08-09 12:55:00+00:00
[2024-08-09T12:53:45.645+0000] {processor.py:183} INFO - Processing /opt/airflow/dags/crypto_pipeline_dag.py took 0.386 seconds
[2024-08-09T12:54:15.909+0000] {processor.py:161} INFO - Started process (PID=39782) to work on /opt/airflow/dags/crypto_pipeline_dag.py
[2024-08-09T12:54:15.910+0000] {processor.py:830} INFO - Processing file /opt/airflow/dags/crypto_pipeline_dag.py for tasks to queue
[2024-08-09T12:54:15.911+0000] {logging_mixin.py:188} INFO - [2024-08-09T12:54:15.911+0000] {dagbag.py:538} INFO - Filling up the DagBag from /opt/airflow/dags/crypto_pipeline_dag.py
[2024-08-09T12:54:16.260+0000] {processor.py:840} INFO - DAG(s) 'crypto_pipeline' retrieved from /opt/airflow/dags/crypto_pipeline_dag.py
[2024-08-09T12:54:16.273+0000] {logging_mixin.py:188} INFO - [2024-08-09T12:54:16.273+0000] {dag.py:3036} INFO - Sync 1 DAGs
[2024-08-09T12:54:16.290+0000] {logging_mixin.py:188} INFO - [2024-08-09T12:54:16.290+0000] {dag.py:3823} INFO - Setting next_dagrun for crypto_pipeline to 2024-08-09 12:50:00+00:00, run_after=2024-08-09 12:55:00+00:00
[2024-08-09T12:54:16.308+0000] {processor.py:183} INFO - Processing /opt/airflow/dags/crypto_pipeline_dag.py took 0.401 seconds
[2024-08-09T12:54:46.467+0000] {processor.py:161} INFO - Started process (PID=39839) to work on /opt/airflow/dags/crypto_pipeline_dag.py
[2024-08-09T12:54:46.468+0000] {processor.py:830} INFO - Processing file /opt/airflow/dags/crypto_pipeline_dag.py for tasks to queue
[2024-08-09T12:54:46.469+0000] {logging_mixin.py:188} INFO - [2024-08-09T12:54:46.468+0000] {dagbag.py:538} INFO - Filling up the DagBag from /opt/airflow/dags/crypto_pipeline_dag.py
[2024-08-09T12:54:46.808+0000] {processor.py:840} INFO - DAG(s) 'crypto_pipeline' retrieved from /opt/airflow/dags/crypto_pipeline_dag.py
[2024-08-09T12:54:46.821+0000] {logging_mixin.py:188} INFO - [2024-08-09T12:54:46.820+0000] {dag.py:3036} INFO - Sync 1 DAGs
[2024-08-09T12:54:46.836+0000] {logging_mixin.py:188} INFO - [2024-08-09T12:54:46.836+0000] {dag.py:3823} INFO - Setting next_dagrun for crypto_pipeline to 2024-08-09 12:50:00+00:00, run_after=2024-08-09 12:55:00+00:00
[2024-08-09T12:54:46.851+0000] {processor.py:183} INFO - Processing /opt/airflow/dags/crypto_pipeline_dag.py took 0.387 seconds
[2024-08-09T12:55:16.989+0000] {processor.py:161} INFO - Started process (PID=39896) to work on /opt/airflow/dags/crypto_pipeline_dag.py
[2024-08-09T12:55:16.991+0000] {processor.py:830} INFO - Processing file /opt/airflow/dags/crypto_pipeline_dag.py for tasks to queue
[2024-08-09T12:55:16.992+0000] {logging_mixin.py:188} INFO - [2024-08-09T12:55:16.992+0000] {dagbag.py:538} INFO - Filling up the DagBag from /opt/airflow/dags/crypto_pipeline_dag.py
[2024-08-09T12:55:17.340+0000] {processor.py:840} INFO - DAG(s) 'crypto_pipeline' retrieved from /opt/airflow/dags/crypto_pipeline_dag.py
[2024-08-09T12:55:17.353+0000] {logging_mixin.py:188} INFO - [2024-08-09T12:55:17.353+0000] {dag.py:3036} INFO - Sync 1 DAGs
[2024-08-09T12:55:17.369+0000] {logging_mixin.py:188} INFO - [2024-08-09T12:55:17.369+0000] {dag.py:3823} INFO - Setting next_dagrun for crypto_pipeline to 2024-08-09 12:55:00+00:00, run_after=2024-08-09 13:00:00+00:00
[2024-08-09T12:55:17.385+0000] {processor.py:183} INFO - Processing /opt/airflow/dags/crypto_pipeline_dag.py took 0.399 seconds
[2024-08-09T12:55:47.633+0000] {processor.py:161} INFO - Started process (PID=39959) to work on /opt/airflow/dags/crypto_pipeline_dag.py
[2024-08-09T12:55:47.634+0000] {processor.py:830} INFO - Processing file /opt/airflow/dags/crypto_pipeline_dag.py for tasks to queue
[2024-08-09T12:55:47.635+0000] {logging_mixin.py:188} INFO - [2024-08-09T12:55:47.635+0000] {dagbag.py:538} INFO - Filling up the DagBag from /opt/airflow/dags/crypto_pipeline_dag.py
[2024-08-09T12:55:47.984+0000] {processor.py:840} INFO - DAG(s) 'crypto_pipeline' retrieved from /opt/airflow/dags/crypto_pipeline_dag.py
[2024-08-09T12:55:47.996+0000] {logging_mixin.py:188} INFO - [2024-08-09T12:55:47.996+0000] {dag.py:3036} INFO - Sync 1 DAGs
[2024-08-09T12:55:48.011+0000] {logging_mixin.py:188} INFO - [2024-08-09T12:55:48.011+0000] {dag.py:3823} INFO - Setting next_dagrun for crypto_pipeline to 2024-08-09 12:55:00+00:00, run_after=2024-08-09 13:00:00+00:00
[2024-08-09T12:55:48.025+0000] {processor.py:183} INFO - Processing /opt/airflow/dags/crypto_pipeline_dag.py took 0.395 seconds
[2024-08-09T12:56:18.281+0000] {processor.py:161} INFO - Started process (PID=40016) to work on /opt/airflow/dags/crypto_pipeline_dag.py
[2024-08-09T12:56:18.282+0000] {processor.py:830} INFO - Processing file /opt/airflow/dags/crypto_pipeline_dag.py for tasks to queue
[2024-08-09T12:56:18.283+0000] {logging_mixin.py:188} INFO - [2024-08-09T12:56:18.283+0000] {dagbag.py:538} INFO - Filling up the DagBag from /opt/airflow/dags/crypto_pipeline_dag.py
[2024-08-09T12:56:18.661+0000] {processor.py:840} INFO - DAG(s) 'crypto_pipeline' retrieved from /opt/airflow/dags/crypto_pipeline_dag.py
[2024-08-09T12:56:18.677+0000] {logging_mixin.py:188} INFO - [2024-08-09T12:56:18.676+0000] {dag.py:3036} INFO - Sync 1 DAGs
[2024-08-09T12:56:18.693+0000] {logging_mixin.py:188} INFO - [2024-08-09T12:56:18.693+0000] {dag.py:3823} INFO - Setting next_dagrun for crypto_pipeline to 2024-08-09 12:55:00+00:00, run_after=2024-08-09 13:00:00+00:00
[2024-08-09T12:56:18.709+0000] {processor.py:183} INFO - Processing /opt/airflow/dags/crypto_pipeline_dag.py took 0.431 seconds
[2024-08-09T12:56:48.801+0000] {processor.py:161} INFO - Started process (PID=40073) to work on /opt/airflow/dags/crypto_pipeline_dag.py
[2024-08-09T12:56:48.802+0000] {processor.py:830} INFO - Processing file /opt/airflow/dags/crypto_pipeline_dag.py for tasks to queue
[2024-08-09T12:56:48.803+0000] {logging_mixin.py:188} INFO - [2024-08-09T12:56:48.803+0000] {dagbag.py:538} INFO - Filling up the DagBag from /opt/airflow/dags/crypto_pipeline_dag.py
[2024-08-09T12:56:49.153+0000] {processor.py:840} INFO - DAG(s) 'crypto_pipeline' retrieved from /opt/airflow/dags/crypto_pipeline_dag.py
[2024-08-09T12:56:49.169+0000] {logging_mixin.py:188} INFO - [2024-08-09T12:56:49.168+0000] {dag.py:3036} INFO - Sync 1 DAGs
[2024-08-09T12:56:49.187+0000] {logging_mixin.py:188} INFO - [2024-08-09T12:56:49.187+0000] {dag.py:3823} INFO - Setting next_dagrun for crypto_pipeline to 2024-08-09 12:55:00+00:00, run_after=2024-08-09 13:00:00+00:00
[2024-08-09T12:56:49.204+0000] {processor.py:183} INFO - Processing /opt/airflow/dags/crypto_pipeline_dag.py took 0.405 seconds
[2024-08-09T12:57:19.558+0000] {processor.py:161} INFO - Started process (PID=40130) to work on /opt/airflow/dags/crypto_pipeline_dag.py
[2024-08-09T12:57:19.559+0000] {processor.py:830} INFO - Processing file /opt/airflow/dags/crypto_pipeline_dag.py for tasks to queue
[2024-08-09T12:57:19.560+0000] {logging_mixin.py:188} INFO - [2024-08-09T12:57:19.560+0000] {dagbag.py:538} INFO - Filling up the DagBag from /opt/airflow/dags/crypto_pipeline_dag.py
[2024-08-09T12:57:19.918+0000] {processor.py:840} INFO - DAG(s) 'crypto_pipeline' retrieved from /opt/airflow/dags/crypto_pipeline_dag.py
[2024-08-09T12:57:19.931+0000] {logging_mixin.py:188} INFO - [2024-08-09T12:57:19.931+0000] {dag.py:3036} INFO - Sync 1 DAGs
[2024-08-09T12:57:19.950+0000] {logging_mixin.py:188} INFO - [2024-08-09T12:57:19.949+0000] {dag.py:3823} INFO - Setting next_dagrun for crypto_pipeline to 2024-08-09 12:55:00+00:00, run_after=2024-08-09 13:00:00+00:00
[2024-08-09T12:57:19.967+0000] {processor.py:183} INFO - Processing /opt/airflow/dags/crypto_pipeline_dag.py took 0.411 seconds
[2024-08-09T12:57:50.184+0000] {processor.py:161} INFO - Started process (PID=40187) to work on /opt/airflow/dags/crypto_pipeline_dag.py
[2024-08-09T12:57:50.185+0000] {processor.py:830} INFO - Processing file /opt/airflow/dags/crypto_pipeline_dag.py for tasks to queue
[2024-08-09T12:57:50.186+0000] {logging_mixin.py:188} INFO - [2024-08-09T12:57:50.186+0000] {dagbag.py:538} INFO - Filling up the DagBag from /opt/airflow/dags/crypto_pipeline_dag.py
[2024-08-09T12:57:50.577+0000] {processor.py:840} INFO - DAG(s) 'crypto_pipeline' retrieved from /opt/airflow/dags/crypto_pipeline_dag.py
[2024-08-09T12:57:50.591+0000] {logging_mixin.py:188} INFO - [2024-08-09T12:57:50.590+0000] {dag.py:3036} INFO - Sync 1 DAGs
[2024-08-09T12:57:50.609+0000] {logging_mixin.py:188} INFO - [2024-08-09T12:57:50.609+0000] {dag.py:3823} INFO - Setting next_dagrun for crypto_pipeline to 2024-08-09 12:55:00+00:00, run_after=2024-08-09 13:00:00+00:00
[2024-08-09T12:57:50.625+0000] {processor.py:183} INFO - Processing /opt/airflow/dags/crypto_pipeline_dag.py took 0.444 seconds
[2024-08-09T12:58:20.704+0000] {processor.py:161} INFO - Started process (PID=40244) to work on /opt/airflow/dags/crypto_pipeline_dag.py
[2024-08-09T12:58:20.705+0000] {processor.py:830} INFO - Processing file /opt/airflow/dags/crypto_pipeline_dag.py for tasks to queue
[2024-08-09T12:58:20.706+0000] {logging_mixin.py:188} INFO - [2024-08-09T12:58:20.706+0000] {dagbag.py:538} INFO - Filling up the DagBag from /opt/airflow/dags/crypto_pipeline_dag.py
[2024-08-09T12:58:21.055+0000] {processor.py:840} INFO - DAG(s) 'crypto_pipeline' retrieved from /opt/airflow/dags/crypto_pipeline_dag.py
[2024-08-09T12:58:21.068+0000] {logging_mixin.py:188} INFO - [2024-08-09T12:58:21.068+0000] {dag.py:3036} INFO - Sync 1 DAGs
[2024-08-09T12:58:21.084+0000] {logging_mixin.py:188} INFO - [2024-08-09T12:58:21.084+0000] {dag.py:3823} INFO - Setting next_dagrun for crypto_pipeline to 2024-08-09 12:55:00+00:00, run_after=2024-08-09 13:00:00+00:00
[2024-08-09T12:58:21.102+0000] {processor.py:183} INFO - Processing /opt/airflow/dags/crypto_pipeline_dag.py took 0.401 seconds
[2024-08-09T12:58:51.518+0000] {processor.py:161} INFO - Started process (PID=40301) to work on /opt/airflow/dags/crypto_pipeline_dag.py
[2024-08-09T12:58:51.519+0000] {processor.py:830} INFO - Processing file /opt/airflow/dags/crypto_pipeline_dag.py for tasks to queue
[2024-08-09T12:58:51.521+0000] {logging_mixin.py:188} INFO - [2024-08-09T12:58:51.521+0000] {dagbag.py:538} INFO - Filling up the DagBag from /opt/airflow/dags/crypto_pipeline_dag.py
[2024-08-09T12:58:51.974+0000] {processor.py:840} INFO - DAG(s) 'crypto_pipeline' retrieved from /opt/airflow/dags/crypto_pipeline_dag.py
[2024-08-09T12:58:51.991+0000] {logging_mixin.py:188} INFO - [2024-08-09T12:58:51.990+0000] {dag.py:3036} INFO - Sync 1 DAGs
[2024-08-09T12:58:52.012+0000] {logging_mixin.py:188} INFO - [2024-08-09T12:58:52.012+0000] {dag.py:3823} INFO - Setting next_dagrun for crypto_pipeline to 2024-08-09 12:55:00+00:00, run_after=2024-08-09 13:00:00+00:00
[2024-08-09T12:58:52.035+0000] {processor.py:183} INFO - Processing /opt/airflow/dags/crypto_pipeline_dag.py took 0.522 seconds
[2024-08-09T12:59:22.168+0000] {processor.py:161} INFO - Started process (PID=40359) to work on /opt/airflow/dags/crypto_pipeline_dag.py
[2024-08-09T12:59:22.169+0000] {processor.py:830} INFO - Processing file /opt/airflow/dags/crypto_pipeline_dag.py for tasks to queue
[2024-08-09T12:59:22.170+0000] {logging_mixin.py:188} INFO - [2024-08-09T12:59:22.170+0000] {dagbag.py:538} INFO - Filling up the DagBag from /opt/airflow/dags/crypto_pipeline_dag.py
[2024-08-09T12:59:22.564+0000] {processor.py:840} INFO - DAG(s) 'crypto_pipeline' retrieved from /opt/airflow/dags/crypto_pipeline_dag.py
[2024-08-09T12:59:22.579+0000] {logging_mixin.py:188} INFO - [2024-08-09T12:59:22.578+0000] {dag.py:3036} INFO - Sync 1 DAGs
[2024-08-09T12:59:22.598+0000] {logging_mixin.py:188} INFO - [2024-08-09T12:59:22.598+0000] {dag.py:3823} INFO - Setting next_dagrun for crypto_pipeline to 2024-08-09 12:55:00+00:00, run_after=2024-08-09 13:00:00+00:00
[2024-08-09T12:59:22.616+0000] {processor.py:183} INFO - Processing /opt/airflow/dags/crypto_pipeline_dag.py took 0.451 seconds
[2024-08-09T12:59:53.212+0000] {processor.py:161} INFO - Started process (PID=40416) to work on /opt/airflow/dags/crypto_pipeline_dag.py
[2024-08-09T12:59:53.213+0000] {processor.py:830} INFO - Processing file /opt/airflow/dags/crypto_pipeline_dag.py for tasks to queue
[2024-08-09T12:59:53.214+0000] {logging_mixin.py:188} INFO - [2024-08-09T12:59:53.214+0000] {dagbag.py:538} INFO - Filling up the DagBag from /opt/airflow/dags/crypto_pipeline_dag.py
[2024-08-09T12:59:53.590+0000] {processor.py:840} INFO - DAG(s) 'crypto_pipeline' retrieved from /opt/airflow/dags/crypto_pipeline_dag.py
[2024-08-09T12:59:53.604+0000] {logging_mixin.py:188} INFO - [2024-08-09T12:59:53.603+0000] {dag.py:3036} INFO - Sync 1 DAGs
[2024-08-09T12:59:53.621+0000] {logging_mixin.py:188} INFO - [2024-08-09T12:59:53.621+0000] {dag.py:3823} INFO - Setting next_dagrun for crypto_pipeline to 2024-08-09 12:55:00+00:00, run_after=2024-08-09 13:00:00+00:00
[2024-08-09T12:59:53.638+0000] {processor.py:183} INFO - Processing /opt/airflow/dags/crypto_pipeline_dag.py took 0.429 seconds
[2024-08-09T13:00:24.533+0000] {processor.py:161} INFO - Started process (PID=40474) to work on /opt/airflow/dags/crypto_pipeline_dag.py
[2024-08-09T13:00:24.534+0000] {processor.py:830} INFO - Processing file /opt/airflow/dags/crypto_pipeline_dag.py for tasks to queue
[2024-08-09T13:00:24.535+0000] {logging_mixin.py:188} INFO - [2024-08-09T13:00:24.534+0000] {dagbag.py:538} INFO - Filling up the DagBag from /opt/airflow/dags/crypto_pipeline_dag.py
[2024-08-09T13:00:24.931+0000] {processor.py:840} INFO - DAG(s) 'crypto_pipeline' retrieved from /opt/airflow/dags/crypto_pipeline_dag.py
[2024-08-09T13:00:24.946+0000] {logging_mixin.py:188} INFO - [2024-08-09T13:00:24.945+0000] {dag.py:3036} INFO - Sync 1 DAGs
[2024-08-09T13:00:24.963+0000] {logging_mixin.py:188} INFO - [2024-08-09T13:00:24.963+0000] {dag.py:3823} INFO - Setting next_dagrun for crypto_pipeline to 2024-08-09 13:00:00+00:00, run_after=2024-08-09 13:05:00+00:00
[2024-08-09T13:00:24.980+0000] {processor.py:183} INFO - Processing /opt/airflow/dags/crypto_pipeline_dag.py took 0.451 seconds
[2024-08-09T13:00:55.858+0000] {processor.py:161} INFO - Started process (PID=40532) to work on /opt/airflow/dags/crypto_pipeline_dag.py
[2024-08-09T13:00:55.860+0000] {processor.py:830} INFO - Processing file /opt/airflow/dags/crypto_pipeline_dag.py for tasks to queue
[2024-08-09T13:00:55.861+0000] {logging_mixin.py:188} INFO - [2024-08-09T13:00:55.861+0000] {dagbag.py:538} INFO - Filling up the DagBag from /opt/airflow/dags/crypto_pipeline_dag.py
[2024-08-09T13:00:56.310+0000] {processor.py:840} INFO - DAG(s) 'crypto_pipeline' retrieved from /opt/airflow/dags/crypto_pipeline_dag.py
[2024-08-09T13:00:56.326+0000] {logging_mixin.py:188} INFO - [2024-08-09T13:00:56.326+0000] {dag.py:3036} INFO - Sync 1 DAGs
[2024-08-09T13:00:56.346+0000] {logging_mixin.py:188} INFO - [2024-08-09T13:00:56.346+0000] {dag.py:3823} INFO - Setting next_dagrun for crypto_pipeline to 2024-08-09 13:00:00+00:00, run_after=2024-08-09 13:05:00+00:00
[2024-08-09T13:00:56.363+0000] {processor.py:183} INFO - Processing /opt/airflow/dags/crypto_pipeline_dag.py took 0.508 seconds
[2024-08-09T13:01:27.054+0000] {processor.py:161} INFO - Started process (PID=40589) to work on /opt/airflow/dags/crypto_pipeline_dag.py
[2024-08-09T13:01:27.055+0000] {processor.py:830} INFO - Processing file /opt/airflow/dags/crypto_pipeline_dag.py for tasks to queue
[2024-08-09T13:01:27.057+0000] {logging_mixin.py:188} INFO - [2024-08-09T13:01:27.056+0000] {dagbag.py:538} INFO - Filling up the DagBag from /opt/airflow/dags/crypto_pipeline_dag.py
[2024-08-09T13:01:27.494+0000] {processor.py:840} INFO - DAG(s) 'crypto_pipeline' retrieved from /opt/airflow/dags/crypto_pipeline_dag.py
[2024-08-09T13:01:27.512+0000] {logging_mixin.py:188} INFO - [2024-08-09T13:01:27.512+0000] {dag.py:3036} INFO - Sync 1 DAGs
[2024-08-09T13:01:27.535+0000] {logging_mixin.py:188} INFO - [2024-08-09T13:01:27.535+0000] {dag.py:3823} INFO - Setting next_dagrun for crypto_pipeline to 2024-08-09 13:00:00+00:00, run_after=2024-08-09 13:05:00+00:00
[2024-08-09T13:01:27.553+0000] {processor.py:183} INFO - Processing /opt/airflow/dags/crypto_pipeline_dag.py took 0.502 seconds
[2024-08-09T13:01:58.463+0000] {processor.py:161} INFO - Started process (PID=40647) to work on /opt/airflow/dags/crypto_pipeline_dag.py
[2024-08-09T13:01:58.464+0000] {processor.py:830} INFO - Processing file /opt/airflow/dags/crypto_pipeline_dag.py for tasks to queue
[2024-08-09T13:01:58.465+0000] {logging_mixin.py:188} INFO - [2024-08-09T13:01:58.465+0000] {dagbag.py:538} INFO - Filling up the DagBag from /opt/airflow/dags/crypto_pipeline_dag.py
[2024-08-09T13:01:58.835+0000] {processor.py:840} INFO - DAG(s) 'crypto_pipeline' retrieved from /opt/airflow/dags/crypto_pipeline_dag.py
[2024-08-09T13:01:58.851+0000] {logging_mixin.py:188} INFO - [2024-08-09T13:01:58.851+0000] {dag.py:3036} INFO - Sync 1 DAGs
[2024-08-09T13:01:58.873+0000] {logging_mixin.py:188} INFO - [2024-08-09T13:01:58.873+0000] {dag.py:3823} INFO - Setting next_dagrun for crypto_pipeline to 2024-08-09 13:00:00+00:00, run_after=2024-08-09 13:05:00+00:00
[2024-08-09T13:01:58.891+0000] {processor.py:183} INFO - Processing /opt/airflow/dags/crypto_pipeline_dag.py took 0.431 seconds
[2024-08-09T13:02:29.648+0000] {processor.py:161} INFO - Started process (PID=40704) to work on /opt/airflow/dags/crypto_pipeline_dag.py
[2024-08-09T13:02:29.649+0000] {processor.py:830} INFO - Processing file /opt/airflow/dags/crypto_pipeline_dag.py for tasks to queue
[2024-08-09T13:02:29.650+0000] {logging_mixin.py:188} INFO - [2024-08-09T13:02:29.650+0000] {dagbag.py:538} INFO - Filling up the DagBag from /opt/airflow/dags/crypto_pipeline_dag.py
[2024-08-09T13:02:30.033+0000] {processor.py:840} INFO - DAG(s) 'crypto_pipeline' retrieved from /opt/airflow/dags/crypto_pipeline_dag.py
[2024-08-09T13:02:30.048+0000] {logging_mixin.py:188} INFO - [2024-08-09T13:02:30.048+0000] {dag.py:3036} INFO - Sync 1 DAGs
[2024-08-09T13:02:30.066+0000] {logging_mixin.py:188} INFO - [2024-08-09T13:02:30.065+0000] {dag.py:3823} INFO - Setting next_dagrun for crypto_pipeline to 2024-08-09 13:00:00+00:00, run_after=2024-08-09 13:05:00+00:00
[2024-08-09T13:02:30.084+0000] {processor.py:183} INFO - Processing /opt/airflow/dags/crypto_pipeline_dag.py took 0.439 seconds
[2024-08-09T13:03:00.293+0000] {processor.py:161} INFO - Started process (PID=40761) to work on /opt/airflow/dags/crypto_pipeline_dag.py
[2024-08-09T13:03:00.294+0000] {processor.py:830} INFO - Processing file /opt/airflow/dags/crypto_pipeline_dag.py for tasks to queue
[2024-08-09T13:03:00.295+0000] {logging_mixin.py:188} INFO - [2024-08-09T13:03:00.295+0000] {dagbag.py:538} INFO - Filling up the DagBag from /opt/airflow/dags/crypto_pipeline_dag.py
[2024-08-09T13:03:00.687+0000] {processor.py:840} INFO - DAG(s) 'crypto_pipeline' retrieved from /opt/airflow/dags/crypto_pipeline_dag.py
[2024-08-09T13:03:00.702+0000] {logging_mixin.py:188} INFO - [2024-08-09T13:03:00.701+0000] {dag.py:3036} INFO - Sync 1 DAGs
[2024-08-09T13:03:00.722+0000] {logging_mixin.py:188} INFO - [2024-08-09T13:03:00.721+0000] {dag.py:3823} INFO - Setting next_dagrun for crypto_pipeline to 2024-08-09 13:00:00+00:00, run_after=2024-08-09 13:05:00+00:00
[2024-08-09T13:03:00.741+0000] {processor.py:183} INFO - Processing /opt/airflow/dags/crypto_pipeline_dag.py took 0.451 seconds
[2024-08-09T13:03:30.773+0000] {processor.py:161} INFO - Started process (PID=40819) to work on /opt/airflow/dags/crypto_pipeline_dag.py
[2024-08-09T13:03:30.774+0000] {processor.py:830} INFO - Processing file /opt/airflow/dags/crypto_pipeline_dag.py for tasks to queue
[2024-08-09T13:03:30.775+0000] {logging_mixin.py:188} INFO - [2024-08-09T13:03:30.775+0000] {dagbag.py:538} INFO - Filling up the DagBag from /opt/airflow/dags/crypto_pipeline_dag.py
[2024-08-09T13:03:31.139+0000] {processor.py:840} INFO - DAG(s) 'crypto_pipeline' retrieved from /opt/airflow/dags/crypto_pipeline_dag.py
[2024-08-09T13:03:31.154+0000] {logging_mixin.py:188} INFO - [2024-08-09T13:03:31.154+0000] {dag.py:3036} INFO - Sync 1 DAGs
[2024-08-09T13:03:31.170+0000] {logging_mixin.py:188} INFO - [2024-08-09T13:03:31.170+0000] {dag.py:3823} INFO - Setting next_dagrun for crypto_pipeline to 2024-08-09 13:00:00+00:00, run_after=2024-08-09 13:05:00+00:00
[2024-08-09T13:03:31.188+0000] {processor.py:183} INFO - Processing /opt/airflow/dags/crypto_pipeline_dag.py took 0.417 seconds
[2024-08-09T13:04:01.945+0000] {processor.py:161} INFO - Started process (PID=40876) to work on /opt/airflow/dags/crypto_pipeline_dag.py
[2024-08-09T13:04:01.947+0000] {processor.py:830} INFO - Processing file /opt/airflow/dags/crypto_pipeline_dag.py for tasks to queue
[2024-08-09T13:04:01.948+0000] {logging_mixin.py:188} INFO - [2024-08-09T13:04:01.948+0000] {dagbag.py:538} INFO - Filling up the DagBag from /opt/airflow/dags/crypto_pipeline_dag.py
[2024-08-09T13:04:02.326+0000] {processor.py:840} INFO - DAG(s) 'crypto_pipeline' retrieved from /opt/airflow/dags/crypto_pipeline_dag.py
[2024-08-09T13:04:02.341+0000] {logging_mixin.py:188} INFO - [2024-08-09T13:04:02.341+0000] {dag.py:3036} INFO - Sync 1 DAGs
[2024-08-09T13:04:02.360+0000] {logging_mixin.py:188} INFO - [2024-08-09T13:04:02.360+0000] {dag.py:3823} INFO - Setting next_dagrun for crypto_pipeline to 2024-08-09 13:00:00+00:00, run_after=2024-08-09 13:05:00+00:00
[2024-08-09T13:04:02.414+0000] {processor.py:183} INFO - Processing /opt/airflow/dags/crypto_pipeline_dag.py took 0.471 seconds
[2024-08-09T13:04:32.506+0000] {processor.py:161} INFO - Started process (PID=40935) to work on /opt/airflow/dags/crypto_pipeline_dag.py
[2024-08-09T13:04:32.507+0000] {processor.py:830} INFO - Processing file /opt/airflow/dags/crypto_pipeline_dag.py for tasks to queue
[2024-08-09T13:04:32.509+0000] {logging_mixin.py:188} INFO - [2024-08-09T13:04:32.508+0000] {dagbag.py:538} INFO - Filling up the DagBag from /opt/airflow/dags/crypto_pipeline_dag.py
[2024-08-09T13:04:32.904+0000] {processor.py:840} INFO - DAG(s) 'crypto_pipeline' retrieved from /opt/airflow/dags/crypto_pipeline_dag.py
[2024-08-09T13:04:32.919+0000] {logging_mixin.py:188} INFO - [2024-08-09T13:04:32.918+0000] {dag.py:3036} INFO - Sync 1 DAGs
[2024-08-09T13:04:32.937+0000] {logging_mixin.py:188} INFO - [2024-08-09T13:04:32.937+0000] {dag.py:3823} INFO - Setting next_dagrun for crypto_pipeline to 2024-08-09 13:00:00+00:00, run_after=2024-08-09 13:05:00+00:00
[2024-08-09T13:04:32.953+0000] {processor.py:183} INFO - Processing /opt/airflow/dags/crypto_pipeline_dag.py took 0.450 seconds
[2024-08-09T13:05:03.847+0000] {processor.py:161} INFO - Started process (PID=40992) to work on /opt/airflow/dags/crypto_pipeline_dag.py
[2024-08-09T13:05:03.848+0000] {processor.py:830} INFO - Processing file /opt/airflow/dags/crypto_pipeline_dag.py for tasks to queue
[2024-08-09T13:05:03.849+0000] {logging_mixin.py:188} INFO - [2024-08-09T13:05:03.849+0000] {dagbag.py:538} INFO - Filling up the DagBag from /opt/airflow/dags/crypto_pipeline_dag.py
[2024-08-09T13:05:04.277+0000] {processor.py:840} INFO - DAG(s) 'crypto_pipeline' retrieved from /opt/airflow/dags/crypto_pipeline_dag.py
[2024-08-09T13:05:04.290+0000] {logging_mixin.py:188} INFO - [2024-08-09T13:05:04.290+0000] {dag.py:3036} INFO - Sync 1 DAGs
[2024-08-09T13:05:04.311+0000] {logging_mixin.py:188} INFO - [2024-08-09T13:05:04.311+0000] {dag.py:3823} INFO - Setting next_dagrun for crypto_pipeline to 2024-08-09 13:05:00+00:00, run_after=2024-08-09 13:10:00+00:00
[2024-08-09T13:05:04.332+0000] {processor.py:183} INFO - Processing /opt/airflow/dags/crypto_pipeline_dag.py took 0.489 seconds
[2024-08-09T13:05:35.054+0000] {processor.py:161} INFO - Started process (PID=41049) to work on /opt/airflow/dags/crypto_pipeline_dag.py
[2024-08-09T13:05:35.056+0000] {processor.py:830} INFO - Processing file /opt/airflow/dags/crypto_pipeline_dag.py for tasks to queue
[2024-08-09T13:05:35.057+0000] {logging_mixin.py:188} INFO - [2024-08-09T13:05:35.057+0000] {dagbag.py:538} INFO - Filling up the DagBag from /opt/airflow/dags/crypto_pipeline_dag.py
[2024-08-09T13:05:35.640+0000] {processor.py:840} INFO - DAG(s) 'crypto_pipeline' retrieved from /opt/airflow/dags/crypto_pipeline_dag.py
[2024-08-09T13:05:35.660+0000] {logging_mixin.py:188} INFO - [2024-08-09T13:05:35.659+0000] {dag.py:3036} INFO - Sync 1 DAGs
[2024-08-09T13:05:35.685+0000] {logging_mixin.py:188} INFO - [2024-08-09T13:05:35.685+0000] {dag.py:3823} INFO - Setting next_dagrun for crypto_pipeline to 2024-08-09 13:05:00+00:00, run_after=2024-08-09 13:10:00+00:00
[2024-08-09T13:05:35.714+0000] {processor.py:183} INFO - Processing /opt/airflow/dags/crypto_pipeline_dag.py took 0.663 seconds
[2024-08-09T13:06:06.400+0000] {processor.py:161} INFO - Started process (PID=41106) to work on /opt/airflow/dags/crypto_pipeline_dag.py
[2024-08-09T13:06:06.402+0000] {processor.py:830} INFO - Processing file /opt/airflow/dags/crypto_pipeline_dag.py for tasks to queue
[2024-08-09T13:06:06.403+0000] {logging_mixin.py:188} INFO - [2024-08-09T13:06:06.403+0000] {dagbag.py:538} INFO - Filling up the DagBag from /opt/airflow/dags/crypto_pipeline_dag.py
[2024-08-09T13:06:06.814+0000] {processor.py:840} INFO - DAG(s) 'crypto_pipeline' retrieved from /opt/airflow/dags/crypto_pipeline_dag.py
[2024-08-09T13:06:06.830+0000] {logging_mixin.py:188} INFO - [2024-08-09T13:06:06.830+0000] {dag.py:3036} INFO - Sync 1 DAGs
[2024-08-09T13:06:06.850+0000] {logging_mixin.py:188} INFO - [2024-08-09T13:06:06.849+0000] {dag.py:3823} INFO - Setting next_dagrun for crypto_pipeline to 2024-08-09 13:05:00+00:00, run_after=2024-08-09 13:10:00+00:00
[2024-08-09T13:06:06.867+0000] {processor.py:183} INFO - Processing /opt/airflow/dags/crypto_pipeline_dag.py took 0.469 seconds
[2024-08-09T13:06:37.166+0000] {processor.py:161} INFO - Started process (PID=41163) to work on /opt/airflow/dags/crypto_pipeline_dag.py
[2024-08-09T13:06:37.167+0000] {processor.py:830} INFO - Processing file /opt/airflow/dags/crypto_pipeline_dag.py for tasks to queue
[2024-08-09T13:06:37.168+0000] {logging_mixin.py:188} INFO - [2024-08-09T13:06:37.168+0000] {dagbag.py:538} INFO - Filling up the DagBag from /opt/airflow/dags/crypto_pipeline_dag.py
[2024-08-09T13:06:37.555+0000] {processor.py:840} INFO - DAG(s) 'crypto_pipeline' retrieved from /opt/airflow/dags/crypto_pipeline_dag.py
[2024-08-09T13:06:37.573+0000] {logging_mixin.py:188} INFO - [2024-08-09T13:06:37.573+0000] {dag.py:3036} INFO - Sync 1 DAGs
[2024-08-09T13:06:37.594+0000] {logging_mixin.py:188} INFO - [2024-08-09T13:06:37.593+0000] {dag.py:3823} INFO - Setting next_dagrun for crypto_pipeline to 2024-08-09 13:05:00+00:00, run_after=2024-08-09 13:10:00+00:00
[2024-08-09T13:06:37.611+0000] {processor.py:183} INFO - Processing /opt/airflow/dags/crypto_pipeline_dag.py took 0.448 seconds
[2024-08-09T13:07:08.235+0000] {processor.py:161} INFO - Started process (PID=41220) to work on /opt/airflow/dags/crypto_pipeline_dag.py
[2024-08-09T13:07:08.237+0000] {processor.py:830} INFO - Processing file /opt/airflow/dags/crypto_pipeline_dag.py for tasks to queue
[2024-08-09T13:07:08.238+0000] {logging_mixin.py:188} INFO - [2024-08-09T13:07:08.237+0000] {dagbag.py:538} INFO - Filling up the DagBag from /opt/airflow/dags/crypto_pipeline_dag.py
[2024-08-09T13:07:08.638+0000] {processor.py:840} INFO - DAG(s) 'crypto_pipeline' retrieved from /opt/airflow/dags/crypto_pipeline_dag.py
[2024-08-09T13:07:08.652+0000] {logging_mixin.py:188} INFO - [2024-08-09T13:07:08.652+0000] {dag.py:3036} INFO - Sync 1 DAGs
[2024-08-09T13:07:08.672+0000] {logging_mixin.py:188} INFO - [2024-08-09T13:07:08.672+0000] {dag.py:3823} INFO - Setting next_dagrun for crypto_pipeline to 2024-08-09 13:05:00+00:00, run_after=2024-08-09 13:10:00+00:00
[2024-08-09T13:07:08.692+0000] {processor.py:183} INFO - Processing /opt/airflow/dags/crypto_pipeline_dag.py took 0.459 seconds
[2024-08-09T13:07:38.749+0000] {processor.py:161} INFO - Started process (PID=41280) to work on /opt/airflow/dags/crypto_pipeline_dag.py
[2024-08-09T13:07:38.750+0000] {processor.py:830} INFO - Processing file /opt/airflow/dags/crypto_pipeline_dag.py for tasks to queue
[2024-08-09T13:07:38.751+0000] {logging_mixin.py:188} INFO - [2024-08-09T13:07:38.751+0000] {dagbag.py:538} INFO - Filling up the DagBag from /opt/airflow/dags/crypto_pipeline_dag.py
[2024-08-09T13:07:39.124+0000] {processor.py:840} INFO - DAG(s) 'crypto_pipeline' retrieved from /opt/airflow/dags/crypto_pipeline_dag.py
[2024-08-09T13:07:39.137+0000] {logging_mixin.py:188} INFO - [2024-08-09T13:07:39.137+0000] {dag.py:3036} INFO - Sync 1 DAGs
[2024-08-09T13:07:39.156+0000] {logging_mixin.py:188} INFO - [2024-08-09T13:07:39.156+0000] {dag.py:3823} INFO - Setting next_dagrun for crypto_pipeline to 2024-08-09 13:05:00+00:00, run_after=2024-08-09 13:10:00+00:00
[2024-08-09T13:07:39.173+0000] {processor.py:183} INFO - Processing /opt/airflow/dags/crypto_pipeline_dag.py took 0.426 seconds
[2024-08-09T13:08:09.286+0000] {processor.py:161} INFO - Started process (PID=41337) to work on /opt/airflow/dags/crypto_pipeline_dag.py
[2024-08-09T13:08:09.288+0000] {processor.py:830} INFO - Processing file /opt/airflow/dags/crypto_pipeline_dag.py for tasks to queue
[2024-08-09T13:08:09.289+0000] {logging_mixin.py:188} INFO - [2024-08-09T13:08:09.289+0000] {dagbag.py:538} INFO - Filling up the DagBag from /opt/airflow/dags/crypto_pipeline_dag.py
[2024-08-09T13:08:09.679+0000] {processor.py:840} INFO - DAG(s) 'crypto_pipeline' retrieved from /opt/airflow/dags/crypto_pipeline_dag.py
[2024-08-09T13:08:09.694+0000] {logging_mixin.py:188} INFO - [2024-08-09T13:08:09.693+0000] {dag.py:3036} INFO - Sync 1 DAGs
[2024-08-09T13:08:09.712+0000] {logging_mixin.py:188} INFO - [2024-08-09T13:08:09.712+0000] {dag.py:3823} INFO - Setting next_dagrun for crypto_pipeline to 2024-08-09 13:05:00+00:00, run_after=2024-08-09 13:10:00+00:00
[2024-08-09T13:08:09.729+0000] {processor.py:183} INFO - Processing /opt/airflow/dags/crypto_pipeline_dag.py took 0.448 seconds
[2024-08-09T13:08:40.086+0000] {processor.py:161} INFO - Started process (PID=41393) to work on /opt/airflow/dags/crypto_pipeline_dag.py
[2024-08-09T13:08:40.087+0000] {processor.py:830} INFO - Processing file /opt/airflow/dags/crypto_pipeline_dag.py for tasks to queue
[2024-08-09T13:08:40.089+0000] {logging_mixin.py:188} INFO - [2024-08-09T13:08:40.088+0000] {dagbag.py:538} INFO - Filling up the DagBag from /opt/airflow/dags/crypto_pipeline_dag.py
[2024-08-09T13:08:40.467+0000] {processor.py:840} INFO - DAG(s) 'crypto_pipeline' retrieved from /opt/airflow/dags/crypto_pipeline_dag.py
[2024-08-09T13:08:40.480+0000] {logging_mixin.py:188} INFO - [2024-08-09T13:08:40.480+0000] {dag.py:3036} INFO - Sync 1 DAGs
[2024-08-09T13:08:40.498+0000] {logging_mixin.py:188} INFO - [2024-08-09T13:08:40.498+0000] {dag.py:3823} INFO - Setting next_dagrun for crypto_pipeline to 2024-08-09 13:05:00+00:00, run_after=2024-08-09 13:10:00+00:00
[2024-08-09T13:08:40.513+0000] {processor.py:183} INFO - Processing /opt/airflow/dags/crypto_pipeline_dag.py took 0.430 seconds
[2024-08-09T13:09:10.667+0000] {processor.py:161} INFO - Started process (PID=41450) to work on /opt/airflow/dags/crypto_pipeline_dag.py
[2024-08-09T13:09:10.669+0000] {processor.py:830} INFO - Processing file /opt/airflow/dags/crypto_pipeline_dag.py for tasks to queue
[2024-08-09T13:09:10.670+0000] {logging_mixin.py:188} INFO - [2024-08-09T13:09:10.669+0000] {dagbag.py:538} INFO - Filling up the DagBag from /opt/airflow/dags/crypto_pipeline_dag.py
[2024-08-09T13:09:11.086+0000] {processor.py:840} INFO - DAG(s) 'crypto_pipeline' retrieved from /opt/airflow/dags/crypto_pipeline_dag.py
[2024-08-09T13:09:11.102+0000] {logging_mixin.py:188} INFO - [2024-08-09T13:09:11.101+0000] {dag.py:3036} INFO - Sync 1 DAGs
[2024-08-09T13:09:11.122+0000] {logging_mixin.py:188} INFO - [2024-08-09T13:09:11.122+0000] {dag.py:3823} INFO - Setting next_dagrun for crypto_pipeline to 2024-08-09 13:05:00+00:00, run_after=2024-08-09 13:10:00+00:00
[2024-08-09T13:09:11.139+0000] {processor.py:183} INFO - Processing /opt/airflow/dags/crypto_pipeline_dag.py took 0.475 seconds
[2024-08-09T13:09:41.768+0000] {processor.py:161} INFO - Started process (PID=41507) to work on /opt/airflow/dags/crypto_pipeline_dag.py
[2024-08-09T13:09:41.770+0000] {processor.py:830} INFO - Processing file /opt/airflow/dags/crypto_pipeline_dag.py for tasks to queue
[2024-08-09T13:09:41.771+0000] {logging_mixin.py:188} INFO - [2024-08-09T13:09:41.770+0000] {dagbag.py:538} INFO - Filling up the DagBag from /opt/airflow/dags/crypto_pipeline_dag.py
[2024-08-09T13:09:42.185+0000] {processor.py:840} INFO - DAG(s) 'crypto_pipeline' retrieved from /opt/airflow/dags/crypto_pipeline_dag.py
[2024-08-09T13:09:42.202+0000] {logging_mixin.py:188} INFO - [2024-08-09T13:09:42.201+0000] {dag.py:3036} INFO - Sync 1 DAGs
[2024-08-09T13:09:42.223+0000] {logging_mixin.py:188} INFO - [2024-08-09T13:09:42.223+0000] {dag.py:3823} INFO - Setting next_dagrun for crypto_pipeline to 2024-08-09 13:05:00+00:00, run_after=2024-08-09 13:10:00+00:00
[2024-08-09T13:09:42.243+0000] {processor.py:183} INFO - Processing /opt/airflow/dags/crypto_pipeline_dag.py took 0.477 seconds
[2024-08-09T13:10:12.919+0000] {processor.py:161} INFO - Started process (PID=41564) to work on /opt/airflow/dags/crypto_pipeline_dag.py
[2024-08-09T13:10:12.920+0000] {processor.py:830} INFO - Processing file /opt/airflow/dags/crypto_pipeline_dag.py for tasks to queue
[2024-08-09T13:10:12.921+0000] {logging_mixin.py:188} INFO - [2024-08-09T13:10:12.921+0000] {dagbag.py:538} INFO - Filling up the DagBag from /opt/airflow/dags/crypto_pipeline_dag.py
[2024-08-09T13:10:13.334+0000] {processor.py:840} INFO - DAG(s) 'crypto_pipeline' retrieved from /opt/airflow/dags/crypto_pipeline_dag.py
[2024-08-09T13:10:13.349+0000] {logging_mixin.py:188} INFO - [2024-08-09T13:10:13.348+0000] {dag.py:3036} INFO - Sync 1 DAGs
[2024-08-09T13:10:13.373+0000] {logging_mixin.py:188} INFO - [2024-08-09T13:10:13.373+0000] {dag.py:3823} INFO - Setting next_dagrun for crypto_pipeline to 2024-08-09 13:10:00+00:00, run_after=2024-08-09 13:15:00+00:00
[2024-08-09T13:10:13.392+0000] {processor.py:183} INFO - Processing /opt/airflow/dags/crypto_pipeline_dag.py took 0.476 seconds
[2024-08-09T13:10:43.704+0000] {processor.py:161} INFO - Started process (PID=41621) to work on /opt/airflow/dags/crypto_pipeline_dag.py
[2024-08-09T13:10:43.705+0000] {processor.py:830} INFO - Processing file /opt/airflow/dags/crypto_pipeline_dag.py for tasks to queue
[2024-08-09T13:10:43.706+0000] {logging_mixin.py:188} INFO - [2024-08-09T13:10:43.706+0000] {dagbag.py:538} INFO - Filling up the DagBag from /opt/airflow/dags/crypto_pipeline_dag.py
[2024-08-09T13:10:44.158+0000] {processor.py:840} INFO - DAG(s) 'crypto_pipeline' retrieved from /opt/airflow/dags/crypto_pipeline_dag.py
[2024-08-09T13:10:44.174+0000] {logging_mixin.py:188} INFO - [2024-08-09T13:10:44.173+0000] {dag.py:3036} INFO - Sync 1 DAGs
[2024-08-09T13:10:44.196+0000] {logging_mixin.py:188} INFO - [2024-08-09T13:10:44.195+0000] {dag.py:3823} INFO - Setting next_dagrun for crypto_pipeline to 2024-08-09 13:10:00+00:00, run_after=2024-08-09 13:15:00+00:00
[2024-08-09T13:10:44.214+0000] {processor.py:183} INFO - Processing /opt/airflow/dags/crypto_pipeline_dag.py took 0.513 seconds
[2024-08-09T13:11:14.301+0000] {processor.py:161} INFO - Started process (PID=41678) to work on /opt/airflow/dags/crypto_pipeline_dag.py
[2024-08-09T13:11:14.302+0000] {processor.py:830} INFO - Processing file /opt/airflow/dags/crypto_pipeline_dag.py for tasks to queue
[2024-08-09T13:11:14.303+0000] {logging_mixin.py:188} INFO - [2024-08-09T13:11:14.302+0000] {dagbag.py:538} INFO - Filling up the DagBag from /opt/airflow/dags/crypto_pipeline_dag.py
[2024-08-09T13:11:14.770+0000] {processor.py:840} INFO - DAG(s) 'crypto_pipeline' retrieved from /opt/airflow/dags/crypto_pipeline_dag.py
[2024-08-09T13:11:14.788+0000] {logging_mixin.py:188} INFO - [2024-08-09T13:11:14.788+0000] {dag.py:3036} INFO - Sync 1 DAGs
[2024-08-09T13:11:14.812+0000] {logging_mixin.py:188} INFO - [2024-08-09T13:11:14.811+0000] {dag.py:3823} INFO - Setting next_dagrun for crypto_pipeline to 2024-08-09 13:10:00+00:00, run_after=2024-08-09 13:15:00+00:00
[2024-08-09T13:11:14.831+0000] {processor.py:183} INFO - Processing /opt/airflow/dags/crypto_pipeline_dag.py took 0.534 seconds
[2024-08-09T13:11:44.955+0000] {processor.py:161} INFO - Started process (PID=41735) to work on /opt/airflow/dags/crypto_pipeline_dag.py
[2024-08-09T13:11:44.956+0000] {processor.py:830} INFO - Processing file /opt/airflow/dags/crypto_pipeline_dag.py for tasks to queue
[2024-08-09T13:11:44.958+0000] {logging_mixin.py:188} INFO - [2024-08-09T13:11:44.957+0000] {dagbag.py:538} INFO - Filling up the DagBag from /opt/airflow/dags/crypto_pipeline_dag.py
[2024-08-09T13:11:45.354+0000] {processor.py:840} INFO - DAG(s) 'crypto_pipeline' retrieved from /opt/airflow/dags/crypto_pipeline_dag.py
[2024-08-09T13:11:45.369+0000] {logging_mixin.py:188} INFO - [2024-08-09T13:11:45.368+0000] {dag.py:3036} INFO - Sync 1 DAGs
[2024-08-09T13:11:45.388+0000] {logging_mixin.py:188} INFO - [2024-08-09T13:11:45.387+0000] {dag.py:3823} INFO - Setting next_dagrun for crypto_pipeline to 2024-08-09 13:10:00+00:00, run_after=2024-08-09 13:15:00+00:00
[2024-08-09T13:11:45.403+0000] {processor.py:183} INFO - Processing /opt/airflow/dags/crypto_pipeline_dag.py took 0.451 seconds
[2024-08-09T13:12:15.532+0000] {processor.py:161} INFO - Started process (PID=41793) to work on /opt/airflow/dags/crypto_pipeline_dag.py
[2024-08-09T13:12:15.533+0000] {processor.py:830} INFO - Processing file /opt/airflow/dags/crypto_pipeline_dag.py for tasks to queue
[2024-08-09T13:12:15.534+0000] {logging_mixin.py:188} INFO - [2024-08-09T13:12:15.534+0000] {dagbag.py:538} INFO - Filling up the DagBag from /opt/airflow/dags/crypto_pipeline_dag.py
[2024-08-09T13:12:15.901+0000] {processor.py:840} INFO - DAG(s) 'crypto_pipeline' retrieved from /opt/airflow/dags/crypto_pipeline_dag.py
[2024-08-09T13:12:15.916+0000] {logging_mixin.py:188} INFO - [2024-08-09T13:12:15.916+0000] {dag.py:3036} INFO - Sync 1 DAGs
[2024-08-09T13:12:15.934+0000] {logging_mixin.py:188} INFO - [2024-08-09T13:12:15.934+0000] {dag.py:3823} INFO - Setting next_dagrun for crypto_pipeline to 2024-08-09 13:10:00+00:00, run_after=2024-08-09 13:15:00+00:00
[2024-08-09T13:12:15.949+0000] {processor.py:183} INFO - Processing /opt/airflow/dags/crypto_pipeline_dag.py took 0.420 seconds
[2024-08-09T13:12:46.032+0000] {processor.py:161} INFO - Started process (PID=41849) to work on /opt/airflow/dags/crypto_pipeline_dag.py
[2024-08-09T13:12:46.033+0000] {processor.py:830} INFO - Processing file /opt/airflow/dags/crypto_pipeline_dag.py for tasks to queue
[2024-08-09T13:12:46.034+0000] {logging_mixin.py:188} INFO - [2024-08-09T13:12:46.033+0000] {dagbag.py:538} INFO - Filling up the DagBag from /opt/airflow/dags/crypto_pipeline_dag.py
[2024-08-09T13:12:46.436+0000] {processor.py:840} INFO - DAG(s) 'crypto_pipeline' retrieved from /opt/airflow/dags/crypto_pipeline_dag.py
[2024-08-09T13:12:46.452+0000] {logging_mixin.py:188} INFO - [2024-08-09T13:12:46.452+0000] {dag.py:3036} INFO - Sync 1 DAGs
[2024-08-09T13:12:46.472+0000] {logging_mixin.py:188} INFO - [2024-08-09T13:12:46.472+0000] {dag.py:3823} INFO - Setting next_dagrun for crypto_pipeline to 2024-08-09 13:10:00+00:00, run_after=2024-08-09 13:15:00+00:00
[2024-08-09T13:12:46.489+0000] {processor.py:183} INFO - Processing /opt/airflow/dags/crypto_pipeline_dag.py took 0.460 seconds
[2024-08-09T13:13:16.709+0000] {processor.py:161} INFO - Started process (PID=41906) to work on /opt/airflow/dags/crypto_pipeline_dag.py
[2024-08-09T13:13:16.710+0000] {processor.py:830} INFO - Processing file /opt/airflow/dags/crypto_pipeline_dag.py for tasks to queue
[2024-08-09T13:13:16.711+0000] {logging_mixin.py:188} INFO - [2024-08-09T13:13:16.711+0000] {dagbag.py:538} INFO - Filling up the DagBag from /opt/airflow/dags/crypto_pipeline_dag.py
[2024-08-09T13:13:17.117+0000] {processor.py:840} INFO - DAG(s) 'crypto_pipeline' retrieved from /opt/airflow/dags/crypto_pipeline_dag.py
[2024-08-09T13:13:17.133+0000] {logging_mixin.py:188} INFO - [2024-08-09T13:13:17.132+0000] {dag.py:3036} INFO - Sync 1 DAGs
[2024-08-09T13:13:17.152+0000] {logging_mixin.py:188} INFO - [2024-08-09T13:13:17.152+0000] {dag.py:3823} INFO - Setting next_dagrun for crypto_pipeline to 2024-08-09 13:10:00+00:00, run_after=2024-08-09 13:15:00+00:00
[2024-08-09T13:13:17.166+0000] {processor.py:183} INFO - Processing /opt/airflow/dags/crypto_pipeline_dag.py took 0.460 seconds
[2024-08-09T13:13:47.497+0000] {processor.py:161} INFO - Started process (PID=41963) to work on /opt/airflow/dags/crypto_pipeline_dag.py
[2024-08-09T13:13:47.498+0000] {processor.py:830} INFO - Processing file /opt/airflow/dags/crypto_pipeline_dag.py for tasks to queue
[2024-08-09T13:13:47.500+0000] {logging_mixin.py:188} INFO - [2024-08-09T13:13:47.499+0000] {dagbag.py:538} INFO - Filling up the DagBag from /opt/airflow/dags/crypto_pipeline_dag.py
[2024-08-09T13:13:47.867+0000] {processor.py:840} INFO - DAG(s) 'crypto_pipeline' retrieved from /opt/airflow/dags/crypto_pipeline_dag.py
[2024-08-09T13:13:47.884+0000] {logging_mixin.py:188} INFO - [2024-08-09T13:13:47.883+0000] {dag.py:3036} INFO - Sync 1 DAGs
[2024-08-09T13:13:47.908+0000] {logging_mixin.py:188} INFO - [2024-08-09T13:13:47.907+0000] {dag.py:3823} INFO - Setting next_dagrun for crypto_pipeline to 2024-08-09 13:10:00+00:00, run_after=2024-08-09 13:15:00+00:00
[2024-08-09T13:13:47.926+0000] {processor.py:183} INFO - Processing /opt/airflow/dags/crypto_pipeline_dag.py took 0.432 seconds
[2024-08-09T13:14:18.165+0000] {processor.py:161} INFO - Started process (PID=42020) to work on /opt/airflow/dags/crypto_pipeline_dag.py
[2024-08-09T13:14:18.166+0000] {processor.py:830} INFO - Processing file /opt/airflow/dags/crypto_pipeline_dag.py for tasks to queue
[2024-08-09T13:14:18.167+0000] {logging_mixin.py:188} INFO - [2024-08-09T13:14:18.167+0000] {dagbag.py:538} INFO - Filling up the DagBag from /opt/airflow/dags/crypto_pipeline_dag.py
[2024-08-09T13:14:18.553+0000] {processor.py:840} INFO - DAG(s) 'crypto_pipeline' retrieved from /opt/airflow/dags/crypto_pipeline_dag.py
[2024-08-09T13:14:18.567+0000] {logging_mixin.py:188} INFO - [2024-08-09T13:14:18.567+0000] {dag.py:3036} INFO - Sync 1 DAGs
[2024-08-09T13:14:18.585+0000] {logging_mixin.py:188} INFO - [2024-08-09T13:14:18.585+0000] {dag.py:3823} INFO - Setting next_dagrun for crypto_pipeline to 2024-08-09 13:10:00+00:00, run_after=2024-08-09 13:15:00+00:00
[2024-08-09T13:14:18.601+0000] {processor.py:183} INFO - Processing /opt/airflow/dags/crypto_pipeline_dag.py took 0.439 seconds
[2024-08-09T13:14:48.771+0000] {processor.py:161} INFO - Started process (PID=42083) to work on /opt/airflow/dags/crypto_pipeline_dag.py
[2024-08-09T13:14:48.772+0000] {processor.py:830} INFO - Processing file /opt/airflow/dags/crypto_pipeline_dag.py for tasks to queue
[2024-08-09T13:14:48.774+0000] {logging_mixin.py:188} INFO - [2024-08-09T13:14:48.773+0000] {dagbag.py:538} INFO - Filling up the DagBag from /opt/airflow/dags/crypto_pipeline_dag.py
[2024-08-09T13:14:49.142+0000] {processor.py:840} INFO - DAG(s) 'crypto_pipeline' retrieved from /opt/airflow/dags/crypto_pipeline_dag.py
[2024-08-09T13:14:49.156+0000] {logging_mixin.py:188} INFO - [2024-08-09T13:14:49.156+0000] {dag.py:3036} INFO - Sync 1 DAGs
[2024-08-09T13:14:49.173+0000] {logging_mixin.py:188} INFO - [2024-08-09T13:14:49.173+0000] {dag.py:3823} INFO - Setting next_dagrun for crypto_pipeline to 2024-08-09 13:10:00+00:00, run_after=2024-08-09 13:15:00+00:00
[2024-08-09T13:14:49.189+0000] {processor.py:183} INFO - Processing /opt/airflow/dags/crypto_pipeline_dag.py took 0.420 seconds
[2024-08-09T13:15:19.396+0000] {processor.py:161} INFO - Started process (PID=42140) to work on /opt/airflow/dags/crypto_pipeline_dag.py
[2024-08-09T13:15:19.398+0000] {processor.py:830} INFO - Processing file /opt/airflow/dags/crypto_pipeline_dag.py for tasks to queue
[2024-08-09T13:15:19.399+0000] {logging_mixin.py:188} INFO - [2024-08-09T13:15:19.398+0000] {dagbag.py:538} INFO - Filling up the DagBag from /opt/airflow/dags/crypto_pipeline_dag.py
[2024-08-09T13:15:19.757+0000] {processor.py:840} INFO - DAG(s) 'crypto_pipeline' retrieved from /opt/airflow/dags/crypto_pipeline_dag.py
[2024-08-09T13:15:19.771+0000] {logging_mixin.py:188} INFO - [2024-08-09T13:15:19.770+0000] {dag.py:3036} INFO - Sync 1 DAGs
[2024-08-09T13:15:19.789+0000] {logging_mixin.py:188} INFO - [2024-08-09T13:15:19.789+0000] {dag.py:3823} INFO - Setting next_dagrun for crypto_pipeline to 2024-08-09 13:15:00+00:00, run_after=2024-08-09 13:20:00+00:00
[2024-08-09T13:15:19.803+0000] {processor.py:183} INFO - Processing /opt/airflow/dags/crypto_pipeline_dag.py took 0.410 seconds
[2024-08-09T13:15:49.989+0000] {processor.py:161} INFO - Started process (PID=42197) to work on /opt/airflow/dags/crypto_pipeline_dag.py
[2024-08-09T13:15:49.990+0000] {processor.py:830} INFO - Processing file /opt/airflow/dags/crypto_pipeline_dag.py for tasks to queue
[2024-08-09T13:15:49.991+0000] {logging_mixin.py:188} INFO - [2024-08-09T13:15:49.991+0000] {dagbag.py:538} INFO - Filling up the DagBag from /opt/airflow/dags/crypto_pipeline_dag.py
[2024-08-09T13:15:50.333+0000] {processor.py:840} INFO - DAG(s) 'crypto_pipeline' retrieved from /opt/airflow/dags/crypto_pipeline_dag.py
[2024-08-09T13:15:50.346+0000] {logging_mixin.py:188} INFO - [2024-08-09T13:15:50.346+0000] {dag.py:3036} INFO - Sync 1 DAGs
[2024-08-09T13:15:50.364+0000] {logging_mixin.py:188} INFO - [2024-08-09T13:15:50.364+0000] {dag.py:3823} INFO - Setting next_dagrun for crypto_pipeline to 2024-08-09 13:15:00+00:00, run_after=2024-08-09 13:20:00+00:00
[2024-08-09T13:15:50.380+0000] {processor.py:183} INFO - Processing /opt/airflow/dags/crypto_pipeline_dag.py took 0.394 seconds
[2024-08-09T13:16:20.850+0000] {processor.py:161} INFO - Started process (PID=42252) to work on /opt/airflow/dags/crypto_pipeline_dag.py
[2024-08-09T13:16:20.851+0000] {processor.py:830} INFO - Processing file /opt/airflow/dags/crypto_pipeline_dag.py for tasks to queue
[2024-08-09T13:16:20.852+0000] {logging_mixin.py:188} INFO - [2024-08-09T13:16:20.852+0000] {dagbag.py:538} INFO - Filling up the DagBag from /opt/airflow/dags/crypto_pipeline_dag.py
[2024-08-09T13:16:21.279+0000] {processor.py:840} INFO - DAG(s) 'crypto_pipeline' retrieved from /opt/airflow/dags/crypto_pipeline_dag.py
[2024-08-09T13:16:21.294+0000] {logging_mixin.py:188} INFO - [2024-08-09T13:16:21.293+0000] {dag.py:3036} INFO - Sync 1 DAGs
[2024-08-09T13:16:21.312+0000] {logging_mixin.py:188} INFO - [2024-08-09T13:16:21.312+0000] {dag.py:3823} INFO - Setting next_dagrun for crypto_pipeline to 2024-08-09 13:15:00+00:00, run_after=2024-08-09 13:20:00+00:00
[2024-08-09T13:16:21.330+0000] {processor.py:183} INFO - Processing /opt/airflow/dags/crypto_pipeline_dag.py took 0.483 seconds
[2024-08-09T13:16:51.557+0000] {processor.py:161} INFO - Started process (PID=42310) to work on /opt/airflow/dags/crypto_pipeline_dag.py
[2024-08-09T13:16:51.559+0000] {processor.py:830} INFO - Processing file /opt/airflow/dags/crypto_pipeline_dag.py for tasks to queue
[2024-08-09T13:16:51.560+0000] {logging_mixin.py:188} INFO - [2024-08-09T13:16:51.559+0000] {dagbag.py:538} INFO - Filling up the DagBag from /opt/airflow/dags/crypto_pipeline_dag.py
[2024-08-09T13:16:51.912+0000] {processor.py:840} INFO - DAG(s) 'crypto_pipeline' retrieved from /opt/airflow/dags/crypto_pipeline_dag.py
[2024-08-09T13:16:51.926+0000] {logging_mixin.py:188} INFO - [2024-08-09T13:16:51.926+0000] {dag.py:3036} INFO - Sync 1 DAGs
[2024-08-09T13:16:51.943+0000] {logging_mixin.py:188} INFO - [2024-08-09T13:16:51.943+0000] {dag.py:3823} INFO - Setting next_dagrun for crypto_pipeline to 2024-08-09 13:15:00+00:00, run_after=2024-08-09 13:20:00+00:00
[2024-08-09T13:16:51.957+0000] {processor.py:183} INFO - Processing /opt/airflow/dags/crypto_pipeline_dag.py took 0.403 seconds
[2024-08-09T13:17:22.198+0000] {processor.py:161} INFO - Started process (PID=42366) to work on /opt/airflow/dags/crypto_pipeline_dag.py
[2024-08-09T13:17:22.199+0000] {processor.py:830} INFO - Processing file /opt/airflow/dags/crypto_pipeline_dag.py for tasks to queue
[2024-08-09T13:17:22.200+0000] {logging_mixin.py:188} INFO - [2024-08-09T13:17:22.200+0000] {dagbag.py:538} INFO - Filling up the DagBag from /opt/airflow/dags/crypto_pipeline_dag.py
[2024-08-09T13:17:22.541+0000] {processor.py:840} INFO - DAG(s) 'crypto_pipeline' retrieved from /opt/airflow/dags/crypto_pipeline_dag.py
[2024-08-09T13:17:22.555+0000] {logging_mixin.py:188} INFO - [2024-08-09T13:17:22.554+0000] {dag.py:3036} INFO - Sync 1 DAGs
[2024-08-09T13:17:22.572+0000] {logging_mixin.py:188} INFO - [2024-08-09T13:17:22.572+0000] {dag.py:3823} INFO - Setting next_dagrun for crypto_pipeline to 2024-08-09 13:15:00+00:00, run_after=2024-08-09 13:20:00+00:00
[2024-08-09T13:17:22.587+0000] {processor.py:183} INFO - Processing /opt/airflow/dags/crypto_pipeline_dag.py took 0.392 seconds
[2024-08-09T13:17:52.838+0000] {processor.py:161} INFO - Started process (PID=42424) to work on /opt/airflow/dags/crypto_pipeline_dag.py
[2024-08-09T13:17:52.839+0000] {processor.py:830} INFO - Processing file /opt/airflow/dags/crypto_pipeline_dag.py for tasks to queue
[2024-08-09T13:17:52.840+0000] {logging_mixin.py:188} INFO - [2024-08-09T13:17:52.840+0000] {dagbag.py:538} INFO - Filling up the DagBag from /opt/airflow/dags/crypto_pipeline_dag.py
[2024-08-09T13:17:53.198+0000] {processor.py:840} INFO - DAG(s) 'crypto_pipeline' retrieved from /opt/airflow/dags/crypto_pipeline_dag.py
[2024-08-09T13:17:53.212+0000] {logging_mixin.py:188} INFO - [2024-08-09T13:17:53.211+0000] {dag.py:3036} INFO - Sync 1 DAGs
[2024-08-09T13:17:53.230+0000] {logging_mixin.py:188} INFO - [2024-08-09T13:17:53.230+0000] {dag.py:3823} INFO - Setting next_dagrun for crypto_pipeline to 2024-08-09 13:15:00+00:00, run_after=2024-08-09 13:20:00+00:00
[2024-08-09T13:17:53.245+0000] {processor.py:183} INFO - Processing /opt/airflow/dags/crypto_pipeline_dag.py took 0.409 seconds
[2024-08-09T13:18:23.310+0000] {processor.py:161} INFO - Started process (PID=42483) to work on /opt/airflow/dags/crypto_pipeline_dag.py
[2024-08-09T13:18:23.311+0000] {processor.py:830} INFO - Processing file /opt/airflow/dags/crypto_pipeline_dag.py for tasks to queue
[2024-08-09T13:18:23.312+0000] {logging_mixin.py:188} INFO - [2024-08-09T13:18:23.312+0000] {dagbag.py:538} INFO - Filling up the DagBag from /opt/airflow/dags/crypto_pipeline_dag.py
[2024-08-09T13:18:23.565+0000] {processor.py:840} INFO - DAG(s) 'crypto_pipeline' retrieved from /opt/airflow/dags/crypto_pipeline_dag.py
[2024-08-09T13:18:23.581+0000] {logging_mixin.py:188} INFO - [2024-08-09T13:18:23.581+0000] {dag.py:3036} INFO - Sync 1 DAGs
[2024-08-09T13:18:23.601+0000] {logging_mixin.py:188} INFO - [2024-08-09T13:18:23.601+0000] {dag.py:3823} INFO - Setting next_dagrun for crypto_pipeline to 2024-08-09 13:15:00+00:00, run_after=2024-08-09 13:20:00+00:00
[2024-08-09T13:18:23.620+0000] {processor.py:183} INFO - Processing /opt/airflow/dags/crypto_pipeline_dag.py took 0.313 seconds
[2024-08-09T13:18:54.130+0000] {processor.py:161} INFO - Started process (PID=42538) to work on /opt/airflow/dags/crypto_pipeline_dag.py
[2024-08-09T13:18:54.131+0000] {processor.py:830} INFO - Processing file /opt/airflow/dags/crypto_pipeline_dag.py for tasks to queue
[2024-08-09T13:18:54.132+0000] {logging_mixin.py:188} INFO - [2024-08-09T13:18:54.132+0000] {dagbag.py:538} INFO - Filling up the DagBag from /opt/airflow/dags/crypto_pipeline_dag.py
[2024-08-09T13:18:54.367+0000] {processor.py:840} INFO - DAG(s) 'crypto_pipeline' retrieved from /opt/airflow/dags/crypto_pipeline_dag.py
[2024-08-09T13:18:54.382+0000] {logging_mixin.py:188} INFO - [2024-08-09T13:18:54.381+0000] {dag.py:3036} INFO - Sync 1 DAGs
[2024-08-09T13:18:54.401+0000] {logging_mixin.py:188} INFO - [2024-08-09T13:18:54.401+0000] {dag.py:3823} INFO - Setting next_dagrun for crypto_pipeline to 2024-08-09 13:15:00+00:00, run_after=2024-08-09 13:20:00+00:00
[2024-08-09T13:18:54.419+0000] {processor.py:183} INFO - Processing /opt/airflow/dags/crypto_pipeline_dag.py took 0.292 seconds
[2024-08-09T13:19:24.695+0000] {processor.py:161} INFO - Started process (PID=42595) to work on /opt/airflow/dags/crypto_pipeline_dag.py
[2024-08-09T13:19:24.696+0000] {processor.py:830} INFO - Processing file /opt/airflow/dags/crypto_pipeline_dag.py for tasks to queue
[2024-08-09T13:19:24.697+0000] {logging_mixin.py:188} INFO - [2024-08-09T13:19:24.696+0000] {dagbag.py:538} INFO - Filling up the DagBag from /opt/airflow/dags/crypto_pipeline_dag.py
[2024-08-09T13:19:24.989+0000] {processor.py:840} INFO - DAG(s) 'crypto_pipeline' retrieved from /opt/airflow/dags/crypto_pipeline_dag.py
[2024-08-09T13:19:25.005+0000] {logging_mixin.py:188} INFO - [2024-08-09T13:19:25.004+0000] {dag.py:3036} INFO - Sync 1 DAGs
[2024-08-09T13:19:25.025+0000] {logging_mixin.py:188} INFO - [2024-08-09T13:19:25.024+0000] {dag.py:3823} INFO - Setting next_dagrun for crypto_pipeline to 2024-08-09 13:15:00+00:00, run_after=2024-08-09 13:20:00+00:00
[2024-08-09T13:19:25.040+0000] {processor.py:183} INFO - Processing /opt/airflow/dags/crypto_pipeline_dag.py took 0.348 seconds
